Unity Editor version:    2021.3.8f1 (b30333d56e81)
Branch:                  2021.3/staging
Build type:              Release
Batch mode:              YES
macOS version:           Version 12.5.1 (Build 21G83)
Darwin version:          21.6.0
Architecture:            x86_64
Running under Rosetta:   NO
Available memory:        16384 MB
Using pre-set license
Pro License: YES

COMMAND LINE ARGUMENTS:
/Users/umphaipunatipunumphai/Documents/Change++/2021.3.8f1/Unity.app/Contents/MacOS/Unity
-adb2
-batchMode
-noUpm
-name
AssetImportWorker4
-projectPath
/Users/umphaipunatipunumphai/Documents/GitHub/SecretProject/My project
-logFile
Logs/AssetImportWorker4.log
-srvPort
50214
Successfully changed project path to: /Users/umphaipunatipunumphai/Documents/GitHub/SecretProject/My project
/Users/umphaipunatipunumphai/Documents/GitHub/SecretProject/My project
[UnityMemory] Configuration Parameters - Can be set up in boot.config
    "memorysetup-bucket-allocator-granularity=16"
    "memorysetup-bucket-allocator-bucket-count=8"
    "memorysetup-bucket-allocator-block-size=33554432"
    "memorysetup-bucket-allocator-block-count=8"
    "memorysetup-main-allocator-block-size=16777216"
    "memorysetup-thread-allocator-block-size=16777216"
    "memorysetup-gfx-main-allocator-block-size=16777216"
    "memorysetup-gfx-thread-allocator-block-size=16777216"
    "memorysetup-cache-allocator-block-size=4194304"
    "memorysetup-typetree-allocator-block-size=2097152"
    "memorysetup-profiler-bucket-allocator-granularity=16"
    "memorysetup-profiler-bucket-allocator-bucket-count=8"
    "memorysetup-profiler-bucket-allocator-block-size=33554432"
    "memorysetup-profiler-bucket-allocator-block-count=8"
    "memorysetup-profiler-allocator-block-size=16777216"
    "memorysetup-profiler-editor-allocator-block-size=1048576"
    "memorysetup-temp-allocator-size-main=16777216"
    "memorysetup-job-temp-allocator-block-size=2097152"
    "memorysetup-job-temp-allocator-block-size-background=1048576"
    "memorysetup-job-temp-allocator-reduction-small-platforms=262144"
    "memorysetup-temp-allocator-size-background-worker=32768"
    "memorysetup-temp-allocator-size-job-worker=262144"
    "memorysetup-temp-allocator-size-preload-manager=33554432"
    "memorysetup-temp-allocator-size-nav-mesh-worker=65536"
    "memorysetup-temp-allocator-size-audio-worker=65536"
    "memorysetup-temp-allocator-size-cloud-worker=32768"
    "memorysetup-temp-allocator-size-gi-baking-worker=262144"
    "memorysetup-temp-allocator-size-gfx=262144"
Refreshing native plugins compatible for Editor in 115.03 ms, found 2 plugins.
Preloading 0 native plugins for Editor in 0.00 ms.
Initialize engine version: 2021.3.8f1 (b30333d56e81)
[Subsystems] Discovering subsystems at path /Users/umphaipunatipunumphai/Documents/Change++/2021.3.8f1/Unity.app/Contents/Resources/UnitySubsystems
[Subsystems] Discovering subsystems at path /Users/umphaipunatipunumphai/Documents/GitHub/SecretProject/My project/Assets
GfxDevice: creating device client; threaded=0; jobified=0
Color LCD preferred device: Intel(R) UHD Graphics 630 (low power)
Metal devices available: 2
0: AMD Radeon Pro 560X (high power)
1: Intel(R) UHD Graphics 630 (low power)
Using device AMD Radeon Pro 560X (high power)
Initializing Metal device caps: AMD Radeon Pro 560X
Initialize mono
Mono path[0] = '/Users/umphaipunatipunumphai/Documents/Change++/2021.3.8f1/Unity.app/Contents/Managed'
Mono path[1] = '/Users/umphaipunatipunumphai/Documents/Change++/2021.3.8f1/Unity.app/Contents/MonoBleedingEdge/lib/mono/unityjit-macos'
Mono config path = '/Users/umphaipunatipunumphai/Documents/Change++/2021.3.8f1/Unity.app/Contents/MonoBleedingEdge/etc'
Using monoOptions --debugger-agent=transport=dt_socket,embedding=1,server=y,suspend=n,address=127.0.0.1:56451
Begin MonoManager ReloadAssembly
Registering precompiled unity dll's ...
Register platform support module: /Users/umphaipunatipunumphai/Documents/Change++/2021.3.8f1/Unity.app/Contents/PlaybackEngines/MacStandaloneSupport/UnityEditor.OSXStandalone.Extensions.dll
Register platform support module: /Users/umphaipunatipunumphai/Documents/Change++/2021.3.8f1/PlaybackEngines/AndroidPlayer/UnityEditor.Android.Extensions.dll
Register platform support module: /Users/umphaipunatipunumphai/Documents/Change++/2021.3.8f1/PlaybackEngines/iOSSupport/UnityEditor.iOS.Extensions.dll
Registered in 0.003505 seconds.
[usbmuxd] Start listen thread
[usbmuxd] Listen thread started
[usbmuxd] Send listen message
Native extension for iOS target not found
Native extension for Android target not found
Native extension for OSXStandalone target not found
Refreshing native plugins compatible for Editor in 116.91 ms, found 2 plugins.
Preloading 0 native plugins for Editor in 0.00 ms.
Mono: successfully reloaded assembly
- Completed reload, in  0.961 seconds
Domain Reload Profiling:
	ReloadAssembly (961ms)
		BeginReloadAssembly (132ms)
			ExecutionOrderSort (0ms)
			DisableScriptedObjects (0ms)
			BackupInstance (0ms)
			ReleaseScriptingObjects (0ms)
			CreateAndSetChildDomain (1ms)
		EndReloadAssembly (691ms)
			LoadAssemblies (135ms)
			RebuildTransferFunctionScriptingTraits (0ms)
			SetupTypeCache (148ms)
			ReleaseScriptCaches (0ms)
			RebuildScriptCaches (38ms)
			SetupLoadedEditorAssemblies (443ms)
				LogAssemblyErrors (0ms)
				InitializePlatformSupportModulesInManaged (102ms)
				SetLoadedEditorAssemblies (0ms)
				RefreshPlugins (117ms)
				BeforeProcessingInitializeOnLoad (2ms)
				ProcessInitializeOnLoadAttributes (163ms)
				ProcessInitializeOnLoadMethodAttributes (58ms)
				AfterProcessingInitializeOnLoad (0ms)
				EditorAssembliesLoaded (0ms)
			ExecutionOrderSort2 (0ms)
			AwakeInstancesAfterBackupRestoration (0ms)
Platform modules already initialized, skipping
Registering precompiled user dll's ...
Registered in 0.016810 seconds.
Begin MonoManager ReloadAssembly
Symbol file LoadedFromMemory doesn't match image /Users/umphaipunatipunumphai/Documents/GitHub/SecretProject/My project/Library/PackageCache/com.unity.visualscripting@1.7.8/Editor/VisualScripting.Core/Dependencies/YamlDotNet/Unity.VisualScripting.YamlDotNet.dll
Symbol file LoadedFromMemory doesn't match image /Users/umphaipunatipunumphai/Documents/GitHub/SecretProject/My project/Library/PackageCache/com.unity.visualscripting@1.7.8/Editor/VisualScripting.Core/Dependencies/DotNetZip/Unity.VisualScripting.IonicZip.dll
Native extension for iOS target not found
Native extension for Android target not found
Native extension for OSXStandalone target not found
Refreshing native plugins compatible for Editor in 0.61 ms, found 2 plugins.
Preloading 0 native plugins for Editor in 0.00 ms.
Mono: successfully reloaded assembly
- Completed reload, in  1.439 seconds
Domain Reload Profiling:
	ReloadAssembly (1440ms)
		BeginReloadAssembly (242ms)
			ExecutionOrderSort (0ms)
			DisableScriptedObjects (7ms)
			BackupInstance (0ms)
			ReleaseScriptingObjects (0ms)
			CreateAndSetChildDomain (147ms)
		EndReloadAssembly (1037ms)
			LoadAssemblies (135ms)
			RebuildTransferFunctionScriptingTraits (0ms)
			SetupTypeCache (335ms)
			ReleaseScriptCaches (3ms)
			RebuildScriptCaches (61ms)
			SetupLoadedEditorAssemblies (458ms)
				LogAssemblyErrors (0ms)
				InitializePlatformSupportModulesInManaged (30ms)
				SetLoadedEditorAssemblies (1ms)
				RefreshPlugins (1ms)
				BeforeProcessingInitializeOnLoad (86ms)
				ProcessInitializeOnLoadAttributes (302ms)
				ProcessInitializeOnLoadMethodAttributes (38ms)
				AfterProcessingInitializeOnLoad (1ms)
				EditorAssembliesLoaded (0ms)
			ExecutionOrderSort2 (0ms)
			AwakeInstancesAfterBackupRestoration (4ms)
Platform modules already initialized, skipping
========================================================================
Worker process is ready to serve import requests
Launching external process: /Users/umphaipunatipunumphai/Documents/Change++/2021.3.8f1/Unity.app/Contents/Tools/UnityShaderCompiler
Launched and connected shader compiler UnityShaderCompiler after 0.06 seconds
Refreshing native plugins compatible for Editor in 0.67 ms, found 2 plugins.
Preloading 0 native plugins for Editor in 0.00 ms.
Unloading 3380 Unused Serialized files (Serialized files now loaded: 0)
Unloading 27 unused Assets / (94.6 KB). Loaded Objects now: 3841.
Memory consumption went from 307.3 MB to 307.3 MB.
Total: 3.700350 ms (FindLiveObjects: 0.280338 ms CreateObjectMapping: 0.235179 ms MarkObjects: 3.034638 ms  DeleteObjects: 0.149311 ms)

AssetImportParameters requested are different than current active one (requested -> active):
  custom:video-decoder-ogg-theora: a1e56fd34408186e4bbccfd4996cb3dc -> 
  custom:container-muxer-webm: aa71ff27fc2769a1b78a27578f13a17b -> 
  custom:container-demuxer-webm: 4f35f7cbe854078d1ac9338744f61a02 -> 
  custom:video-encoder-webm-vp8: eb34c28f22e8b96e1ab97ce403110664 -> 
  custom:framework-osx-AVFoundation: e770b220cccbd017edd2c1fefb359320 -> 
  custom:audio-encoder-webm-vorbis: bf7c407c2cedff20999df2af8eb42d56 -> 
  custom:container-demuxer-ogg: 62fdf1f143b41e24485cea50d1cbac27 -> 
  custom:video-decoder-webm-vp8: 9c59270c3fd7afecdb556c50c9e8de78 -> 
  custom:audio-decoder-ogg-vorbis: bf7c407c2cedff20999df2af8eb42d56 -> 
========================================================================
Received Import Request.
  Time since last request: 8794.065190 seconds.
  path: Assets/Laboratory/Scenes/Scene_Prefabs/Scene_Prefabs.unity
  artifactKey: Guid(1928b1ac90e3cb14eace48878f09dce3) Importer(815301076,1909f56bfc062723c751e8b465ee728b)
Start importing Assets/Laboratory/Scenes/Scene_Prefabs/Scene_Prefabs.unity using Guid(1928b1ac90e3cb14eace48878f09dce3) Importer(815301076,1909f56bfc062723c751e8b465ee728b)  -> (artifact id: '84552d46d208e84bd4fed36f55db33ec') in 0.008029 seconds 
========================================================================
Received Prepare
Registering precompiled user dll's ...
Registered in 0.002138 seconds.
Begin MonoManager ReloadAssembly
Symbol file LoadedFromMemory doesn't match image /Users/umphaipunatipunumphai/Documents/GitHub/SecretProject/My project/Library/PackageCache/com.unity.visualscripting@1.7.8/Editor/VisualScripting.Core/Dependencies/YamlDotNet/Unity.VisualScripting.YamlDotNet.dll
Symbol file LoadedFromMemory doesn't match image /Users/umphaipunatipunumphai/Documents/GitHub/SecretProject/My project/Library/PackageCache/com.unity.visualscripting@1.7.8/Editor/VisualScripting.Core/Dependencies/DotNetZip/Unity.VisualScripting.IonicZip.dll
Native extension for iOS target not found
Native extension for Android target not found
Native extension for OSXStandalone target not found
Refreshing native plugins compatible for Editor in 0.68 ms, found 2 plugins.
Preloading 0 native plugins for Editor in 0.00 ms.
Mono: successfully reloaded assembly
- Completed reload, in  1.282 seconds
Domain Reload Profiling:
	ReloadAssembly (1283ms)
		BeginReloadAssembly (161ms)
			ExecutionOrderSort (0ms)
			DisableScriptedObjects (7ms)
			BackupInstance (0ms)
			ReleaseScriptingObjects (0ms)
			CreateAndSetChildDomain (66ms)
		EndReloadAssembly (992ms)
			LoadAssemblies (73ms)
			RebuildTransferFunctionScriptingTraits (0ms)
			SetupTypeCache (378ms)
			ReleaseScriptCaches (1ms)
			RebuildScriptCaches (56ms)
			SetupLoadedEditorAssemblies (417ms)
				LogAssemblyErrors (0ms)
				InitializePlatformSupportModulesInManaged (37ms)
				SetLoadedEditorAssemblies (1ms)
				RefreshPlugins (1ms)
				BeforeProcessingInitializeOnLoad (69ms)
				ProcessInitializeOnLoadAttributes (273ms)
				ProcessInitializeOnLoadMethodAttributes (35ms)
				AfterProcessingInitializeOnLoad (1ms)
				EditorAssembliesLoaded (0ms)
			ExecutionOrderSort2 (0ms)
			AwakeInstancesAfterBackupRestoration (5ms)
Platform modules already initialized, skipping
Refreshing native plugins compatible for Editor in 1.25 ms, found 2 plugins.
Preloading 0 native plugins for Editor in 0.00 ms.
Unloading 3375 Unused Serialized files (Serialized files now loaded: 0)
Unloading 20 unused Assets / (85.6 KB). Loaded Objects now: 3844.
Memory consumption went from 312.4 MB to 312.3 MB.
Total: 3.868109 ms (FindLiveObjects: 0.234571 ms CreateObjectMapping: 0.160512 ms MarkObjects: 3.375819 ms  DeleteObjects: 0.096400 ms)

AssetImportParameters requested are different than current active one (requested -> active):
  custom:video-decoder-ogg-theora: a1e56fd34408186e4bbccfd4996cb3dc -> 
  custom:container-muxer-webm: aa71ff27fc2769a1b78a27578f13a17b -> 
  custom:container-demuxer-webm: 4f35f7cbe854078d1ac9338744f61a02 -> 
  custom:video-encoder-webm-vp8: eb34c28f22e8b96e1ab97ce403110664 -> 
  custom:framework-osx-AVFoundation: e770b220cccbd017edd2c1fefb359320 -> 
  custom:audio-encoder-webm-vorbis: bf7c407c2cedff20999df2af8eb42d56 -> 
  custom:container-demuxer-ogg: 62fdf1f143b41e24485cea50d1cbac27 -> 
  custom:video-decoder-webm-vp8: 9c59270c3fd7afecdb556c50c9e8de78 -> 
  custom:audio-decoder-ogg-vorbis: bf7c407c2cedff20999df2af8eb42d56 -> 
========================================================================
Received Prepare
Registering precompiled user dll's ...
Registered in 0.002087 seconds.
Begin MonoManager ReloadAssembly
Symbol file LoadedFromMemory doesn't match image /Users/umphaipunatipunumphai/Documents/GitHub/SecretProject/My project/Library/PackageCache/com.unity.visualscripting@1.7.8/Editor/VisualScripting.Core/Dependencies/YamlDotNet/Unity.VisualScripting.YamlDotNet.dll
Symbol file LoadedFromMemory doesn't match image /Users/umphaipunatipunumphai/Documents/GitHub/SecretProject/My project/Library/PackageCache/com.unity.visualscripting@1.7.8/Editor/VisualScripting.Core/Dependencies/DotNetZip/Unity.VisualScripting.IonicZip.dll
Native extension for iOS target not found
Native extension for Android target not found
Native extension for OSXStandalone target not found
Refreshing native plugins compatible for Editor in 1.11 ms, found 2 plugins.
Preloading 0 native plugins for Editor in 0.00 ms.
Mono: successfully reloaded assembly
- Completed reload, in  1.172 seconds
Domain Reload Profiling:
	ReloadAssembly (1173ms)
		BeginReloadAssembly (143ms)
			ExecutionOrderSort (0ms)
			DisableScriptedObjects (7ms)
			BackupInstance (0ms)
			ReleaseScriptingObjects (0ms)
			CreateAndSetChildDomain (61ms)
		EndReloadAssembly (919ms)
			LoadAssemblies (64ms)
			RebuildTransferFunctionScriptingTraits (1ms)
			SetupTypeCache (335ms)
			ReleaseScriptCaches (1ms)
			RebuildScriptCaches (53ms)
			SetupLoadedEditorAssemblies (404ms)
				LogAssemblyErrors (0ms)
				InitializePlatformSupportModulesInManaged (35ms)
				SetLoadedEditorAssemblies (1ms)
				RefreshPlugins (1ms)
				BeforeProcessingInitializeOnLoad (66ms)
				ProcessInitializeOnLoadAttributes (265ms)
				ProcessInitializeOnLoadMethodAttributes (36ms)
				AfterProcessingInitializeOnLoad (1ms)
				EditorAssembliesLoaded (0ms)
			ExecutionOrderSort2 (0ms)
			AwakeInstancesAfterBackupRestoration (5ms)
Platform modules already initialized, skipping
Refreshing native plugins compatible for Editor in 1.39 ms, found 2 plugins.
Preloading 0 native plugins for Editor in 0.00 ms.
Unloading 3375 Unused Serialized files (Serialized files now loaded: 0)
Unloading 20 unused Assets / (71.1 KB). Loaded Objects now: 3847.
Memory consumption went from 312.2 MB to 312.1 MB.
Total: 3.429539 ms (FindLiveObjects: 0.253514 ms CreateObjectMapping: 0.163917 ms MarkObjects: 2.921074 ms  DeleteObjects: 0.090266 ms)

AssetImportParameters requested are different than current active one (requested -> active):
  custom:video-decoder-ogg-theora: a1e56fd34408186e4bbccfd4996cb3dc -> 
  custom:container-muxer-webm: aa71ff27fc2769a1b78a27578f13a17b -> 
  custom:container-demuxer-webm: 4f35f7cbe854078d1ac9338744f61a02 -> 
  custom:video-encoder-webm-vp8: eb34c28f22e8b96e1ab97ce403110664 -> 
  custom:framework-osx-AVFoundation: e770b220cccbd017edd2c1fefb359320 -> 
  custom:audio-encoder-webm-vorbis: bf7c407c2cedff20999df2af8eb42d56 -> 
  custom:container-demuxer-ogg: 62fdf1f143b41e24485cea50d1cbac27 -> 
  custom:video-decoder-webm-vp8: 9c59270c3fd7afecdb556c50c9e8de78 -> 
  custom:audio-decoder-ogg-vorbis: bf7c407c2cedff20999df2af8eb42d56 -> 
========================================================================
Received Import Request.
  Time since last request: 263.831094 seconds.
  path: Assets/Laboratory/Models/Architecture
  artifactKey: Guid(a6c6853ff11d4f64a8c7cf21844fe753) Importer(815301076,1909f56bfc062723c751e8b465ee728b)
Start importing Assets/Laboratory/Models/Architecture using Guid(a6c6853ff11d4f64a8c7cf21844fe753) Importer(815301076,1909f56bfc062723c751e8b465ee728b)  -> (artifact id: '7c136a8aeea68c37cb0a2d30bda54819') in 0.006093 seconds 
========================================================================
Received Import Request.
  Time since last request: 4.704982 seconds.
  path: Assets/Laboratory/Models/Architecture/Wall01
  artifactKey: Guid(66e0b56d5221c36498fdd6382baf0635) Importer(815301076,1909f56bfc062723c751e8b465ee728b)
Start importing Assets/Laboratory/Models/Architecture/Wall01 using Guid(66e0b56d5221c36498fdd6382baf0635) Importer(815301076,1909f56bfc062723c751e8b465ee728b)  -> (artifact id: 'b42b1588730c401eef6671b6ec9d2cde') in 0.001030 seconds 
========================================================================
Received Import Request.
  Time since last request: 0.094696 seconds.
  path: Assets/Laboratory/Models/Architecture/Wall01/Wall01.fbx
  artifactKey: Guid(587502a6afe873845999ee0b5fee8c86) Importer(815301076,1909f56bfc062723c751e8b465ee728b)
Start importing Assets/Laboratory/Models/Architecture/Wall01/Wall01.fbx using Guid(587502a6afe873845999ee0b5fee8c86) Importer(815301076,1909f56bfc062723c751e8b465ee728b)  -> (artifact id: '7da97812b4da26eaa1d3f86de0575fb0') in 0.393073 seconds 
========================================================================
Received Import Request.
  Time since last request: 0.000097 seconds.
  path: Assets/Laboratory/Models/Architecture/Wall01/Wall01bTop.fbx
  artifactKey: Guid(faf03d41e6266364b97374af16f7917e) Importer(815301076,1909f56bfc062723c751e8b465ee728b)
Start importing Assets/Laboratory/Models/Architecture/Wall01/Wall01bTop.fbx using Guid(faf03d41e6266364b97374af16f7917e) Importer(815301076,1909f56bfc062723c751e8b465ee728b)  -> (artifact id: '8dbfed0710b2d7e234f3bf9a5b6bdf14') in 0.023001 seconds 
========================================================================
Received Import Request.
  Time since last request: 0.000064 seconds.
  path: Assets/Laboratory/Models/Architecture/Wall01/Wall01CornerExt.fbx
  artifactKey: Guid(11dcf5702eb16d042a73c30a4a02939c) Importer(815301076,1909f56bfc062723c751e8b465ee728b)
Start importing Assets/Laboratory/Models/Architecture/Wall01/Wall01CornerExt.fbx using Guid(11dcf5702eb16d042a73c30a4a02939c) Importer(815301076,1909f56bfc062723c751e8b465ee728b)  -> (artifact id: '5e5229aff3bcdef2e1e10ae3fc6c2cf7') in 0.028558 seconds 
========================================================================
Received Import Request.
  Time since last request: 0.000111 seconds.
  path: Assets/Laboratory/Models/Architecture/Wall01/Wall01CornerExtTop.fbx
  artifactKey: Guid(cd92e9927065e0d4f8bc2510344c1d98) Importer(815301076,1909f56bfc062723c751e8b465ee728b)
Start importing Assets/Laboratory/Models/Architecture/Wall01/Wall01CornerExtTop.fbx using Guid(cd92e9927065e0d4f8bc2510344c1d98) Importer(815301076,1909f56bfc062723c751e8b465ee728b)  -> (artifact id: 'a248c0d9657a0eae96631524f3e437c6') in 0.021364 seconds 
========================================================================
Received Import Request.
  Time since last request: 7.004595 seconds.
  path: Assets/Laboratory/Models/Architecture/Pipes/Pipe01.fbx
  artifactKey: Guid(531737022b52a76479d95ee592036a18) Importer(815301076,1909f56bfc062723c751e8b465ee728b)
Start importing Assets/Laboratory/Models/Architecture/Pipes/Pipe01.fbx using Guid(531737022b52a76479d95ee592036a18) Importer(815301076,1909f56bfc062723c751e8b465ee728b)  -> (artifact id: '4f88b18686cbea871bc4293a9a3cbf82') in 0.020113 seconds 
========================================================================
Received Import Request.
  Time since last request: 0.000081 seconds.
  path: Assets/Laboratory/Models/Architecture/Pipes/Pipe01Curve01b.fbx
  artifactKey: Guid(a11305d6b02eefd408e663475f6d8587) Importer(815301076,1909f56bfc062723c751e8b465ee728b)
Start importing Assets/Laboratory/Models/Architecture/Pipes/Pipe01Curve01b.fbx using Guid(a11305d6b02eefd408e663475f6d8587) Importer(815301076,1909f56bfc062723c751e8b465ee728b)  -> (artifact id: '66afedc75cb3b42d11d36d43305c9ba4') in 0.030552 seconds 
========================================================================
Received Import Request.
  Time since last request: 0.000080 seconds.
  path: Assets/Laboratory/Models/Architecture/Pipes/Pipe01Curve01c.fbx
  artifactKey: Guid(58009ba10523a064a9802a17c90bb0c4) Importer(815301076,1909f56bfc062723c751e8b465ee728b)
Start importing Assets/Laboratory/Models/Architecture/Pipes/Pipe01Curve01c.fbx using Guid(58009ba10523a064a9802a17c90bb0c4) Importer(815301076,1909f56bfc062723c751e8b465ee728b)  -> (artifact id: '1b80ea42a568005604179529fddda280') in 0.022745 seconds 
========================================================================
Received Import Request.
  Time since last request: 0.000107 seconds.
  path: Assets/Laboratory/Models/Architecture/Pipes/Pipe02Curve01.fbx
  artifactKey: Guid(7c4e23f9edc174b4ca05d665698cd206) Importer(815301076,1909f56bfc062723c751e8b465ee728b)
Start importing Assets/Laboratory/Models/Architecture/Pipes/Pipe02Curve01.fbx using Guid(7c4e23f9edc174b4ca05d665698cd206) Importer(815301076,1909f56bfc062723c751e8b465ee728b)  -> (artifact id: '13dc877dfc461897072a326b506ec4e0') in 0.015821 seconds 
========================================================================
Received Import Request.
  Time since last request: 0.000074 seconds.
  path: Assets/Laboratory/Models/Architecture/Pipes/Pipe01Fitting01.fbx
  artifactKey: Guid(a3cea62002a1c82489352a6a74b63d74) Importer(815301076,1909f56bfc062723c751e8b465ee728b)
Start importing Assets/Laboratory/Models/Architecture/Pipes/Pipe01Fitting01.fbx using Guid(a3cea62002a1c82489352a6a74b63d74) Importer(815301076,1909f56bfc062723c751e8b465ee728b)  -> (artifact id: 'a00d4f6900f0c67db2ee683217f98c53') in 0.031878 seconds 
========================================================================
Received Import Request.
  Time since last request: 0.000137 seconds.
  path: Assets/Laboratory/Models/Architecture/Pipes/Pipe01Curve02c.fbx
  artifactKey: Guid(555dd13c862c49243952e9586569663a) Importer(815301076,1909f56bfc062723c751e8b465ee728b)
Start importing Assets/Laboratory/Models/Architecture/Pipes/Pipe01Curve02c.fbx using Guid(555dd13c862c49243952e9586569663a) Importer(815301076,1909f56bfc062723c751e8b465ee728b)  -> (artifact id: '15f450e635928c7bc52b3aebc1069a50') in 0.019287 seconds 
========================================================================
Received Import Request.
  Time since last request: 0.000075 seconds.
  path: Assets/Laboratory/Models/Architecture/Pipes/Pipe02.fbx
  artifactKey: Guid(7461af3924c5adf49aa85160bc2ec9e5) Importer(815301076,1909f56bfc062723c751e8b465ee728b)
Start importing Assets/Laboratory/Models/Architecture/Pipes/Pipe02.fbx using Guid(7461af3924c5adf49aa85160bc2ec9e5) Importer(815301076,1909f56bfc062723c751e8b465ee728b)  -> (artifact id: 'ffa8ec0e820de8ce199d5f3b5b3de935') in 0.019320 seconds 
========================================================================
Received Import Request.
  Time since last request: 0.000106 seconds.
  path: Assets/Laboratory/Models/Architecture/Pipes/Pipe01Curve01.fbx
  artifactKey: Guid(95c2b31baf0dafb4497c4d97c86f20e0) Importer(815301076,1909f56bfc062723c751e8b465ee728b)
Start importing Assets/Laboratory/Models/Architecture/Pipes/Pipe01Curve01.fbx using Guid(95c2b31baf0dafb4497c4d97c86f20e0) Importer(815301076,1909f56bfc062723c751e8b465ee728b)  -> (artifact id: 'c97e09715468dbb7a505d02591921f1c') in 0.018998 seconds 
========================================================================
Received Import Request.
  Time since last request: 0.000090 seconds.
  path: Assets/Laboratory/Models/Architecture/Pipes/Pipe01Fitting02b.fbx
  artifactKey: Guid(3d699fa3c4d9f46458d8da351d261101) Importer(815301076,1909f56bfc062723c751e8b465ee728b)
Start importing Assets/Laboratory/Models/Architecture/Pipes/Pipe01Fitting02b.fbx using Guid(3d699fa3c4d9f46458d8da351d261101) Importer(815301076,1909f56bfc062723c751e8b465ee728b)  -> (artifact id: 'c0f9786c0f37cf25c7e2ef2444ca2518') in 0.024565 seconds 
========================================================================
Received Import Request.
  Time since last request: 0.000092 seconds.
  path: Assets/Laboratory/Models/Architecture/Pipes/Pipe01Base01c.fbx
  artifactKey: Guid(997e6707871d5f14e83cfca9b025bfcb) Importer(815301076,1909f56bfc062723c751e8b465ee728b)
Start importing Assets/Laboratory/Models/Architecture/Pipes/Pipe01Base01c.fbx using Guid(997e6707871d5f14e83cfca9b025bfcb) Importer(815301076,1909f56bfc062723c751e8b465ee728b)  -> (artifact id: '8c132ba7bd369263a17d2d4e8477c41d') in 0.019044 seconds 
========================================================================
Received Import Request.
  Time since last request: 0.000096 seconds.
  path: Assets/Laboratory/Models/Architecture/Pipes/Pipe02Fitting01.fbx
  artifactKey: Guid(dc713108301c1fc4f8ffaac8240551c4) Importer(815301076,1909f56bfc062723c751e8b465ee728b)
Start importing Assets/Laboratory/Models/Architecture/Pipes/Pipe02Fitting01.fbx using Guid(dc713108301c1fc4f8ffaac8240551c4) Importer(815301076,1909f56bfc062723c751e8b465ee728b)  -> (artifact id: 'c7a163ea3373a09adca65ecd5d9eb7f7') in 0.020169 seconds 
========================================================================
Received Import Request.
  Time since last request: 0.000097 seconds.
  path: Assets/Laboratory/Models/Architecture/Pipes/Pipe01Curve01f.fbx
  artifactKey: Guid(cb5d138d18288854caeb07e5471a357c) Importer(815301076,1909f56bfc062723c751e8b465ee728b)
Start importing Assets/Laboratory/Models/Architecture/Pipes/Pipe01Curve01f.fbx using Guid(cb5d138d18288854caeb07e5471a357c) Importer(815301076,1909f56bfc062723c751e8b465ee728b)  -> (artifact id: '3eef641b55d2afddc804ef6adb71cb10') in 0.022909 seconds 
========================================================================
Received Import Request.
  Time since last request: 0.000134 seconds.
  path: Assets/Laboratory/Models/Architecture/Pipes/Pipe02Curve01b.fbx
  artifactKey: Guid(5283f3f2f25938846a233dd2abedf609) Importer(815301076,1909f56bfc062723c751e8b465ee728b)
Start importing Assets/Laboratory/Models/Architecture/Pipes/Pipe02Curve01b.fbx using Guid(5283f3f2f25938846a233dd2abedf609) Importer(815301076,1909f56bfc062723c751e8b465ee728b)  -> (artifact id: 'dcc9396558f28b586cd4d4afef6a4a0d') in 0.028879 seconds 
========================================================================
Received Import Request.
  Time since last request: 0.000140 seconds.
  path: Assets/Laboratory/Models/Architecture/Pipes/Pipe01End.fbx
  artifactKey: Guid(6933b6b702d9b46418d8e04b3984c8ce) Importer(815301076,1909f56bfc062723c751e8b465ee728b)
Start importing Assets/Laboratory/Models/Architecture/Pipes/Pipe01End.fbx using Guid(6933b6b702d9b46418d8e04b3984c8ce) Importer(815301076,1909f56bfc062723c751e8b465ee728b)  -> (artifact id: '413dd89b68e04c70e2c73c988f995e68') in 0.026890 seconds 
========================================================================
Received Import Request.
  Time since last request: 0.000151 seconds.
  path: Assets/Laboratory/Models/Architecture/Pipes/Pipe02c.fbx
  artifactKey: Guid(d2cc65738387c48419ec7199f1065b6d) Importer(815301076,1909f56bfc062723c751e8b465ee728b)
Start importing Assets/Laboratory/Models/Architecture/Pipes/Pipe02c.fbx using Guid(d2cc65738387c48419ec7199f1065b6d) Importer(815301076,1909f56bfc062723c751e8b465ee728b)  -> (artifact id: 'e98471caae78453e1611e9f0409843ab') in 0.017884 seconds 
========================================================================
Received Import Request.
  Time since last request: 0.000131 seconds.
  path: Assets/Laboratory/Models/Architecture/Pipes/Pipe03Fitting01.fbx
  artifactKey: Guid(7c9652017dc1e194d944b2aa651ae6ae) Importer(815301076,1909f56bfc062723c751e8b465ee728b)
Start importing Assets/Laboratory/Models/Architecture/Pipes/Pipe03Fitting01.fbx using Guid(7c9652017dc1e194d944b2aa651ae6ae) Importer(815301076,1909f56bfc062723c751e8b465ee728b)  -> (artifact id: '51d49c985dfe7f6c0a42633d3c35ed00') in 0.021824 seconds 
========================================================================
Received Import Request.
  Time since last request: 0.000109 seconds.
  path: Assets/Laboratory/Models/Architecture/Pipes/Pipe01Curve02d.fbx
  artifactKey: Guid(30bfa432c11bb59429744b6a5bf830dc) Importer(815301076,1909f56bfc062723c751e8b465ee728b)
Start importing Assets/Laboratory/Models/Architecture/Pipes/Pipe01Curve02d.fbx using Guid(30bfa432c11bb59429744b6a5bf830dc) Importer(815301076,1909f56bfc062723c751e8b465ee728b)  -> (artifact id: '295c38bda4e95b0f83722672d8193ca1') in 0.019890 seconds 
========================================================================
Received Import Request.
  Time since last request: 0.000094 seconds.
  path: Assets/Laboratory/Models/Architecture/Pipes/Pipe01Curve01e.fbx
  artifactKey: Guid(afe3b284895657847b4ba1dd839096e2) Importer(815301076,1909f56bfc062723c751e8b465ee728b)
Start importing Assets/Laboratory/Models/Architecture/Pipes/Pipe01Curve01e.fbx using Guid(afe3b284895657847b4ba1dd839096e2) Importer(815301076,1909f56bfc062723c751e8b465ee728b)  -> (artifact id: '2c39dff7504bca4b0d7f3c9510f5c64c') in 0.026931 seconds 
========================================================================
Received Import Request.
  Time since last request: 0.000091 seconds.
  path: Assets/Laboratory/Models/Architecture/Pipes/Pipe03d.fbx
  artifactKey: Guid(88d5bc7e3372ba44fbc0df7b83cdcc16) Importer(815301076,1909f56bfc062723c751e8b465ee728b)
Start importing Assets/Laboratory/Models/Architecture/Pipes/Pipe03d.fbx using Guid(88d5bc7e3372ba44fbc0df7b83cdcc16) Importer(815301076,1909f56bfc062723c751e8b465ee728b)  -> (artifact id: 'cf02afe18941204a2d0334f6bbbd043f') in 0.020595 seconds 
========================================================================
Received Import Request.
  Time since last request: 0.000093 seconds.
  path: Assets/Laboratory/Models/Architecture/Pipes/Pipe01Fitting02.fbx
  artifactKey: Guid(e372a0e7dc0fce6429b81f5fd4732de7) Importer(815301076,1909f56bfc062723c751e8b465ee728b)
Start importing Assets/Laboratory/Models/Architecture/Pipes/Pipe01Fitting02.fbx using Guid(e372a0e7dc0fce6429b81f5fd4732de7) Importer(815301076,1909f56bfc062723c751e8b465ee728b)  -> (artifact id: '71a84e9fcf6a427e5744ab2721d46db5') in 0.027008 seconds 
========================================================================
Received Import Request.
  Time since last request: 2.187720 seconds.
  path: Assets/Laboratory/Models/Architecture/Wall02/Wall02.fbx
  artifactKey: Guid(6cbb58ca7ce5bcd4485fc4d374769ae6) Importer(815301076,1909f56bfc062723c751e8b465ee728b)
Start importing Assets/Laboratory/Models/Architecture/Wall02/Wall02.fbx using Guid(6cbb58ca7ce5bcd4485fc4d374769ae6) Importer(815301076,1909f56bfc062723c751e8b465ee728b)  -> (artifact id: '4df1052f37c8e35b30530da54ebea14f') in 0.029734 seconds 
========================================================================
Received Import Request.
  Time since last request: 0.000078 seconds.
  path: Assets/Laboratory/Models/Architecture/Wall02/Wall02Door.fbx
  artifactKey: Guid(9fa615ba86adef041bd80761b91d58ca) Importer(815301076,1909f56bfc062723c751e8b465ee728b)
Start importing Assets/Laboratory/Models/Architecture/Wall02/Wall02Door.fbx using Guid(9fa615ba86adef041bd80761b91d58ca) Importer(815301076,1909f56bfc062723c751e8b465ee728b)  -> (artifact id: '5eeb8e744f83c4d546c61014629aa11d') in 0.036074 seconds 
========================================================================
Received Import Request.
  Time since last request: 0.000093 seconds.
  path: Assets/Laboratory/Models/Architecture/Wall02/Wall02cWindow02.fbx
  artifactKey: Guid(86ecf2bef74b79449b9cc40ca8d41e52) Importer(815301076,1909f56bfc062723c751e8b465ee728b)
Start importing Assets/Laboratory/Models/Architecture/Wall02/Wall02cWindow02.fbx using Guid(86ecf2bef74b79449b9cc40ca8d41e52) Importer(815301076,1909f56bfc062723c751e8b465ee728b)  -> (artifact id: 'e309d68337492625d7da27147a844d6a') in 0.022727 seconds 
========================================================================
Received Import Request.
  Time since last request: 0.000086 seconds.
  path: Assets/Laboratory/Models/Architecture/Wall02/Wall02CornerExt.fbx
  artifactKey: Guid(1df7019e529d7ca4baf2fe8fc9581a81) Importer(815301076,1909f56bfc062723c751e8b465ee728b)
Start importing Assets/Laboratory/Models/Architecture/Wall02/Wall02CornerExt.fbx using Guid(1df7019e529d7ca4baf2fe8fc9581a81) Importer(815301076,1909f56bfc062723c751e8b465ee728b)  -> (artifact id: 'c29c1f4190866ac6014327f4e4f4859c') in 0.023539 seconds 
========================================================================
Received Import Request.
  Time since last request: 0.000115 seconds.
  path: Assets/Laboratory/Models/Architecture/Wall02/Wall02c.fbx
  artifactKey: Guid(f5d135e5d685e474eaf8ef5f3cb84ed9) Importer(815301076,1909f56bfc062723c751e8b465ee728b)
Start importing Assets/Laboratory/Models/Architecture/Wall02/Wall02c.fbx using Guid(f5d135e5d685e474eaf8ef5f3cb84ed9) Importer(815301076,1909f56bfc062723c751e8b465ee728b)  -> (artifact id: '2a73f90d4bffef711d3d13f52c3fea13') in 0.024680 seconds 
========================================================================
Received Import Request.
  Time since last request: 1.234383 seconds.
  path: Assets/Laboratory/Models/Architecture/Wall03/Wall03.fbx
  artifactKey: Guid(4dabd73365336f84eb3a385c39a4eb66) Importer(815301076,1909f56bfc062723c751e8b465ee728b)
Start importing Assets/Laboratory/Models/Architecture/Wall03/Wall03.fbx using Guid(4dabd73365336f84eb3a385c39a4eb66) Importer(815301076,1909f56bfc062723c751e8b465ee728b)  -> (artifact id: 'f4eacb579aa9c857a040b3fffc483646') in 0.022864 seconds 
========================================================================
Received Import Request.
  Time since last request: 0.000083 seconds.
  path: Assets/Laboratory/Models/Architecture/Wall03/Wall03CornerInt.fbx
  artifactKey: Guid(28bdf5d319485cd4c96d685b9f374956) Importer(815301076,1909f56bfc062723c751e8b465ee728b)
Start importing Assets/Laboratory/Models/Architecture/Wall03/Wall03CornerInt.fbx using Guid(28bdf5d319485cd4c96d685b9f374956) Importer(815301076,1909f56bfc062723c751e8b465ee728b)  -> (artifact id: '95d93d97d3d7631989463aadaa9f98ed') in 0.021404 seconds 
========================================================================
Received Import Request.
  Time since last request: 0.000111 seconds.
  path: Assets/Laboratory/Models/Architecture/Wall03/Wall03c.fbx
  artifactKey: Guid(8170557070d76b4428541a1e6a188e87) Importer(815301076,1909f56bfc062723c751e8b465ee728b)
Start importing Assets/Laboratory/Models/Architecture/Wall03/Wall03c.fbx using Guid(8170557070d76b4428541a1e6a188e87) Importer(815301076,1909f56bfc062723c751e8b465ee728b)  -> (artifact id: '547605048e7deb68dfcb67121673d97c') in 0.035532 seconds 
========================================================================
Received Import Request.
  Time since last request: 0.000096 seconds.
  path: Assets/Laboratory/Models/Architecture/Wall03/Wall03cTop.fbx
  artifactKey: Guid(42201355551cea743873b131cbc544ba) Importer(815301076,1909f56bfc062723c751e8b465ee728b)
Start importing Assets/Laboratory/Models/Architecture/Wall03/Wall03cTop.fbx using Guid(42201355551cea743873b131cbc544ba) Importer(815301076,1909f56bfc062723c751e8b465ee728b)  -> (artifact id: 'f95e6fa52ca0af0c536e100c7278a57f') in 0.021917 seconds 
========================================================================
Received Import Request.
  Time since last request: 1.776117 seconds.
  path: Assets/Laboratory/Models/Architecture/Wall04/Wall04.fbx
  artifactKey: Guid(c5551f07639747e49a3149b8014e8b57) Importer(815301076,1909f56bfc062723c751e8b465ee728b)
Start importing Assets/Laboratory/Models/Architecture/Wall04/Wall04.fbx using Guid(c5551f07639747e49a3149b8014e8b57) Importer(815301076,1909f56bfc062723c751e8b465ee728b)  -> (artifact id: '789c4111ca5ce23ff110aff15137b8a4') in 0.023637 seconds 
========================================================================
Received Import Request.
  Time since last request: 0.000081 seconds.
  path: Assets/Laboratory/Models/Architecture/Wall04/Wall04CornerInt.fbx
  artifactKey: Guid(c39929f4ce8716c419a91ef5163c666a) Importer(815301076,1909f56bfc062723c751e8b465ee728b)
Start importing Assets/Laboratory/Models/Architecture/Wall04/Wall04CornerInt.fbx using Guid(c39929f4ce8716c419a91ef5163c666a) Importer(815301076,1909f56bfc062723c751e8b465ee728b)  -> (artifact id: 'ead6bc6f290b1c3aaea336bee8b3cc05') in 0.045256 seconds 
========================================================================
Received Import Request.
  Time since last request: 1.667802 seconds.
  path: Assets/Laboratory/Models/Architecture/Base/Floor01.fbx
  artifactKey: Guid(537ca5d49d1a9ec45a5060ea82a16192) Importer(815301076,1909f56bfc062723c751e8b465ee728b)
Start importing Assets/Laboratory/Models/Architecture/Base/Floor01.fbx using Guid(537ca5d49d1a9ec45a5060ea82a16192) Importer(815301076,1909f56bfc062723c751e8b465ee728b)  -> (artifact id: 'c416352f75b9c3eeacb154e5bb32bd0c') in 0.018618 seconds 
========================================================================
Received Import Request.
  Time since last request: 0.740062 seconds.
  path: Assets/Laboratory/Models/Architecture/CeilingGrid/CeilingGridCenter.fbx
  artifactKey: Guid(82753ae64bc960a4a9dee9d2d49ae66b) Importer(815301076,1909f56bfc062723c751e8b465ee728b)
Start importing Assets/Laboratory/Models/Architecture/CeilingGrid/CeilingGridCenter.fbx using Guid(82753ae64bc960a4a9dee9d2d49ae66b) Importer(815301076,1909f56bfc062723c751e8b465ee728b)  -> (artifact id: '9574032a934f06136b2d32e0a839f4ce') in 0.022716 seconds 
========================================================================
Received Import Request.
  Time since last request: 0.000079 seconds.
  path: Assets/Laboratory/Models/Architecture/CeilingGrid/CeilingGridPannelUpRight.fbx
  artifactKey: Guid(d6146d97f0146564481bf5f06946cb5f) Importer(815301076,1909f56bfc062723c751e8b465ee728b)
Start importing Assets/Laboratory/Models/Architecture/CeilingGrid/CeilingGridPannelUpRight.fbx using Guid(d6146d97f0146564481bf5f06946cb5f) Importer(815301076,1909f56bfc062723c751e8b465ee728b)  -> (artifact id: '0851595bd81e3bf92945d2072dc62267') in 0.032883 seconds 
========================================================================
Received Import Request.
  Time since last request: 1.131119 seconds.
  path: Assets/Laboratory/Models/Architecture/CeilingLamp/CeilingLamp01.fbx
  artifactKey: Guid(cfcb8090991842b4db7713065a764f2c) Importer(815301076,1909f56bfc062723c751e8b465ee728b)
Start importing Assets/Laboratory/Models/Architecture/CeilingLamp/CeilingLamp01.fbx using Guid(cfcb8090991842b4db7713065a764f2c) Importer(815301076,1909f56bfc062723c751e8b465ee728b)  -> (artifact id: '832256738a75baf7b763535c7f16f775') in 0.028679 seconds 
========================================================================
Received Import Request.
  Time since last request: 1.081895 seconds.
  path: Assets/Laboratory/Models/Architecture/Door/Door01.fbx
  artifactKey: Guid(026bbc86c83ad6540becaf4e010660c7) Importer(815301076,1909f56bfc062723c751e8b465ee728b)
Start importing Assets/Laboratory/Models/Architecture/Door/Door01.fbx using Guid(026bbc86c83ad6540becaf4e010660c7) Importer(815301076,1909f56bfc062723c751e8b465ee728b)  -> (artifact id: '853dc312566d2b3f7e42fd0ab273450a') in 0.021523 seconds 
========================================================================
Received Import Request.
  Time since last request: 1.218674 seconds.
  path: Assets/Laboratory/Models/Architecture/FloorBorder/FloorBorder01.fbx
  artifactKey: Guid(c4eb4ca487d762c4f822e52335608bfa) Importer(815301076,1909f56bfc062723c751e8b465ee728b)
Start importing Assets/Laboratory/Models/Architecture/FloorBorder/FloorBorder01.fbx using Guid(c4eb4ca487d762c4f822e52335608bfa) Importer(815301076,1909f56bfc062723c751e8b465ee728b)  -> (artifact id: '6ba104b1964d95a2e0a36de6d36e3ef5') in 0.028575 seconds 
========================================================================
Received Import Request.
  Time since last request: 49.380423 seconds.
  path: Assets/Laboratory/Presets/FBXImporter.preset
  artifactKey: Guid(651a613275bbc7c49b1f133c56bf7fee) Importer(815301076,1909f56bfc062723c751e8b465ee728b)
Start importing Assets/Laboratory/Presets/FBXImporter.preset using Guid(651a613275bbc7c49b1f133c56bf7fee) Importer(815301076,1909f56bfc062723c751e8b465ee728b)  -> (artifact id: 'bd498e2a7b1fe03b743d8ea998db3e40') in 0.096900 seconds 
========================================================================
Received Import Request.
  Time since last request: 4.445842 seconds.
  path: Assets/Laboratory/Textures/Surfaces
  artifactKey: Guid(0bbb27b72c07e6f4abc52049d449a77e) Importer(815301076,1909f56bfc062723c751e8b465ee728b)
Start importing Assets/Laboratory/Textures/Surfaces using Guid(0bbb27b72c07e6f4abc52049d449a77e) Importer(815301076,1909f56bfc062723c751e8b465ee728b)  -> (artifact id: '017edb5be96b95f23ef9ce6a3faa8c69') in 0.001144 seconds 
========================================================================
Received Import Request.
  Time since last request: 0.924479 seconds.
  path: Assets/Laboratory/Textures/Surfaces/FloorLino
  artifactKey: Guid(081a069e098f5b94a85599e422e87df6) Importer(815301076,1909f56bfc062723c751e8b465ee728b)
Start importing Assets/Laboratory/Textures/Surfaces/FloorLino using Guid(081a069e098f5b94a85599e422e87df6) Importer(815301076,1909f56bfc062723c751e8b465ee728b)  -> (artifact id: 'fc8cca439b2192fc5694206e5776e1ac') in 0.000833 seconds 
========================================================================
Received Import Request.
  Time since last request: 0.123936 seconds.
  path: Assets/Laboratory/Textures/Surfaces/FloorLino/FloorLino01_a.png
  artifactKey: Guid(2059ddaa4d51f94408adcf162faa4b26) Importer(815301076,1909f56bfc062723c751e8b465ee728b)
Start importing Assets/Laboratory/Textures/Surfaces/FloorLino/FloorLino01_a.png using Guid(2059ddaa4d51f94408adcf162faa4b26) Importer(815301076,1909f56bfc062723c751e8b465ee728b)  -> (artifact id: '83b8c76ee6ae1c441cec55ebe59c770a') in 0.276935 seconds 
========================================================================
Received Import Request.
  Time since last request: 0.880184 seconds.
  path: Assets/Laboratory/Textures/Surfaces/FloorLino/Materials
  artifactKey: Guid(58740c11f7028e9489612442fb603756) Importer(815301076,1909f56bfc062723c751e8b465ee728b)
Start importing Assets/Laboratory/Textures/Surfaces/FloorLino/Materials using Guid(58740c11f7028e9489612442fb603756) Importer(815301076,1909f56bfc062723c751e8b465ee728b)  -> (artifact id: 'c91f71c333a8272a81568dd91b02d505') in 0.001159 seconds 
========================================================================
Received Import Request.
  Time since last request: 0.092514 seconds.
  path: Assets/Laboratory/Textures/Surfaces/FloorLino/Materials/FloorLino01Blue.mat
  artifactKey: Guid(50bbabaca623086449859c7cea3fa87c) Importer(815301076,1909f56bfc062723c751e8b465ee728b)
Start importing Assets/Laboratory/Textures/Surfaces/FloorLino/Materials/FloorLino01Blue.mat using Guid(50bbabaca623086449859c7cea3fa87c) Importer(815301076,1909f56bfc062723c751e8b465ee728b)  -> (artifact id: '315c0b55bac7ce30b51532440da980d6') in 0.501542 seconds 
========================================================================
Received Import Request.
  Time since last request: 187.334492 seconds.
  path: Assets/Laboratory/Textures/Surfaces/FloorTiles/Materials/FloorTiles01.mat
  artifactKey: Guid(780e2b0cbd6d5b5409640626ff44f17b) Importer(815301076,1909f56bfc062723c751e8b465ee728b)
Start importing Assets/Laboratory/Textures/Surfaces/FloorTiles/Materials/FloorTiles01.mat using Guid(780e2b0cbd6d5b5409640626ff44f17b) Importer(815301076,1909f56bfc062723c751e8b465ee728b)  -> (artifact id: '2b24a7a278b5ae7bfce9cdfe38231901') in 0.074681 seconds 
========================================================================
Received Import Request.
  Time since last request: 0.000055 seconds.
  path: Assets/Laboratory/Textures/Surfaces/FloorTiles/Materials/FloorTiles02_MaskMap.png
  artifactKey: Guid(5f5c1b33565fbfb409d6d74b671d3dfc) Importer(815301076,1909f56bfc062723c751e8b465ee728b)
Start importing Assets/Laboratory/Textures/Surfaces/FloorTiles/Materials/FloorTiles02_MaskMap.png using Guid(5f5c1b33565fbfb409d6d74b671d3dfc) Importer(815301076,1909f56bfc062723c751e8b465ee728b)  -> (artifact id: '1bf05803d456942c9cea8c1752cbea23') in 0.017156 seconds 
========================================================================
Received Import Request.
  Time since last request: 0.000053 seconds.
  path: Assets/Laboratory/Textures/Surfaces/FloorTiles/Materials/FloorTiles02b_MaskMap.png
  artifactKey: Guid(7d32fcf0f3517c24d8ad2919ee31ba24) Importer(815301076,1909f56bfc062723c751e8b465ee728b)
Start importing Assets/Laboratory/Textures/Surfaces/FloorTiles/Materials/FloorTiles02b_MaskMap.png using Guid(7d32fcf0f3517c24d8ad2919ee31ba24) Importer(815301076,1909f56bfc062723c751e8b465ee728b)  -> (artifact id: 'bd3251feefa60708c38274ff7bb964dd') in 0.014441 seconds 
========================================================================
Received Import Request.
  Time since last request: 0.000135 seconds.
  path: Assets/Laboratory/Textures/Surfaces/FloorTiles/Materials/FloorTiles02b.mat
  artifactKey: Guid(8fc9164aa860ad746845ebc483a717d4) Importer(815301076,1909f56bfc062723c751e8b465ee728b)
Start importing Assets/Laboratory/Textures/Surfaces/FloorTiles/Materials/FloorTiles02b.mat using Guid(8fc9164aa860ad746845ebc483a717d4) Importer(815301076,1909f56bfc062723c751e8b465ee728b)  -> (artifact id: '837b51545ff04813e7ade407bdb2373f') in 0.047109 seconds 
Editor requested this worker to shutdown with reason: Scaling down because of idle timeout
AssetImportWorker is now disconnected from the server
Process exiting
