Unity Editor version:    2021.3.8f1 (b30333d56e81)
Branch:                  2021.3/staging
Build type:              Release
Batch mode:              YES
macOS version:           Version 12.5.1 (Build 21G83)
Darwin version:          21.6.0
Architecture:            x86_64
Running under Rosetta:   NO
Available memory:        16384 MB
Using pre-set license
Pro License: YES

COMMAND LINE ARGUMENTS:
/Users/umphaipunatipunumphai/Documents/Change++/2021.3.8f1/Unity.app/Contents/MacOS/Unity
-adb2
-batchMode
-noUpm
-name
AssetImportWorker8
-projectPath
/Users/umphaipunatipunumphai/Documents/GitHub/SecretProject/My project
-logFile
Logs/AssetImportWorker8.log
-srvPort
50214
Successfully changed project path to: /Users/umphaipunatipunumphai/Documents/GitHub/SecretProject/My project
/Users/umphaipunatipunumphai/Documents/GitHub/SecretProject/My project
[UnityMemory] Configuration Parameters - Can be set up in boot.config
    "memorysetup-bucket-allocator-granularity=16"
    "memorysetup-bucket-allocator-bucket-count=8"
    "memorysetup-bucket-allocator-block-size=33554432"
    "memorysetup-bucket-allocator-block-count=8"
    "memorysetup-main-allocator-block-size=16777216"
    "memorysetup-thread-allocator-block-size=16777216"
    "memorysetup-gfx-main-allocator-block-size=16777216"
    "memorysetup-gfx-thread-allocator-block-size=16777216"
    "memorysetup-cache-allocator-block-size=4194304"
    "memorysetup-typetree-allocator-block-size=2097152"
    "memorysetup-profiler-bucket-allocator-granularity=16"
    "memorysetup-profiler-bucket-allocator-bucket-count=8"
    "memorysetup-profiler-bucket-allocator-block-size=33554432"
    "memorysetup-profiler-bucket-allocator-block-count=8"
    "memorysetup-profiler-allocator-block-size=16777216"
    "memorysetup-profiler-editor-allocator-block-size=1048576"
    "memorysetup-temp-allocator-size-main=16777216"
    "memorysetup-job-temp-allocator-block-size=2097152"
    "memorysetup-job-temp-allocator-block-size-background=1048576"
    "memorysetup-job-temp-allocator-reduction-small-platforms=262144"
    "memorysetup-temp-allocator-size-background-worker=32768"
    "memorysetup-temp-allocator-size-job-worker=262144"
    "memorysetup-temp-allocator-size-preload-manager=33554432"
    "memorysetup-temp-allocator-size-nav-mesh-worker=65536"
    "memorysetup-temp-allocator-size-audio-worker=65536"
    "memorysetup-temp-allocator-size-cloud-worker=32768"
    "memorysetup-temp-allocator-size-gi-baking-worker=262144"
    "memorysetup-temp-allocator-size-gfx=262144"
Refreshing native plugins compatible for Editor in 101.49 ms, found 2 plugins.
Preloading 0 native plugins for Editor in 0.00 ms.
Initialize engine version: 2021.3.8f1 (b30333d56e81)
[Subsystems] Discovering subsystems at path /Users/umphaipunatipunumphai/Documents/Change++/2021.3.8f1/Unity.app/Contents/Resources/UnitySubsystems
[Subsystems] Discovering subsystems at path /Users/umphaipunatipunumphai/Documents/GitHub/SecretProject/My project/Assets
GfxDevice: creating device client; threaded=0; jobified=0
Color LCD preferred device: Intel(R) UHD Graphics 630 (low power)
Metal devices available: 2
0: AMD Radeon Pro 560X (high power)
1: Intel(R) UHD Graphics 630 (low power)
Using device AMD Radeon Pro 560X (high power)
Initializing Metal device caps: AMD Radeon Pro 560X
Initialize mono
Mono path[0] = '/Users/umphaipunatipunumphai/Documents/Change++/2021.3.8f1/Unity.app/Contents/Managed'
Mono path[1] = '/Users/umphaipunatipunumphai/Documents/Change++/2021.3.8f1/Unity.app/Contents/MonoBleedingEdge/lib/mono/unityjit-macos'
Mono config path = '/Users/umphaipunatipunumphai/Documents/Change++/2021.3.8f1/Unity.app/Contents/MonoBleedingEdge/etc'
Using monoOptions --debugger-agent=transport=dt_socket,embedding=1,server=y,suspend=n,address=127.0.0.1:56244
Begin MonoManager ReloadAssembly
Registering precompiled unity dll's ...
Register platform support module: /Users/umphaipunatipunumphai/Documents/Change++/2021.3.8f1/Unity.app/Contents/PlaybackEngines/MacStandaloneSupport/UnityEditor.OSXStandalone.Extensions.dll
Register platform support module: /Users/umphaipunatipunumphai/Documents/Change++/2021.3.8f1/PlaybackEngines/AndroidPlayer/UnityEditor.Android.Extensions.dll
Register platform support module: /Users/umphaipunatipunumphai/Documents/Change++/2021.3.8f1/PlaybackEngines/iOSSupport/UnityEditor.iOS.Extensions.dll
Registered in 0.001530 seconds.
[usbmuxd] Start listen thread
[usbmuxd] Listen thread started
[usbmuxd] Send listen message
Native extension for iOS target not found
Native extension for Android target not found
Native extension for OSXStandalone target not found
Refreshing native plugins compatible for Editor in 90.82 ms, found 2 plugins.
Preloading 0 native plugins for Editor in 0.00 ms.
Mono: successfully reloaded assembly
- Completed reload, in  0.741 seconds
Domain Reload Profiling:
	ReloadAssembly (742ms)
		BeginReloadAssembly (62ms)
			ExecutionOrderSort (0ms)
			DisableScriptedObjects (0ms)
			BackupInstance (0ms)
			ReleaseScriptingObjects (0ms)
			CreateAndSetChildDomain (1ms)
		EndReloadAssembly (550ms)
			LoadAssemblies (62ms)
			RebuildTransferFunctionScriptingTraits (0ms)
			SetupTypeCache (155ms)
			ReleaseScriptCaches (0ms)
			RebuildScriptCaches (32ms)
			SetupLoadedEditorAssemblies (312ms)
				LogAssemblyErrors (0ms)
				InitializePlatformSupportModulesInManaged (79ms)
				SetLoadedEditorAssemblies (1ms)
				RefreshPlugins (91ms)
				BeforeProcessingInitializeOnLoad (1ms)
				ProcessInitializeOnLoadAttributes (96ms)
				ProcessInitializeOnLoadMethodAttributes (45ms)
				AfterProcessingInitializeOnLoad (0ms)
				EditorAssembliesLoaded (0ms)
			ExecutionOrderSort2 (0ms)
			AwakeInstancesAfterBackupRestoration (0ms)
Platform modules already initialized, skipping
Registering precompiled user dll's ...
Registered in 0.003633 seconds.
Begin MonoManager ReloadAssembly
Symbol file LoadedFromMemory doesn't match image /Users/umphaipunatipunumphai/Documents/GitHub/SecretProject/My project/Library/PackageCache/com.unity.visualscripting@1.7.8/Editor/VisualScripting.Core/Dependencies/YamlDotNet/Unity.VisualScripting.YamlDotNet.dll
Symbol file LoadedFromMemory doesn't match image /Users/umphaipunatipunumphai/Documents/GitHub/SecretProject/My project/Library/PackageCache/com.unity.visualscripting@1.7.8/Editor/VisualScripting.Core/Dependencies/DotNetZip/Unity.VisualScripting.IonicZip.dll
Native extension for iOS target not found
Native extension for Android target not found
Native extension for OSXStandalone target not found
Refreshing native plugins compatible for Editor in 0.60 ms, found 2 plugins.
Preloading 0 native plugins for Editor in 0.00 ms.
Mono: successfully reloaded assembly
- Completed reload, in  1.342 seconds
Domain Reload Profiling:
	ReloadAssembly (1342ms)
		BeginReloadAssembly (235ms)
			ExecutionOrderSort (0ms)
			DisableScriptedObjects (7ms)
			BackupInstance (0ms)
			ReleaseScriptingObjects (0ms)
			CreateAndSetChildDomain (147ms)
		EndReloadAssembly (976ms)
			LoadAssemblies (70ms)
			RebuildTransferFunctionScriptingTraits (0ms)
			SetupTypeCache (325ms)
			ReleaseScriptCaches (3ms)
			RebuildScriptCaches (65ms)
			SetupLoadedEditorAssemblies (462ms)
				LogAssemblyErrors (0ms)
				InitializePlatformSupportModulesInManaged (26ms)
				SetLoadedEditorAssemblies (1ms)
				RefreshPlugins (1ms)
				BeforeProcessingInitializeOnLoad (81ms)
				ProcessInitializeOnLoadAttributes (314ms)
				ProcessInitializeOnLoadMethodAttributes (37ms)
				AfterProcessingInitializeOnLoad (1ms)
				EditorAssembliesLoaded (0ms)
			ExecutionOrderSort2 (0ms)
			AwakeInstancesAfterBackupRestoration (5ms)
Platform modules already initialized, skipping
========================================================================
Worker process is ready to serve import requests
Launching external process: /Users/umphaipunatipunumphai/Documents/Change++/2021.3.8f1/Unity.app/Contents/Tools/UnityShaderCompiler
Launched and connected shader compiler UnityShaderCompiler after 0.07 seconds
Refreshing native plugins compatible for Editor in 0.70 ms, found 2 plugins.
Preloading 0 native plugins for Editor in 0.00 ms.
Unloading 3380 Unused Serialized files (Serialized files now loaded: 0)
Unloading 27 unused Assets / (94.7 KB). Loaded Objects now: 3841.
Memory consumption went from 307.1 MB to 307.0 MB.
Total: 3.681481 ms (FindLiveObjects: 0.278360 ms CreateObjectMapping: 0.178591 ms MarkObjects: 3.085903 ms  DeleteObjects: 0.137532 ms)

AssetImportParameters requested are different than current active one (requested -> active):
  custom:video-decoder-ogg-theora: a1e56fd34408186e4bbccfd4996cb3dc -> 
  custom:container-muxer-webm: aa71ff27fc2769a1b78a27578f13a17b -> 
  custom:container-demuxer-webm: 4f35f7cbe854078d1ac9338744f61a02 -> 
  custom:video-encoder-webm-vp8: eb34c28f22e8b96e1ab97ce403110664 -> 
  custom:framework-osx-AVFoundation: e770b220cccbd017edd2c1fefb359320 -> 
  custom:audio-encoder-webm-vorbis: bf7c407c2cedff20999df2af8eb42d56 -> 
  custom:container-demuxer-ogg: 62fdf1f143b41e24485cea50d1cbac27 -> 
  custom:video-decoder-webm-vp8: 9c59270c3fd7afecdb556c50c9e8de78 -> 
  custom:audio-decoder-ogg-vorbis: bf7c407c2cedff20999df2af8eb42d56 -> 
========================================================================
Received Import Request.
  Time since last request: 9422.485622 seconds.
  path: Assets/Laboratory/Textures/Surfaces/Metals/Materials/Copper01.mat
  artifactKey: Guid(51609c94191aa75498515274bcee401c) Importer(815301076,1909f56bfc062723c751e8b465ee728b)
Start importing Assets/Laboratory/Textures/Surfaces/Metals/Materials/Copper01.mat using Guid(51609c94191aa75498515274bcee401c) Importer(815301076,1909f56bfc062723c751e8b465ee728b)  -> (artifact id: '92be9e5535d3db266971c5dac0237606') in 0.325934 seconds 
========================================================================
Received Import Request.
  Time since last request: 6.850832 seconds.
  path: Assets/Laboratory/Textures/Surfaces/Concrete/Materials/Concrete01.mat
  artifactKey: Guid(34b3a3fa3eda5dc47b04477b5b665d22) Importer(815301076,1909f56bfc062723c751e8b465ee728b)
Start importing Assets/Laboratory/Textures/Surfaces/Concrete/Materials/Concrete01.mat using Guid(34b3a3fa3eda5dc47b04477b5b665d22) Importer(815301076,1909f56bfc062723c751e8b465ee728b)  -> (artifact id: 'ff079b63dc491376292707878f84f680') in 0.040909 seconds 
========================================================================
Received Import Request.
  Time since last request: 1398.751507 seconds.
  path: Assets/Laboratory/Textures/Surfaces/FloorTiles/ConcreteFloorPainted01_m.png
  artifactKey: Guid(6d5fc9e2546be384aa1b9c88af835c49) Importer(815301076,1909f56bfc062723c751e8b465ee728b)
Start importing Assets/Laboratory/Textures/Surfaces/FloorTiles/ConcreteFloorPainted01_m.png using Guid(6d5fc9e2546be384aa1b9c88af835c49) Importer(815301076,1909f56bfc062723c751e8b465ee728b)  -> (artifact id: '5aff0b0a179b7148287cdf4ca5d64907') in 0.157193 seconds 
========================================================================
Received Import Request.
  Time since last request: 0.000149 seconds.
  path: Assets/Laboratory/Textures/Surfaces/FloorTiles/FloorTiles01_n.png
  artifactKey: Guid(5780d86b8f5376e44bbf0e429702a2dc) Importer(815301076,1909f56bfc062723c751e8b465ee728b)
Start importing Assets/Laboratory/Textures/Surfaces/FloorTiles/FloorTiles01_n.png using Guid(5780d86b8f5376e44bbf0e429702a2dc) Importer(815301076,1909f56bfc062723c751e8b465ee728b)  -> (artifact id: '6b55d002f0ec86afc668f92a2f16fe8e') in 0.029675 seconds 
========================================================================
Received Import Request.
  Time since last request: 0.000114 seconds.
  path: Assets/Laboratory/Textures/Surfaces/FloorTiles/FloorTiles02_n.png
  artifactKey: Guid(90260e4ddac7fe441ae9ca52f7226126) Importer(815301076,1909f56bfc062723c751e8b465ee728b)
Start importing Assets/Laboratory/Textures/Surfaces/FloorTiles/FloorTiles02_n.png using Guid(90260e4ddac7fe441ae9ca52f7226126) Importer(815301076,1909f56bfc062723c751e8b465ee728b)  -> (artifact id: 'f20894b412a3f812def5792adcfff190') in 0.022642 seconds 
========================================================================
Received Import Request.
  Time since last request: 3.690861 seconds.
  path: Assets/Laboratory/Textures/Surfaces/FloorTiles/Materials
  artifactKey: Guid(196e62d02143aa1498cfa6446283fe35) Importer(815301076,1909f56bfc062723c751e8b465ee728b)
Start importing Assets/Laboratory/Textures/Surfaces/FloorTiles/Materials using Guid(196e62d02143aa1498cfa6446283fe35) Importer(815301076,1909f56bfc062723c751e8b465ee728b)  -> (artifact id: '71a78b82828dbf8e4e61e24cb8989e24') in 0.001559 seconds 
========================================================================
Received Import Request.
  Time since last request: 214.043529 seconds.
  path: Assets/Laboratory/Textures/Surfaces/FloorTiles/Materials/FloorTiles02.mat
  artifactKey: Guid(5e36ca8b3cacc794cad5b3be0fb625be) Importer(815301076,1909f56bfc062723c751e8b465ee728b)
Start importing Assets/Laboratory/Textures/Surfaces/FloorTiles/Materials/FloorTiles02.mat using Guid(5e36ca8b3cacc794cad5b3be0fb625be) Importer(815301076,1909f56bfc062723c751e8b465ee728b)  -> (artifact id: '81f22c898cf3539a228673c30c29bd51') in 0.029791 seconds 
========================================================================
Received Prepare
Registering precompiled user dll's ...
Registered in 0.002007 seconds.
Begin MonoManager ReloadAssembly
Symbol file LoadedFromMemory doesn't match image /Users/umphaipunatipunumphai/Documents/GitHub/SecretProject/My project/Library/PackageCache/com.unity.visualscripting@1.7.8/Editor/VisualScripting.Core/Dependencies/YamlDotNet/Unity.VisualScripting.YamlDotNet.dll
Symbol file LoadedFromMemory doesn't match image /Users/umphaipunatipunumphai/Documents/GitHub/SecretProject/My project/Library/PackageCache/com.unity.visualscripting@1.7.8/Editor/VisualScripting.Core/Dependencies/DotNetZip/Unity.VisualScripting.IonicZip.dll
Native extension for iOS target not found
Native extension for Android target not found
Native extension for OSXStandalone target not found
Refreshing native plugins compatible for Editor in 0.76 ms, found 2 plugins.
Preloading 0 native plugins for Editor in 0.00 ms.
Mono: successfully reloaded assembly
- Completed reload, in  1.294 seconds
Domain Reload Profiling:
	ReloadAssembly (1294ms)
		BeginReloadAssembly (176ms)
			ExecutionOrderSort (0ms)
			DisableScriptedObjects (9ms)
			BackupInstance (0ms)
			ReleaseScriptingObjects (0ms)
			CreateAndSetChildDomain (74ms)
		EndReloadAssembly (993ms)
			LoadAssemblies (70ms)
			RebuildTransferFunctionScriptingTraits (0ms)
			SetupTypeCache (357ms)
			ReleaseScriptCaches (1ms)
			RebuildScriptCaches (54ms)
			SetupLoadedEditorAssemblies (440ms)
				LogAssemblyErrors (0ms)
				InitializePlatformSupportModulesInManaged (44ms)
				SetLoadedEditorAssemblies (1ms)
				RefreshPlugins (1ms)
				BeforeProcessingInitializeOnLoad (71ms)
				ProcessInitializeOnLoadAttributes (286ms)
				ProcessInitializeOnLoadMethodAttributes (36ms)
				AfterProcessingInitializeOnLoad (1ms)
				EditorAssembliesLoaded (0ms)
			ExecutionOrderSort2 (0ms)
			AwakeInstancesAfterBackupRestoration (5ms)
Platform modules already initialized, skipping
Refreshing native plugins compatible for Editor in 1.64 ms, found 2 plugins.
Preloading 0 native plugins for Editor in 0.00 ms.
Unloading 3375 Unused Serialized files (Serialized files now loaded: 0)
Unloading 20 unused Assets / (71.3 KB). Loaded Objects now: 3888.
Memory consumption went from 325.3 MB to 325.3 MB.
Total: 3.657428 ms (FindLiveObjects: 0.297020 ms CreateObjectMapping: 0.237427 ms MarkObjects: 3.032576 ms  DeleteObjects: 0.089561 ms)

AssetImportParameters requested are different than current active one (requested -> active):
  custom:video-decoder-ogg-theora: a1e56fd34408186e4bbccfd4996cb3dc -> 
  custom:container-muxer-webm: aa71ff27fc2769a1b78a27578f13a17b -> 
  custom:container-demuxer-webm: 4f35f7cbe854078d1ac9338744f61a02 -> 
  custom:video-encoder-webm-vp8: eb34c28f22e8b96e1ab97ce403110664 -> 
  custom:framework-osx-AVFoundation: e770b220cccbd017edd2c1fefb359320 -> 
  custom:audio-encoder-webm-vorbis: bf7c407c2cedff20999df2af8eb42d56 -> 
  custom:container-demuxer-ogg: 62fdf1f143b41e24485cea50d1cbac27 -> 
  custom:video-decoder-webm-vp8: 9c59270c3fd7afecdb556c50c9e8de78 -> 
  custom:audio-decoder-ogg-vorbis: bf7c407c2cedff20999df2af8eb42d56 -> 
========================================================================
Received Import Request.
  Time since last request: 35.376192 seconds.
  path: Assets/Laboratory/Prefabs/Furniture/Desk/Desk01b.prefab
  artifactKey: Guid(bcecd7722ebf05e4c904ab0c4cc49166) Importer(815301076,1909f56bfc062723c751e8b465ee728b)
Start importing Assets/Laboratory/Prefabs/Furniture/Desk/Desk01b.prefab using Guid(bcecd7722ebf05e4c904ab0c4cc49166) Importer(815301076,1909f56bfc062723c751e8b465ee728b)  -> (artifact id: 'ebd6f54cc8434dfab2d1d34ff4ae105b') in 0.224902 seconds 
========================================================================
Received Import Request.
  Time since last request: 0.000088 seconds.
  path: Assets/Laboratory/Prefabs/Furniture/Desk/Desk03b.prefab
  artifactKey: Guid(b4783861ae226944492d7ddbffe9a8fa) Importer(815301076,1909f56bfc062723c751e8b465ee728b)
Start importing Assets/Laboratory/Prefabs/Furniture/Desk/Desk03b.prefab using Guid(b4783861ae226944492d7ddbffe9a8fa) Importer(815301076,1909f56bfc062723c751e8b465ee728b)  -> (artifact id: 'c6ed722c915116d9dbfbf21e27b69dc1') in 0.040635 seconds 
========================================================================
Received Import Request.
  Time since last request: 0.000061 seconds.
  path: Assets/Laboratory/Prefabs/Furniture/Desk/Desk02b.prefab
  artifactKey: Guid(3e3050e3e4384d7459144e3fbfb44914) Importer(815301076,1909f56bfc062723c751e8b465ee728b)
Start importing Assets/Laboratory/Prefabs/Furniture/Desk/Desk02b.prefab using Guid(3e3050e3e4384d7459144e3fbfb44914) Importer(815301076,1909f56bfc062723c751e8b465ee728b)  -> (artifact id: '6f1838cf2fe0d2f797613b1682d0abc9') in 0.030673 seconds 
========================================================================
Received Import Request.
  Time since last request: 0.000118 seconds.
  path: Assets/Laboratory/Prefabs/Furniture/Desk/Desk02c.prefab
  artifactKey: Guid(c386cd3b6373ec94e83e1d671cd3de95) Importer(815301076,1909f56bfc062723c751e8b465ee728b)
Start importing Assets/Laboratory/Prefabs/Furniture/Desk/Desk02c.prefab using Guid(c386cd3b6373ec94e83e1d671cd3de95) Importer(815301076,1909f56bfc062723c751e8b465ee728b)  -> (artifact id: 'cba423da16efb64d48b5af9a9ac8263b') in 0.031233 seconds 
========================================================================
Received Import Request.
  Time since last request: 0.000079 seconds.
  path: Assets/Laboratory/Prefabs/Furniture/Desk/Desk03.prefab
  artifactKey: Guid(a22865fae36830b4ba8d3c82474ab2b1) Importer(815301076,1909f56bfc062723c751e8b465ee728b)
Start importing Assets/Laboratory/Prefabs/Furniture/Desk/Desk03.prefab using Guid(a22865fae36830b4ba8d3c82474ab2b1) Importer(815301076,1909f56bfc062723c751e8b465ee728b)  -> (artifact id: '0a189563f28800458700ffd23937b0d5') in 0.445393 seconds 
========================================================================
Received Import Request.
  Time since last request: 0.000138 seconds.
  path: Assets/Laboratory/Prefabs/Furniture/Desk/Desk03c.prefab
  artifactKey: Guid(1b56720a15c27024aa6baa26bcb1a26f) Importer(815301076,1909f56bfc062723c751e8b465ee728b)
Start importing Assets/Laboratory/Prefabs/Furniture/Desk/Desk03c.prefab using Guid(1b56720a15c27024aa6baa26bcb1a26f) Importer(815301076,1909f56bfc062723c751e8b465ee728b)  -> (artifact id: 'aa791ee8d43bbbc043e3b25f34462f9a') in 0.033837 seconds 
========================================================================
Received Import Request.
  Time since last request: 0.000057 seconds.
  path: Assets/Laboratory/Prefabs/Furniture/Desk/Desk03_BloodYellow Variant.prefab
  artifactKey: Guid(2396097949cff3242867175c3187c4fe) Importer(815301076,1909f56bfc062723c751e8b465ee728b)
Start importing Assets/Laboratory/Prefabs/Furniture/Desk/Desk03_BloodYellow Variant.prefab using Guid(2396097949cff3242867175c3187c4fe) Importer(815301076,1909f56bfc062723c751e8b465ee728b)  -> (artifact id: '2f0fa0fc63f81edb63349197f5fced44') in 0.465361 seconds 
========================================================================
Received Import Request.
  Time since last request: 14.777382 seconds.
  path: Assets/Laboratory/Prefabs/Furniture/Fridge/Fridge01_Full Variant.prefab
  artifactKey: Guid(f6bc07c6d5977394686986945fd366f7) Importer(815301076,1909f56bfc062723c751e8b465ee728b)
Start importing Assets/Laboratory/Prefabs/Furniture/Fridge/Fridge01_Full Variant.prefab using Guid(f6bc07c6d5977394686986945fd366f7) Importer(815301076,1909f56bfc062723c751e8b465ee728b)  -> (artifact id: 'c949909c30b61435ca314e9ce85afad3') in 0.073470 seconds 
========================================================================
Received Import Request.
  Time since last request: 2.535746 seconds.
  path: Assets/Laboratory/Prefabs/Furniture/Machinery/Machinery02.prefab
  artifactKey: Guid(20415efa530228c4e9cb5d7a1736ca86) Importer(815301076,1909f56bfc062723c751e8b465ee728b)
Start importing Assets/Laboratory/Prefabs/Furniture/Machinery/Machinery02.prefab using Guid(20415efa530228c4e9cb5d7a1736ca86) Importer(815301076,1909f56bfc062723c751e8b465ee728b)  -> (artifact id: 'a96baddaa6fbde04f942a95ba9fd6a76') in 0.059019 seconds 
========================================================================
Received Import Request.
  Time since last request: 2.967172 seconds.
  path: Assets/Laboratory/Prefabs/Furniture/Shelf/Shelf01b.prefab
  artifactKey: Guid(1175f852fc15813468b0bdbfc24ffb6e) Importer(815301076,1909f56bfc062723c751e8b465ee728b)
Start importing Assets/Laboratory/Prefabs/Furniture/Shelf/Shelf01b.prefab using Guid(1175f852fc15813468b0bdbfc24ffb6e) Importer(815301076,1909f56bfc062723c751e8b465ee728b)  -> (artifact id: '7dfc50e567da052382d6e4932d40adc4') in 0.047356 seconds 
========================================================================
Received Import Request.
  Time since last request: 1.045865 seconds.
  path: Assets/Laboratory/Prefabs/Furniture/Server/ServerBay02.prefab
  artifactKey: Guid(2fce5476a1a4eb64abcb46e7f27d11a4) Importer(815301076,1909f56bfc062723c751e8b465ee728b)
Start importing Assets/Laboratory/Prefabs/Furniture/Server/ServerBay02.prefab using Guid(2fce5476a1a4eb64abcb46e7f27d11a4) Importer(815301076,1909f56bfc062723c751e8b465ee728b)  -> (artifact id: '4b3e768e8f499ab8f3d5feb6c83891d7') in 0.046515 seconds 
========================================================================
Received Import Request.
  Time since last request: 0.000080 seconds.
  path: Assets/Laboratory/Prefabs/Furniture/Server/ServerRack01Full01 Variant.prefab
  artifactKey: Guid(139566761ebd84d42a98bdb3fd339f7b) Importer(815301076,1909f56bfc062723c751e8b465ee728b)
Start importing Assets/Laboratory/Prefabs/Furniture/Server/ServerRack01Full01 Variant.prefab using Guid(139566761ebd84d42a98bdb3fd339f7b) Importer(815301076,1909f56bfc062723c751e8b465ee728b)  -> (artifact id: '81f95db6595a343af30edd378b7f0e4e') in 0.062170 seconds 
========================================================================
Received Import Request.
  Time since last request: 0.891794 seconds.
  path: Assets/Laboratory/Prefabs/Furniture/Sink/SinkBench01b.prefab
  artifactKey: Guid(d762947cf44882443ae60d0b8f023b32) Importer(815301076,1909f56bfc062723c751e8b465ee728b)
Start importing Assets/Laboratory/Prefabs/Furniture/Sink/SinkBench01b.prefab using Guid(d762947cf44882443ae60d0b8f023b32) Importer(815301076,1909f56bfc062723c751e8b465ee728b)  -> (artifact id: '0b12fed8f621c6c09f6c3094a92bc93a') in 0.054721 seconds 
========================================================================
Received Import Request.
  Time since last request: 0.000090 seconds.
  path: Assets/Laboratory/Prefabs/Furniture/Sink/SinkBenchPart03.prefab
  artifactKey: Guid(d93874ac47e47d2479bc84946ab70677) Importer(815301076,1909f56bfc062723c751e8b465ee728b)
Start importing Assets/Laboratory/Prefabs/Furniture/Sink/SinkBenchPart03.prefab using Guid(d93874ac47e47d2479bc84946ab70677) Importer(815301076,1909f56bfc062723c751e8b465ee728b)  -> (artifact id: 'b35884bbe7d5d8804e6ab6f190e341f1') in 0.023090 seconds 
========================================================================
Received Import Request.
  Time since last request: 0.626456 seconds.
  path: Assets/Laboratory/Prefabs/Furniture/UnderBench/UnderBench01b.prefab
  artifactKey: Guid(4a50c92064be8eb4d96b25b99434469c) Importer(815301076,1909f56bfc062723c751e8b465ee728b)
Start importing Assets/Laboratory/Prefabs/Furniture/UnderBench/UnderBench01b.prefab using Guid(4a50c92064be8eb4d96b25b99434469c) Importer(815301076,1909f56bfc062723c751e8b465ee728b)  -> (artifact id: '49640f3e21c81c2cee27076b9624f88e') in 0.041520 seconds 
========================================================================
Received Import Request.
  Time since last request: 0.000113 seconds.
  path: Assets/Laboratory/Prefabs/Furniture/UnderBench/UnderBench02.prefab
  artifactKey: Guid(91191705a2be55c46807864e0028c70c) Importer(815301076,1909f56bfc062723c751e8b465ee728b)
Start importing Assets/Laboratory/Prefabs/Furniture/UnderBench/UnderBench02.prefab using Guid(91191705a2be55c46807864e0028c70c) Importer(815301076,1909f56bfc062723c751e8b465ee728b)  -> (artifact id: 'b255b31c347fee77b86112c878d47164') in 0.046940 seconds 
========================================================================
Received Import Request.
  Time since last request: 0.611366 seconds.
  path: Assets/Laboratory/Prefabs/Furniture/Vivarium/Suspension01.prefab
  artifactKey: Guid(8f70bac4732e5954a94e8d718ec25030) Importer(815301076,1909f56bfc062723c751e8b465ee728b)
Start importing Assets/Laboratory/Prefabs/Furniture/Vivarium/Suspension01.prefab using Guid(8f70bac4732e5954a94e8d718ec25030) Importer(815301076,1909f56bfc062723c751e8b465ee728b)  -> (artifact id: '117aedd112582d175fceca07e8812d7e') in 0.028153 seconds 
========================================================================
Received Import Request.
  Time since last request: 0.000129 seconds.
  path: Assets/Laboratory/Prefabs/Furniture/Vivarium/VivariumBox01.prefab
  artifactKey: Guid(1477328f1455cd047a2a484348b10783) Importer(815301076,1909f56bfc062723c751e8b465ee728b)
Start importing Assets/Laboratory/Prefabs/Furniture/Vivarium/VivariumBox01.prefab using Guid(1477328f1455cd047a2a484348b10783) Importer(815301076,1909f56bfc062723c751e8b465ee728b)  -> (artifact id: '88fcdb378a1ba604d1a14875f419f55b') in 0.101884 seconds 
========================================================================
Received Import Request.
  Time since last request: 1.502680 seconds.
  path: Assets/Laboratory/Prefabs/Furniture/WallBench/WallBench02.prefab
  artifactKey: Guid(1c2d98584c7a8b24f9e0dfd0d8db41e3) Importer(815301076,1909f56bfc062723c751e8b465ee728b)
Start importing Assets/Laboratory/Prefabs/Furniture/WallBench/WallBench02.prefab using Guid(1c2d98584c7a8b24f9e0dfd0d8db41e3) Importer(815301076,1909f56bfc062723c751e8b465ee728b)  -> (artifact id: '32c6481992a21b26102c48c44c8813a9') in 0.060121 seconds 
========================================================================
Received Import Request.
  Time since last request: 0.000145 seconds.
  path: Assets/Laboratory/Prefabs/Furniture/WallBench/WallBenchPart03.prefab
  artifactKey: Guid(645beeb0c57538e46a24bd28f437fe2e) Importer(815301076,1909f56bfc062723c751e8b465ee728b)
Start importing Assets/Laboratory/Prefabs/Furniture/WallBench/WallBenchPart03.prefab using Guid(645beeb0c57538e46a24bd28f437fe2e) Importer(815301076,1909f56bfc062723c751e8b465ee728b)  -> (artifact id: '8b1d93e9080dedff970606d844627960') in 0.022537 seconds 
========================================================================
Received Import Request.
  Time since last request: 0.000119 seconds.
  path: Assets/Laboratory/Prefabs/Furniture/WallBench/WallBenchPart05.prefab
  artifactKey: Guid(9b516ba1bda530a48983e2462a4c7452) Importer(815301076,1909f56bfc062723c751e8b465ee728b)
Start importing Assets/Laboratory/Prefabs/Furniture/WallBench/WallBenchPart05.prefab using Guid(9b516ba1bda530a48983e2462a4c7452) Importer(815301076,1909f56bfc062723c751e8b465ee728b)  -> (artifact id: 'b846ec05f7d9bb28e440fb82a9932208') in 0.037977 seconds 
========================================================================
Received Prepare
Registering precompiled user dll's ...
Registered in 0.002120 seconds.
Begin MonoManager ReloadAssembly
Symbol file LoadedFromMemory doesn't match image /Users/umphaipunatipunumphai/Documents/GitHub/SecretProject/My project/Library/PackageCache/com.unity.visualscripting@1.7.8/Editor/VisualScripting.Core/Dependencies/YamlDotNet/Unity.VisualScripting.YamlDotNet.dll
Symbol file LoadedFromMemory doesn't match image /Users/umphaipunatipunumphai/Documents/GitHub/SecretProject/My project/Library/PackageCache/com.unity.visualscripting@1.7.8/Editor/VisualScripting.Core/Dependencies/DotNetZip/Unity.VisualScripting.IonicZip.dll
Native extension for iOS target not found
Native extension for Android target not found
Native extension for OSXStandalone target not found
Refreshing native plugins compatible for Editor in 0.62 ms, found 2 plugins.
Preloading 0 native plugins for Editor in 0.00 ms.
Mono: successfully reloaded assembly
- Completed reload, in  1.172 seconds
Domain Reload Profiling:
	ReloadAssembly (1173ms)
		BeginReloadAssembly (145ms)
			ExecutionOrderSort (0ms)
			DisableScriptedObjects (7ms)
			BackupInstance (0ms)
			ReleaseScriptingObjects (0ms)
			CreateAndSetChildDomain (60ms)
		EndReloadAssembly (920ms)
			LoadAssemblies (67ms)
			RebuildTransferFunctionScriptingTraits (0ms)
			SetupTypeCache (341ms)
			ReleaseScriptCaches (1ms)
			RebuildScriptCaches (52ms)
			SetupLoadedEditorAssemblies (402ms)
				LogAssemblyErrors (0ms)
				InitializePlatformSupportModulesInManaged (34ms)
				SetLoadedEditorAssemblies (1ms)
				RefreshPlugins (1ms)
				BeforeProcessingInitializeOnLoad (63ms)
				ProcessInitializeOnLoadAttributes (268ms)
				ProcessInitializeOnLoadMethodAttributes (35ms)
				AfterProcessingInitializeOnLoad (1ms)
				EditorAssembliesLoaded (0ms)
			ExecutionOrderSort2 (0ms)
			AwakeInstancesAfterBackupRestoration (5ms)
Platform modules already initialized, skipping
Refreshing native plugins compatible for Editor in 1.89 ms, found 2 plugins.
Preloading 0 native plugins for Editor in 0.00 ms.
Unloading 3375 Unused Serialized files (Serialized files now loaded: 0)
Unloading 21 unused Assets / (71.8 KB). Loaded Objects now: 3892.
Memory consumption went from 329.5 MB to 329.5 MB.
Total: 3.597704 ms (FindLiveObjects: 0.289392 ms CreateObjectMapping: 0.254689 ms MarkObjects: 2.950768 ms  DeleteObjects: 0.102008 ms)

AssetImportParameters requested are different than current active one (requested -> active):
  custom:video-decoder-ogg-theora: a1e56fd34408186e4bbccfd4996cb3dc -> 
  custom:container-muxer-webm: aa71ff27fc2769a1b78a27578f13a17b -> 
  custom:container-demuxer-webm: 4f35f7cbe854078d1ac9338744f61a02 -> 
  custom:video-encoder-webm-vp8: eb34c28f22e8b96e1ab97ce403110664 -> 
  custom:framework-osx-AVFoundation: e770b220cccbd017edd2c1fefb359320 -> 
  custom:audio-encoder-webm-vorbis: bf7c407c2cedff20999df2af8eb42d56 -> 
  custom:container-demuxer-ogg: 62fdf1f143b41e24485cea50d1cbac27 -> 
  custom:video-decoder-webm-vp8: 9c59270c3fd7afecdb556c50c9e8de78 -> 
  custom:audio-decoder-ogg-vorbis: bf7c407c2cedff20999df2af8eb42d56 -> 
========================================================================
Received Import Request.
  Time since last request: 285.361395 seconds.
  path: Assets/Scenes/Scene_Prefabs/Scene_Prefabs
  artifactKey: Guid(bc5aed5ae2f7f4e4fb1e2d47da4a692f) Importer(815301076,1909f56bfc062723c751e8b465ee728b)
Start importing Assets/Scenes/Scene_Prefabs/Scene_Prefabs using Guid(bc5aed5ae2f7f4e4fb1e2d47da4a692f) Importer(815301076,1909f56bfc062723c751e8b465ee728b)  -> (artifact id: 'fe125e710ff19133dd69ee10fc9b74d1') in 0.006090 seconds 
========================================================================
Received Import Request.
  Time since last request: 5.961741 seconds.
  path: Assets/Scenes/Scene_Laboratory/Scene_Laboratory
  artifactKey: Guid(fcad78d5fc1b0a845a621b2ba14aeb25) Importer(815301076,1909f56bfc062723c751e8b465ee728b)
Start importing Assets/Scenes/Scene_Laboratory/Scene_Laboratory using Guid(fcad78d5fc1b0a845a621b2ba14aeb25) Importer(815301076,1909f56bfc062723c751e8b465ee728b)  -> (artifact id: '1a49ce9b1bb659e72b1bc7ef7d167d3a') in 0.001130 seconds 
========================================================================
Received Import Request.
  Time since last request: 1.086360 seconds.
  path: Assets/Scenes/Scene_Laboratory/Scene_Laboratory/Lightmap-18_comp_shadowmask.png
  artifactKey: Guid(af00cacb0d7323641822ea0b374bb111) Importer(815301076,1909f56bfc062723c751e8b465ee728b)
Start importing Assets/Scenes/Scene_Laboratory/Scene_Laboratory/Lightmap-18_comp_shadowmask.png using Guid(af00cacb0d7323641822ea0b374bb111) Importer(815301076,1909f56bfc062723c751e8b465ee728b)  -> (artifact id: '69672d4921cb2dd5edc30af0229eb6d2') in 0.090835 seconds 
========================================================================
Received Import Request.
  Time since last request: 0.000110 seconds.
  path: Assets/Scenes/Scene_Laboratory/Scene_Laboratory/Lightmap-23_comp_dir.png
  artifactKey: Guid(69a45d97208d22340a57985f7d84ecd4) Importer(815301076,1909f56bfc062723c751e8b465ee728b)
Start importing Assets/Scenes/Scene_Laboratory/Scene_Laboratory/Lightmap-23_comp_dir.png using Guid(69a45d97208d22340a57985f7d84ecd4) Importer(815301076,1909f56bfc062723c751e8b465ee728b)  -> (artifact id: '3ae87310245c021ef3be929e7f6288e6') in 0.024813 seconds 
========================================================================
Received Import Request.
  Time since last request: 0.000084 seconds.
  path: Assets/Scenes/Scene_Laboratory/Scene_Laboratory/Lightmap-32_comp_dir.png
  artifactKey: Guid(72debc6b7984a4e449944020dbd851d7) Importer(815301076,1909f56bfc062723c751e8b465ee728b)
Start importing Assets/Scenes/Scene_Laboratory/Scene_Laboratory/Lightmap-32_comp_dir.png using Guid(72debc6b7984a4e449944020dbd851d7) Importer(815301076,1909f56bfc062723c751e8b465ee728b)  -> (artifact id: '97e276008fba01a13cb7e9a9dbbf5b97') in 0.037744 seconds 
========================================================================
Received Import Request.
  Time since last request: 0.000116 seconds.
  path: Assets/Scenes/Scene_Laboratory/Scene_Laboratory/Lightmap-24_comp_dir.png
  artifactKey: Guid(d9589216c1f1b1e4a930a4f474326e1f) Importer(815301076,1909f56bfc062723c751e8b465ee728b)
Start importing Assets/Scenes/Scene_Laboratory/Scene_Laboratory/Lightmap-24_comp_dir.png using Guid(d9589216c1f1b1e4a930a4f474326e1f) Importer(815301076,1909f56bfc062723c751e8b465ee728b)  -> (artifact id: '31a0362d6b4d176986dd4045a3bcbaf2') in 0.021984 seconds 
========================================================================
Received Import Request.
  Time since last request: 0.000053 seconds.
  path: Assets/Scenes/Scene_Laboratory/Scene_Laboratory/Lightmap-45_comp_light.exr
  artifactKey: Guid(748c7d0bde9052c40925190abe38a148) Importer(815301076,1909f56bfc062723c751e8b465ee728b)
Start importing Assets/Scenes/Scene_Laboratory/Scene_Laboratory/Lightmap-45_comp_light.exr using Guid(748c7d0bde9052c40925190abe38a148) Importer(815301076,1909f56bfc062723c751e8b465ee728b)  -> (artifact id: '5c2689869cea87492b5fbf02467c1915') in 0.335099 seconds 
========================================================================
Received Import Request.
  Time since last request: 0.000078 seconds.
  path: Assets/Scenes/Scene_Laboratory/Scene_Laboratory/Lightmap-57_comp_shadowmask.png
  artifactKey: Guid(ebe7556c9412ed74781902f2417294f3) Importer(815301076,1909f56bfc062723c751e8b465ee728b)
Start importing Assets/Scenes/Scene_Laboratory/Scene_Laboratory/Lightmap-57_comp_shadowmask.png using Guid(ebe7556c9412ed74781902f2417294f3) Importer(815301076,1909f56bfc062723c751e8b465ee728b)  -> (artifact id: 'a8fffa54a58ca3b60ae1a838fc9aa318') in 0.072574 seconds 
========================================================================
Received Import Request.
  Time since last request: 0.000115 seconds.
  path: Assets/Scenes/Scene_Laboratory/Scene_Laboratory/Lightmap-64_comp_shadowmask.png
  artifactKey: Guid(1c027271879594247b4f3ca1c125f938) Importer(815301076,1909f56bfc062723c751e8b465ee728b)
Start importing Assets/Scenes/Scene_Laboratory/Scene_Laboratory/Lightmap-64_comp_shadowmask.png using Guid(1c027271879594247b4f3ca1c125f938) Importer(815301076,1909f56bfc062723c751e8b465ee728b)  -> (artifact id: 'd6da407213cd5a34369c850772b2786d') in 0.048327 seconds 
========================================================================
Received Import Request.
  Time since last request: 0.000152 seconds.
  path: Assets/Scenes/Scene_Laboratory/Scene_Laboratory/Lightmap-65_comp_light.exr
  artifactKey: Guid(e51173edfed30e94bb683442cfb10495) Importer(815301076,1909f56bfc062723c751e8b465ee728b)
Start importing Assets/Scenes/Scene_Laboratory/Scene_Laboratory/Lightmap-65_comp_light.exr using Guid(e51173edfed30e94bb683442cfb10495) Importer(815301076,1909f56bfc062723c751e8b465ee728b)  -> (artifact id: '762e1b47abd896aa20046cbb35da2764') in 0.039879 seconds 
========================================================================
Received Import Request.
  Time since last request: 0.000094 seconds.
  path: Assets/Scenes/Scene_Laboratory/Scene_Laboratory/Lightmap-29_comp_light.exr
  artifactKey: Guid(b2b4e1f2b57062f4db45d031b5006fae) Importer(815301076,1909f56bfc062723c751e8b465ee728b)
Start importing Assets/Scenes/Scene_Laboratory/Scene_Laboratory/Lightmap-29_comp_light.exr using Guid(b2b4e1f2b57062f4db45d031b5006fae) Importer(815301076,1909f56bfc062723c751e8b465ee728b)  -> (artifact id: '0c615ff55c25ca806b21af97c28c97b0') in 0.045997 seconds 
========================================================================
Received Import Request.
  Time since last request: 0.000135 seconds.
  path: Assets/Scenes/Scene_Laboratory/Scene_Laboratory/Lightmap-19_comp_shadowmask.png
  artifactKey: Guid(af38cfbc19ca98845948ac8f69f1b89c) Importer(815301076,1909f56bfc062723c751e8b465ee728b)
Start importing Assets/Scenes/Scene_Laboratory/Scene_Laboratory/Lightmap-19_comp_shadowmask.png using Guid(af38cfbc19ca98845948ac8f69f1b89c) Importer(815301076,1909f56bfc062723c751e8b465ee728b)  -> (artifact id: '19ad7c35e0eecaf255f2df573f10ede2') in 0.048854 seconds 
========================================================================
Received Import Request.
  Time since last request: 0.000059 seconds.
  path: Assets/Scenes/Scene_Laboratory/Scene_Laboratory/Lightmap-50_comp_light.exr
  artifactKey: Guid(5d92ef4c28e3df848b7ac3d83ff16449) Importer(815301076,1909f56bfc062723c751e8b465ee728b)
Start importing Assets/Scenes/Scene_Laboratory/Scene_Laboratory/Lightmap-50_comp_light.exr using Guid(5d92ef4c28e3df848b7ac3d83ff16449) Importer(815301076,1909f56bfc062723c751e8b465ee728b)  -> (artifact id: 'dd231cc58865b6b2704e38fb614f9c37') in 0.041700 seconds 
========================================================================
Received Import Request.
  Time since last request: 0.000147 seconds.
  path: Assets/Scenes/Scene_Laboratory/Scene_Laboratory/Lightmap-67_comp_light.exr
  artifactKey: Guid(e251770170a15684b9f6b6b58b3bbe4f) Importer(815301076,1909f56bfc062723c751e8b465ee728b)
Start importing Assets/Scenes/Scene_Laboratory/Scene_Laboratory/Lightmap-67_comp_light.exr using Guid(e251770170a15684b9f6b6b58b3bbe4f) Importer(815301076,1909f56bfc062723c751e8b465ee728b)  -> (artifact id: '2c2fa52d5668fa2f79dafec2e146b811') in 0.043260 seconds 
========================================================================
Received Import Request.
  Time since last request: 0.000121 seconds.
  path: Assets/Scenes/Scene_Laboratory/Scene_Laboratory/Lightmap-64_comp_dir.png
  artifactKey: Guid(4de1c60bc04876749aff06e081f35a97) Importer(815301076,1909f56bfc062723c751e8b465ee728b)
Start importing Assets/Scenes/Scene_Laboratory/Scene_Laboratory/Lightmap-64_comp_dir.png using Guid(4de1c60bc04876749aff06e081f35a97) Importer(815301076,1909f56bfc062723c751e8b465ee728b)  -> (artifact id: 'bc2a4149951ee905563a4c7fb7f7613a') in 0.050987 seconds 
========================================================================
Received Import Request.
  Time since last request: 0.000150 seconds.
  path: Assets/Scenes/Scene_Laboratory/Scene_Laboratory/Lightmap-35_comp_dir.png
  artifactKey: Guid(afb943ca6b633f24598560146738f330) Importer(815301076,1909f56bfc062723c751e8b465ee728b)
Start importing Assets/Scenes/Scene_Laboratory/Scene_Laboratory/Lightmap-35_comp_dir.png using Guid(afb943ca6b633f24598560146738f330) Importer(815301076,1909f56bfc062723c751e8b465ee728b)  -> (artifact id: '7ed5637481176e3485ac9e6f8ff9552e') in 0.044421 seconds 
========================================================================
Received Import Request.
  Time since last request: 0.000230 seconds.
  path: Assets/Scenes/Scene_Laboratory/Scene_Laboratory/Lightmap-36_comp_light.exr
  artifactKey: Guid(889304063f94a3c4e8229c5485066f54) Importer(815301076,1909f56bfc062723c751e8b465ee728b)
Start importing Assets/Scenes/Scene_Laboratory/Scene_Laboratory/Lightmap-36_comp_light.exr using Guid(889304063f94a3c4e8229c5485066f54) Importer(815301076,1909f56bfc062723c751e8b465ee728b)  -> (artifact id: 'beb5824e40240e401c2dffa2eef16708') in 0.046188 seconds 
========================================================================
Received Import Request.
  Time since last request: 0.000073 seconds.
  path: Assets/Scenes/Scene_Laboratory/Scene_Laboratory/Lightmap-34_comp_dir.png
  artifactKey: Guid(0fad9adfb94bc444bb6376ef19263ea1) Importer(815301076,1909f56bfc062723c751e8b465ee728b)
Start importing Assets/Scenes/Scene_Laboratory/Scene_Laboratory/Lightmap-34_comp_dir.png using Guid(0fad9adfb94bc444bb6376ef19263ea1) Importer(815301076,1909f56bfc062723c751e8b465ee728b)  -> (artifact id: '6d41a810b535146f2dffff80921072fa') in 0.036123 seconds 
========================================================================
Received Import Request.
  Time since last request: 0.000111 seconds.
  path: Assets/Scenes/Scene_Laboratory/Scene_Laboratory/Lightmap-60_comp_shadowmask.png
  artifactKey: Guid(272ce15901bd682488700d0bd8d5369a) Importer(815301076,1909f56bfc062723c751e8b465ee728b)
Start importing Assets/Scenes/Scene_Laboratory/Scene_Laboratory/Lightmap-60_comp_shadowmask.png using Guid(272ce15901bd682488700d0bd8d5369a) Importer(815301076,1909f56bfc062723c751e8b465ee728b)  -> (artifact id: '0af2345f4f2114053d6251686a27dff8') in 0.057019 seconds 
========================================================================
Received Import Request.
  Time since last request: 0.000164 seconds.
  path: Assets/Scenes/Scene_Laboratory/Scene_Laboratory/Lightmap-19_comp_light.exr
  artifactKey: Guid(5bd684ff59e1a104387058292dd7e831) Importer(815301076,1909f56bfc062723c751e8b465ee728b)
Start importing Assets/Scenes/Scene_Laboratory/Scene_Laboratory/Lightmap-19_comp_light.exr using Guid(5bd684ff59e1a104387058292dd7e831) Importer(815301076,1909f56bfc062723c751e8b465ee728b)  -> (artifact id: 'ae23635447bfd332dfa622b65e1e3c50') in 0.037982 seconds 
========================================================================
Received Import Request.
  Time since last request: 0.000130 seconds.
  path: Assets/Scenes/Scene_Laboratory/Scene_Laboratory/Lightmap-24_comp_shadowmask.png
  artifactKey: Guid(dbed5f3e13fbdf442b9c92eaecee6d89) Importer(815301076,1909f56bfc062723c751e8b465ee728b)
Start importing Assets/Scenes/Scene_Laboratory/Scene_Laboratory/Lightmap-24_comp_shadowmask.png using Guid(dbed5f3e13fbdf442b9c92eaecee6d89) Importer(815301076,1909f56bfc062723c751e8b465ee728b)  -> (artifact id: 'df5df2daaa85312617238458129244ad') in 0.039260 seconds 
========================================================================
Received Import Request.
  Time since last request: 0.000108 seconds.
  path: Assets/Scenes/Scene_Laboratory/Scene_Laboratory/Lightmap-38_comp_shadowmask.png
  artifactKey: Guid(5fef7576532c9884e9e86db54a256a1f) Importer(815301076,1909f56bfc062723c751e8b465ee728b)
Start importing Assets/Scenes/Scene_Laboratory/Scene_Laboratory/Lightmap-38_comp_shadowmask.png using Guid(5fef7576532c9884e9e86db54a256a1f) Importer(815301076,1909f56bfc062723c751e8b465ee728b)  -> (artifact id: '5dced4f135331b4e80087b81c1146571') in 0.050883 seconds 
========================================================================
Received Import Request.
  Time since last request: 0.000175 seconds.
  path: Assets/Scenes/Scene_Laboratory/Scene_Laboratory/Lightmap-20_comp_dir.png
  artifactKey: Guid(03c07f6f54581974db00af56e12176a3) Importer(815301076,1909f56bfc062723c751e8b465ee728b)
Start importing Assets/Scenes/Scene_Laboratory/Scene_Laboratory/Lightmap-20_comp_dir.png using Guid(03c07f6f54581974db00af56e12176a3) Importer(815301076,1909f56bfc062723c751e8b465ee728b)  -> (artifact id: '2af5f455342f5ea9817992753bed957e') in 0.035581 seconds 
========================================================================
Received Import Request.
  Time since last request: 0.000179 seconds.
  path: Assets/Scenes/Scene_Laboratory/Scene_Laboratory/Lightmap-49_comp_light.exr
  artifactKey: Guid(acd759b5671ad93459407c0fbc193c57) Importer(815301076,1909f56bfc062723c751e8b465ee728b)
Start importing Assets/Scenes/Scene_Laboratory/Scene_Laboratory/Lightmap-49_comp_light.exr using Guid(acd759b5671ad93459407c0fbc193c57) Importer(815301076,1909f56bfc062723c751e8b465ee728b)  -> (artifact id: 'bfc7a438891fbb7dbfdf333f56f779a2') in 0.038151 seconds 
========================================================================
Received Import Request.
  Time since last request: 0.000105 seconds.
  path: Assets/Scenes/Scene_Laboratory/Scene_Laboratory/Lightmap-45_comp_dir.png
  artifactKey: Guid(e1f76c4061949e24abb94eae80d25dd7) Importer(815301076,1909f56bfc062723c751e8b465ee728b)
Start importing Assets/Scenes/Scene_Laboratory/Scene_Laboratory/Lightmap-45_comp_dir.png using Guid(e1f76c4061949e24abb94eae80d25dd7) Importer(815301076,1909f56bfc062723c751e8b465ee728b)  -> (artifact id: 'ea8c4c4e1abe744fb38782d5702c58da') in 0.039857 seconds 
========================================================================
Received Import Request.
  Time since last request: 0.000195 seconds.
  path: Assets/Scenes/Scene_Laboratory/Scene_Laboratory/Lightmap-35_comp_light.exr
  artifactKey: Guid(993d765b398396b4bad79e7a0c56e62e) Importer(815301076,1909f56bfc062723c751e8b465ee728b)
Start importing Assets/Scenes/Scene_Laboratory/Scene_Laboratory/Lightmap-35_comp_light.exr using Guid(993d765b398396b4bad79e7a0c56e62e) Importer(815301076,1909f56bfc062723c751e8b465ee728b)  -> (artifact id: 'a0492b5f2c2fc61421a0d9ec2b360f60') in 0.036351 seconds 
========================================================================
Received Import Request.
  Time since last request: 0.000166 seconds.
  path: Assets/Scenes/Scene_Laboratory/Scene_Laboratory/Lightmap-46_comp_shadowmask.png
  artifactKey: Guid(e97d5df30a8a07f41be318eae19891c0) Importer(815301076,1909f56bfc062723c751e8b465ee728b)
Start importing Assets/Scenes/Scene_Laboratory/Scene_Laboratory/Lightmap-46_comp_shadowmask.png using Guid(e97d5df30a8a07f41be318eae19891c0) Importer(815301076,1909f56bfc062723c751e8b465ee728b)  -> (artifact id: 'e594e816dbcb58084cb02a60103ac097') in 0.039900 seconds 
========================================================================
Received Import Request.
  Time since last request: 0.000067 seconds.
  path: Assets/Scenes/Scene_Laboratory/Scene_Laboratory/Lightmap-51_comp_dir.png
  artifactKey: Guid(95d7649bda132bc4fb895976b192100e) Importer(815301076,1909f56bfc062723c751e8b465ee728b)
Start importing Assets/Scenes/Scene_Laboratory/Scene_Laboratory/Lightmap-51_comp_dir.png using Guid(95d7649bda132bc4fb895976b192100e) Importer(815301076,1909f56bfc062723c751e8b465ee728b)  -> (artifact id: '1938af285db713548cdb3e5281f93396') in 0.051462 seconds 
========================================================================
Received Import Request.
  Time since last request: 0.000056 seconds.
  path: Assets/Scenes/Scene_Laboratory/Scene_Laboratory/Lightmap-42_comp_dir.png
  artifactKey: Guid(c3cd9cbb891978f42909b72d63c51a3a) Importer(815301076,1909f56bfc062723c751e8b465ee728b)
Start importing Assets/Scenes/Scene_Laboratory/Scene_Laboratory/Lightmap-42_comp_dir.png using Guid(c3cd9cbb891978f42909b72d63c51a3a) Importer(815301076,1909f56bfc062723c751e8b465ee728b)  -> (artifact id: '931bef1752f626c19122cf3b623da636') in 0.041155 seconds 
========================================================================
Received Import Request.
  Time since last request: 0.000077 seconds.
  path: Assets/Scenes/Scene_Laboratory/Scene_Laboratory/Lightmap-30_comp_light.exr
  artifactKey: Guid(76a6a88e1804bc24e9fe075ee8cc2828) Importer(815301076,1909f56bfc062723c751e8b465ee728b)
Start importing Assets/Scenes/Scene_Laboratory/Scene_Laboratory/Lightmap-30_comp_light.exr using Guid(76a6a88e1804bc24e9fe075ee8cc2828) Importer(815301076,1909f56bfc062723c751e8b465ee728b)  -> (artifact id: '01013b0240ed0b1f1061753e4546b500') in 0.038307 seconds 
========================================================================
Received Import Request.
  Time since last request: 0.000084 seconds.
  path: Assets/Scenes/Scene_Laboratory/Scene_Laboratory/Lightmap-65_comp_dir.png
  artifactKey: Guid(7ee1a0e78fdd9c545811689373b2cc22) Importer(815301076,1909f56bfc062723c751e8b465ee728b)
Start importing Assets/Scenes/Scene_Laboratory/Scene_Laboratory/Lightmap-65_comp_dir.png using Guid(7ee1a0e78fdd9c545811689373b2cc22) Importer(815301076,1909f56bfc062723c751e8b465ee728b)  -> (artifact id: '9a4aa61035012a52c69c0e07f4238617') in 0.042344 seconds 
========================================================================
Received Import Request.
  Time since last request: 0.000167 seconds.
  path: Assets/Scenes/Scene_Laboratory/Scene_Laboratory/Lightmap-46_comp_dir.png
  artifactKey: Guid(819ff449db0b63f42b1c1cd1e984fde1) Importer(815301076,1909f56bfc062723c751e8b465ee728b)
Start importing Assets/Scenes/Scene_Laboratory/Scene_Laboratory/Lightmap-46_comp_dir.png using Guid(819ff449db0b63f42b1c1cd1e984fde1) Importer(815301076,1909f56bfc062723c751e8b465ee728b)  -> (artifact id: '1730e9a8cd948e7976680ecfa335a866') in 0.042426 seconds 
========================================================================
Received Import Request.
  Time since last request: 0.000091 seconds.
  path: Assets/Scenes/Scene_Laboratory/Scene_Laboratory/Lightmap-33_comp_shadowmask.png
  artifactKey: Guid(6a902e3f816f3ed46808f2a157a16df5) Importer(815301076,1909f56bfc062723c751e8b465ee728b)
Start importing Assets/Scenes/Scene_Laboratory/Scene_Laboratory/Lightmap-33_comp_shadowmask.png using Guid(6a902e3f816f3ed46808f2a157a16df5) Importer(815301076,1909f56bfc062723c751e8b465ee728b)  -> (artifact id: '40e5998d9f80f18b98166753710ea6cb') in 0.052055 seconds 
========================================================================
Received Import Request.
  Time since last request: 0.000205 seconds.
  path: Assets/Scenes/Scene_Laboratory/Scene_Laboratory/Lightmap-47_comp_light.exr
  artifactKey: Guid(e8ea9a8fc7d33de49995f643d90e80f3) Importer(815301076,1909f56bfc062723c751e8b465ee728b)
Start importing Assets/Scenes/Scene_Laboratory/Scene_Laboratory/Lightmap-47_comp_light.exr using Guid(e8ea9a8fc7d33de49995f643d90e80f3) Importer(815301076,1909f56bfc062723c751e8b465ee728b)  -> (artifact id: 'ce9044bdcc895fe441e92b5092fdc4e6') in 0.028717 seconds 
========================================================================
Received Import Request.
  Time since last request: 0.000123 seconds.
  path: Assets/Scenes/Scene_Laboratory/Scene_Laboratory/Lightmap-61_comp_light.exr
  artifactKey: Guid(e75acfa8ab4397a40a27e31adbbb0b83) Importer(815301076,1909f56bfc062723c751e8b465ee728b)
Start importing Assets/Scenes/Scene_Laboratory/Scene_Laboratory/Lightmap-61_comp_light.exr using Guid(e75acfa8ab4397a40a27e31adbbb0b83) Importer(815301076,1909f56bfc062723c751e8b465ee728b)  -> (artifact id: 'bced4f3efac637863260db583fbe3ef1') in 0.038089 seconds 
========================================================================
Received Import Request.
  Time since last request: 0.000152 seconds.
  path: Assets/Scenes/Scene_Laboratory/Scene_Laboratory/Lightmap-61_comp_dir.png
  artifactKey: Guid(da9a83091c1dcd84891b4fb6bcd171f3) Importer(815301076,1909f56bfc062723c751e8b465ee728b)
Start importing Assets/Scenes/Scene_Laboratory/Scene_Laboratory/Lightmap-61_comp_dir.png using Guid(da9a83091c1dcd84891b4fb6bcd171f3) Importer(815301076,1909f56bfc062723c751e8b465ee728b)  -> (artifact id: '2087c2aea1e83e1a48cb67fbb546063a') in 0.037396 seconds 
========================================================================
Received Import Request.
  Time since last request: 0.000150 seconds.
  path: Assets/Scenes/Scene_Laboratory/Scene_Laboratory/Lightmap-66_comp_dir.png
  artifactKey: Guid(71529c79134754947a09b0e305da90a4) Importer(815301076,1909f56bfc062723c751e8b465ee728b)
Start importing Assets/Scenes/Scene_Laboratory/Scene_Laboratory/Lightmap-66_comp_dir.png using Guid(71529c79134754947a09b0e305da90a4) Importer(815301076,1909f56bfc062723c751e8b465ee728b)  -> (artifact id: '8078d016b2ebc06ecbe1a938adfb48e5') in 0.037966 seconds 
========================================================================
Received Import Request.
  Time since last request: 0.000085 seconds.
  path: Assets/Scenes/Scene_Laboratory/Scene_Laboratory/Lightmap-37_comp_light.exr
  artifactKey: Guid(83053f3af07d2b44ba44ce41a9b1c0f5) Importer(815301076,1909f56bfc062723c751e8b465ee728b)
Start importing Assets/Scenes/Scene_Laboratory/Scene_Laboratory/Lightmap-37_comp_light.exr using Guid(83053f3af07d2b44ba44ce41a9b1c0f5) Importer(815301076,1909f56bfc062723c751e8b465ee728b)  -> (artifact id: '00f8faa74ec62628f2159cb9cb8b7a26') in 0.039782 seconds 
========================================================================
Received Import Request.
  Time since last request: 0.000112 seconds.
  path: Assets/Scenes/Scene_Laboratory/Scene_Laboratory/Lightmap-47_comp_dir.png
  artifactKey: Guid(cfeaa3d5dec32744e85973497812464b) Importer(815301076,1909f56bfc062723c751e8b465ee728b)
Start importing Assets/Scenes/Scene_Laboratory/Scene_Laboratory/Lightmap-47_comp_dir.png using Guid(cfeaa3d5dec32744e85973497812464b) Importer(815301076,1909f56bfc062723c751e8b465ee728b)  -> (artifact id: 'ece112b186a985cd518896eb4f62bf26') in 0.049247 seconds 
========================================================================
Received Import Request.
  Time since last request: 0.000088 seconds.
  path: Assets/Scenes/Scene_Laboratory/Scene_Laboratory/Lightmap-58_comp_dir.png
  artifactKey: Guid(e4046976c5bc9ae4ea52704d52774f63) Importer(815301076,1909f56bfc062723c751e8b465ee728b)
Start importing Assets/Scenes/Scene_Laboratory/Scene_Laboratory/Lightmap-58_comp_dir.png using Guid(e4046976c5bc9ae4ea52704d52774f63) Importer(815301076,1909f56bfc062723c751e8b465ee728b)  -> (artifact id: 'e9b743921e64633dcbcf874ae1e9c40d') in 0.041726 seconds 
========================================================================
Received Import Request.
  Time since last request: 0.000071 seconds.
  path: Assets/Scenes/Scene_Laboratory/Scene_Laboratory/Lightmap-48_comp_shadowmask.png
  artifactKey: Guid(69c5304dec1cf2d4f8e1023c0e43f782) Importer(815301076,1909f56bfc062723c751e8b465ee728b)
Start importing Assets/Scenes/Scene_Laboratory/Scene_Laboratory/Lightmap-48_comp_shadowmask.png using Guid(69c5304dec1cf2d4f8e1023c0e43f782) Importer(815301076,1909f56bfc062723c751e8b465ee728b)  -> (artifact id: '378ee40826ace1ef7e5dea581afe676e') in 0.045515 seconds 
========================================================================
Received Import Request.
  Time since last request: 0.000131 seconds.
  path: Assets/Scenes/Scene_Laboratory/Scene_Laboratory/Lightmap-20_comp_light.exr
  artifactKey: Guid(6bccf40e88e809e4888562df583d6b9d) Importer(815301076,1909f56bfc062723c751e8b465ee728b)
Start importing Assets/Scenes/Scene_Laboratory/Scene_Laboratory/Lightmap-20_comp_light.exr using Guid(6bccf40e88e809e4888562df583d6b9d) Importer(815301076,1909f56bfc062723c751e8b465ee728b)  -> (artifact id: '5b997abcc00a55f352df4fa2490ef6db') in 0.040497 seconds 
========================================================================
Received Import Request.
  Time since last request: 0.000080 seconds.
  path: Assets/Scenes/Scene_Laboratory/Scene_Laboratory/Lightmap-47_comp_shadowmask.png
  artifactKey: Guid(8de4bba4bafd36449936db1db1e156c2) Importer(815301076,1909f56bfc062723c751e8b465ee728b)
Start importing Assets/Scenes/Scene_Laboratory/Scene_Laboratory/Lightmap-47_comp_shadowmask.png using Guid(8de4bba4bafd36449936db1db1e156c2) Importer(815301076,1909f56bfc062723c751e8b465ee728b)  -> (artifact id: 'c33a9fd755fd6b6ffd853a16759634f7') in 0.055009 seconds 
========================================================================
Received Import Request.
  Time since last request: 0.000089 seconds.
  path: Assets/Scenes/Scene_Laboratory/Scene_Laboratory/Lightmap-42_comp_shadowmask.png
  artifactKey: Guid(0fcfe129e5895f640b1abd1fbe327ad1) Importer(815301076,1909f56bfc062723c751e8b465ee728b)
Start importing Assets/Scenes/Scene_Laboratory/Scene_Laboratory/Lightmap-42_comp_shadowmask.png using Guid(0fcfe129e5895f640b1abd1fbe327ad1) Importer(815301076,1909f56bfc062723c751e8b465ee728b)  -> (artifact id: 'b7a1eb022915fa9ddcc07b72ad99f11a') in 0.045269 seconds 
========================================================================
Received Import Request.
  Time since last request: 0.000087 seconds.
  path: Assets/Scenes/Scene_Laboratory/Scene_Laboratory/Lightmap-56_comp_shadowmask.png
  artifactKey: Guid(1cd9f1d3169f5064e9d32caba344a649) Importer(815301076,1909f56bfc062723c751e8b465ee728b)
Start importing Assets/Scenes/Scene_Laboratory/Scene_Laboratory/Lightmap-56_comp_shadowmask.png using Guid(1cd9f1d3169f5064e9d32caba344a649) Importer(815301076,1909f56bfc062723c751e8b465ee728b)  -> (artifact id: 'e1e5d5cc3a03f34217c3b5e479f216b1') in 0.044611 seconds 
========================================================================
Received Import Request.
  Time since last request: 0.000102 seconds.
  path: Assets/Scenes/Scene_Laboratory/Scene_Laboratory/Lightmap-53_comp_shadowmask.png
  artifactKey: Guid(7b69501655ca19f408d6ee2db06c9e01) Importer(815301076,1909f56bfc062723c751e8b465ee728b)
Start importing Assets/Scenes/Scene_Laboratory/Scene_Laboratory/Lightmap-53_comp_shadowmask.png using Guid(7b69501655ca19f408d6ee2db06c9e01) Importer(815301076,1909f56bfc062723c751e8b465ee728b)  -> (artifact id: 'd90a9ec58ef987650832bca7284df4ca') in 0.048321 seconds 
========================================================================
Received Import Request.
  Time since last request: 0.000088 seconds.
  path: Assets/Scenes/Scene_Laboratory/Scene_Laboratory/Lightmap-60_comp_dir.png
  artifactKey: Guid(1ac87ee13c3433945a8e5a43b8ecbbd1) Importer(815301076,1909f56bfc062723c751e8b465ee728b)
Start importing Assets/Scenes/Scene_Laboratory/Scene_Laboratory/Lightmap-60_comp_dir.png using Guid(1ac87ee13c3433945a8e5a43b8ecbbd1) Importer(815301076,1909f56bfc062723c751e8b465ee728b)  -> (artifact id: '06cf76a26680da7da61bcf207d16383c') in 0.019651 seconds 
========================================================================
Received Import Request.
  Time since last request: 0.000099 seconds.
  path: Assets/Scenes/Scene_Laboratory/Scene_Laboratory/Lightmap-62_comp_light.exr
  artifactKey: Guid(eb01df2eb60f69a43b68274464770e6a) Importer(815301076,1909f56bfc062723c751e8b465ee728b)
Start importing Assets/Scenes/Scene_Laboratory/Scene_Laboratory/Lightmap-62_comp_light.exr using Guid(eb01df2eb60f69a43b68274464770e6a) Importer(815301076,1909f56bfc062723c751e8b465ee728b)  -> (artifact id: '1a17941485eea9098f2d25fbe987ecab') in 0.043871 seconds 
========================================================================
Received Import Request.
  Time since last request: 0.000088 seconds.
  path: Assets/Scenes/Scene_Laboratory/Scene_Laboratory/Lightmap-30_comp_shadowmask.png
  artifactKey: Guid(7de5229770f3e3744996da132687f7e3) Importer(815301076,1909f56bfc062723c751e8b465ee728b)
Start importing Assets/Scenes/Scene_Laboratory/Scene_Laboratory/Lightmap-30_comp_shadowmask.png using Guid(7de5229770f3e3744996da132687f7e3) Importer(815301076,1909f56bfc062723c751e8b465ee728b)  -> (artifact id: '1624a5687cf57472496169978da6bd29') in 0.046852 seconds 
========================================================================
Received Import Request.
  Time since last request: 0.000122 seconds.
  path: Assets/Scenes/Scene_Laboratory/Scene_Laboratory/Lightmap-33_comp_light.exr
  artifactKey: Guid(8a68579a309977b41a3528057428a170) Importer(815301076,1909f56bfc062723c751e8b465ee728b)
Start importing Assets/Scenes/Scene_Laboratory/Scene_Laboratory/Lightmap-33_comp_light.exr using Guid(8a68579a309977b41a3528057428a170) Importer(815301076,1909f56bfc062723c751e8b465ee728b)  -> (artifact id: '1e1ae11b1f087dd2d6c7a4135e80f1a2') in 0.035175 seconds 
========================================================================
Received Import Request.
  Time since last request: 0.000153 seconds.
  path: Assets/Scenes/Scene_Laboratory/Scene_Laboratory/Lightmap-21_comp_dir.png
  artifactKey: Guid(697bb3c0d1fd47d4298a2d4bef71d48d) Importer(815301076,1909f56bfc062723c751e8b465ee728b)
Start importing Assets/Scenes/Scene_Laboratory/Scene_Laboratory/Lightmap-21_comp_dir.png using Guid(697bb3c0d1fd47d4298a2d4bef71d48d) Importer(815301076,1909f56bfc062723c751e8b465ee728b)  -> (artifact id: 'bf18a99217904a5841b36e5d9a33b729') in 0.036177 seconds 
========================================================================
Received Import Request.
  Time since last request: 0.000077 seconds.
  path: Assets/Scenes/Scene_Laboratory/Scene_Laboratory/Lightmap-32_comp_light.exr
  artifactKey: Guid(9fa9b1882c7891945b79f0c11bd26690) Importer(815301076,1909f56bfc062723c751e8b465ee728b)
Start importing Assets/Scenes/Scene_Laboratory/Scene_Laboratory/Lightmap-32_comp_light.exr using Guid(9fa9b1882c7891945b79f0c11bd26690) Importer(815301076,1909f56bfc062723c751e8b465ee728b)  -> (artifact id: '27179f07e3c1ead928e1bec4405fd45e') in 0.038720 seconds 
========================================================================
Received Import Request.
  Time since last request: 0.000161 seconds.
  path: Assets/Scenes/Scene_Laboratory/Scene_Laboratory/Lightmap-26_comp_light.exr
  artifactKey: Guid(cae8cacfd23728c498e311a27591e8f7) Importer(815301076,1909f56bfc062723c751e8b465ee728b)
Start importing Assets/Scenes/Scene_Laboratory/Scene_Laboratory/Lightmap-26_comp_light.exr using Guid(cae8cacfd23728c498e311a27591e8f7) Importer(815301076,1909f56bfc062723c751e8b465ee728b)  -> (artifact id: '1d3f378b26fa33bc8c06697422e66632') in 0.044209 seconds 
========================================================================
Received Import Request.
  Time since last request: 0.000232 seconds.
  path: Assets/Scenes/Scene_Laboratory/Scene_Laboratory/Lightmap-58_comp_light.exr
  artifactKey: Guid(3dd08c49b628f8e428442c6ce3118329) Importer(815301076,1909f56bfc062723c751e8b465ee728b)
Start importing Assets/Scenes/Scene_Laboratory/Scene_Laboratory/Lightmap-58_comp_light.exr using Guid(3dd08c49b628f8e428442c6ce3118329) Importer(815301076,1909f56bfc062723c751e8b465ee728b)  -> (artifact id: 'fedcc7bb80b32de808ea109aa565688c') in 0.040190 seconds 
========================================================================
Received Import Request.
  Time since last request: 0.000089 seconds.
  path: Assets/Scenes/Scene_Laboratory/Scene_Laboratory/Lightmap-31_comp_dir.png
  artifactKey: Guid(3edf054e456f4d645b98b399c6c6512c) Importer(815301076,1909f56bfc062723c751e8b465ee728b)
Start importing Assets/Scenes/Scene_Laboratory/Scene_Laboratory/Lightmap-31_comp_dir.png using Guid(3edf054e456f4d645b98b399c6c6512c) Importer(815301076,1909f56bfc062723c751e8b465ee728b)  -> (artifact id: '8742ae8cd760339acfcb4162d7ee1922') in 0.037064 seconds 
========================================================================
Received Import Request.
  Time since last request: 0.000223 seconds.
  path: Assets/Scenes/Scene_Laboratory/Scene_Laboratory/Lightmap-31_comp_light.exr
  artifactKey: Guid(6c832036d0dc0584899a6f00f3b25d4c) Importer(815301076,1909f56bfc062723c751e8b465ee728b)
Start importing Assets/Scenes/Scene_Laboratory/Scene_Laboratory/Lightmap-31_comp_light.exr using Guid(6c832036d0dc0584899a6f00f3b25d4c) Importer(815301076,1909f56bfc062723c751e8b465ee728b)  -> (artifact id: 'a271678c3ef2200d481e0f05fc64d777') in 0.035000 seconds 
========================================================================
Received Import Request.
  Time since last request: 0.000181 seconds.
  path: Assets/Scenes/Scene_Laboratory/Scene_Laboratory/Lightmap-26_comp_dir.png
  artifactKey: Guid(ad7a702fa86d4fe4395ec383a607ce5f) Importer(815301076,1909f56bfc062723c751e8b465ee728b)
Start importing Assets/Scenes/Scene_Laboratory/Scene_Laboratory/Lightmap-26_comp_dir.png using Guid(ad7a702fa86d4fe4395ec383a607ce5f) Importer(815301076,1909f56bfc062723c751e8b465ee728b)  -> (artifact id: '24163fbf728cafbad8ff70bc6e0e7d65') in 0.037554 seconds 
========================================================================
Received Import Request.
  Time since last request: 0.000165 seconds.
  path: Assets/Scenes/Scene_Laboratory/Scene_Laboratory/Lightmap-35_comp_shadowmask.png
  artifactKey: Guid(7f72586ad6a2bd5489818d11e4d6de39) Importer(815301076,1909f56bfc062723c751e8b465ee728b)
Start importing Assets/Scenes/Scene_Laboratory/Scene_Laboratory/Lightmap-35_comp_shadowmask.png using Guid(7f72586ad6a2bd5489818d11e4d6de39) Importer(815301076,1909f56bfc062723c751e8b465ee728b)  -> (artifact id: '781016e9cd1f542b7c5f683234679420') in 0.050542 seconds 
========================================================================
Received Import Request.
  Time since last request: 0.000154 seconds.
  path: Assets/Scenes/Scene_Laboratory/Scene_Laboratory/Lightmap-62_comp_shadowmask.png
  artifactKey: Guid(2f74c22c606dd98419c932561ca62588) Importer(815301076,1909f56bfc062723c751e8b465ee728b)
Start importing Assets/Scenes/Scene_Laboratory/Scene_Laboratory/Lightmap-62_comp_shadowmask.png using Guid(2f74c22c606dd98419c932561ca62588) Importer(815301076,1909f56bfc062723c751e8b465ee728b)  -> (artifact id: '2409d858f6ac823d8bb05fc72669727e') in 0.052841 seconds 
========================================================================
Received Import Request.
  Time since last request: 0.000170 seconds.
  path: Assets/Scenes/Scene_Laboratory/Scene_Laboratory/Lightmap-48_comp_light.exr
  artifactKey: Guid(853235178c3d52347bcc060bb2342dce) Importer(815301076,1909f56bfc062723c751e8b465ee728b)
Start importing Assets/Scenes/Scene_Laboratory/Scene_Laboratory/Lightmap-48_comp_light.exr using Guid(853235178c3d52347bcc060bb2342dce) Importer(815301076,1909f56bfc062723c751e8b465ee728b)  -> (artifact id: '361aa4701424df6f5bdf8315c6a77625') in 0.043072 seconds 
========================================================================
Received Import Request.
  Time since last request: 0.000054 seconds.
  path: Assets/Scenes/Scene_Laboratory/Scene_Laboratory/Lightmap-51_comp_light.exr
  artifactKey: Guid(d4ddbe787dde7af4887cfee96389ee60) Importer(815301076,1909f56bfc062723c751e8b465ee728b)
Start importing Assets/Scenes/Scene_Laboratory/Scene_Laboratory/Lightmap-51_comp_light.exr using Guid(d4ddbe787dde7af4887cfee96389ee60) Importer(815301076,1909f56bfc062723c751e8b465ee728b)  -> (artifact id: '7b1b5d7835944c3ad237bde23fb8d72c') in 0.032510 seconds 
========================================================================
Received Import Request.
  Time since last request: 0.000094 seconds.
  path: Assets/Scenes/Scene_Laboratory/Scene_Laboratory/Lightmap-41_comp_light.exr
  artifactKey: Guid(ab756be2a7ba16442ab804f6ea9c9c1b) Importer(815301076,1909f56bfc062723c751e8b465ee728b)
Start importing Assets/Scenes/Scene_Laboratory/Scene_Laboratory/Lightmap-41_comp_light.exr using Guid(ab756be2a7ba16442ab804f6ea9c9c1b) Importer(815301076,1909f56bfc062723c751e8b465ee728b)  -> (artifact id: '3d8ea15ef144fbaba3ec87ad41649564') in 0.031484 seconds 
========================================================================
Received Import Request.
  Time since last request: 0.000148 seconds.
  path: Assets/Scenes/Scene_Laboratory/Scene_Laboratory/Lightmap-54_comp_dir.png
  artifactKey: Guid(3deb4bf26be873a438d2bb15c75e3990) Importer(815301076,1909f56bfc062723c751e8b465ee728b)
Start importing Assets/Scenes/Scene_Laboratory/Scene_Laboratory/Lightmap-54_comp_dir.png using Guid(3deb4bf26be873a438d2bb15c75e3990) Importer(815301076,1909f56bfc062723c751e8b465ee728b)  -> (artifact id: 'b3241d847deeeb1769c5130d308a311b') in 0.034620 seconds 
========================================================================
Received Import Request.
  Time since last request: 0.000146 seconds.
  path: Assets/Scenes/Scene_Laboratory/Scene_Laboratory/Lightmap-25_comp_shadowmask.png
  artifactKey: Guid(3b2064ad559760547a954a7d504ed6c7) Importer(815301076,1909f56bfc062723c751e8b465ee728b)
Start importing Assets/Scenes/Scene_Laboratory/Scene_Laboratory/Lightmap-25_comp_shadowmask.png using Guid(3b2064ad559760547a954a7d504ed6c7) Importer(815301076,1909f56bfc062723c751e8b465ee728b)  -> (artifact id: '7576b0571d0809786932e7f66ad714b5') in 0.090335 seconds 
========================================================================
Received Import Request.
  Time since last request: 0.000108 seconds.
  path: Assets/Scenes/Scene_Laboratory/Scene_Laboratory/Lightmap-44_comp_shadowmask.png
  artifactKey: Guid(17aad435987c65d49bd48c57ceccb6f7) Importer(815301076,1909f56bfc062723c751e8b465ee728b)
Start importing Assets/Scenes/Scene_Laboratory/Scene_Laboratory/Lightmap-44_comp_shadowmask.png using Guid(17aad435987c65d49bd48c57ceccb6f7) Importer(815301076,1909f56bfc062723c751e8b465ee728b)  -> (artifact id: '78bdd15fb88dc047e0d7543cefae8b94') in 0.060537 seconds 
========================================================================
Received Import Request.
  Time since last request: 0.000127 seconds.
  path: Assets/Scenes/Scene_Laboratory/Scene_Laboratory/Lightmap-29_comp_shadowmask.png
  artifactKey: Guid(8d61d4b443727464c87e7ec950cbee00) Importer(815301076,1909f56bfc062723c751e8b465ee728b)
Start importing Assets/Scenes/Scene_Laboratory/Scene_Laboratory/Lightmap-29_comp_shadowmask.png using Guid(8d61d4b443727464c87e7ec950cbee00) Importer(815301076,1909f56bfc062723c751e8b465ee728b)  -> (artifact id: 'f2e1eab78e56f14a18ec92853b6ee92f') in 0.052076 seconds 
========================================================================
Received Import Request.
  Time since last request: 0.000117 seconds.
  path: Assets/Scenes/Scene_Laboratory/Scene_Laboratory/Lightmap-23_comp_shadowmask.png
  artifactKey: Guid(d9a83910b4b779746972805e6dda01b7) Importer(815301076,1909f56bfc062723c751e8b465ee728b)
Start importing Assets/Scenes/Scene_Laboratory/Scene_Laboratory/Lightmap-23_comp_shadowmask.png using Guid(d9a83910b4b779746972805e6dda01b7) Importer(815301076,1909f56bfc062723c751e8b465ee728b)  -> (artifact id: '6666ca3c16257447b19093edfadeb988') in 0.048311 seconds 
========================================================================
Received Import Request.
  Time since last request: 0.000068 seconds.
  path: Assets/Scenes/Scene_Laboratory/Scene_Laboratory/Lightmap-59_comp_light.exr
  artifactKey: Guid(b0495da7150142349a7148634f9902de) Importer(815301076,1909f56bfc062723c751e8b465ee728b)
Start importing Assets/Scenes/Scene_Laboratory/Scene_Laboratory/Lightmap-59_comp_light.exr using Guid(b0495da7150142349a7148634f9902de) Importer(815301076,1909f56bfc062723c751e8b465ee728b)  -> (artifact id: '3ceb1d81fafed176f2d0b88ec0f390ec') in 0.026209 seconds 
========================================================================
Received Import Request.
  Time since last request: 0.000073 seconds.
  path: Assets/Scenes/Scene_Laboratory/Scene_Laboratory/Lightmap-55_comp_shadowmask.png
  artifactKey: Guid(b147d949a39b1544aa0796b82d9f1a70) Importer(815301076,1909f56bfc062723c751e8b465ee728b)
Start importing Assets/Scenes/Scene_Laboratory/Scene_Laboratory/Lightmap-55_comp_shadowmask.png using Guid(b147d949a39b1544aa0796b82d9f1a70) Importer(815301076,1909f56bfc062723c751e8b465ee728b)  -> (artifact id: '10564afc5e258ae708fa94939b4645e3') in 0.055560 seconds 
========================================================================
Received Import Request.
  Time since last request: 0.000107 seconds.
  path: Assets/Scenes/Scene_Laboratory/Scene_Laboratory/Lightmap-43_comp_dir.png
  artifactKey: Guid(d070c58c680286f43b482c9b28aaa18f) Importer(815301076,1909f56bfc062723c751e8b465ee728b)
Start importing Assets/Scenes/Scene_Laboratory/Scene_Laboratory/Lightmap-43_comp_dir.png using Guid(d070c58c680286f43b482c9b28aaa18f) Importer(815301076,1909f56bfc062723c751e8b465ee728b)  -> (artifact id: '913d288cf5b240011fe62aeb4446e551') in 0.020216 seconds 
========================================================================
Received Import Request.
  Time since last request: 0.000113 seconds.
  path: Assets/Scenes/Scene_Laboratory/Scene_Laboratory/Lightmap-31_comp_shadowmask.png
  artifactKey: Guid(43733940d161ea44a82ef193bc99f3e1) Importer(815301076,1909f56bfc062723c751e8b465ee728b)
Start importing Assets/Scenes/Scene_Laboratory/Scene_Laboratory/Lightmap-31_comp_shadowmask.png using Guid(43733940d161ea44a82ef193bc99f3e1) Importer(815301076,1909f56bfc062723c751e8b465ee728b)  -> (artifact id: '8f02c2653f7e0719b57dee1c96eb8156') in 0.045297 seconds 
========================================================================
Received Import Request.
  Time since last request: 0.000125 seconds.
  path: Assets/Scenes/Scene_Laboratory/Scene_Laboratory/Lightmap-38_comp_light.exr
  artifactKey: Guid(7a06325f1d5b7dc4aa679b386b99430b) Importer(815301076,1909f56bfc062723c751e8b465ee728b)
Start importing Assets/Scenes/Scene_Laboratory/Scene_Laboratory/Lightmap-38_comp_light.exr using Guid(7a06325f1d5b7dc4aa679b386b99430b) Importer(815301076,1909f56bfc062723c751e8b465ee728b)  -> (artifact id: 'b5f25fc3c3e220ed8ca790a12a31781c') in 0.021997 seconds 
========================================================================
Received Import Request.
  Time since last request: 0.000097 seconds.
  path: Assets/Scenes/Scene_Laboratory/Scene_Laboratory/Lightmap-34_comp_shadowmask.png
  artifactKey: Guid(e488cfff4d36fb24098455902106450b) Importer(815301076,1909f56bfc062723c751e8b465ee728b)
Start importing Assets/Scenes/Scene_Laboratory/Scene_Laboratory/Lightmap-34_comp_shadowmask.png using Guid(e488cfff4d36fb24098455902106450b) Importer(815301076,1909f56bfc062723c751e8b465ee728b)  -> (artifact id: 'c30302b17e76ae6c2a1adc3314e4ac52') in 0.058668 seconds 
========================================================================
Received Import Request.
  Time since last request: 0.000067 seconds.
  path: Assets/Scenes/Scene_Laboratory/Scene_Laboratory/Lightmap-46_comp_light.exr
  artifactKey: Guid(6b6f2fd9d591a054a8f61081c593ee4c) Importer(815301076,1909f56bfc062723c751e8b465ee728b)
Start importing Assets/Scenes/Scene_Laboratory/Scene_Laboratory/Lightmap-46_comp_light.exr using Guid(6b6f2fd9d591a054a8f61081c593ee4c) Importer(815301076,1909f56bfc062723c751e8b465ee728b)  -> (artifact id: '589422fd40d2a39e8c5c12cee88aac8a') in 0.025523 seconds 
========================================================================
Received Import Request.
  Time since last request: 0.000118 seconds.
  path: Assets/Scenes/Scene_Laboratory/Scene_Laboratory/Lightmap-54_comp_light.exr
  artifactKey: Guid(138b4190978453c4fa8a96fe09edd095) Importer(815301076,1909f56bfc062723c751e8b465ee728b)
Start importing Assets/Scenes/Scene_Laboratory/Scene_Laboratory/Lightmap-54_comp_light.exr using Guid(138b4190978453c4fa8a96fe09edd095) Importer(815301076,1909f56bfc062723c751e8b465ee728b)  -> (artifact id: '1602dac50bc359855cf9336e3da2952a') in 0.030987 seconds 
========================================================================
Received Import Request.
  Time since last request: 0.000073 seconds.
  path: Assets/Scenes/Scene_Laboratory/Scene_Laboratory/Lightmap-63_comp_dir.png
  artifactKey: Guid(3c0320fb9fb51ed4ab57db1e4988d862) Importer(815301076,1909f56bfc062723c751e8b465ee728b)
Start importing Assets/Scenes/Scene_Laboratory/Scene_Laboratory/Lightmap-63_comp_dir.png using Guid(3c0320fb9fb51ed4ab57db1e4988d862) Importer(815301076,1909f56bfc062723c751e8b465ee728b)  -> (artifact id: 'df7a1acfa0e4e83f9abff4b689e292a5') in 0.024664 seconds 
========================================================================
Received Import Request.
  Time since last request: 0.000082 seconds.
  path: Assets/Scenes/Scene_Laboratory/Scene_Laboratory/Lightmap-22_comp_shadowmask.png
  artifactKey: Guid(d87831dae256ad44a928ef108130f7da) Importer(815301076,1909f56bfc062723c751e8b465ee728b)
Start importing Assets/Scenes/Scene_Laboratory/Scene_Laboratory/Lightmap-22_comp_shadowmask.png using Guid(d87831dae256ad44a928ef108130f7da) Importer(815301076,1909f56bfc062723c751e8b465ee728b)  -> (artifact id: '821b5defc2ed94cd7a747a90aca8e8e2') in 0.099953 seconds 
========================================================================
Received Import Request.
  Time since last request: 0.000105 seconds.
  path: Assets/Scenes/Scene_Laboratory/Scene_Laboratory/Lightmap-56_comp_light.exr
  artifactKey: Guid(d8fe727b18bfae048bb9b5128297b752) Importer(815301076,1909f56bfc062723c751e8b465ee728b)
Start importing Assets/Scenes/Scene_Laboratory/Scene_Laboratory/Lightmap-56_comp_light.exr using Guid(d8fe727b18bfae048bb9b5128297b752) Importer(815301076,1909f56bfc062723c751e8b465ee728b)  -> (artifact id: '90a6807510284a6e4aa8aa17a33e4b87') in 0.026580 seconds 
========================================================================
Received Import Request.
  Time since last request: 0.000102 seconds.
  path: Assets/Scenes/Scene_Laboratory/Scene_Laboratory/Lightmap-60_comp_light.exr
  artifactKey: Guid(eba43281f2f7d0e4da1d64295a35a64c) Importer(815301076,1909f56bfc062723c751e8b465ee728b)
Start importing Assets/Scenes/Scene_Laboratory/Scene_Laboratory/Lightmap-60_comp_light.exr using Guid(eba43281f2f7d0e4da1d64295a35a64c) Importer(815301076,1909f56bfc062723c751e8b465ee728b)  -> (artifact id: '92dd65afef19425b2e50cb9e7edc6531') in 0.028729 seconds 
========================================================================
Received Import Request.
  Time since last request: 0.000087 seconds.
  path: Assets/Scenes/Scene_Laboratory/Scene_Laboratory/Lightmap-39_comp_shadowmask.png
  artifactKey: Guid(ec72e7d4aa12a8a408f95f880891f55a) Importer(815301076,1909f56bfc062723c751e8b465ee728b)
Start importing Assets/Scenes/Scene_Laboratory/Scene_Laboratory/Lightmap-39_comp_shadowmask.png using Guid(ec72e7d4aa12a8a408f95f880891f55a) Importer(815301076,1909f56bfc062723c751e8b465ee728b)  -> (artifact id: 'e24f793328c21a7ea253d794438b331e') in 0.106480 seconds 
Editor requested this worker to shutdown with reason: Scaling down because of idle timeout
AssetImportWorker is now disconnected from the server
Process exiting
