Unity Editor version:    2021.3.8f1 (b30333d56e81)
Branch:                  2021.3/staging
Build type:              Release
Batch mode:              YES
macOS version:           Version 12.5.1 (Build 21G83)
Darwin version:          21.6.0
Architecture:            x86_64
Running under Rosetta:   NO
Available memory:        16384 MB
Using pre-set license
Pro License: YES

COMMAND LINE ARGUMENTS:
/Users/umphaipunatipunumphai/Documents/Change++/2021.3.8f1/Unity.app/Contents/MacOS/Unity
-adb2
-batchMode
-noUpm
-name
AssetImportWorker12
-projectPath
/Users/umphaipunatipunumphai/Documents/GitHub/SecretProject/My project
-logFile
Logs/AssetImportWorker12.log
-srvPort
50214
Successfully changed project path to: /Users/umphaipunatipunumphai/Documents/GitHub/SecretProject/My project
/Users/umphaipunatipunumphai/Documents/GitHub/SecretProject/My project
[UnityMemory] Configuration Parameters - Can be set up in boot.config
    "memorysetup-bucket-allocator-granularity=16"
    "memorysetup-bucket-allocator-bucket-count=8"
    "memorysetup-bucket-allocator-block-size=33554432"
    "memorysetup-bucket-allocator-block-count=8"
    "memorysetup-main-allocator-block-size=16777216"
    "memorysetup-thread-allocator-block-size=16777216"
    "memorysetup-gfx-main-allocator-block-size=16777216"
    "memorysetup-gfx-thread-allocator-block-size=16777216"
    "memorysetup-cache-allocator-block-size=4194304"
    "memorysetup-typetree-allocator-block-size=2097152"
    "memorysetup-profiler-bucket-allocator-granularity=16"
    "memorysetup-profiler-bucket-allocator-bucket-count=8"
    "memorysetup-profiler-bucket-allocator-block-size=33554432"
    "memorysetup-profiler-bucket-allocator-block-count=8"
    "memorysetup-profiler-allocator-block-size=16777216"
    "memorysetup-profiler-editor-allocator-block-size=1048576"
    "memorysetup-temp-allocator-size-main=16777216"
    "memorysetup-job-temp-allocator-block-size=2097152"
    "memorysetup-job-temp-allocator-block-size-background=1048576"
    "memorysetup-job-temp-allocator-reduction-small-platforms=262144"
    "memorysetup-temp-allocator-size-background-worker=32768"
    "memorysetup-temp-allocator-size-job-worker=262144"
    "memorysetup-temp-allocator-size-preload-manager=33554432"
    "memorysetup-temp-allocator-size-nav-mesh-worker=65536"
    "memorysetup-temp-allocator-size-audio-worker=65536"
    "memorysetup-temp-allocator-size-cloud-worker=32768"
    "memorysetup-temp-allocator-size-gi-baking-worker=262144"
    "memorysetup-temp-allocator-size-gfx=262144"
Refreshing native plugins compatible for Editor in 104.18 ms, found 2 plugins.
Preloading 0 native plugins for Editor in 0.00 ms.
Initialize engine version: 2021.3.8f1 (b30333d56e81)
[Subsystems] Discovering subsystems at path /Users/umphaipunatipunumphai/Documents/Change++/2021.3.8f1/Unity.app/Contents/Resources/UnitySubsystems
[Subsystems] Discovering subsystems at path /Users/umphaipunatipunumphai/Documents/GitHub/SecretProject/My project/Assets
GfxDevice: creating device client; threaded=0; jobified=0
Color LCD preferred device: Intel(R) UHD Graphics 630 (low power)
Metal devices available: 2
0: AMD Radeon Pro 560X (high power)
1: Intel(R) UHD Graphics 630 (low power)
Using device AMD Radeon Pro 560X (high power)
Initializing Metal device caps: AMD Radeon Pro 560X
Initialize mono
Mono path[0] = '/Users/umphaipunatipunumphai/Documents/Change++/2021.3.8f1/Unity.app/Contents/Managed'
Mono path[1] = '/Users/umphaipunatipunumphai/Documents/Change++/2021.3.8f1/Unity.app/Contents/MonoBleedingEdge/lib/mono/unityjit-macos'
Mono config path = '/Users/umphaipunatipunumphai/Documents/Change++/2021.3.8f1/Unity.app/Contents/MonoBleedingEdge/etc'
Using monoOptions --debugger-agent=transport=dt_socket,embedding=1,server=y,suspend=n,address=127.0.0.1:56297
Begin MonoManager ReloadAssembly
Registering precompiled unity dll's ...
Register platform support module: /Users/umphaipunatipunumphai/Documents/Change++/2021.3.8f1/Unity.app/Contents/PlaybackEngines/MacStandaloneSupport/UnityEditor.OSXStandalone.Extensions.dll
Register platform support module: /Users/umphaipunatipunumphai/Documents/Change++/2021.3.8f1/PlaybackEngines/AndroidPlayer/UnityEditor.Android.Extensions.dll
Register platform support module: /Users/umphaipunatipunumphai/Documents/Change++/2021.3.8f1/PlaybackEngines/iOSSupport/UnityEditor.iOS.Extensions.dll
Registered in 0.000942 seconds.
[usbmuxd] Start listen thread
[usbmuxd] Listen thread started
[usbmuxd] Send listen message
Native extension for iOS target not found
Native extension for Android target not found
Native extension for OSXStandalone target not found
Refreshing native plugins compatible for Editor in 98.95 ms, found 2 plugins.
Preloading 0 native plugins for Editor in 0.00 ms.
Mono: successfully reloaded assembly
- Completed reload, in  0.809 seconds
Domain Reload Profiling:
	ReloadAssembly (809ms)
		BeginReloadAssembly (61ms)
			ExecutionOrderSort (0ms)
			DisableScriptedObjects (0ms)
			BackupInstance (0ms)
			ReleaseScriptingObjects (0ms)
			CreateAndSetChildDomain (1ms)
		EndReloadAssembly (606ms)
			LoadAssemblies (61ms)
			RebuildTransferFunctionScriptingTraits (0ms)
			SetupTypeCache (166ms)
			ReleaseScriptCaches (0ms)
			RebuildScriptCaches (36ms)
			SetupLoadedEditorAssemblies (345ms)
				LogAssemblyErrors (0ms)
				InitializePlatformSupportModulesInManaged (91ms)
				SetLoadedEditorAssemblies (0ms)
				RefreshPlugins (99ms)
				BeforeProcessingInitializeOnLoad (1ms)
				ProcessInitializeOnLoadAttributes (104ms)
				ProcessInitializeOnLoadMethodAttributes (49ms)
				AfterProcessingInitializeOnLoad (0ms)
				EditorAssembliesLoaded (0ms)
			ExecutionOrderSort2 (0ms)
			AwakeInstancesAfterBackupRestoration (0ms)
Platform modules already initialized, skipping
Registering precompiled user dll's ...
Registered in 0.003270 seconds.
Begin MonoManager ReloadAssembly
Symbol file LoadedFromMemory doesn't match image /Users/umphaipunatipunumphai/Documents/GitHub/SecretProject/My project/Library/PackageCache/com.unity.visualscripting@1.7.8/Editor/VisualScripting.Core/Dependencies/YamlDotNet/Unity.VisualScripting.YamlDotNet.dll
Symbol file LoadedFromMemory doesn't match image /Users/umphaipunatipunumphai/Documents/GitHub/SecretProject/My project/Library/PackageCache/com.unity.visualscripting@1.7.8/Editor/VisualScripting.Core/Dependencies/DotNetZip/Unity.VisualScripting.IonicZip.dll
Native extension for iOS target not found
Native extension for Android target not found
Native extension for OSXStandalone target not found
Refreshing native plugins compatible for Editor in 0.65 ms, found 2 plugins.
Preloading 0 native plugins for Editor in 0.00 ms.
Mono: successfully reloaded assembly
- Completed reload, in  1.674 seconds
Domain Reload Profiling:
	ReloadAssembly (1675ms)
		BeginReloadAssembly (230ms)
			ExecutionOrderSort (0ms)
			DisableScriptedObjects (7ms)
			BackupInstance (0ms)
			ReleaseScriptingObjects (0ms)
			CreateAndSetChildDomain (141ms)
		EndReloadAssembly (1302ms)
			LoadAssemblies (77ms)
			RebuildTransferFunctionScriptingTraits (0ms)
			SetupTypeCache (349ms)
			ReleaseScriptCaches (3ms)
			RebuildScriptCaches (66ms)
			SetupLoadedEditorAssemblies (750ms)
				LogAssemblyErrors (0ms)
				InitializePlatformSupportModulesInManaged (346ms)
				SetLoadedEditorAssemblies (1ms)
				RefreshPlugins (1ms)
				BeforeProcessingInitializeOnLoad (87ms)
				ProcessInitializeOnLoadAttributes (281ms)
				ProcessInitializeOnLoadMethodAttributes (32ms)
				AfterProcessingInitializeOnLoad (2ms)
				EditorAssembliesLoaded (0ms)
			ExecutionOrderSort2 (0ms)
			AwakeInstancesAfterBackupRestoration (4ms)
Platform modules already initialized, skipping
========================================================================
Worker process is ready to serve import requests
Launching external process: /Users/umphaipunatipunumphai/Documents/Change++/2021.3.8f1/Unity.app/Contents/Tools/UnityShaderCompiler
Launched and connected shader compiler UnityShaderCompiler after 0.07 seconds
Refreshing native plugins compatible for Editor in 0.78 ms, found 2 plugins.
Preloading 0 native plugins for Editor in 0.00 ms.
Unloading 3380 Unused Serialized files (Serialized files now loaded: 0)
Unloading 27 unused Assets / (94.6 KB). Loaded Objects now: 3841.
Memory consumption went from 307.1 MB to 307.0 MB.
Total: 4.353190 ms (FindLiveObjects: 0.325684 ms CreateObjectMapping: 0.228761 ms MarkObjects: 3.623408 ms  DeleteObjects: 0.174132 ms)

AssetImportParameters requested are different than current active one (requested -> active):
  custom:video-decoder-ogg-theora: a1e56fd34408186e4bbccfd4996cb3dc -> 
  custom:container-muxer-webm: aa71ff27fc2769a1b78a27578f13a17b -> 
  custom:container-demuxer-webm: 4f35f7cbe854078d1ac9338744f61a02 -> 
  custom:video-encoder-webm-vp8: eb34c28f22e8b96e1ab97ce403110664 -> 
  custom:framework-osx-AVFoundation: e770b220cccbd017edd2c1fefb359320 -> 
  custom:audio-encoder-webm-vorbis: bf7c407c2cedff20999df2af8eb42d56 -> 
  custom:container-demuxer-ogg: 62fdf1f143b41e24485cea50d1cbac27 -> 
  custom:video-decoder-webm-vp8: 9c59270c3fd7afecdb556c50c9e8de78 -> 
  custom:audio-decoder-ogg-vorbis: bf7c407c2cedff20999df2af8eb42d56 -> 
========================================================================
Received Import Request.
  Time since last request: 11046.461284 seconds.
  path: Assets/Laboratory/Textures/Surfaces/FloorTiles/Materials/FloorTiles01.mat
  artifactKey: Guid(780e2b0cbd6d5b5409640626ff44f17b) Importer(815301076,1909f56bfc062723c751e8b465ee728b)
Start importing Assets/Laboratory/Textures/Surfaces/FloorTiles/Materials/FloorTiles01.mat using Guid(780e2b0cbd6d5b5409640626ff44f17b) Importer(815301076,1909f56bfc062723c751e8b465ee728b)  -> (artifact id: '99ee9d4dad6164180e63fb97d1c72a38') in 0.244419 seconds 
========================================================================
Received Prepare
Registering precompiled user dll's ...
Registered in 0.002363 seconds.
Begin MonoManager ReloadAssembly
Symbol file LoadedFromMemory doesn't match image /Users/umphaipunatipunumphai/Documents/GitHub/SecretProject/My project/Library/PackageCache/com.unity.visualscripting@1.7.8/Editor/VisualScripting.Core/Dependencies/YamlDotNet/Unity.VisualScripting.YamlDotNet.dll
Symbol file LoadedFromMemory doesn't match image /Users/umphaipunatipunumphai/Documents/GitHub/SecretProject/My project/Library/PackageCache/com.unity.visualscripting@1.7.8/Editor/VisualScripting.Core/Dependencies/DotNetZip/Unity.VisualScripting.IonicZip.dll
Native extension for iOS target not found
Native extension for Android target not found
Native extension for OSXStandalone target not found
Refreshing native plugins compatible for Editor in 0.65 ms, found 2 plugins.
Preloading 0 native plugins for Editor in 0.00 ms.
Mono: successfully reloaded assembly
- Completed reload, in  1.293 seconds
Domain Reload Profiling:
	ReloadAssembly (1293ms)
		BeginReloadAssembly (176ms)
			ExecutionOrderSort (0ms)
			DisableScriptedObjects (9ms)
			BackupInstance (0ms)
			ReleaseScriptingObjects (0ms)
			CreateAndSetChildDomain (74ms)
		EndReloadAssembly (992ms)
			LoadAssemblies (70ms)
			RebuildTransferFunctionScriptingTraits (0ms)
			SetupTypeCache (356ms)
			ReleaseScriptCaches (1ms)
			RebuildScriptCaches (54ms)
			SetupLoadedEditorAssemblies (439ms)
				LogAssemblyErrors (0ms)
				InitializePlatformSupportModulesInManaged (44ms)
				SetLoadedEditorAssemblies (1ms)
				RefreshPlugins (1ms)
				BeforeProcessingInitializeOnLoad (71ms)
				ProcessInitializeOnLoadAttributes (285ms)
				ProcessInitializeOnLoadMethodAttributes (36ms)
				AfterProcessingInitializeOnLoad (1ms)
				EditorAssembliesLoaded (0ms)
			ExecutionOrderSort2 (0ms)
			AwakeInstancesAfterBackupRestoration (5ms)
Platform modules already initialized, skipping
Refreshing native plugins compatible for Editor in 1.65 ms, found 2 plugins.
Preloading 0 native plugins for Editor in 0.00 ms.
Unloading 3375 Unused Serialized files (Serialized files now loaded: 0)
Unloading 20 unused Assets / (71.2 KB). Loaded Objects now: 3884.
Memory consumption went from 321.1 MB to 321.0 MB.
Total: 3.784325 ms (FindLiveObjects: 0.301551 ms CreateObjectMapping: 0.257299 ms MarkObjects: 3.123117 ms  DeleteObjects: 0.101284 ms)

AssetImportParameters requested are different than current active one (requested -> active):
  custom:video-decoder-ogg-theora: a1e56fd34408186e4bbccfd4996cb3dc -> 
  custom:container-muxer-webm: aa71ff27fc2769a1b78a27578f13a17b -> 
  custom:container-demuxer-webm: 4f35f7cbe854078d1ac9338744f61a02 -> 
  custom:video-encoder-webm-vp8: eb34c28f22e8b96e1ab97ce403110664 -> 
  custom:framework-osx-AVFoundation: e770b220cccbd017edd2c1fefb359320 -> 
  custom:audio-encoder-webm-vorbis: bf7c407c2cedff20999df2af8eb42d56 -> 
  custom:container-demuxer-ogg: 62fdf1f143b41e24485cea50d1cbac27 -> 
  custom:video-decoder-webm-vp8: 9c59270c3fd7afecdb556c50c9e8de78 -> 
  custom:audio-decoder-ogg-vorbis: bf7c407c2cedff20999df2af8eb42d56 -> 
========================================================================
Received Import Request.
  Time since last request: 35.092607 seconds.
  path: Assets/Laboratory/Prefabs/Furniture/Desk
  artifactKey: Guid(67eefcb29cc76d540ba7bd3092607a5d) Importer(815301076,1909f56bfc062723c751e8b465ee728b)
Start importing Assets/Laboratory/Prefabs/Furniture/Desk using Guid(67eefcb29cc76d540ba7bd3092607a5d) Importer(815301076,1909f56bfc062723c751e8b465ee728b)  -> (artifact id: '1c68abd6a43dcc1c8cedc51f21176862') in 0.008389 seconds 
========================================================================
Received Import Request.
  Time since last request: 0.048808 seconds.
  path: Assets/Laboratory/Prefabs/Furniture/Desk/Desk01.prefab
  artifactKey: Guid(fc7041c9f2340754b8928e5cf5d751e5) Importer(815301076,1909f56bfc062723c751e8b465ee728b)
Start importing Assets/Laboratory/Prefabs/Furniture/Desk/Desk01.prefab using Guid(fc7041c9f2340754b8928e5cf5d751e5) Importer(815301076,1909f56bfc062723c751e8b465ee728b)  -> (artifact id: 'fe5644b690311d1c19e2d669b50bf1d3') in 0.224522 seconds 
========================================================================
Received Import Request.
  Time since last request: 0.000093 seconds.
  path: Assets/Laboratory/Prefabs/Furniture/Desk/Desk02.prefab
  artifactKey: Guid(eaa571f78fc669f459f621ff5831d3fd) Importer(815301076,1909f56bfc062723c751e8b465ee728b)
Start importing Assets/Laboratory/Prefabs/Furniture/Desk/Desk02.prefab using Guid(eaa571f78fc669f459f621ff5831d3fd) Importer(815301076,1909f56bfc062723c751e8b465ee728b)  -> (artifact id: '816f36883752e8a0f31960d6bffe13bc') in 0.039939 seconds 
========================================================================
Received Import Request.
  Time since last request: 0.000088 seconds.
  path: Assets/Laboratory/Prefabs/Furniture/Desk/Desk03_Blood Variant.prefab
  artifactKey: Guid(34f257e963f8b794dbe19711844807a9) Importer(815301076,1909f56bfc062723c751e8b465ee728b)
Start importing Assets/Laboratory/Prefabs/Furniture/Desk/Desk03_Blood Variant.prefab using Guid(34f257e963f8b794dbe19711844807a9) Importer(815301076,1909f56bfc062723c751e8b465ee728b)  -> (artifact id: '9e21af21338125aefef101b1c3508f90') in 0.940279 seconds 
========================================================================
Received Import Request.
  Time since last request: 0.000071 seconds.
  path: Assets/Laboratory/Prefabs/Furniture/Desk/Desk01c.prefab
  artifactKey: Guid(e8b5d289f6f3b9045a07a4ba21023f9b) Importer(815301076,1909f56bfc062723c751e8b465ee728b)
Start importing Assets/Laboratory/Prefabs/Furniture/Desk/Desk01c.prefab using Guid(e8b5d289f6f3b9045a07a4ba21023f9b) Importer(815301076,1909f56bfc062723c751e8b465ee728b)  -> (artifact id: '151eb15ba5befb4fe304c42de941e3fc') in 0.040925 seconds 
========================================================================
Received Import Request.
  Time since last request: 14.824590 seconds.
  path: Assets/Laboratory/Prefabs/Furniture/Fridge/Fridge01.prefab
  artifactKey: Guid(2b036611616cb1249ab16e017c0e6647) Importer(815301076,1909f56bfc062723c751e8b465ee728b)
Start importing Assets/Laboratory/Prefabs/Furniture/Fridge/Fridge01.prefab using Guid(2b036611616cb1249ab16e017c0e6647) Importer(815301076,1909f56bfc062723c751e8b465ee728b)  -> (artifact id: '069082a2a9c55e5491ac65efe1f1326e') in 0.057838 seconds 
========================================================================
Received Import Request.
  Time since last request: 1.503078 seconds.
  path: Assets/Laboratory/Prefabs/Furniture/GloveBox/GloveBox.prefab
  artifactKey: Guid(2097256a78c1f244d8e3c1f092206417) Importer(815301076,1909f56bfc062723c751e8b465ee728b)
Start importing Assets/Laboratory/Prefabs/Furniture/GloveBox/GloveBox.prefab using Guid(2097256a78c1f244d8e3c1f092206417) Importer(815301076,1909f56bfc062723c751e8b465ee728b)  -> (artifact id: '80c8f11ec6996f3085866359b41319db') in 0.119418 seconds 
========================================================================
Received Import Request.
  Time since last request: 0.920707 seconds.
  path: Assets/Laboratory/Prefabs/Furniture/Machinery/Machinery01.prefab
  artifactKey: Guid(0158f080af544334eaa645832d3dcb52) Importer(815301076,1909f56bfc062723c751e8b465ee728b)
Start importing Assets/Laboratory/Prefabs/Furniture/Machinery/Machinery01.prefab using Guid(0158f080af544334eaa645832d3dcb52) Importer(815301076,1909f56bfc062723c751e8b465ee728b)  -> (artifact id: '0f4fc8b3fa36f2f0eea33d8a822c310d') in 0.080974 seconds 
========================================================================
Received Import Request.
  Time since last request: 2.946040 seconds.
  path: Assets/Laboratory/Prefabs/Furniture/Shelf/Shelf01.prefab
  artifactKey: Guid(4e8be9c34b20a864591fdb2170e614c1) Importer(815301076,1909f56bfc062723c751e8b465ee728b)
Start importing Assets/Laboratory/Prefabs/Furniture/Shelf/Shelf01.prefab using Guid(4e8be9c34b20a864591fdb2170e614c1) Importer(815301076,1909f56bfc062723c751e8b465ee728b)  -> (artifact id: '03a6e61f7547606f6c515ceaf69cdf5f') in 0.042804 seconds 
========================================================================
Received Import Request.
  Time since last request: 1.050470 seconds.
  path: Assets/Laboratory/Prefabs/Furniture/Server/ServerBay01.prefab
  artifactKey: Guid(3e013a1f5fcf4424bab87a3d57c5ec55) Importer(815301076,1909f56bfc062723c751e8b465ee728b)
Start importing Assets/Laboratory/Prefabs/Furniture/Server/ServerBay01.prefab using Guid(3e013a1f5fcf4424bab87a3d57c5ec55) Importer(815301076,1909f56bfc062723c751e8b465ee728b)  -> (artifact id: '8dc545ddc8cc57815937e6bb15c8eb0f') in 0.039733 seconds 
========================================================================
Received Import Request.
  Time since last request: 0.000073 seconds.
  path: Assets/Laboratory/Prefabs/Furniture/Server/ServerRack01.prefab
  artifactKey: Guid(fcca83a70e2345c4e98d6521a8e50b60) Importer(815301076,1909f56bfc062723c751e8b465ee728b)
Start importing Assets/Laboratory/Prefabs/Furniture/Server/ServerRack01.prefab using Guid(fcca83a70e2345c4e98d6521a8e50b60) Importer(815301076,1909f56bfc062723c751e8b465ee728b)  -> (artifact id: 'a1c12d4ca0903ce939b09098cafab5d2') in 0.043302 seconds 
========================================================================
Received Import Request.
  Time since last request: 0.000083 seconds.
  path: Assets/Laboratory/Prefabs/Furniture/Server/ServerBay05.prefab
  artifactKey: Guid(aee41339fddb19948940f26256305a4f) Importer(815301076,1909f56bfc062723c751e8b465ee728b)
Start importing Assets/Laboratory/Prefabs/Furniture/Server/ServerBay05.prefab using Guid(aee41339fddb19948940f26256305a4f) Importer(815301076,1909f56bfc062723c751e8b465ee728b)  -> (artifact id: '34207bf3e9b0c5bc44b68bd694815f6a') in 0.045798 seconds 
========================================================================
Received Import Request.
  Time since last request: 0.862731 seconds.
  path: Assets/Laboratory/Prefabs/Furniture/Sink/SinkBench01.prefab
  artifactKey: Guid(964a51363bec14844bde5143430971db) Importer(815301076,1909f56bfc062723c751e8b465ee728b)
Start importing Assets/Laboratory/Prefabs/Furniture/Sink/SinkBench01.prefab using Guid(964a51363bec14844bde5143430971db) Importer(815301076,1909f56bfc062723c751e8b465ee728b)  -> (artifact id: '3dc7aab81a9dc4b7928ae96dfcd4d02a') in 0.065258 seconds 
========================================================================
Received Import Request.
  Time since last request: 0.000110 seconds.
  path: Assets/Laboratory/Prefabs/Furniture/Sink/SinkBenchPart02.prefab
  artifactKey: Guid(e7a4466550f08cd4098fb217b1590592) Importer(815301076,1909f56bfc062723c751e8b465ee728b)
Start importing Assets/Laboratory/Prefabs/Furniture/Sink/SinkBenchPart02.prefab using Guid(e7a4466550f08cd4098fb217b1590592) Importer(815301076,1909f56bfc062723c751e8b465ee728b)  -> (artifact id: '9cf3a8a0b43749b60196cb8d1a163652') in 0.024438 seconds 
========================================================================
Received Import Request.
  Time since last request: 0.613856 seconds.
  path: Assets/Laboratory/Prefabs/Furniture/UnderBench/UnderBench01.prefab
  artifactKey: Guid(2fa9f4977de73d046809f0cea6c79c0f) Importer(815301076,1909f56bfc062723c751e8b465ee728b)
Start importing Assets/Laboratory/Prefabs/Furniture/UnderBench/UnderBench01.prefab using Guid(2fa9f4977de73d046809f0cea6c79c0f) Importer(815301076,1909f56bfc062723c751e8b465ee728b)  -> (artifact id: '84885559f737ec8f49ded1e0bb0b289a') in 0.051107 seconds 
========================================================================
Received Import Request.
  Time since last request: 0.000094 seconds.
  path: Assets/Laboratory/Prefabs/Furniture/UnderBench/UnderBench03.prefab
  artifactKey: Guid(ce54b09c170fe4a4780854579771b05a) Importer(815301076,1909f56bfc062723c751e8b465ee728b)
Start importing Assets/Laboratory/Prefabs/Furniture/UnderBench/UnderBench03.prefab using Guid(ce54b09c170fe4a4780854579771b05a) Importer(815301076,1909f56bfc062723c751e8b465ee728b)  -> (artifact id: '81abec435848ddc0463a5c16d0aee298') in 0.051370 seconds 
========================================================================
Received Import Request.
  Time since last request: 0.595473 seconds.
  path: Assets/Laboratory/Prefabs/Furniture/Vivarium/CeilingLamp02.prefab
  artifactKey: Guid(27d55b4a7abc521499c41b6fa63f05f7) Importer(815301076,1909f56bfc062723c751e8b465ee728b)
Start importing Assets/Laboratory/Prefabs/Furniture/Vivarium/CeilingLamp02.prefab using Guid(27d55b4a7abc521499c41b6fa63f05f7) Importer(815301076,1909f56bfc062723c751e8b465ee728b)  -> (artifact id: 'cd6ec5b3b1f57be78c46a7c5934a7ef9') in 0.045460 seconds 
========================================================================
Received Import Request.
  Time since last request: 0.000160 seconds.
  path: Assets/Laboratory/Prefabs/Furniture/Vivarium/VivariumFitting01.prefab
  artifactKey: Guid(2cd88ae0237c18f43a5dcc9275b685b4) Importer(815301076,1909f56bfc062723c751e8b465ee728b)
Start importing Assets/Laboratory/Prefabs/Furniture/Vivarium/VivariumFitting01.prefab using Guid(2cd88ae0237c18f43a5dcc9275b685b4) Importer(815301076,1909f56bfc062723c751e8b465ee728b)  -> (artifact id: '5d3781db78e67d6588dd1c37bd05d5ca') in 0.030203 seconds 
========================================================================
Received Import Request.
  Time since last request: 0.000115 seconds.
  path: Assets/Laboratory/Prefabs/Furniture/Vivarium/VivariumSlate01.prefab
  artifactKey: Guid(2997ea40f3020ae4b8c1a6f8aebe8cd1) Importer(815301076,1909f56bfc062723c751e8b465ee728b)
Start importing Assets/Laboratory/Prefabs/Furniture/Vivarium/VivariumSlate01.prefab using Guid(2997ea40f3020ae4b8c1a6f8aebe8cd1) Importer(815301076,1909f56bfc062723c751e8b465ee728b)  -> (artifact id: '01db9e975104aa57c7be8ce79993d38b') in 0.023820 seconds 
========================================================================
Received Import Request.
  Time since last request: 1.522325 seconds.
  path: Assets/Laboratory/Prefabs/Furniture/WallBench/WallBench01.prefab
  artifactKey: Guid(4ae2f4dd691a2394389c3cc346b243b0) Importer(815301076,1909f56bfc062723c751e8b465ee728b)
Start importing Assets/Laboratory/Prefabs/Furniture/WallBench/WallBench01.prefab using Guid(4ae2f4dd691a2394389c3cc346b243b0) Importer(815301076,1909f56bfc062723c751e8b465ee728b)  -> (artifact id: '6f8b20df7053e41825390eb0c3c3a81f') in 0.068420 seconds 
========================================================================
Received Import Request.
  Time since last request: 0.000100 seconds.
  path: Assets/Laboratory/Prefabs/Furniture/WallBench/WallBenchPart01d.prefab
  artifactKey: Guid(e9dbccfe938da1a4c9065007663f8579) Importer(815301076,1909f56bfc062723c751e8b465ee728b)
Start importing Assets/Laboratory/Prefabs/Furniture/WallBench/WallBenchPart01d.prefab using Guid(e9dbccfe938da1a4c9065007663f8579) Importer(815301076,1909f56bfc062723c751e8b465ee728b)  -> (artifact id: '5f6e018fbf144f5cb7e488b3e5ddf95b') in 0.045584 seconds 
Editor requested this worker to shutdown with reason: Scaling down because of idle timeout
AssetImportWorker is now disconnected from the server
Process exiting
