Unity Editor version:    2021.3.8f1 (b30333d56e81)
Branch:                  2021.3/staging
Build type:              Release
Batch mode:              YES
macOS version:           Version 12.5.1 (Build 21G83)
Darwin version:          21.6.0
Architecture:            x86_64
Running under Rosetta:   NO
Available memory:        16384 MB
Using pre-set license
Pro License: YES

COMMAND LINE ARGUMENTS:
/Users/umphaipunatipunumphai/Documents/Change++/2021.3.8f1/Unity.app/Contents/MacOS/Unity
-adb2
-batchMode
-noUpm
-name
AssetImportWorker14
-projectPath
/Users/umphaipunatipunumphai/Documents/GitHub/SecretProject/My project
-logFile
Logs/AssetImportWorker14.log
-srvPort
50214
Successfully changed project path to: /Users/umphaipunatipunumphai/Documents/GitHub/SecretProject/My project
/Users/umphaipunatipunumphai/Documents/GitHub/SecretProject/My project
[UnityMemory] Configuration Parameters - Can be set up in boot.config
    "memorysetup-bucket-allocator-granularity=16"
    "memorysetup-bucket-allocator-bucket-count=8"
    "memorysetup-bucket-allocator-block-size=33554432"
    "memorysetup-bucket-allocator-block-count=8"
    "memorysetup-main-allocator-block-size=16777216"
    "memorysetup-thread-allocator-block-size=16777216"
    "memorysetup-gfx-main-allocator-block-size=16777216"
    "memorysetup-gfx-thread-allocator-block-size=16777216"
    "memorysetup-cache-allocator-block-size=4194304"
    "memorysetup-typetree-allocator-block-size=2097152"
    "memorysetup-profiler-bucket-allocator-granularity=16"
    "memorysetup-profiler-bucket-allocator-bucket-count=8"
    "memorysetup-profiler-bucket-allocator-block-size=33554432"
    "memorysetup-profiler-bucket-allocator-block-count=8"
    "memorysetup-profiler-allocator-block-size=16777216"
    "memorysetup-profiler-editor-allocator-block-size=1048576"
    "memorysetup-temp-allocator-size-main=16777216"
    "memorysetup-job-temp-allocator-block-size=2097152"
    "memorysetup-job-temp-allocator-block-size-background=1048576"
    "memorysetup-job-temp-allocator-reduction-small-platforms=262144"
    "memorysetup-temp-allocator-size-background-worker=32768"
    "memorysetup-temp-allocator-size-job-worker=262144"
    "memorysetup-temp-allocator-size-preload-manager=33554432"
    "memorysetup-temp-allocator-size-nav-mesh-worker=65536"
    "memorysetup-temp-allocator-size-audio-worker=65536"
    "memorysetup-temp-allocator-size-cloud-worker=32768"
    "memorysetup-temp-allocator-size-gi-baking-worker=262144"
    "memorysetup-temp-allocator-size-gfx=262144"
Refreshing native plugins compatible for Editor in 144.71 ms, found 2 plugins.
Preloading 0 native plugins for Editor in 0.00 ms.
Initialize engine version: 2021.3.8f1 (b30333d56e81)
[Subsystems] Discovering subsystems at path /Users/umphaipunatipunumphai/Documents/Change++/2021.3.8f1/Unity.app/Contents/Resources/UnitySubsystems
[Subsystems] Discovering subsystems at path /Users/umphaipunatipunumphai/Documents/GitHub/SecretProject/My project/Assets
GfxDevice: creating device client; threaded=0; jobified=0
Color LCD preferred device: Intel(R) UHD Graphics 630 (low power)
Metal devices available: 2
0: AMD Radeon Pro 560X (high power)
1: Intel(R) UHD Graphics 630 (low power)
Using device AMD Radeon Pro 560X (high power)
Initializing Metal device caps: AMD Radeon Pro 560X
Initialize mono
Mono path[0] = '/Users/umphaipunatipunumphai/Documents/Change++/2021.3.8f1/Unity.app/Contents/Managed'
Mono path[1] = '/Users/umphaipunatipunumphai/Documents/Change++/2021.3.8f1/Unity.app/Contents/MonoBleedingEdge/lib/mono/unityjit-macos'
Mono config path = '/Users/umphaipunatipunumphai/Documents/Change++/2021.3.8f1/Unity.app/Contents/MonoBleedingEdge/etc'
Using monoOptions --debugger-agent=transport=dt_socket,embedding=1,server=y,suspend=n,address=127.0.0.1:56672
Begin MonoManager ReloadAssembly
Registering precompiled unity dll's ...
Register platform support module: /Users/umphaipunatipunumphai/Documents/Change++/2021.3.8f1/Unity.app/Contents/PlaybackEngines/MacStandaloneSupport/UnityEditor.OSXStandalone.Extensions.dll
Register platform support module: /Users/umphaipunatipunumphai/Documents/Change++/2021.3.8f1/PlaybackEngines/AndroidPlayer/UnityEditor.Android.Extensions.dll
Register platform support module: /Users/umphaipunatipunumphai/Documents/Change++/2021.3.8f1/PlaybackEngines/iOSSupport/UnityEditor.iOS.Extensions.dll
Registered in 0.001118 seconds.
[usbmuxd] Start listen thread
[usbmuxd] Listen thread started
[usbmuxd] Send listen message
Native extension for iOS target not found
Native extension for Android target not found
Native extension for OSXStandalone target not found
Refreshing native plugins compatible for Editor in 100.84 ms, found 2 plugins.
Preloading 0 native plugins for Editor in 0.00 ms.
Mono: successfully reloaded assembly
- Completed reload, in  0.862 seconds
Domain Reload Profiling:
	ReloadAssembly (862ms)
		BeginReloadAssembly (66ms)
			ExecutionOrderSort (0ms)
			DisableScriptedObjects (0ms)
			BackupInstance (0ms)
			ReleaseScriptingObjects (0ms)
			CreateAndSetChildDomain (1ms)
		EndReloadAssembly (644ms)
			LoadAssemblies (66ms)
			RebuildTransferFunctionScriptingTraits (0ms)
			SetupTypeCache (166ms)
			ReleaseScriptCaches (0ms)
			RebuildScriptCaches (35ms)
			SetupLoadedEditorAssemblies (388ms)
				LogAssemblyErrors (0ms)
				InitializePlatformSupportModulesInManaged (95ms)
				SetLoadedEditorAssemblies (1ms)
				RefreshPlugins (101ms)
				BeforeProcessingInitializeOnLoad (1ms)
				ProcessInitializeOnLoadAttributes (136ms)
				ProcessInitializeOnLoadMethodAttributes (54ms)
				AfterProcessingInitializeOnLoad (0ms)
				EditorAssembliesLoaded (0ms)
			ExecutionOrderSort2 (0ms)
			AwakeInstancesAfterBackupRestoration (0ms)
Platform modules already initialized, skipping
Registering precompiled user dll's ...
Registered in 0.002055 seconds.
Begin MonoManager ReloadAssembly
Symbol file LoadedFromMemory doesn't match image /Users/umphaipunatipunumphai/Documents/GitHub/SecretProject/My project/Library/PackageCache/com.unity.visualscripting@1.7.8/Editor/VisualScripting.Core/Dependencies/YamlDotNet/Unity.VisualScripting.YamlDotNet.dll
Symbol file LoadedFromMemory doesn't match image /Users/umphaipunatipunumphai/Documents/GitHub/SecretProject/My project/Library/PackageCache/com.unity.visualscripting@1.7.8/Editor/VisualScripting.Core/Dependencies/DotNetZip/Unity.VisualScripting.IonicZip.dll
Native extension for iOS target not found
Native extension for Android target not found
Native extension for OSXStandalone target not found
Refreshing native plugins compatible for Editor in 0.75 ms, found 2 plugins.
Preloading 0 native plugins for Editor in 0.00 ms.
Mono: successfully reloaded assembly
- Completed reload, in  1.301 seconds
Domain Reload Profiling:
	ReloadAssembly (1301ms)
		BeginReloadAssembly (240ms)
			ExecutionOrderSort (0ms)
			DisableScriptedObjects (6ms)
			BackupInstance (0ms)
			ReleaseScriptingObjects (0ms)
			CreateAndSetChildDomain (150ms)
		EndReloadAssembly (921ms)
			LoadAssemblies (75ms)
			RebuildTransferFunctionScriptingTraits (0ms)
			SetupTypeCache (329ms)
			ReleaseScriptCaches (2ms)
			RebuildScriptCaches (59ms)
			SetupLoadedEditorAssemblies (414ms)
				LogAssemblyErrors (0ms)
				InitializePlatformSupportModulesInManaged (31ms)
				SetLoadedEditorAssemblies (1ms)
				RefreshPlugins (1ms)
				BeforeProcessingInitializeOnLoad (81ms)
				ProcessInitializeOnLoadAttributes (269ms)
				ProcessInitializeOnLoadMethodAttributes (30ms)
				AfterProcessingInitializeOnLoad (1ms)
				EditorAssembliesLoaded (0ms)
			ExecutionOrderSort2 (0ms)
			AwakeInstancesAfterBackupRestoration (4ms)
Platform modules already initialized, skipping
========================================================================
Worker process is ready to serve import requests
Launching external process: /Users/umphaipunatipunumphai/Documents/Change++/2021.3.8f1/Unity.app/Contents/Tools/UnityShaderCompiler
Launched and connected shader compiler UnityShaderCompiler after 0.06 seconds
Refreshing native plugins compatible for Editor in 0.66 ms, found 2 plugins.
Preloading 0 native plugins for Editor in 0.00 ms.
Unloading 3380 Unused Serialized files (Serialized files now loaded: 0)
Unloading 27 unused Assets / (94.6 KB). Loaded Objects now: 3841.
Memory consumption went from 307.1 MB to 307.0 MB.
Total: 3.572986 ms (FindLiveObjects: 0.253210 ms CreateObjectMapping: 0.175506 ms MarkObjects: 3.015091 ms  DeleteObjects: 0.128394 ms)

AssetImportParameters requested are different than current active one (requested -> active):
  custom:video-decoder-ogg-theora: a1e56fd34408186e4bbccfd4996cb3dc -> 
  custom:container-muxer-webm: aa71ff27fc2769a1b78a27578f13a17b -> 
  custom:container-demuxer-webm: 4f35f7cbe854078d1ac9338744f61a02 -> 
  custom:video-encoder-webm-vp8: eb34c28f22e8b96e1ab97ce403110664 -> 
  custom:framework-osx-AVFoundation: e770b220cccbd017edd2c1fefb359320 -> 
  custom:audio-encoder-webm-vorbis: bf7c407c2cedff20999df2af8eb42d56 -> 
  custom:container-demuxer-ogg: 62fdf1f143b41e24485cea50d1cbac27 -> 
  custom:video-decoder-webm-vp8: 9c59270c3fd7afecdb556c50c9e8de78 -> 
  custom:audio-decoder-ogg-vorbis: bf7c407c2cedff20999df2af8eb42d56 -> 
========================================================================
Received Import Request.
  Time since last request: 11097.982472 seconds.
  path: Assets/Laboratory/Prefabs/Furniture/Fridge/Fridge02_Full Variant.prefab
  artifactKey: Guid(6cd7e83503a383e4eb46d925e2f70fa0) Importer(815301076,1909f56bfc062723c751e8b465ee728b)
Start importing Assets/Laboratory/Prefabs/Furniture/Fridge/Fridge02_Full Variant.prefab using Guid(6cd7e83503a383e4eb46d925e2f70fa0) Importer(815301076,1909f56bfc062723c751e8b465ee728b)  -> (artifact id: 'cfb5137c462bad1b09ea8bf6e0a3f742') in 0.348436 seconds 
========================================================================
Received Import Request.
  Time since last request: 6.392662 seconds.
  path: Assets/Laboratory/Prefabs/Furniture/Server/ServerBay04.prefab
  artifactKey: Guid(663f7f42a9644c045845e909f6d394c1) Importer(815301076,1909f56bfc062723c751e8b465ee728b)
Start importing Assets/Laboratory/Prefabs/Furniture/Server/ServerBay04.prefab using Guid(663f7f42a9644c045845e909f6d394c1) Importer(815301076,1909f56bfc062723c751e8b465ee728b)  -> (artifact id: 'dff5a9cd108390bff81de84c80590655') in 0.054939 seconds 
========================================================================
Received Import Request.
  Time since last request: 0.000073 seconds.
  path: Assets/Laboratory/Prefabs/Furniture/Server/ServerRack01Full02 Variant.prefab
  artifactKey: Guid(2d4dbee0e99f5ca45af5ff68951ee15c) Importer(815301076,1909f56bfc062723c751e8b465ee728b)
Start importing Assets/Laboratory/Prefabs/Furniture/Server/ServerRack01Full02 Variant.prefab using Guid(2d4dbee0e99f5ca45af5ff68951ee15c) Importer(815301076,1909f56bfc062723c751e8b465ee728b)  -> (artifact id: 'b8abb3423182a2d78a59dd540da4dd75') in 0.446767 seconds 
========================================================================
Received Import Request.
  Time since last request: 0.500495 seconds.
  path: Assets/Laboratory/Prefabs/Furniture/Sink/SinkBenchPart01.prefab
  artifactKey: Guid(a62a96232ccdff04f9429838f690beca) Importer(815301076,1909f56bfc062723c751e8b465ee728b)
Start importing Assets/Laboratory/Prefabs/Furniture/Sink/SinkBenchPart01.prefab using Guid(a62a96232ccdff04f9429838f690beca) Importer(815301076,1909f56bfc062723c751e8b465ee728b)  -> (artifact id: '0d03a4a534f70ec7089a9b053727783a') in 0.068873 seconds 
========================================================================
Received Import Request.
  Time since last request: 0.641301 seconds.
  path: Assets/Laboratory/Prefabs/Furniture/UnderBench/UnderBench01d.prefab
  artifactKey: Guid(23364697438f00b4c9f2e5a238af49ed) Importer(815301076,1909f56bfc062723c751e8b465ee728b)
Start importing Assets/Laboratory/Prefabs/Furniture/UnderBench/UnderBench01d.prefab using Guid(23364697438f00b4c9f2e5a238af49ed) Importer(815301076,1909f56bfc062723c751e8b465ee728b)  -> (artifact id: 'b5c67178916ab4ee0dd877149b5980b3') in 0.057917 seconds 
========================================================================
Received Import Request.
  Time since last request: 0.000099 seconds.
  path: Assets/Laboratory/Prefabs/Furniture/UnderBench/UnderBench02c.prefab
  artifactKey: Guid(ef86f43725f20a24ea8f0711fcdb5929) Importer(815301076,1909f56bfc062723c751e8b465ee728b)
Start importing Assets/Laboratory/Prefabs/Furniture/UnderBench/UnderBench02c.prefab using Guid(ef86f43725f20a24ea8f0711fcdb5929) Importer(815301076,1909f56bfc062723c751e8b465ee728b)  -> (artifact id: 'c1538952fedcc544ec1db99c3d418ef7') in 0.045114 seconds 
========================================================================
Received Import Request.
  Time since last request: 0.593601 seconds.
  path: Assets/Laboratory/Prefabs/Furniture/Vivarium/Vivarium.prefab
  artifactKey: Guid(a4498583137bf784eb97f54bdb139783) Importer(815301076,1909f56bfc062723c751e8b465ee728b)
Start importing Assets/Laboratory/Prefabs/Furniture/Vivarium/Vivarium.prefab using Guid(a4498583137bf784eb97f54bdb139783) Importer(815301076,1909f56bfc062723c751e8b465ee728b)  -> (artifact id: '106a992824f0fafa7a0db0501af911c9') in 0.130343 seconds 
========================================================================
Received Import Request.
  Time since last request: 1.510473 seconds.
  path: Assets/Laboratory/Prefabs/Furniture/WallBench/WallBenchPart01.prefab
  artifactKey: Guid(224fc265e0b4a1f4fabda29992c9d076) Importer(815301076,1909f56bfc062723c751e8b465ee728b)
Start importing Assets/Laboratory/Prefabs/Furniture/WallBench/WallBenchPart01.prefab using Guid(224fc265e0b4a1f4fabda29992c9d076) Importer(815301076,1909f56bfc062723c751e8b465ee728b)  -> (artifact id: '545e179125ca765f973f9f06cc3004a8') in 0.037973 seconds 
========================================================================
Received Import Request.
  Time since last request: 0.000068 seconds.
  path: Assets/Laboratory/Prefabs/Furniture/WallBench/WallBenchPart04.prefab
  artifactKey: Guid(cbaf0f7d3b242a44296f53776fec9946) Importer(815301076,1909f56bfc062723c751e8b465ee728b)
Start importing Assets/Laboratory/Prefabs/Furniture/WallBench/WallBenchPart04.prefab using Guid(cbaf0f7d3b242a44296f53776fec9946) Importer(815301076,1909f56bfc062723c751e8b465ee728b)  -> (artifact id: '549ab35a02cf06dec17fef287c1d6240') in 0.033646 seconds 
========================================================================
Received Import Request.
  Time since last request: 0.000114 seconds.
  path: Assets/Laboratory/Prefabs/Furniture/WallBench/WallBenchPart01b.prefab
  artifactKey: Guid(6d40abe8151b44245bfdba9db994b655) Importer(815301076,1909f56bfc062723c751e8b465ee728b)
Start importing Assets/Laboratory/Prefabs/Furniture/WallBench/WallBenchPart01b.prefab using Guid(6d40abe8151b44245bfdba9db994b655) Importer(815301076,1909f56bfc062723c751e8b465ee728b)  -> (artifact id: '75dc2aa00813a2dea3e6a073e79e680c') in 0.045029 seconds 
Editor requested this worker to shutdown with reason: Scaling down because of idle timeout
AssetImportWorker is now disconnected from the server
Process exiting
