Unity Editor version:    2021.3.8f1 (b30333d56e81)
Branch:                  2021.3/staging
Build type:              Release
Batch mode:              YES
macOS version:           Version 12.5.1 (Build 21G83)
Darwin version:          21.6.0
Architecture:            x86_64
Running under Rosetta:   NO
Available memory:        16384 MB
Using pre-set license
Pro License: YES

COMMAND LINE ARGUMENTS:
/Users/umphaipunatipunumphai/Documents/Change++/2021.3.8f1/Unity.app/Contents/MacOS/Unity
-adb2
-batchMode
-noUpm
-name
AssetImportWorker13
-projectPath
/Users/umphaipunatipunumphai/Documents/GitHub/SecretProject/My project
-logFile
Logs/AssetImportWorker13.log
-srvPort
50214
Successfully changed project path to: /Users/umphaipunatipunumphai/Documents/GitHub/SecretProject/My project
/Users/umphaipunatipunumphai/Documents/GitHub/SecretProject/My project
[UnityMemory] Configuration Parameters - Can be set up in boot.config
    "memorysetup-bucket-allocator-granularity=16"
    "memorysetup-bucket-allocator-bucket-count=8"
    "memorysetup-bucket-allocator-block-size=33554432"
    "memorysetup-bucket-allocator-block-count=8"
    "memorysetup-main-allocator-block-size=16777216"
    "memorysetup-thread-allocator-block-size=16777216"
    "memorysetup-gfx-main-allocator-block-size=16777216"
    "memorysetup-gfx-thread-allocator-block-size=16777216"
    "memorysetup-cache-allocator-block-size=4194304"
    "memorysetup-typetree-allocator-block-size=2097152"
    "memorysetup-profiler-bucket-allocator-granularity=16"
    "memorysetup-profiler-bucket-allocator-bucket-count=8"
    "memorysetup-profiler-bucket-allocator-block-size=33554432"
    "memorysetup-profiler-bucket-allocator-block-count=8"
    "memorysetup-profiler-allocator-block-size=16777216"
    "memorysetup-profiler-editor-allocator-block-size=1048576"
    "memorysetup-temp-allocator-size-main=16777216"
    "memorysetup-job-temp-allocator-block-size=2097152"
    "memorysetup-job-temp-allocator-block-size-background=1048576"
    "memorysetup-job-temp-allocator-reduction-small-platforms=262144"
    "memorysetup-temp-allocator-size-background-worker=32768"
    "memorysetup-temp-allocator-size-job-worker=262144"
    "memorysetup-temp-allocator-size-preload-manager=33554432"
    "memorysetup-temp-allocator-size-nav-mesh-worker=65536"
    "memorysetup-temp-allocator-size-audio-worker=65536"
    "memorysetup-temp-allocator-size-cloud-worker=32768"
    "memorysetup-temp-allocator-size-gi-baking-worker=262144"
    "memorysetup-temp-allocator-size-gfx=262144"
Refreshing native plugins compatible for Editor in 148.99 ms, found 2 plugins.
Preloading 0 native plugins for Editor in 0.00 ms.
Initialize engine version: 2021.3.8f1 (b30333d56e81)
[Subsystems] Discovering subsystems at path /Users/umphaipunatipunumphai/Documents/Change++/2021.3.8f1/Unity.app/Contents/Resources/UnitySubsystems
[Subsystems] Discovering subsystems at path /Users/umphaipunatipunumphai/Documents/GitHub/SecretProject/My project/Assets
GfxDevice: creating device client; threaded=0; jobified=0
Color LCD preferred device: Intel(R) UHD Graphics 630 (low power)
Metal devices available: 2
0: AMD Radeon Pro 560X (high power)
1: Intel(R) UHD Graphics 630 (low power)
Using device AMD Radeon Pro 560X (high power)
Initializing Metal device caps: AMD Radeon Pro 560X
Initialize mono
Mono path[0] = '/Users/umphaipunatipunumphai/Documents/Change++/2021.3.8f1/Unity.app/Contents/Managed'
Mono path[1] = '/Users/umphaipunatipunumphai/Documents/Change++/2021.3.8f1/Unity.app/Contents/MonoBleedingEdge/lib/mono/unityjit-macos'
Mono config path = '/Users/umphaipunatipunumphai/Documents/Change++/2021.3.8f1/Unity.app/Contents/MonoBleedingEdge/etc'
Using monoOptions --debugger-agent=transport=dt_socket,embedding=1,server=y,suspend=n,address=127.0.0.1:56670
Begin MonoManager ReloadAssembly
Registering precompiled unity dll's ...
Register platform support module: /Users/umphaipunatipunumphai/Documents/Change++/2021.3.8f1/Unity.app/Contents/PlaybackEngines/MacStandaloneSupport/UnityEditor.OSXStandalone.Extensions.dll
Register platform support module: /Users/umphaipunatipunumphai/Documents/Change++/2021.3.8f1/PlaybackEngines/AndroidPlayer/UnityEditor.Android.Extensions.dll
Register platform support module: /Users/umphaipunatipunumphai/Documents/Change++/2021.3.8f1/PlaybackEngines/iOSSupport/UnityEditor.iOS.Extensions.dll
Registered in 0.001043 seconds.
[usbmuxd] Start listen thread
[usbmuxd] Listen thread started
[usbmuxd] Send listen message
Native extension for iOS target not found
2022-08-20 17:25:32.262 Unity[16670:174996] [XcodeApplications] Failed to read NSDictionary from path /Contents/Info.plist
Native extension for Android target not found
Native extension for OSXStandalone target not found
Refreshing native plugins compatible for Editor in 103.07 ms, found 2 plugins.
Preloading 0 native plugins for Editor in 0.00 ms.
Mono: successfully reloaded assembly
- Completed reload, in  0.858 seconds
Domain Reload Profiling:
	ReloadAssembly (859ms)
		BeginReloadAssembly (66ms)
			ExecutionOrderSort (0ms)
			DisableScriptedObjects (0ms)
			BackupInstance (0ms)
			ReleaseScriptingObjects (0ms)
			CreateAndSetChildDomain (1ms)
		EndReloadAssembly (644ms)
			LoadAssemblies (66ms)
			RebuildTransferFunctionScriptingTraits (0ms)
			SetupTypeCache (166ms)
			ReleaseScriptCaches (0ms)
			RebuildScriptCaches (35ms)
			SetupLoadedEditorAssemblies (387ms)
				LogAssemblyErrors (0ms)
				InitializePlatformSupportModulesInManaged (93ms)
				SetLoadedEditorAssemblies (1ms)
				RefreshPlugins (103ms)
				BeforeProcessingInitializeOnLoad (1ms)
				ProcessInitializeOnLoadAttributes (133ms)
				ProcessInitializeOnLoadMethodAttributes (56ms)
				AfterProcessingInitializeOnLoad (0ms)
				EditorAssembliesLoaded (0ms)
			ExecutionOrderSort2 (0ms)
			AwakeInstancesAfterBackupRestoration (0ms)
Platform modules already initialized, skipping
Registering precompiled user dll's ...
Registered in 0.002115 seconds.
Begin MonoManager ReloadAssembly
Symbol file LoadedFromMemory doesn't match image /Users/umphaipunatipunumphai/Documents/GitHub/SecretProject/My project/Library/PackageCache/com.unity.visualscripting@1.7.8/Editor/VisualScripting.Core/Dependencies/YamlDotNet/Unity.VisualScripting.YamlDotNet.dll
Symbol file LoadedFromMemory doesn't match image /Users/umphaipunatipunumphai/Documents/GitHub/SecretProject/My project/Library/PackageCache/com.unity.visualscripting@1.7.8/Editor/VisualScripting.Core/Dependencies/DotNetZip/Unity.VisualScripting.IonicZip.dll
Native extension for iOS target not found
2022-08-20 17:25:34.014 Unity[16670:174996] [XcodeApplications] Failed to read NSDictionary from path /Contents/Info.plist
Native extension for Android target not found
Native extension for OSXStandalone target not found
Refreshing native plugins compatible for Editor in 0.57 ms, found 2 plugins.
Preloading 0 native plugins for Editor in 0.00 ms.
Mono: successfully reloaded assembly
- Completed reload, in  1.300 seconds
Domain Reload Profiling:
	ReloadAssembly (1301ms)
		BeginReloadAssembly (239ms)
			ExecutionOrderSort (0ms)
			DisableScriptedObjects (7ms)
			BackupInstance (0ms)
			ReleaseScriptingObjects (0ms)
			CreateAndSetChildDomain (147ms)
		EndReloadAssembly (923ms)
			LoadAssemblies (79ms)
			RebuildTransferFunctionScriptingTraits (0ms)
			SetupTypeCache (332ms)
			ReleaseScriptCaches (3ms)
			RebuildScriptCaches (59ms)
			SetupLoadedEditorAssemblies (411ms)
				LogAssemblyErrors (0ms)
				InitializePlatformSupportModulesInManaged (29ms)
				SetLoadedEditorAssemblies (1ms)
				RefreshPlugins (1ms)
				BeforeProcessingInitializeOnLoad (82ms)
				ProcessInitializeOnLoadAttributes (268ms)
				ProcessInitializeOnLoadMethodAttributes (30ms)
				AfterProcessingInitializeOnLoad (1ms)
				EditorAssembliesLoaded (0ms)
			ExecutionOrderSort2 (0ms)
			AwakeInstancesAfterBackupRestoration (4ms)
Platform modules already initialized, skipping
========================================================================
Worker process is ready to serve import requests
Launching external process: /Users/umphaipunatipunumphai/Documents/Change++/2021.3.8f1/Unity.app/Contents/Tools/UnityShaderCompiler
Launched and connected shader compiler UnityShaderCompiler after 0.06 seconds
Refreshing native plugins compatible for Editor in 0.61 ms, found 2 plugins.
Preloading 0 native plugins for Editor in 0.00 ms.
Unloading 3380 Unused Serialized files (Serialized files now loaded: 0)
Unloading 27 unused Assets / (97.2 KB). Loaded Objects now: 3841.
Memory consumption went from 307.3 MB to 307.2 MB.
Total: 3.701255 ms (FindLiveObjects: 0.277525 ms CreateObjectMapping: 0.198334 ms MarkObjects: 3.083168 ms  DeleteObjects: 0.141253 ms)

AssetImportParameters requested are different than current active one (requested -> active):
  custom:video-decoder-ogg-theora: a1e56fd34408186e4bbccfd4996cb3dc -> 
  custom:container-muxer-webm: aa71ff27fc2769a1b78a27578f13a17b -> 
  custom:container-demuxer-webm: 4f35f7cbe854078d1ac9338744f61a02 -> 
  custom:video-encoder-webm-vp8: eb34c28f22e8b96e1ab97ce403110664 -> 
  custom:framework-osx-AVFoundation: e770b220cccbd017edd2c1fefb359320 -> 
  custom:audio-encoder-webm-vorbis: bf7c407c2cedff20999df2af8eb42d56 -> 
  custom:container-demuxer-ogg: 62fdf1f143b41e24485cea50d1cbac27 -> 
  custom:video-decoder-webm-vp8: 9c59270c3fd7afecdb556c50c9e8de78 -> 
  custom:audio-decoder-ogg-vorbis: bf7c407c2cedff20999df2af8eb42d56 -> 
========================================================================
Received Import Request.
  Time since last request: 11097.982255 seconds.
  path: Assets/Laboratory/Prefabs/Furniture/Fridge/Fridge02.prefab
  artifactKey: Guid(d13d36e5efeb8fa46b66c39738be33bd) Importer(815301076,1909f56bfc062723c751e8b465ee728b)
Start importing Assets/Laboratory/Prefabs/Furniture/Fridge/Fridge02.prefab using Guid(d13d36e5efeb8fa46b66c39738be33bd) Importer(815301076,1909f56bfc062723c751e8b465ee728b)  -> (artifact id: '8c9c7c4878b4f12ff82ca144b7242d85') in 0.278459 seconds 
========================================================================
Received Import Request.
  Time since last request: 5.361652 seconds.
  path: Assets/Laboratory/Prefabs/Furniture/Shelf/Shelf01c.prefab
  artifactKey: Guid(be8f1a0b730cb194ba343fb9e1a5feb0) Importer(815301076,1909f56bfc062723c751e8b465ee728b)
Start importing Assets/Laboratory/Prefabs/Furniture/Shelf/Shelf01c.prefab using Guid(be8f1a0b730cb194ba343fb9e1a5feb0) Importer(815301076,1909f56bfc062723c751e8b465ee728b)  -> (artifact id: '712eef97902bad29c431934145d3d382') in 0.053911 seconds 
========================================================================
Received Import Request.
  Time since last request: 1.039071 seconds.
  path: Assets/Laboratory/Prefabs/Furniture/Server/ServerBay03.prefab
  artifactKey: Guid(ff0f74b5db0a3824aba814b6a1f44754) Importer(815301076,1909f56bfc062723c751e8b465ee728b)
Start importing Assets/Laboratory/Prefabs/Furniture/Server/ServerBay03.prefab using Guid(ff0f74b5db0a3824aba814b6a1f44754) Importer(815301076,1909f56bfc062723c751e8b465ee728b)  -> (artifact id: 'e61ba33d12e72ee635dc0b2a6c621bdc') in 0.066965 seconds 
========================================================================
Received Import Request.
  Time since last request: 0.000105 seconds.
  path: Assets/Laboratory/Prefabs/Furniture/Server/ServerRack01Full03 Variant.prefab
  artifactKey: Guid(31ad8e93abd55d14a980a4a884336c2f) Importer(815301076,1909f56bfc062723c751e8b465ee728b)
Start importing Assets/Laboratory/Prefabs/Furniture/Server/ServerRack01Full03 Variant.prefab using Guid(31ad8e93abd55d14a980a4a884336c2f) Importer(815301076,1909f56bfc062723c751e8b465ee728b)  -> (artifact id: 'ecad5a4e448c910f3c2959b98826853c') in 0.472130 seconds 
========================================================================
Received Import Request.
  Time since last request: 0.459145 seconds.
  path: Assets/Laboratory/Prefabs/Furniture/Sink/SinkBench01c.prefab
  artifactKey: Guid(a4c52eda6594553429506920619a0486) Importer(815301076,1909f56bfc062723c751e8b465ee728b)
Start importing Assets/Laboratory/Prefabs/Furniture/Sink/SinkBench01c.prefab using Guid(a4c52eda6594553429506920619a0486) Importer(815301076,1909f56bfc062723c751e8b465ee728b)  -> (artifact id: 'a5a619be037a7ad69dbc39834ebdc162') in 0.070433 seconds 
========================================================================
Received Import Request.
  Time since last request: 0.640288 seconds.
  path: Assets/Laboratory/Prefabs/Furniture/UnderBench/UnderBench01c.prefab
  artifactKey: Guid(112a35ee4f0301841af5a67f44887a33) Importer(815301076,1909f56bfc062723c751e8b465ee728b)
Start importing Assets/Laboratory/Prefabs/Furniture/UnderBench/UnderBench01c.prefab using Guid(112a35ee4f0301841af5a67f44887a33) Importer(815301076,1909f56bfc062723c751e8b465ee728b)  -> (artifact id: 'c318e9373d09c0f61bd0d0875970c959') in 0.053816 seconds 
========================================================================
Received Import Request.
  Time since last request: 0.000077 seconds.
  path: Assets/Laboratory/Prefabs/Furniture/UnderBench/UnderBench02b.prefab
  artifactKey: Guid(bf18473419e4a4e4f964ca38b73144aa) Importer(815301076,1909f56bfc062723c751e8b465ee728b)
Start importing Assets/Laboratory/Prefabs/Furniture/UnderBench/UnderBench02b.prefab using Guid(bf18473419e4a4e4f964ca38b73144aa) Importer(815301076,1909f56bfc062723c751e8b465ee728b)  -> (artifact id: '320cfaa5fff842a698a872254cb29289') in 0.046278 seconds 
========================================================================
Received Import Request.
  Time since last request: 0.596287 seconds.
  path: Assets/Laboratory/Prefabs/Furniture/Vivarium/Suspension01Cable.prefab
  artifactKey: Guid(2d516244d08b1d542b910b78f5f10727) Importer(815301076,1909f56bfc062723c751e8b465ee728b)
Start importing Assets/Laboratory/Prefabs/Furniture/Vivarium/Suspension01Cable.prefab using Guid(2d516244d08b1d542b910b78f5f10727) Importer(815301076,1909f56bfc062723c751e8b465ee728b)  -> (artifact id: 'a526fde998499b0ab7e9c7876cb3dd8f') in 0.034982 seconds 
========================================================================
Received Import Request.
  Time since last request: 0.000081 seconds.
  path: Assets/Laboratory/Prefabs/Furniture/Vivarium/Vivariums.prefab
  artifactKey: Guid(8169ac5bf816564468c8a73d86cc924b) Importer(815301076,1909f56bfc062723c751e8b465ee728b)
Start importing Assets/Laboratory/Prefabs/Furniture/Vivarium/Vivariums.prefab using Guid(8169ac5bf816564468c8a73d86cc924b) Importer(815301076,1909f56bfc062723c751e8b465ee728b)  -> (artifact id: '3e2762d7e9312eb325870574b95f2c22') in 0.160182 seconds 
========================================================================
Received Import Request.
  Time since last request: 1.435347 seconds.
  path: Assets/Laboratory/Prefabs/Furniture/WallBench/WallBench03.prefab
  artifactKey: Guid(449aa99e6bf5674448c0846bc2bcbf89) Importer(815301076,1909f56bfc062723c751e8b465ee728b)
Start importing Assets/Laboratory/Prefabs/Furniture/WallBench/WallBench03.prefab using Guid(449aa99e6bf5674448c0846bc2bcbf89) Importer(815301076,1909f56bfc062723c751e8b465ee728b)  -> (artifact id: 'b6c135afd4a24f0588234fd45726b3dd') in 0.055640 seconds 
========================================================================
Received Import Request.
  Time since last request: 0.000134 seconds.
  path: Assets/Laboratory/Prefabs/Furniture/WallBench/WallBenchPart01c.prefab
  artifactKey: Guid(3495783a2e27aab43882e0e326f4b9e6) Importer(815301076,1909f56bfc062723c751e8b465ee728b)
Start importing Assets/Laboratory/Prefabs/Furniture/WallBench/WallBenchPart01c.prefab using Guid(3495783a2e27aab43882e0e326f4b9e6) Importer(815301076,1909f56bfc062723c751e8b465ee728b)  -> (artifact id: 'de10befd0dc3de431ff5f045acd5b753') in 0.037406 seconds 
========================================================================
Received Import Request.
  Time since last request: 0.000145 seconds.
  path: Assets/Laboratory/Prefabs/Furniture/WallBench/WallBenchPart02.prefab
  artifactKey: Guid(695931735886e414298c5e61c9f346fd) Importer(815301076,1909f56bfc062723c751e8b465ee728b)
Start importing Assets/Laboratory/Prefabs/Furniture/WallBench/WallBenchPart02.prefab using Guid(695931735886e414298c5e61c9f346fd) Importer(815301076,1909f56bfc062723c751e8b465ee728b)  -> (artifact id: '489e7943db755eadf779079ca34bada8') in 0.024676 seconds 
========================================================================
Received Prepare
Registering precompiled user dll's ...
Registered in 0.002186 seconds.
Begin MonoManager ReloadAssembly
Symbol file LoadedFromMemory doesn't match image /Users/umphaipunatipunumphai/Documents/GitHub/SecretProject/My project/Library/PackageCache/com.unity.visualscripting@1.7.8/Editor/VisualScripting.Core/Dependencies/YamlDotNet/Unity.VisualScripting.YamlDotNet.dll
Symbol file LoadedFromMemory doesn't match image /Users/umphaipunatipunumphai/Documents/GitHub/SecretProject/My project/Library/PackageCache/com.unity.visualscripting@1.7.8/Editor/VisualScripting.Core/Dependencies/DotNetZip/Unity.VisualScripting.IonicZip.dll
Native extension for iOS target not found
2022-08-20 17:30:34.401 Unity[16670:174996] [XcodeApplications] Failed to read NSDictionary from path /Contents/Info.plist
Native extension for Android target not found
Native extension for OSXStandalone target not found
Refreshing native plugins compatible for Editor in 0.62 ms, found 2 plugins.
Preloading 0 native plugins for Editor in 0.00 ms.
Mono: successfully reloaded assembly
- Completed reload, in  1.179 seconds
Domain Reload Profiling:
	ReloadAssembly (1180ms)
		BeginReloadAssembly (152ms)
			ExecutionOrderSort (0ms)
			DisableScriptedObjects (8ms)
			BackupInstance (0ms)
			ReleaseScriptingObjects (0ms)
			CreateAndSetChildDomain (65ms)
		EndReloadAssembly (919ms)
			LoadAssemblies (70ms)
			RebuildTransferFunctionScriptingTraits (0ms)
			SetupTypeCache (340ms)
			ReleaseScriptCaches (1ms)
			RebuildScriptCaches (50ms)
			SetupLoadedEditorAssemblies (401ms)
				LogAssemblyErrors (0ms)
				InitializePlatformSupportModulesInManaged (35ms)
				SetLoadedEditorAssemblies (1ms)
				RefreshPlugins (1ms)
				BeforeProcessingInitializeOnLoad (62ms)
				ProcessInitializeOnLoadAttributes (266ms)
				ProcessInitializeOnLoadMethodAttributes (35ms)
				AfterProcessingInitializeOnLoad (1ms)
				EditorAssembliesLoaded (0ms)
			ExecutionOrderSort2 (0ms)
			AwakeInstancesAfterBackupRestoration (5ms)
Platform modules already initialized, skipping
Refreshing native plugins compatible for Editor in 1.36 ms, found 2 plugins.
Preloading 0 native plugins for Editor in 0.00 ms.
Unloading 3375 Unused Serialized files (Serialized files now loaded: 0)
Unloading 20 unused Assets / (71.2 KB). Loaded Objects now: 3852.
Memory consumption went from 321.6 MB to 321.6 MB.
Total: 3.421463 ms (FindLiveObjects: 0.285829 ms CreateObjectMapping: 0.163556 ms MarkObjects: 2.883186 ms  DeleteObjects: 0.087524 ms)

AssetImportParameters requested are different than current active one (requested -> active):
  custom:video-decoder-ogg-theora: a1e56fd34408186e4bbccfd4996cb3dc -> 
  custom:container-muxer-webm: aa71ff27fc2769a1b78a27578f13a17b -> 
  custom:container-demuxer-webm: 4f35f7cbe854078d1ac9338744f61a02 -> 
  custom:video-encoder-webm-vp8: eb34c28f22e8b96e1ab97ce403110664 -> 
  custom:framework-osx-AVFoundation: e770b220cccbd017edd2c1fefb359320 -> 
  custom:audio-encoder-webm-vorbis: bf7c407c2cedff20999df2af8eb42d56 -> 
  custom:container-demuxer-ogg: 62fdf1f143b41e24485cea50d1cbac27 -> 
  custom:video-decoder-webm-vp8: 9c59270c3fd7afecdb556c50c9e8de78 -> 
  custom:audio-decoder-ogg-vorbis: bf7c407c2cedff20999df2af8eb42d56 -> 
========================================================================
Received Import Request.
  Time since last request: 292.429259 seconds.
  path: Assets/Scenes/Scene_Laboratory/Scene_Laboratory/Lightmap-19_comp_dir.png
  artifactKey: Guid(0b46cbdea4064d84b875bddebb5674e9) Importer(815301076,1909f56bfc062723c751e8b465ee728b)
Start importing Assets/Scenes/Scene_Laboratory/Scene_Laboratory/Lightmap-19_comp_dir.png using Guid(0b46cbdea4064d84b875bddebb5674e9) Importer(815301076,1909f56bfc062723c751e8b465ee728b)  -> (artifact id: '4e50b068ba600646703caf52ea83efd5') in 0.235183 seconds 
========================================================================
Received Import Request.
  Time since last request: 0.000187 seconds.
  path: Assets/Scenes/Scene_Laboratory/Scene_Laboratory/Lightmap-38_comp_dir.png
  artifactKey: Guid(d3cb36d33f131f74683d5d4551b2797b) Importer(815301076,1909f56bfc062723c751e8b465ee728b)
Start importing Assets/Scenes/Scene_Laboratory/Scene_Laboratory/Lightmap-38_comp_dir.png using Guid(d3cb36d33f131f74683d5d4551b2797b) Importer(815301076,1909f56bfc062723c751e8b465ee728b)  -> (artifact id: 'fb9c5a8012a163e73fafe8d7164d38a2') in 0.039254 seconds 
========================================================================
Received Import Request.
  Time since last request: 0.000132 seconds.
  path: Assets/Scenes/Scene_Laboratory/Scene_Laboratory/Lightmap-23_comp_light.exr
  artifactKey: Guid(3643d1e8edb6ad442aadee55fb92ca7d) Importer(815301076,1909f56bfc062723c751e8b465ee728b)
Start importing Assets/Scenes/Scene_Laboratory/Scene_Laboratory/Lightmap-23_comp_light.exr using Guid(3643d1e8edb6ad442aadee55fb92ca7d) Importer(815301076,1909f56bfc062723c751e8b465ee728b)  -> (artifact id: 'bc0710c36a533834eb802c2ed722c634') in 0.246877 seconds 
========================================================================
Received Import Request.
  Time since last request: 0.000091 seconds.
  path: Assets/Scenes/Scene_Laboratory/Scene_Laboratory/Lightmap-62_comp_dir.png
  artifactKey: Guid(88633438e73d410488c32a02e19f7229) Importer(815301076,1909f56bfc062723c751e8b465ee728b)
Start importing Assets/Scenes/Scene_Laboratory/Scene_Laboratory/Lightmap-62_comp_dir.png using Guid(88633438e73d410488c32a02e19f7229) Importer(815301076,1909f56bfc062723c751e8b465ee728b)  -> (artifact id: '0748ae91fcb2adac5a9f9f26eadf6a5f') in 0.026577 seconds 
========================================================================
Received Import Request.
  Time since last request: 0.000155 seconds.
  path: Assets/Scenes/Scene_Laboratory/Scene_Laboratory/Lightmap-64_comp_light.exr
  artifactKey: Guid(3dfc9b524b493264f9af19fbd9c0c203) Importer(815301076,1909f56bfc062723c751e8b465ee728b)
Start importing Assets/Scenes/Scene_Laboratory/Scene_Laboratory/Lightmap-64_comp_light.exr using Guid(3dfc9b524b493264f9af19fbd9c0c203) Importer(815301076,1909f56bfc062723c751e8b465ee728b)  -> (artifact id: '5fb1f593dc5cb391f92cd14f40b13e7d') in 0.042834 seconds 
========================================================================
Received Import Request.
  Time since last request: 0.000094 seconds.
  path: Assets/Scenes/Scene_Laboratory/Scene_Laboratory/Lightmap-51_comp_shadowmask.png
  artifactKey: Guid(c8a1be0b7d5496e42a9c472a0acb2794) Importer(815301076,1909f56bfc062723c751e8b465ee728b)
Start importing Assets/Scenes/Scene_Laboratory/Scene_Laboratory/Lightmap-51_comp_shadowmask.png using Guid(c8a1be0b7d5496e42a9c472a0acb2794) Importer(815301076,1909f56bfc062723c751e8b465ee728b)  -> (artifact id: '5201df43adce15d583c599e907f07638') in 0.054101 seconds 
========================================================================
Received Import Request.
  Time since last request: 0.000097 seconds.
  path: Assets/Scenes/Scene_Laboratory/Scene_Laboratory/Lightmap-39_comp_light.exr
  artifactKey: Guid(1ab4fd6bbce23c14dae724198ae29ed4) Importer(815301076,1909f56bfc062723c751e8b465ee728b)
Start importing Assets/Scenes/Scene_Laboratory/Scene_Laboratory/Lightmap-39_comp_light.exr using Guid(1ab4fd6bbce23c14dae724198ae29ed4) Importer(815301076,1909f56bfc062723c751e8b465ee728b)  -> (artifact id: '475248b0e9ebc5cb3e2c97086c673fa7') in 0.030707 seconds 
========================================================================
Received Import Request.
  Time since last request: 0.000052 seconds.
  path: Assets/Scenes/Scene_Laboratory/Scene_Laboratory/Lightmap-61_comp_shadowmask.png
  artifactKey: Guid(62db81957b25d53448d410ecdaafed84) Importer(815301076,1909f56bfc062723c751e8b465ee728b)
Start importing Assets/Scenes/Scene_Laboratory/Scene_Laboratory/Lightmap-61_comp_shadowmask.png using Guid(62db81957b25d53448d410ecdaafed84) Importer(815301076,1909f56bfc062723c751e8b465ee728b)  -> (artifact id: 'b1d44694198bd7692f54b14b1584a642') in 0.046745 seconds 
========================================================================
Received Import Request.
  Time since last request: 0.000119 seconds.
  path: Assets/Scenes/Scene_Laboratory/Scene_Laboratory/Lightmap-24_comp_light.exr
  artifactKey: Guid(119ad581e49ed2042ad580e671b84dbc) Importer(815301076,1909f56bfc062723c751e8b465ee728b)
Start importing Assets/Scenes/Scene_Laboratory/Scene_Laboratory/Lightmap-24_comp_light.exr using Guid(119ad581e49ed2042ad580e671b84dbc) Importer(815301076,1909f56bfc062723c751e8b465ee728b)  -> (artifact id: 'ebfc4f242d56ef0b7cd989bdc363a568') in 0.052990 seconds 
========================================================================
Received Import Request.
  Time since last request: 0.000080 seconds.
  path: Assets/Scenes/Scene_Laboratory/Scene_Laboratory/Lightmap-40_comp_light.exr
  artifactKey: Guid(968bedc76039b21488be953ff7a8b567) Importer(815301076,1909f56bfc062723c751e8b465ee728b)
Start importing Assets/Scenes/Scene_Laboratory/Scene_Laboratory/Lightmap-40_comp_light.exr using Guid(968bedc76039b21488be953ff7a8b567) Importer(815301076,1909f56bfc062723c751e8b465ee728b)  -> (artifact id: '2ea7ac638e5e282dcc6b54eba8f7dbe3') in 0.041653 seconds 
========================================================================
Received Import Request.
  Time since last request: 0.000136 seconds.
  path: Assets/Scenes/Scene_Laboratory/Scene_Laboratory/Lightmap-59_comp_dir.png
  artifactKey: Guid(1d72085347e2f9a46b054f432e153bf6) Importer(815301076,1909f56bfc062723c751e8b465ee728b)
Start importing Assets/Scenes/Scene_Laboratory/Scene_Laboratory/Lightmap-59_comp_dir.png using Guid(1d72085347e2f9a46b054f432e153bf6) Importer(815301076,1909f56bfc062723c751e8b465ee728b)  -> (artifact id: 'd856d9842769623dbb6e1d29bcb47d67') in 0.042657 seconds 
========================================================================
Received Import Request.
  Time since last request: 0.000109 seconds.
  path: Assets/Scenes/Scene_Laboratory/Scene_Laboratory/Lightmap-28_comp_dir.png
  artifactKey: Guid(206381ab2faff304eb6f872ceafc1a0a) Importer(815301076,1909f56bfc062723c751e8b465ee728b)
Start importing Assets/Scenes/Scene_Laboratory/Scene_Laboratory/Lightmap-28_comp_dir.png using Guid(206381ab2faff304eb6f872ceafc1a0a) Importer(815301076,1909f56bfc062723c751e8b465ee728b)  -> (artifact id: '72797e347eef16926f9b41abd391e403') in 0.050703 seconds 
========================================================================
Received Import Request.
  Time since last request: 0.000251 seconds.
  path: Assets/Scenes/Scene_Laboratory/Scene_Laboratory/Lightmap-34_comp_light.exr
  artifactKey: Guid(6cf661864b4541546b3a6b9f65680433) Importer(815301076,1909f56bfc062723c751e8b465ee728b)
Start importing Assets/Scenes/Scene_Laboratory/Scene_Laboratory/Lightmap-34_comp_light.exr using Guid(6cf661864b4541546b3a6b9f65680433) Importer(815301076,1909f56bfc062723c751e8b465ee728b)  -> (artifact id: '2705781882764bdac6460a61c6121882') in 0.044494 seconds 
========================================================================
Received Import Request.
  Time since last request: 0.000181 seconds.
  path: Assets/Scenes/Scene_Laboratory/Scene_Laboratory/Lightmap-32_comp_shadowmask.png
  artifactKey: Guid(32bfdfa648f28d44488cfe806361e02d) Importer(815301076,1909f56bfc062723c751e8b465ee728b)
Start importing Assets/Scenes/Scene_Laboratory/Scene_Laboratory/Lightmap-32_comp_shadowmask.png using Guid(32bfdfa648f28d44488cfe806361e02d) Importer(815301076,1909f56bfc062723c751e8b465ee728b)  -> (artifact id: 'b1d4284b983148693c040e5626f6c438') in 0.045647 seconds 
========================================================================
Received Import Request.
  Time since last request: 0.000070 seconds.
  path: Assets/Scenes/Scene_Laboratory/Scene_Laboratory/Lightmap-36_comp_shadowmask.png
  artifactKey: Guid(a35abf4924d0fb14ea1e0456e92f42f2) Importer(815301076,1909f56bfc062723c751e8b465ee728b)
Start importing Assets/Scenes/Scene_Laboratory/Scene_Laboratory/Lightmap-36_comp_shadowmask.png using Guid(a35abf4924d0fb14ea1e0456e92f42f2) Importer(815301076,1909f56bfc062723c751e8b465ee728b)  -> (artifact id: '3bd5a6224d624920b1dd3952c1afa8c5') in 0.045622 seconds 
========================================================================
Received Import Request.
  Time since last request: 0.000217 seconds.
  path: Assets/Scenes/Scene_Laboratory/Scene_Laboratory/Lightmap-25_comp_dir.png
  artifactKey: Guid(3a66a3f8e147ed046839502c4dac3ae2) Importer(815301076,1909f56bfc062723c751e8b465ee728b)
Start importing Assets/Scenes/Scene_Laboratory/Scene_Laboratory/Lightmap-25_comp_dir.png using Guid(3a66a3f8e147ed046839502c4dac3ae2) Importer(815301076,1909f56bfc062723c751e8b465ee728b)  -> (artifact id: 'd63b621988ef69755af3d1675238f04e') in 0.041064 seconds 
========================================================================
Received Import Request.
  Time since last request: 0.000274 seconds.
  path: Assets/Scenes/Scene_Laboratory/Scene_Laboratory/Lightmap-40_comp_dir.png
  artifactKey: Guid(be11ce6fa475f944499350b7d000bd31) Importer(815301076,1909f56bfc062723c751e8b465ee728b)
Start importing Assets/Scenes/Scene_Laboratory/Scene_Laboratory/Lightmap-40_comp_dir.png using Guid(be11ce6fa475f944499350b7d000bd31) Importer(815301076,1909f56bfc062723c751e8b465ee728b)  -> (artifact id: '1f42d62da4825bf22145cd95521e2010') in 0.037554 seconds 
========================================================================
Received Import Request.
  Time since last request: 0.000167 seconds.
  path: Assets/Scenes/Scene_Laboratory/Scene_Laboratory/Lightmap-21_comp_shadowmask.png
  artifactKey: Guid(15773381d93ce36449406d53954b0996) Importer(815301076,1909f56bfc062723c751e8b465ee728b)
Start importing Assets/Scenes/Scene_Laboratory/Scene_Laboratory/Lightmap-21_comp_shadowmask.png using Guid(15773381d93ce36449406d53954b0996) Importer(815301076,1909f56bfc062723c751e8b465ee728b)  -> (artifact id: '9599a707ed3f1514b0143bf8eb858e38') in 0.043259 seconds 
========================================================================
Received Import Request.
  Time since last request: 0.000212 seconds.
  path: Assets/Scenes/Scene_Laboratory/Scene_Laboratory/Lightmap-58_comp_shadowmask.png
  artifactKey: Guid(99f6a2f5ea7234f469557c0185103b77) Importer(815301076,1909f56bfc062723c751e8b465ee728b)
Start importing Assets/Scenes/Scene_Laboratory/Scene_Laboratory/Lightmap-58_comp_shadowmask.png using Guid(99f6a2f5ea7234f469557c0185103b77) Importer(815301076,1909f56bfc062723c751e8b465ee728b)  -> (artifact id: '3cedb8794b8b720d94de9e2c863c5400') in 0.038542 seconds 
========================================================================
Received Import Request.
  Time since last request: 0.000161 seconds.
  path: Assets/Scenes/Scene_Laboratory/Scene_Laboratory/Lightmap-42_comp_light.exr
  artifactKey: Guid(d99ea8985fb7e1a45925d62d990e5d91) Importer(815301076,1909f56bfc062723c751e8b465ee728b)
Start importing Assets/Scenes/Scene_Laboratory/Scene_Laboratory/Lightmap-42_comp_light.exr using Guid(d99ea8985fb7e1a45925d62d990e5d91) Importer(815301076,1909f56bfc062723c751e8b465ee728b)  -> (artifact id: '264d56dc7d8c1f34b007e8d82ee72bb0') in 0.036218 seconds 
========================================================================
Received Import Request.
  Time since last request: 0.000145 seconds.
  path: Assets/Scenes/Scene_Laboratory/Scene_Laboratory/Lightmap-21_comp_light.exr
  artifactKey: Guid(1505ac4697c25e14fa9b5b1874e35588) Importer(815301076,1909f56bfc062723c751e8b465ee728b)
Start importing Assets/Scenes/Scene_Laboratory/Scene_Laboratory/Lightmap-21_comp_light.exr using Guid(1505ac4697c25e14fa9b5b1874e35588) Importer(815301076,1909f56bfc062723c751e8b465ee728b)  -> (artifact id: '410f14aef7324d727880eb45d6a4da09') in 0.038394 seconds 
========================================================================
Received Import Request.
  Time since last request: 0.000093 seconds.
  path: Assets/Scenes/Scene_Laboratory/Scene_Laboratory/Lightmap-65_comp_shadowmask.png
  artifactKey: Guid(7179e75ef23c3a145ab65480b68655c3) Importer(815301076,1909f56bfc062723c751e8b465ee728b)
Start importing Assets/Scenes/Scene_Laboratory/Scene_Laboratory/Lightmap-65_comp_shadowmask.png using Guid(7179e75ef23c3a145ab65480b68655c3) Importer(815301076,1909f56bfc062723c751e8b465ee728b)  -> (artifact id: '4237e5835426e1074d0e46d136e5e6bd') in 0.038658 seconds 
========================================================================
Received Import Request.
  Time since last request: 0.000145 seconds.
  path: Assets/Scenes/Scene_Laboratory/Scene_Laboratory/Lightmap-52_comp_light.exr
  artifactKey: Guid(c24bb6c0b2a54bb42b66327155cacbe0) Importer(815301076,1909f56bfc062723c751e8b465ee728b)
Start importing Assets/Scenes/Scene_Laboratory/Scene_Laboratory/Lightmap-52_comp_light.exr using Guid(c24bb6c0b2a54bb42b66327155cacbe0) Importer(815301076,1909f56bfc062723c751e8b465ee728b)  -> (artifact id: 'c55cf6c18a5abcefda8f90666fd6ae56') in 0.037242 seconds 
========================================================================
Received Import Request.
  Time since last request: 0.000204 seconds.
  path: Assets/Scenes/Scene_Laboratory/Scene_Laboratory/Lightmap-26_comp_shadowmask.png
  artifactKey: Guid(b8d32c8b1d665014bb2bdf3be4572f70) Importer(815301076,1909f56bfc062723c751e8b465ee728b)
Start importing Assets/Scenes/Scene_Laboratory/Scene_Laboratory/Lightmap-26_comp_shadowmask.png using Guid(b8d32c8b1d665014bb2bdf3be4572f70) Importer(815301076,1909f56bfc062723c751e8b465ee728b)  -> (artifact id: 'c44d708d21ebe85e8a5eae71e293bbfc') in 0.044477 seconds 
========================================================================
Received Import Request.
  Time since last request: 0.000161 seconds.
  path: Assets/Scenes/Scene_Laboratory/Scene_Laboratory/Lightmap-63_comp_shadowmask.png
  artifactKey: Guid(45262b77d61c41f40b2277524f743ecf) Importer(815301076,1909f56bfc062723c751e8b465ee728b)
Start importing Assets/Scenes/Scene_Laboratory/Scene_Laboratory/Lightmap-63_comp_shadowmask.png using Guid(45262b77d61c41f40b2277524f743ecf) Importer(815301076,1909f56bfc062723c751e8b465ee728b)  -> (artifact id: '3b07b31358543573f90dfe2a8061c2dd') in 0.042676 seconds 
========================================================================
Received Import Request.
  Time since last request: 0.000123 seconds.
  path: Assets/Scenes/Scene_Laboratory/Scene_Laboratory/Lightmap-37_comp_dir.png
  artifactKey: Guid(83fe868c754d7804bbfb3e22042cb27e) Importer(815301076,1909f56bfc062723c751e8b465ee728b)
Start importing Assets/Scenes/Scene_Laboratory/Scene_Laboratory/Lightmap-37_comp_dir.png using Guid(83fe868c754d7804bbfb3e22042cb27e) Importer(815301076,1909f56bfc062723c751e8b465ee728b)  -> (artifact id: '9699886765f3ae8335ea5e3319597c5b') in 0.041592 seconds 
========================================================================
Received Import Request.
  Time since last request: 0.000080 seconds.
  path: Assets/Scenes/Scene_Laboratory/Scene_Laboratory/Lightmap-37_comp_shadowmask.png
  artifactKey: Guid(674172c716e61d244a3f63809ad3ce9b) Importer(815301076,1909f56bfc062723c751e8b465ee728b)
Start importing Assets/Scenes/Scene_Laboratory/Scene_Laboratory/Lightmap-37_comp_shadowmask.png using Guid(674172c716e61d244a3f63809ad3ce9b) Importer(815301076,1909f56bfc062723c751e8b465ee728b)  -> (artifact id: 'a655b1ee1b9146f4e68efa0831663184') in 0.060014 seconds 
========================================================================
Received Import Request.
  Time since last request: 0.000110 seconds.
  path: Assets/Scenes/Scene_Laboratory/Scene_Laboratory/Lightmap-43_comp_light.exr
  artifactKey: Guid(562a3058e862b0f4989b4336be4fe92e) Importer(815301076,1909f56bfc062723c751e8b465ee728b)
Start importing Assets/Scenes/Scene_Laboratory/Scene_Laboratory/Lightmap-43_comp_light.exr using Guid(562a3058e862b0f4989b4336be4fe92e) Importer(815301076,1909f56bfc062723c751e8b465ee728b)  -> (artifact id: '9523e79f2dc5acda2ff077bd3dada36a') in 0.025012 seconds 
========================================================================
Received Import Request.
  Time since last request: 0.000248 seconds.
  path: Assets/Scenes/Scene_Laboratory/Scene_Laboratory/Lightmap-49_comp_dir.png
  artifactKey: Guid(bfe31fef8bb38274abdd9cd2062b06b3) Importer(815301076,1909f56bfc062723c751e8b465ee728b)
Start importing Assets/Scenes/Scene_Laboratory/Scene_Laboratory/Lightmap-49_comp_dir.png using Guid(bfe31fef8bb38274abdd9cd2062b06b3) Importer(815301076,1909f56bfc062723c751e8b465ee728b)  -> (artifact id: '37d0d4ffa2fedde1ffeab25ad864f8b2') in 0.043642 seconds 
========================================================================
Received Import Request.
  Time since last request: 0.000218 seconds.
  path: Assets/Scenes/Scene_Laboratory/Scene_Laboratory/Lightmap-52_comp_dir.png
  artifactKey: Guid(f05e797ff120ab34b9791fc72451f4f2) Importer(815301076,1909f56bfc062723c751e8b465ee728b)
Start importing Assets/Scenes/Scene_Laboratory/Scene_Laboratory/Lightmap-52_comp_dir.png using Guid(f05e797ff120ab34b9791fc72451f4f2) Importer(815301076,1909f56bfc062723c751e8b465ee728b)  -> (artifact id: 'b12a3e23f428d5252a9c68be41966874') in 0.038904 seconds 
========================================================================
Received Import Request.
  Time since last request: 0.000277 seconds.
  path: Assets/Scenes/Scene_Laboratory/Scene_Laboratory/Lightmap-56_comp_dir.png
  artifactKey: Guid(c9d270a9b2ceeba4a9052bed3610bd1e) Importer(815301076,1909f56bfc062723c751e8b465ee728b)
Start importing Assets/Scenes/Scene_Laboratory/Scene_Laboratory/Lightmap-56_comp_dir.png using Guid(c9d270a9b2ceeba4a9052bed3610bd1e) Importer(815301076,1909f56bfc062723c751e8b465ee728b)  -> (artifact id: '3464cf0d89e34b56bd67664cd9463d41') in 0.037581 seconds 
========================================================================
Received Import Request.
  Time since last request: 0.000093 seconds.
  path: Assets/Scenes/Scene_Laboratory/Scene_Laboratory/Lightmap-67_comp_dir.png
  artifactKey: Guid(6246f3b47c4128a4682d6ce49c6ae83b) Importer(815301076,1909f56bfc062723c751e8b465ee728b)
Start importing Assets/Scenes/Scene_Laboratory/Scene_Laboratory/Lightmap-67_comp_dir.png using Guid(6246f3b47c4128a4682d6ce49c6ae83b) Importer(815301076,1909f56bfc062723c751e8b465ee728b)  -> (artifact id: '8db72a5a9ff4583951030d0cb270dc54') in 0.038108 seconds 
========================================================================
Received Import Request.
  Time since last request: 0.000151 seconds.
  path: Assets/Scenes/Scene_Laboratory/Scene_Laboratory/ReflectionProbe-0.exr
  artifactKey: Guid(020bfe7e7097fd142987a55a74284357) Importer(815301076,1909f56bfc062723c751e8b465ee728b)
Start importing Assets/Scenes/Scene_Laboratory/Scene_Laboratory/ReflectionProbe-0.exr using Guid(020bfe7e7097fd142987a55a74284357) Importer(815301076,1909f56bfc062723c751e8b465ee728b)  -> (artifact id: '1ded088f70fd911bdafeba7363bc1fe1') in 0.137564 seconds 
========================================================================
Received Import Request.
  Time since last request: 0.000064 seconds.
  path: Assets/Scenes/Scene_Laboratory/Scene_Laboratory/Lightmap-48_comp_dir.png
  artifactKey: Guid(98423ae87955c3941b0db9792f65cec5) Importer(815301076,1909f56bfc062723c751e8b465ee728b)
Start importing Assets/Scenes/Scene_Laboratory/Scene_Laboratory/Lightmap-48_comp_dir.png using Guid(98423ae87955c3941b0db9792f65cec5) Importer(815301076,1909f56bfc062723c751e8b465ee728b)  -> (artifact id: 'c691cd43f3edd93cb554155dd9df01c2') in 0.048135 seconds 
========================================================================
Received Import Request.
  Time since last request: 0.000153 seconds.
  path: Assets/Scenes/Scene_Laboratory/Scene_Laboratory/Lightmap-52_comp_shadowmask.png
  artifactKey: Guid(bfe78eca66782054e9eb5d2b85585b4f) Importer(815301076,1909f56bfc062723c751e8b465ee728b)
Start importing Assets/Scenes/Scene_Laboratory/Scene_Laboratory/Lightmap-52_comp_shadowmask.png using Guid(bfe78eca66782054e9eb5d2b85585b4f) Importer(815301076,1909f56bfc062723c751e8b465ee728b)  -> (artifact id: 'ab6fe9318f17b603f272900cc5831a9d') in 0.039786 seconds 
========================================================================
Received Import Request.
  Time since last request: 0.000113 seconds.
  path: Assets/Scenes/Scene_Laboratory/Scene_Laboratory/Lightmap-55_comp_light.exr
  artifactKey: Guid(4a9714917c6558d479f2b76a1622fe12) Importer(815301076,1909f56bfc062723c751e8b465ee728b)
Start importing Assets/Scenes/Scene_Laboratory/Scene_Laboratory/Lightmap-55_comp_light.exr using Guid(4a9714917c6558d479f2b76a1622fe12) Importer(815301076,1909f56bfc062723c751e8b465ee728b)  -> (artifact id: '88d2bf154f9fb519aeb7dee10bdbacdf') in 0.041562 seconds 
========================================================================
Received Import Request.
  Time since last request: 0.000144 seconds.
  path: Assets/Scenes/Scene_Laboratory/Scene_Laboratory/Lightmap-66_comp_light.exr
  artifactKey: Guid(735d768d6f11b9746865fc395338b9a0) Importer(815301076,1909f56bfc062723c751e8b465ee728b)
Start importing Assets/Scenes/Scene_Laboratory/Scene_Laboratory/Lightmap-66_comp_light.exr using Guid(735d768d6f11b9746865fc395338b9a0) Importer(815301076,1909f56bfc062723c751e8b465ee728b)  -> (artifact id: '4fcf40e0ac1dbfc0b2fb92aef4542b23') in 0.049108 seconds 
========================================================================
Received Import Request.
  Time since last request: 0.000162 seconds.
  path: Assets/Scenes/Scene_Laboratory/Scene_Laboratory/Lightmap-63_comp_light.exr
  artifactKey: Guid(03cb5d8226ccbee49a7b51dda99bce28) Importer(815301076,1909f56bfc062723c751e8b465ee728b)
Start importing Assets/Scenes/Scene_Laboratory/Scene_Laboratory/Lightmap-63_comp_light.exr using Guid(03cb5d8226ccbee49a7b51dda99bce28) Importer(815301076,1909f56bfc062723c751e8b465ee728b)  -> (artifact id: '7217a77816e44c4bb56f4363a99a668b') in 0.037858 seconds 
========================================================================
Received Import Request.
  Time since last request: 0.000229 seconds.
  path: Assets/Scenes/Scene_Laboratory/Scene_Laboratory/Lightmap-27_comp_light.exr
  artifactKey: Guid(daceffcb63d21cb4a8d1a07e9103f7df) Importer(815301076,1909f56bfc062723c751e8b465ee728b)
Start importing Assets/Scenes/Scene_Laboratory/Scene_Laboratory/Lightmap-27_comp_light.exr using Guid(daceffcb63d21cb4a8d1a07e9103f7df) Importer(815301076,1909f56bfc062723c751e8b465ee728b)  -> (artifact id: '6d90703dab6366199a1cb75769a53c13') in 0.038177 seconds 
========================================================================
Received Import Request.
  Time since last request: 0.000108 seconds.
  path: Assets/Scenes/Scene_Laboratory/Scene_Laboratory/Lightmap-50_comp_dir.png
  artifactKey: Guid(4543e7ed17adf6f4a8dd97c976360bf8) Importer(815301076,1909f56bfc062723c751e8b465ee728b)
Start importing Assets/Scenes/Scene_Laboratory/Scene_Laboratory/Lightmap-50_comp_dir.png using Guid(4543e7ed17adf6f4a8dd97c976360bf8) Importer(815301076,1909f56bfc062723c751e8b465ee728b)  -> (artifact id: '6ec296a41d6cc395a98db26b90115ea8') in 0.039983 seconds 
========================================================================
Received Import Request.
  Time since last request: 0.000089 seconds.
  path: Assets/Scenes/Scene_Laboratory/Scene_Laboratory/Lightmap-50_comp_shadowmask.png
  artifactKey: Guid(868f11a62825b81428c18dc40be65db9) Importer(815301076,1909f56bfc062723c751e8b465ee728b)
Start importing Assets/Scenes/Scene_Laboratory/Scene_Laboratory/Lightmap-50_comp_shadowmask.png using Guid(868f11a62825b81428c18dc40be65db9) Importer(815301076,1909f56bfc062723c751e8b465ee728b)  -> (artifact id: '82d918bd6bc67c28464b02ad67be63aa') in 0.045568 seconds 
========================================================================
Received Import Request.
  Time since last request: 0.000114 seconds.
  path: Assets/Scenes/Scene_Laboratory/Scene_Laboratory/Lightmap-66_comp_shadowmask.png
  artifactKey: Guid(8f4539676b9d4d241a90ca433a22572d) Importer(815301076,1909f56bfc062723c751e8b465ee728b)
Start importing Assets/Scenes/Scene_Laboratory/Scene_Laboratory/Lightmap-66_comp_shadowmask.png using Guid(8f4539676b9d4d241a90ca433a22572d) Importer(815301076,1909f56bfc062723c751e8b465ee728b)  -> (artifact id: '7d5573b838c803c440b5b2caf64e3e7a') in 0.039477 seconds 
========================================================================
Received Import Request.
  Time since last request: 0.000114 seconds.
  path: Assets/Scenes/Scene_Laboratory/Scene_Laboratory/Lightmap-44_comp_dir.png
  artifactKey: Guid(3b0a1d434f0c898418f0518dbd19339e) Importer(815301076,1909f56bfc062723c751e8b465ee728b)
Start importing Assets/Scenes/Scene_Laboratory/Scene_Laboratory/Lightmap-44_comp_dir.png using Guid(3b0a1d434f0c898418f0518dbd19339e) Importer(815301076,1909f56bfc062723c751e8b465ee728b)  -> (artifact id: '0ee21e4bcfeaa0caa56cf1bc093c9bff') in 0.037435 seconds 
========================================================================
Received Import Request.
  Time since last request: 0.000096 seconds.
  path: Assets/Scenes/Scene_Laboratory/Scene_Laboratory/Lightmap-33_comp_dir.png
  artifactKey: Guid(04fd009d9df956346942944b2c65c298) Importer(815301076,1909f56bfc062723c751e8b465ee728b)
Start importing Assets/Scenes/Scene_Laboratory/Scene_Laboratory/Lightmap-33_comp_dir.png using Guid(04fd009d9df956346942944b2c65c298) Importer(815301076,1909f56bfc062723c751e8b465ee728b)  -> (artifact id: '25ad363b4519df217cb1c323e6adc707') in 0.038893 seconds 
========================================================================
Received Import Request.
  Time since last request: 0.000115 seconds.
  path: Assets/Scenes/Scene_Laboratory/Scene_Laboratory/Lightmap-41_comp_shadowmask.png
  artifactKey: Guid(76304088922abbb4fb9337f6d2be81de) Importer(815301076,1909f56bfc062723c751e8b465ee728b)
Start importing Assets/Scenes/Scene_Laboratory/Scene_Laboratory/Lightmap-41_comp_shadowmask.png using Guid(76304088922abbb4fb9337f6d2be81de) Importer(815301076,1909f56bfc062723c751e8b465ee728b)  -> (artifact id: 'a31347487d2e5525705955758f031d6e') in 0.049705 seconds 
========================================================================
Received Import Request.
  Time since last request: 0.000125 seconds.
  path: Assets/Scenes/Scene_Laboratory/Scene_Laboratory/Lightmap-67_comp_shadowmask.png
  artifactKey: Guid(55e8aec429134b641bd53e3ab3dca953) Importer(815301076,1909f56bfc062723c751e8b465ee728b)
Start importing Assets/Scenes/Scene_Laboratory/Scene_Laboratory/Lightmap-67_comp_shadowmask.png using Guid(55e8aec429134b641bd53e3ab3dca953) Importer(815301076,1909f56bfc062723c751e8b465ee728b)  -> (artifact id: 'c062873027ab706103fbcf0b957c1a31') in 0.045629 seconds 
========================================================================
Received Import Request.
  Time since last request: 0.000099 seconds.
  path: Assets/Scenes/Scene_Laboratory/Scene_Laboratory/Lightmap-55_comp_dir.png
  artifactKey: Guid(828d6d8c38b924744aad930b4f4e0e58) Importer(815301076,1909f56bfc062723c751e8b465ee728b)
Start importing Assets/Scenes/Scene_Laboratory/Scene_Laboratory/Lightmap-55_comp_dir.png using Guid(828d6d8c38b924744aad930b4f4e0e58) Importer(815301076,1909f56bfc062723c751e8b465ee728b)  -> (artifact id: '2f42904c7b480bdd3ec7b067361a57fc') in 0.031363 seconds 
========================================================================
Received Import Request.
  Time since last request: 0.000112 seconds.
  path: Assets/Scenes/Scene_Laboratory/Scene_Laboratory/Lightmap-25_comp_light.exr
  artifactKey: Guid(c2a7bde70774bbf41a96068c6b64f4d3) Importer(815301076,1909f56bfc062723c751e8b465ee728b)
Start importing Assets/Scenes/Scene_Laboratory/Scene_Laboratory/Lightmap-25_comp_light.exr using Guid(c2a7bde70774bbf41a96068c6b64f4d3) Importer(815301076,1909f56bfc062723c751e8b465ee728b)  -> (artifact id: '79b2e4567f9d001bfdd0e57bc134ef0f') in 0.043512 seconds 
========================================================================
Received Import Request.
  Time since last request: 0.000157 seconds.
  path: Assets/Scenes/Scene_Laboratory/Scene_Laboratory/Lightmap-30_comp_dir.png
  artifactKey: Guid(ad51f024a31df2040a1ed4ec07f83dc2) Importer(815301076,1909f56bfc062723c751e8b465ee728b)
Start importing Assets/Scenes/Scene_Laboratory/Scene_Laboratory/Lightmap-30_comp_dir.png using Guid(ad51f024a31df2040a1ed4ec07f83dc2) Importer(815301076,1909f56bfc062723c751e8b465ee728b)  -> (artifact id: '13bfddd16c8d403a0e73f54eb4f29682') in 0.041619 seconds 
========================================================================
Received Import Request.
  Time since last request: 0.000076 seconds.
  path: Assets/Scenes/Scene_Laboratory/Scene_Laboratory/OcclusionCullingData.asset
  artifactKey: Guid(133098c18ea34e745868d758c8d4dca4) Importer(815301076,1909f56bfc062723c751e8b465ee728b)
Start importing Assets/Scenes/Scene_Laboratory/Scene_Laboratory/OcclusionCullingData.asset using Guid(133098c18ea34e745868d758c8d4dca4) Importer(815301076,1909f56bfc062723c751e8b465ee728b)  -> (artifact id: '10136bee481a29b11f47245e2241cebd') in 0.127493 seconds 
========================================================================
Received Import Request.
  Time since last request: 0.000143 seconds.
  path: Assets/Scenes/Scene_Laboratory/Scene_Laboratory/Lightmap-43_comp_shadowmask.png
  artifactKey: Guid(5f5cc2494b25f2f41b00d45d7d2ceacf) Importer(815301076,1909f56bfc062723c751e8b465ee728b)
Start importing Assets/Scenes/Scene_Laboratory/Scene_Laboratory/Lightmap-43_comp_shadowmask.png using Guid(5f5cc2494b25f2f41b00d45d7d2ceacf) Importer(815301076,1909f56bfc062723c751e8b465ee728b)  -> (artifact id: 'daf9a8ade2bf94cff69c647dcd3e1a6e') in 0.049100 seconds 
========================================================================
Received Import Request.
  Time since last request: 0.000072 seconds.
  path: Assets/Scenes/Scene_Laboratory/Scene_Laboratory/Lightmap-68_comp_shadowmask.png
  artifactKey: Guid(b577f308c3e4da34cb7151d6195c4867) Importer(815301076,1909f56bfc062723c751e8b465ee728b)
Start importing Assets/Scenes/Scene_Laboratory/Scene_Laboratory/Lightmap-68_comp_shadowmask.png using Guid(b577f308c3e4da34cb7151d6195c4867) Importer(815301076,1909f56bfc062723c751e8b465ee728b)  -> (artifact id: '19e878653346a37a1c791af716da7b74') in 0.021197 seconds 
========================================================================
Received Import Request.
  Time since last request: 0.000109 seconds.
  path: Assets/Scenes/Scene_Laboratory/Scene_Laboratory/Lightmap-54_comp_shadowmask.png
  artifactKey: Guid(35bcad2b8dbf8dc48a5fa9d88f06ee62) Importer(815301076,1909f56bfc062723c751e8b465ee728b)
Start importing Assets/Scenes/Scene_Laboratory/Scene_Laboratory/Lightmap-54_comp_shadowmask.png using Guid(35bcad2b8dbf8dc48a5fa9d88f06ee62) Importer(815301076,1909f56bfc062723c751e8b465ee728b)  -> (artifact id: 'e846df60ae4c1d6dca979ab32034b554') in 0.064697 seconds 
========================================================================
Received Import Request.
  Time since last request: 0.000107 seconds.
  path: Assets/Scenes/Scene_Laboratory/Scene_Laboratory/Lightmap-27_comp_shadowmask.png
  artifactKey: Guid(1e3ee6135a05cc34da7649ee81d9a1b9) Importer(815301076,1909f56bfc062723c751e8b465ee728b)
Start importing Assets/Scenes/Scene_Laboratory/Scene_Laboratory/Lightmap-27_comp_shadowmask.png using Guid(1e3ee6135a05cc34da7649ee81d9a1b9) Importer(815301076,1909f56bfc062723c751e8b465ee728b)  -> (artifact id: '390ab5e23b008536cd2f198820c82972') in 0.076360 seconds 
========================================================================
Received Import Request.
  Time since last request: 0.000131 seconds.
  path: Assets/Scenes/Scene_Laboratory/Scene_Laboratory/Lightmap-68_comp_light.exr
  artifactKey: Guid(9b55e67fbf5e4634ea7f87423eae5b11) Importer(815301076,1909f56bfc062723c751e8b465ee728b)
Start importing Assets/Scenes/Scene_Laboratory/Scene_Laboratory/Lightmap-68_comp_light.exr using Guid(9b55e67fbf5e4634ea7f87423eae5b11) Importer(815301076,1909f56bfc062723c751e8b465ee728b)  -> (artifact id: '77b46cf0eed77e7b045560d936912b76') in 0.034910 seconds 
========================================================================
Received Import Request.
  Time since last request: 0.000185 seconds.
  path: Assets/Scenes/Scene_Laboratory/Scene_Laboratory/Lightmap-36_comp_dir.png
  artifactKey: Guid(8303be9f0f0a10e4bb23c4f5723d5863) Importer(815301076,1909f56bfc062723c751e8b465ee728b)
Start importing Assets/Scenes/Scene_Laboratory/Scene_Laboratory/Lightmap-36_comp_dir.png using Guid(8303be9f0f0a10e4bb23c4f5723d5863) Importer(815301076,1909f56bfc062723c751e8b465ee728b)  -> (artifact id: '7c9a6cfb0c61ef9b6cc66547de79640c') in 0.038993 seconds 
========================================================================
Received Import Request.
  Time since last request: 0.000217 seconds.
  path: Assets/Scenes/Scene_Laboratory/Scene_Laboratory/Lightmap-27_comp_dir.png
  artifactKey: Guid(35c05213747ac514a89a0d6f9ce8995b) Importer(815301076,1909f56bfc062723c751e8b465ee728b)
Start importing Assets/Scenes/Scene_Laboratory/Scene_Laboratory/Lightmap-27_comp_dir.png using Guid(35c05213747ac514a89a0d6f9ce8995b) Importer(815301076,1909f56bfc062723c751e8b465ee728b)  -> (artifact id: '47de072dc66684ed3c2c18aa885ab75c') in 0.037428 seconds 
========================================================================
Received Import Request.
  Time since last request: 0.000142 seconds.
  path: Assets/Scenes/Scene_Laboratory/Scene_Laboratory/Lightmap-57_comp_light.exr
  artifactKey: Guid(4e073a5e24395cb4e8c9a06761c61894) Importer(815301076,1909f56bfc062723c751e8b465ee728b)
Start importing Assets/Scenes/Scene_Laboratory/Scene_Laboratory/Lightmap-57_comp_light.exr using Guid(4e073a5e24395cb4e8c9a06761c61894) Importer(815301076,1909f56bfc062723c751e8b465ee728b)  -> (artifact id: '734ebc0fba0a6bd0a493fa80f55f9668') in 0.033511 seconds 
========================================================================
Received Import Request.
  Time since last request: 0.000134 seconds.
  path: Assets/Scenes/Scene_Laboratory/Scene_Laboratory/Lightmap-22_comp_dir.png
  artifactKey: Guid(e41fe15c1ca4d0c4a9c7d5009ce99933) Importer(815301076,1909f56bfc062723c751e8b465ee728b)
Start importing Assets/Scenes/Scene_Laboratory/Scene_Laboratory/Lightmap-22_comp_dir.png using Guid(e41fe15c1ca4d0c4a9c7d5009ce99933) Importer(815301076,1909f56bfc062723c751e8b465ee728b)  -> (artifact id: 'c12fe37318cdac20f19983d643c04edb') in 0.037841 seconds 
========================================================================
Received Import Request.
  Time since last request: 0.000091 seconds.
  path: Assets/Scenes/Scene_Laboratory/Scene_Laboratory/Lightmap-49_comp_shadowmask.png
  artifactKey: Guid(4106ae824231acd4eaba54f9158b30ca) Importer(815301076,1909f56bfc062723c751e8b465ee728b)
Start importing Assets/Scenes/Scene_Laboratory/Scene_Laboratory/Lightmap-49_comp_shadowmask.png using Guid(4106ae824231acd4eaba54f9158b30ca) Importer(815301076,1909f56bfc062723c751e8b465ee728b)  -> (artifact id: '8de54fc380453b7a1534a76309ac8060') in 0.053148 seconds 
========================================================================
Received Import Request.
  Time since last request: 0.000073 seconds.
  path: Assets/Scenes/Scene_Laboratory/Scene_Laboratory/Lightmap-45_comp_shadowmask.png
  artifactKey: Guid(527fb8ee27ca23143935c9b650fcaf66) Importer(815301076,1909f56bfc062723c751e8b465ee728b)
Start importing Assets/Scenes/Scene_Laboratory/Scene_Laboratory/Lightmap-45_comp_shadowmask.png using Guid(527fb8ee27ca23143935c9b650fcaf66) Importer(815301076,1909f56bfc062723c751e8b465ee728b)  -> (artifact id: '40f7c02cf328a530b0846f1637835a69') in 0.054839 seconds 
========================================================================
Received Import Request.
  Time since last request: 0.000052 seconds.
  path: Assets/Scenes/Scene_Laboratory/Scene_Laboratory/Lightmap-41_comp_dir.png
  artifactKey: Guid(516fe439c632f2f468980a4370b062d9) Importer(815301076,1909f56bfc062723c751e8b465ee728b)
Start importing Assets/Scenes/Scene_Laboratory/Scene_Laboratory/Lightmap-41_comp_dir.png using Guid(516fe439c632f2f468980a4370b062d9) Importer(815301076,1909f56bfc062723c751e8b465ee728b)  -> (artifact id: '1c149da526c1019dadac6b5fc94a3239') in 0.023346 seconds 
========================================================================
Received Import Request.
  Time since last request: 0.000065 seconds.
  path: Assets/Scenes/Scene_Laboratory/Scene_Laboratory/Lightmap-59_comp_shadowmask.png
  artifactKey: Guid(56a5dc7226cf1ab4fb43e75a76722a3a) Importer(815301076,1909f56bfc062723c751e8b465ee728b)
Start importing Assets/Scenes/Scene_Laboratory/Scene_Laboratory/Lightmap-59_comp_shadowmask.png using Guid(56a5dc7226cf1ab4fb43e75a76722a3a) Importer(815301076,1909f56bfc062723c751e8b465ee728b)  -> (artifact id: '205fdcf47a7a52a12482592612ed2a40') in 0.051098 seconds 
========================================================================
Received Import Request.
  Time since last request: 0.000187 seconds.
  path: Assets/Scenes/Scene_Laboratory/Scene_Laboratory/Lightmap-29_comp_dir.png
  artifactKey: Guid(ce7708ff0e5b12149bd600242081bfb5) Importer(815301076,1909f56bfc062723c751e8b465ee728b)
Start importing Assets/Scenes/Scene_Laboratory/Scene_Laboratory/Lightmap-29_comp_dir.png using Guid(ce7708ff0e5b12149bd600242081bfb5) Importer(815301076,1909f56bfc062723c751e8b465ee728b)  -> (artifact id: '44ae02f0b4f214547ad28ed964d0fd9b') in 0.017944 seconds 
========================================================================
Received Import Request.
  Time since last request: 0.000075 seconds.
  path: Assets/Scenes/Scene_Laboratory/Scene_Laboratory/Lightmap-22_comp_light.exr
  artifactKey: Guid(67b84ebc82b819140b99e5454726bfb0) Importer(815301076,1909f56bfc062723c751e8b465ee728b)
Start importing Assets/Scenes/Scene_Laboratory/Scene_Laboratory/Lightmap-22_comp_light.exr using Guid(67b84ebc82b819140b99e5454726bfb0) Importer(815301076,1909f56bfc062723c751e8b465ee728b)  -> (artifact id: '38144ed3a37cf9569d437a607ef957f8') in 0.027002 seconds 
========================================================================
Received Import Request.
  Time since last request: 0.000064 seconds.
  path: Assets/Scenes/Scene_Laboratory/Scene_Laboratory/Lightmap-53_comp_dir.png
  artifactKey: Guid(71633fb713fbe5141bed14ec51c774e7) Importer(815301076,1909f56bfc062723c751e8b465ee728b)
Start importing Assets/Scenes/Scene_Laboratory/Scene_Laboratory/Lightmap-53_comp_dir.png using Guid(71633fb713fbe5141bed14ec51c774e7) Importer(815301076,1909f56bfc062723c751e8b465ee728b)  -> (artifact id: '349f9d4cf15cfe03862046a2ef9663df') in 0.020033 seconds 
========================================================================
Received Import Request.
  Time since last request: 0.000062 seconds.
  path: Assets/Scenes/Scene_Laboratory/Scene_Laboratory/ReflectionProbe-1.exr
  artifactKey: Guid(2d93eb31dc6b6be4c87110ff7805d60a) Importer(815301076,1909f56bfc062723c751e8b465ee728b)
Start importing Assets/Scenes/Scene_Laboratory/Scene_Laboratory/ReflectionProbe-1.exr using Guid(2d93eb31dc6b6be4c87110ff7805d60a) Importer(815301076,1909f56bfc062723c751e8b465ee728b)  -> (artifact id: '5093c97ca4132770438b995d99dc16eb') in 0.024891 seconds 
========================================================================
Received Import Request.
  Time since last request: 0.000076 seconds.
  path: Assets/Scenes/Scene_Laboratory/Scene_Laboratory/Lightmap-28_comp_light.exr
  artifactKey: Guid(5799989d7fb19cb40bda8014dee64ccf) Importer(815301076,1909f56bfc062723c751e8b465ee728b)
Start importing Assets/Scenes/Scene_Laboratory/Scene_Laboratory/Lightmap-28_comp_light.exr using Guid(5799989d7fb19cb40bda8014dee64ccf) Importer(815301076,1909f56bfc062723c751e8b465ee728b)  -> (artifact id: 'ea3f457ebacbe1ffe4fa5026b5054d52') in 0.029462 seconds 
========================================================================
Received Import Request.
  Time since last request: 0.000053 seconds.
  path: Assets/Scenes/Scene_Laboratory/Scene_Laboratory/Lightmap-39_comp_dir.png
  artifactKey: Guid(c3b718b17ce85664e81689bfe3001af7) Importer(815301076,1909f56bfc062723c751e8b465ee728b)
Start importing Assets/Scenes/Scene_Laboratory/Scene_Laboratory/Lightmap-39_comp_dir.png using Guid(c3b718b17ce85664e81689bfe3001af7) Importer(815301076,1909f56bfc062723c751e8b465ee728b)  -> (artifact id: '19bf6040338b487293ea1626725e75d1') in 0.022144 seconds 
========================================================================
Received Import Request.
  Time since last request: 0.000070 seconds.
  path: Assets/Scenes/Scene_Laboratory/Scene_Laboratory/Lightmap-40_comp_shadowmask.png
  artifactKey: Guid(7a1f0a58e09076241be0c8e24cd5a847) Importer(815301076,1909f56bfc062723c751e8b465ee728b)
Start importing Assets/Scenes/Scene_Laboratory/Scene_Laboratory/Lightmap-40_comp_shadowmask.png using Guid(7a1f0a58e09076241be0c8e24cd5a847) Importer(815301076,1909f56bfc062723c751e8b465ee728b)  -> (artifact id: '9948caa2078fff6e00c023714f9b09a7') in 0.056752 seconds 
========================================================================
Received Import Request.
  Time since last request: 0.000101 seconds.
  path: Assets/Scenes/Scene_Laboratory/Scene_Laboratory/Lightmap-68_comp_dir.png
  artifactKey: Guid(279311904a028204a8e22ff00cc0264d) Importer(815301076,1909f56bfc062723c751e8b465ee728b)
Start importing Assets/Scenes/Scene_Laboratory/Scene_Laboratory/Lightmap-68_comp_dir.png using Guid(279311904a028204a8e22ff00cc0264d) Importer(815301076,1909f56bfc062723c751e8b465ee728b)  -> (artifact id: '2c9acf08fef8eaf58489e28dde62e878') in 0.019830 seconds 
========================================================================
Received Import Request.
  Time since last request: 0.000177 seconds.
  path: Assets/Scenes/Scene_Laboratory/Scene_Laboratory/Lightmap-53_comp_light.exr
  artifactKey: Guid(ff7e9f32fcee1f049970f8d83c350e9e) Importer(815301076,1909f56bfc062723c751e8b465ee728b)
Start importing Assets/Scenes/Scene_Laboratory/Scene_Laboratory/Lightmap-53_comp_light.exr using Guid(ff7e9f32fcee1f049970f8d83c350e9e) Importer(815301076,1909f56bfc062723c751e8b465ee728b)  -> (artifact id: 'c2a810b5fa44e088c920953eef9b5858') in 0.055969 seconds 
========================================================================
Received Import Request.
  Time since last request: 0.000082 seconds.
  path: Assets/Scenes/Scene_Laboratory/Scene_Laboratory/Lightmap-44_comp_light.exr
  artifactKey: Guid(e6c49ee20e1141c428cc633a62854e4d) Importer(815301076,1909f56bfc062723c751e8b465ee728b)
Start importing Assets/Scenes/Scene_Laboratory/Scene_Laboratory/Lightmap-44_comp_light.exr using Guid(e6c49ee20e1141c428cc633a62854e4d) Importer(815301076,1909f56bfc062723c751e8b465ee728b)  -> (artifact id: '4d6e0fffeedf05b6086bcac0e9462881') in 0.021833 seconds 
========================================================================
Received Import Request.
  Time since last request: 0.000120 seconds.
  path: Assets/Scenes/Scene_Laboratory/Scene_Laboratory/Lightmap-28_comp_shadowmask.png
  artifactKey: Guid(309bab97c5c19be4e907bf3e6afcf0c5) Importer(815301076,1909f56bfc062723c751e8b465ee728b)
Start importing Assets/Scenes/Scene_Laboratory/Scene_Laboratory/Lightmap-28_comp_shadowmask.png using Guid(309bab97c5c19be4e907bf3e6afcf0c5) Importer(815301076,1909f56bfc062723c751e8b465ee728b)  -> (artifact id: 'dd81093b8be611b5a5039be2636611cc') in 0.066046 seconds 
========================================================================
Received Import Request.
  Time since last request: 0.000070 seconds.
  path: Assets/Scenes/Scene_Laboratory/Scene_Laboratory/Lightmap-57_comp_dir.png
  artifactKey: Guid(13d068ec280ba5d479f891adc88872ba) Importer(815301076,1909f56bfc062723c751e8b465ee728b)
Start importing Assets/Scenes/Scene_Laboratory/Scene_Laboratory/Lightmap-57_comp_dir.png using Guid(13d068ec280ba5d479f891adc88872ba) Importer(815301076,1909f56bfc062723c751e8b465ee728b)  -> (artifact id: 'df5ae900d99c4bcc13f6bb3fd73fdffb') in 0.040657 seconds 
========================================================================
Received Import Request.
  Time since last request: 0.000098 seconds.
  path: Assets/Scenes/Scene_Laboratory/Scene_Laboratory/Lightmap-20_comp_shadowmask.png
  artifactKey: Guid(80e20a784f455444194b887bb941fecf) Importer(815301076,1909f56bfc062723c751e8b465ee728b)
Start importing Assets/Scenes/Scene_Laboratory/Scene_Laboratory/Lightmap-20_comp_shadowmask.png using Guid(80e20a784f455444194b887bb941fecf) Importer(815301076,1909f56bfc062723c751e8b465ee728b)  -> (artifact id: '025036352443e7558bf8cf8a99cb1619') in 0.101684 seconds 
Editor requested this worker to shutdown with reason: Scaling down because of idle timeout
AssetImportWorker is now disconnected from the server
Process exiting
