Unity Editor version:    2021.3.8f1 (b30333d56e81)
Branch:                  2021.3/staging
Build type:              Release
Batch mode:              YES
macOS version:           Version 12.5.1 (Build 21G83)
Darwin version:          21.6.0
Architecture:            x86_64
Running under Rosetta:   NO
Available memory:        16384 MB
Using pre-set license
Pro License: YES

COMMAND LINE ARGUMENTS:
/Users/umphaipunatipunumphai/Documents/Change++/2021.3.8f1/Unity.app/Contents/MacOS/Unity
-adb2
-batchMode
-noUpm
-name
AssetImportWorker3
-projectPath
/Users/umphaipunatipunumphai/Documents/GitHub/SecretProject/My project
-logFile
Logs/AssetImportWorker3.log
-srvPort
50214
Successfully changed project path to: /Users/umphaipunatipunumphai/Documents/GitHub/SecretProject/My project
/Users/umphaipunatipunumphai/Documents/GitHub/SecretProject/My project
[UnityMemory] Configuration Parameters - Can be set up in boot.config
    "memorysetup-bucket-allocator-granularity=16"
    "memorysetup-bucket-allocator-bucket-count=8"
    "memorysetup-bucket-allocator-block-size=33554432"
    "memorysetup-bucket-allocator-block-count=8"
    "memorysetup-main-allocator-block-size=16777216"
    "memorysetup-thread-allocator-block-size=16777216"
    "memorysetup-gfx-main-allocator-block-size=16777216"
    "memorysetup-gfx-thread-allocator-block-size=16777216"
    "memorysetup-cache-allocator-block-size=4194304"
    "memorysetup-typetree-allocator-block-size=2097152"
    "memorysetup-profiler-bucket-allocator-granularity=16"
    "memorysetup-profiler-bucket-allocator-bucket-count=8"
    "memorysetup-profiler-bucket-allocator-block-size=33554432"
    "memorysetup-profiler-bucket-allocator-block-count=8"
    "memorysetup-profiler-allocator-block-size=16777216"
    "memorysetup-profiler-editor-allocator-block-size=1048576"
    "memorysetup-temp-allocator-size-main=16777216"
    "memorysetup-job-temp-allocator-block-size=2097152"
    "memorysetup-job-temp-allocator-block-size-background=1048576"
    "memorysetup-job-temp-allocator-reduction-small-platforms=262144"
    "memorysetup-temp-allocator-size-background-worker=32768"
    "memorysetup-temp-allocator-size-job-worker=262144"
    "memorysetup-temp-allocator-size-preload-manager=33554432"
    "memorysetup-temp-allocator-size-nav-mesh-worker=65536"
    "memorysetup-temp-allocator-size-audio-worker=65536"
    "memorysetup-temp-allocator-size-cloud-worker=32768"
    "memorysetup-temp-allocator-size-gi-baking-worker=262144"
    "memorysetup-temp-allocator-size-gfx=262144"
Refreshing native plugins compatible for Editor in 107.18 ms, found 2 plugins.
Preloading 0 native plugins for Editor in 0.00 ms.
Initialize engine version: 2021.3.8f1 (b30333d56e81)
[Subsystems] Discovering subsystems at path /Users/umphaipunatipunumphai/Documents/Change++/2021.3.8f1/Unity.app/Contents/Resources/UnitySubsystems
[Subsystems] Discovering subsystems at path /Users/umphaipunatipunumphai/Documents/GitHub/SecretProject/My project/Assets
GfxDevice: creating device client; threaded=0; jobified=0
Color LCD preferred device: Intel(R) UHD Graphics 630 (low power)
Metal devices available: 2
0: AMD Radeon Pro 560X (high power)
1: Intel(R) UHD Graphics 630 (low power)
Using device AMD Radeon Pro 560X (high power)
Initializing Metal device caps: AMD Radeon Pro 560X
Initialize mono
Mono path[0] = '/Users/umphaipunatipunumphai/Documents/Change++/2021.3.8f1/Unity.app/Contents/Managed'
Mono path[1] = '/Users/umphaipunatipunumphai/Documents/Change++/2021.3.8f1/Unity.app/Contents/MonoBleedingEdge/lib/mono/unityjit-macos'
Mono config path = '/Users/umphaipunatipunumphai/Documents/Change++/2021.3.8f1/Unity.app/Contents/MonoBleedingEdge/etc'
Using monoOptions --debugger-agent=transport=dt_socket,embedding=1,server=y,suspend=n,address=127.0.0.1:56144
Begin MonoManager ReloadAssembly
Registering precompiled unity dll's ...
Register platform support module: /Users/umphaipunatipunumphai/Documents/Change++/2021.3.8f1/Unity.app/Contents/PlaybackEngines/MacStandaloneSupport/UnityEditor.OSXStandalone.Extensions.dll
Register platform support module: /Users/umphaipunatipunumphai/Documents/Change++/2021.3.8f1/PlaybackEngines/AndroidPlayer/UnityEditor.Android.Extensions.dll
Register platform support module: /Users/umphaipunatipunumphai/Documents/Change++/2021.3.8f1/PlaybackEngines/iOSSupport/UnityEditor.iOS.Extensions.dll
Registered in 0.001206 seconds.
[usbmuxd] Start listen thread
[usbmuxd] Listen thread started
[usbmuxd] Send listen message
Native extension for iOS target not found
Native extension for Android target not found
Native extension for OSXStandalone target not found
Refreshing native plugins compatible for Editor in 107.00 ms, found 2 plugins.
Preloading 0 native plugins for Editor in 0.00 ms.
Mono: successfully reloaded assembly
- Completed reload, in  0.942 seconds
Domain Reload Profiling:
	ReloadAssembly (942ms)
		BeginReloadAssembly (82ms)
			ExecutionOrderSort (0ms)
			DisableScriptedObjects (0ms)
			BackupInstance (0ms)
			ReleaseScriptingObjects (0ms)
			CreateAndSetChildDomain (1ms)
		EndReloadAssembly (687ms)
			LoadAssemblies (82ms)
			RebuildTransferFunctionScriptingTraits (0ms)
			SetupTypeCache (216ms)
			ReleaseScriptCaches (0ms)
			RebuildScriptCaches (39ms)
			SetupLoadedEditorAssemblies (360ms)
				LogAssemblyErrors (0ms)
				InitializePlatformSupportModulesInManaged (97ms)
				SetLoadedEditorAssemblies (0ms)
				RefreshPlugins (107ms)
				BeforeProcessingInitializeOnLoad (1ms)
				ProcessInitializeOnLoadAttributes (104ms)
				ProcessInitializeOnLoadMethodAttributes (50ms)
				AfterProcessingInitializeOnLoad (0ms)
				EditorAssembliesLoaded (0ms)
			ExecutionOrderSort2 (0ms)
			AwakeInstancesAfterBackupRestoration (0ms)
Platform modules already initialized, skipping
Registering precompiled user dll's ...
Registered in 0.003379 seconds.
Begin MonoManager ReloadAssembly
Symbol file LoadedFromMemory doesn't match image /Users/umphaipunatipunumphai/Documents/GitHub/SecretProject/My project/Library/PackageCache/com.unity.visualscripting@1.7.8/Editor/VisualScripting.Core/Dependencies/YamlDotNet/Unity.VisualScripting.YamlDotNet.dll
Symbol file LoadedFromMemory doesn't match image /Users/umphaipunatipunumphai/Documents/GitHub/SecretProject/My project/Library/PackageCache/com.unity.visualscripting@1.7.8/Editor/VisualScripting.Core/Dependencies/DotNetZip/Unity.VisualScripting.IonicZip.dll
Native extension for iOS target not found
Native extension for Android target not found
Native extension for OSXStandalone target not found
Refreshing native plugins compatible for Editor in 0.60 ms, found 2 plugins.
Preloading 0 native plugins for Editor in 0.00 ms.
Mono: successfully reloaded assembly
- Completed reload, in  1.319 seconds
Domain Reload Profiling:
	ReloadAssembly (1320ms)
		BeginReloadAssembly (242ms)
			ExecutionOrderSort (0ms)
			DisableScriptedObjects (7ms)
			BackupInstance (0ms)
			ReleaseScriptingObjects (0ms)
			CreateAndSetChildDomain (147ms)
		EndReloadAssembly (944ms)
			LoadAssemblies (79ms)
			RebuildTransferFunctionScriptingTraits (0ms)
			SetupTypeCache (341ms)
			ReleaseScriptCaches (3ms)
			RebuildScriptCaches (66ms)
			SetupLoadedEditorAssemblies (417ms)
				LogAssemblyErrors (0ms)
				InitializePlatformSupportModulesInManaged (26ms)
				SetLoadedEditorAssemblies (1ms)
				RefreshPlugins (1ms)
				BeforeProcessingInitializeOnLoad (86ms)
				ProcessInitializeOnLoadAttributes (272ms)
				ProcessInitializeOnLoadMethodAttributes (31ms)
				AfterProcessingInitializeOnLoad (1ms)
				EditorAssembliesLoaded (0ms)
			ExecutionOrderSort2 (0ms)
			AwakeInstancesAfterBackupRestoration (4ms)
Platform modules already initialized, skipping
========================================================================
Worker process is ready to serve import requests
Launching external process: /Users/umphaipunatipunumphai/Documents/Change++/2021.3.8f1/Unity.app/Contents/Tools/UnityShaderCompiler
Launched and connected shader compiler UnityShaderCompiler after 0.07 seconds
Refreshing native plugins compatible for Editor in 0.67 ms, found 2 plugins.
Preloading 0 native plugins for Editor in 0.00 ms.
Unloading 3380 Unused Serialized files (Serialized files now loaded: 0)
Unloading 27 unused Assets / (94.5 KB). Loaded Objects now: 3839.
Memory consumption went from 233.7 MB to 233.6 MB.
Total: 3.688261 ms (FindLiveObjects: 0.281228 ms CreateObjectMapping: 0.209219 ms MarkObjects: 3.057984 ms  DeleteObjects: 0.138865 ms)

AssetImportParameters requested are different than current active one (requested -> active):
  custom:video-decoder-ogg-theora: a1e56fd34408186e4bbccfd4996cb3dc -> 
  custom:container-muxer-webm: aa71ff27fc2769a1b78a27578f13a17b -> 
  custom:container-demuxer-webm: 4f35f7cbe854078d1ac9338744f61a02 -> 
  custom:video-encoder-webm-vp8: eb34c28f22e8b96e1ab97ce403110664 -> 
  custom:framework-osx-AVFoundation: e770b220cccbd017edd2c1fefb359320 -> 
  custom:audio-encoder-webm-vorbis: bf7c407c2cedff20999df2af8eb42d56 -> 
  custom:container-demuxer-ogg: 62fdf1f143b41e24485cea50d1cbac27 -> 
  custom:video-decoder-webm-vp8: 9c59270c3fd7afecdb556c50c9e8de78 -> 
  custom:audio-decoder-ogg-vorbis: bf7c407c2cedff20999df2af8eb42d56 -> 
========================================================================
Received Import Request.
  Time since last request: 8595.289757 seconds.
  path: Assets/Laboratory/Prefabs/Architecture/Pipes/Pipe01Base01b.prefab
  artifactKey: Guid(2c5dbc21a3ee4774f9a5f70f5cbd1e8d) Importer(815301076,1909f56bfc062723c751e8b465ee728b)
Start importing Assets/Laboratory/Prefabs/Architecture/Pipes/Pipe01Base01b.prefab using Guid(2c5dbc21a3ee4774f9a5f70f5cbd1e8d) Importer(815301076,1909f56bfc062723c751e8b465ee728b)  -> (artifact id: '926ce383dd1a610755652fc6f0563d1f') in 0.701339 seconds 
========================================================================
Received Import Request.
  Time since last request: 0.000118 seconds.
  path: Assets/Laboratory/Prefabs/Architecture/Pipes/Pipe01Curve01d.prefab
  artifactKey: Guid(e7b8be6c55b9b02479401394510b356c) Importer(815301076,1909f56bfc062723c751e8b465ee728b)
Start importing Assets/Laboratory/Prefabs/Architecture/Pipes/Pipe01Curve01d.prefab using Guid(e7b8be6c55b9b02479401394510b356c) Importer(815301076,1909f56bfc062723c751e8b465ee728b)  -> (artifact id: '2b97580f7e6421f6dc239509cd6103be') in 0.031528 seconds 
========================================================================
Received Import Request.
  Time since last request: 0.000074 seconds.
  path: Assets/Laboratory/Prefabs/Architecture/Pipes/Pipe01Fitting01h.prefab
  artifactKey: Guid(2523964fd19297349a60b737aac6774a) Importer(815301076,1909f56bfc062723c751e8b465ee728b)
Start importing Assets/Laboratory/Prefabs/Architecture/Pipes/Pipe01Fitting01h.prefab using Guid(2523964fd19297349a60b737aac6774a) Importer(815301076,1909f56bfc062723c751e8b465ee728b)  -> (artifact id: '8538325dd087e265c149bc8caf19ed2d') in 0.174970 seconds 
========================================================================
Received Import Request.
  Time since last request: 2.458171 seconds.
  path: Assets/Laboratory/Prefabs/Architecture/Wall01/Wall01bTop.prefab
  artifactKey: Guid(320e7eb1385ad2545a700d61318a7dea) Importer(815301076,1909f56bfc062723c751e8b465ee728b)
Start importing Assets/Laboratory/Prefabs/Architecture/Wall01/Wall01bTop.prefab using Guid(320e7eb1385ad2545a700d61318a7dea) Importer(815301076,1909f56bfc062723c751e8b465ee728b)  -> (artifact id: '44a03789a26254ce435ea6632b047ced') in 0.069813 seconds 
========================================================================
Received Import Request.
  Time since last request: 0.000108 seconds.
  path: Assets/Laboratory/Prefabs/Architecture/Wall01/Wall01Top.prefab
  artifactKey: Guid(41cf052a9e42e9a41ab0266c0e04ccd6) Importer(815301076,1909f56bfc062723c751e8b465ee728b)
Start importing Assets/Laboratory/Prefabs/Architecture/Wall01/Wall01Top.prefab using Guid(41cf052a9e42e9a41ab0266c0e04ccd6) Importer(815301076,1909f56bfc062723c751e8b465ee728b)  -> (artifact id: '52002f31efda9f6e49e1e5e4aee8c32b') in 0.042462 seconds 
========================================================================
Received Import Request.
  Time since last request: 0.000113 seconds.
  path: Assets/Laboratory/Prefabs/Architecture/Wall01/Wall01c.prefab
  artifactKey: Guid(d2d5cd19a28bc8b4bbce2d82a594e9c9) Importer(815301076,1909f56bfc062723c751e8b465ee728b)
Start importing Assets/Laboratory/Prefabs/Architecture/Wall01/Wall01c.prefab using Guid(d2d5cd19a28bc8b4bbce2d82a594e9c9) Importer(815301076,1909f56bfc062723c751e8b465ee728b)  -> (artifact id: '4cb88ae880bb9c4babd9e60949a5847b') in 0.040254 seconds 
========================================================================
Received Import Request.
  Time since last request: 1.520889 seconds.
  path: Assets/Laboratory/Prefabs/Architecture/Wall02/Wall02bTop.prefab
  artifactKey: Guid(297f111f09ee9cd48b7ce6064d755bc6) Importer(815301076,1909f56bfc062723c751e8b465ee728b)
Start importing Assets/Laboratory/Prefabs/Architecture/Wall02/Wall02bTop.prefab using Guid(297f111f09ee9cd48b7ce6064d755bc6) Importer(815301076,1909f56bfc062723c751e8b465ee728b)  -> (artifact id: 'a72694d66377bb5bffc02a2592ba6671') in 0.137370 seconds 
========================================================================
Received Import Request.
  Time since last request: 0.000089 seconds.
  path: Assets/Laboratory/Prefabs/Architecture/Wall02/Wall02CornerExt.prefab
  artifactKey: Guid(f7b78ea5e808f7f4bb4cc5a98892c9c4) Importer(815301076,1909f56bfc062723c751e8b465ee728b)
Start importing Assets/Laboratory/Prefabs/Architecture/Wall02/Wall02CornerExt.prefab using Guid(f7b78ea5e808f7f4bb4cc5a98892c9c4) Importer(815301076,1909f56bfc062723c751e8b465ee728b)  -> (artifact id: 'f0d893b62f631a4bc37b5597be6b015a') in 0.030379 seconds 
========================================================================
Received Import Request.
  Time since last request: 0.000110 seconds.
  path: Assets/Laboratory/Prefabs/Architecture/Wall02/Wall02CornerExtTop.prefab
  artifactKey: Guid(dc7bdce909ae8f84faf0dfd2be806e94) Importer(815301076,1909f56bfc062723c751e8b465ee728b)
Start importing Assets/Laboratory/Prefabs/Architecture/Wall02/Wall02CornerExtTop.prefab using Guid(dc7bdce909ae8f84faf0dfd2be806e94) Importer(815301076,1909f56bfc062723c751e8b465ee728b)  -> (artifact id: 'd0e010cda64fac2fbf462f1710021d24') in 0.031205 seconds 
========================================================================
Received Import Request.
  Time since last request: 0.000138 seconds.
  path: Assets/Laboratory/Prefabs/Architecture/Wall02/Wall02Window.prefab
  artifactKey: Guid(41387528aec7c0d44a4fc42f1bf237b8) Importer(815301076,1909f56bfc062723c751e8b465ee728b)
Start importing Assets/Laboratory/Prefabs/Architecture/Wall02/Wall02Window.prefab using Guid(41387528aec7c0d44a4fc42f1bf237b8) Importer(815301076,1909f56bfc062723c751e8b465ee728b)  -> (artifact id: 'af6eb74886731591e2edb314e78e7115') in 0.540112 seconds 
========================================================================
Received Import Request.
  Time since last request: 1.033894 seconds.
  path: Assets/Laboratory/Prefabs/Architecture/Wall03/Wall03bTop.prefab
  artifactKey: Guid(f71e4afc75d5746479dc331941b2147b) Importer(815301076,1909f56bfc062723c751e8b465ee728b)
Start importing Assets/Laboratory/Prefabs/Architecture/Wall03/Wall03bTop.prefab using Guid(f71e4afc75d5746479dc331941b2147b) Importer(815301076,1909f56bfc062723c751e8b465ee728b)  -> (artifact id: '94249f70378fef0a314cc9509cd32385') in 0.017137 seconds 
========================================================================
Received Import Request.
  Time since last request: 0.000092 seconds.
  path: Assets/Laboratory/Prefabs/Architecture/Wall03/Wall03Window.prefab
  artifactKey: Guid(0f39303e66d0a0f489eb9c4f9284595b) Importer(815301076,1909f56bfc062723c751e8b465ee728b)
Start importing Assets/Laboratory/Prefabs/Architecture/Wall03/Wall03Window.prefab using Guid(0f39303e66d0a0f489eb9c4f9284595b) Importer(815301076,1909f56bfc062723c751e8b465ee728b)  -> (artifact id: '11e99df0e2097d8413bd48a06e067a07') in 2.987232 seconds 
========================================================================
Received Import Request.
  Time since last request: 3.530456 seconds.
  path: Assets/Laboratory/Prefabs/Furniture/Bench/Bench01d.prefab
  artifactKey: Guid(9381b0d6c5695fe419b3b478829971c3) Importer(815301076,1909f56bfc062723c751e8b465ee728b)
Start importing Assets/Laboratory/Prefabs/Furniture/Bench/Bench01d.prefab using Guid(9381b0d6c5695fe419b3b478829971c3) Importer(815301076,1909f56bfc062723c751e8b465ee728b)  -> (artifact id: 'd4c3854be02a9bc36f305764707ed0da') in 0.102071 seconds 
========================================================================
Received Import Request.
  Time since last request: 1.006479 seconds.
  path: Assets/Laboratory/Prefabs/Furniture/Cabinet/Cabinet02b.prefab
  artifactKey: Guid(c9b9d0debacb476429895d8e4b1a3f5e) Importer(815301076,1909f56bfc062723c751e8b465ee728b)
Start importing Assets/Laboratory/Prefabs/Furniture/Cabinet/Cabinet02b.prefab using Guid(c9b9d0debacb476429895d8e4b1a3f5e) Importer(815301076,1909f56bfc062723c751e8b465ee728b)  -> (artifact id: '4be94d909cd9d6dfc3984a93954d92d7') in 0.051916 seconds 
========================================================================
Received Import Request.
  Time since last request: 0.705410 seconds.
  path: Assets/Laboratory/Prefabs/Furniture/Cupboard/CupboardCabinet01.prefab
  artifactKey: Guid(2189b2e50b78ff440800c23cbf7fd0ce) Importer(815301076,1909f56bfc062723c751e8b465ee728b)
Start importing Assets/Laboratory/Prefabs/Furniture/Cupboard/CupboardCabinet01.prefab using Guid(2189b2e50b78ff440800c23cbf7fd0ce) Importer(815301076,1909f56bfc062723c751e8b465ee728b)  -> (artifact id: '532a5d5afd8b45f6e30865d240063811') in 0.038045 seconds 
========================================================================
Received Import Request.
  Time since last request: 0.655791 seconds.
  path: Assets/Laboratory/Prefabs/Furniture/Fridge/Fridge02_Full Variant.prefab
  artifactKey: Guid(6cd7e83503a383e4eb46d925e2f70fa0) Importer(815301076,1909f56bfc062723c751e8b465ee728b)
Start importing Assets/Laboratory/Prefabs/Furniture/Fridge/Fridge02_Full Variant.prefab using Guid(6cd7e83503a383e4eb46d925e2f70fa0) Importer(815301076,1909f56bfc062723c751e8b465ee728b)  -> (artifact id: '0c224bcb4e26ea3a5f7f4ee07f5baf65') in 2.494618 seconds 
Editor requested this worker to shutdown with reason: Scaling down because of idle timeout
AssetImportWorker is now disconnected from the server
Process exiting
