Unity Editor version:    2021.3.8f1 (b30333d56e81)
Branch:                  2021.3/staging
Build type:              Release
Batch mode:              YES
macOS version:           Version 12.5.1 (Build 21G83)
Darwin version:          21.6.0
Architecture:            x86_64
Running under Rosetta:   NO
Available memory:        16384 MB
Using pre-set license
Pro License: YES

COMMAND LINE ARGUMENTS:
/Users/umphaipunatipunumphai/Documents/Change++/2021.3.8f1/Unity.app/Contents/MacOS/Unity
-adb2
-batchMode
-noUpm
-name
AssetImportWorker1
-projectPath
/Users/umphaipunatipunumphai/Documents/GitHub/SecretProject/My project
-logFile
Logs/AssetImportWorker1.log
-srvPort
50214
Successfully changed project path to: /Users/umphaipunatipunumphai/Documents/GitHub/SecretProject/My project
/Users/umphaipunatipunumphai/Documents/GitHub/SecretProject/My project
[UnityMemory] Configuration Parameters - Can be set up in boot.config
    "memorysetup-bucket-allocator-granularity=16"
    "memorysetup-bucket-allocator-bucket-count=8"
    "memorysetup-bucket-allocator-block-size=33554432"
    "memorysetup-bucket-allocator-block-count=8"
    "memorysetup-main-allocator-block-size=16777216"
    "memorysetup-thread-allocator-block-size=16777216"
    "memorysetup-gfx-main-allocator-block-size=16777216"
    "memorysetup-gfx-thread-allocator-block-size=16777216"
    "memorysetup-cache-allocator-block-size=4194304"
    "memorysetup-typetree-allocator-block-size=2097152"
    "memorysetup-profiler-bucket-allocator-granularity=16"
    "memorysetup-profiler-bucket-allocator-bucket-count=8"
    "memorysetup-profiler-bucket-allocator-block-size=33554432"
    "memorysetup-profiler-bucket-allocator-block-count=8"
    "memorysetup-profiler-allocator-block-size=16777216"
    "memorysetup-profiler-editor-allocator-block-size=1048576"
    "memorysetup-temp-allocator-size-main=16777216"
    "memorysetup-job-temp-allocator-block-size=2097152"
    "memorysetup-job-temp-allocator-block-size-background=1048576"
    "memorysetup-job-temp-allocator-reduction-small-platforms=262144"
    "memorysetup-temp-allocator-size-background-worker=32768"
    "memorysetup-temp-allocator-size-job-worker=262144"
    "memorysetup-temp-allocator-size-preload-manager=33554432"
    "memorysetup-temp-allocator-size-nav-mesh-worker=65536"
    "memorysetup-temp-allocator-size-audio-worker=65536"
    "memorysetup-temp-allocator-size-cloud-worker=32768"
    "memorysetup-temp-allocator-size-gi-baking-worker=262144"
    "memorysetup-temp-allocator-size-gfx=262144"
Refreshing native plugins compatible for Editor in 113.39 ms, found 2 plugins.
Preloading 0 native plugins for Editor in 0.00 ms.
Initialize engine version: 2021.3.8f1 (b30333d56e81)
[Subsystems] Discovering subsystems at path /Users/umphaipunatipunumphai/Documents/Change++/2021.3.8f1/Unity.app/Contents/Resources/UnitySubsystems
[Subsystems] Discovering subsystems at path /Users/umphaipunatipunumphai/Documents/GitHub/SecretProject/My project/Assets
GfxDevice: creating device client; threaded=0; jobified=0
Color LCD preferred device: Intel(R) UHD Graphics 630 (low power)
Metal devices available: 2
0: AMD Radeon Pro 560X (high power)
1: Intel(R) UHD Graphics 630 (low power)
Using device AMD Radeon Pro 560X (high power)
Initializing Metal device caps: AMD Radeon Pro 560X
Initialize mono
Mono path[0] = '/Users/umphaipunatipunumphai/Documents/Change++/2021.3.8f1/Unity.app/Contents/Managed'
Mono path[1] = '/Users/umphaipunatipunumphai/Documents/Change++/2021.3.8f1/Unity.app/Contents/MonoBleedingEdge/lib/mono/unityjit-macos'
Mono config path = '/Users/umphaipunatipunumphai/Documents/Change++/2021.3.8f1/Unity.app/Contents/MonoBleedingEdge/etc'
Using monoOptions --debugger-agent=transport=dt_socket,embedding=1,server=y,suspend=n,address=127.0.0.1:56107
Begin MonoManager ReloadAssembly
Registering precompiled unity dll's ...
Register platform support module: /Users/umphaipunatipunumphai/Documents/Change++/2021.3.8f1/Unity.app/Contents/PlaybackEngines/MacStandaloneSupport/UnityEditor.OSXStandalone.Extensions.dll
Register platform support module: /Users/umphaipunatipunumphai/Documents/Change++/2021.3.8f1/PlaybackEngines/AndroidPlayer/UnityEditor.Android.Extensions.dll
Register platform support module: /Users/umphaipunatipunumphai/Documents/Change++/2021.3.8f1/PlaybackEngines/iOSSupport/UnityEditor.iOS.Extensions.dll
Registered in 0.009415 seconds.
[usbmuxd] Start listen thread
[usbmuxd] Listen thread started
[usbmuxd] Send listen message
Native extension for iOS target not found
2022-08-20 16:43:48.851 Unity[13107:136943] [XcodeApplications] Failed to read NSDictionary from path /Contents/Info.plist
Native extension for Android target not found
Native extension for OSXStandalone target not found
Refreshing native plugins compatible for Editor in 97.26 ms, found 2 plugins.
Preloading 0 native plugins for Editor in 0.00 ms.
Mono: successfully reloaded assembly
- Completed reload, in  0.883 seconds
Domain Reload Profiling:
	ReloadAssembly (884ms)
		BeginReloadAssembly (128ms)
			ExecutionOrderSort (0ms)
			DisableScriptedObjects (0ms)
			BackupInstance (0ms)
			ReleaseScriptingObjects (0ms)
			CreateAndSetChildDomain (1ms)
		EndReloadAssembly (611ms)
			LoadAssemblies (133ms)
			RebuildTransferFunctionScriptingTraits (0ms)
			SetupTypeCache (155ms)
			ReleaseScriptCaches (0ms)
			RebuildScriptCaches (34ms)
			SetupLoadedEditorAssemblies (358ms)
				LogAssemblyErrors (0ms)
				InitializePlatformSupportModulesInManaged (112ms)
				SetLoadedEditorAssemblies (0ms)
				RefreshPlugins (97ms)
				BeforeProcessingInitializeOnLoad (1ms)
				ProcessInitializeOnLoadAttributes (100ms)
				ProcessInitializeOnLoadMethodAttributes (47ms)
				AfterProcessingInitializeOnLoad (0ms)
				EditorAssembliesLoaded (0ms)
			ExecutionOrderSort2 (0ms)
			AwakeInstancesAfterBackupRestoration (0ms)
Platform modules already initialized, skipping
Registering precompiled user dll's ...
Registered in 0.014970 seconds.
Begin MonoManager ReloadAssembly
Symbol file LoadedFromMemory doesn't match image /Users/umphaipunatipunumphai/Documents/GitHub/SecretProject/My project/Library/PackageCache/com.unity.visualscripting@1.7.8/Editor/VisualScripting.Core/Dependencies/YamlDotNet/Unity.VisualScripting.YamlDotNet.dll
Symbol file LoadedFromMemory doesn't match image /Users/umphaipunatipunumphai/Documents/GitHub/SecretProject/My project/Library/PackageCache/com.unity.visualscripting@1.7.8/Editor/VisualScripting.Core/Dependencies/DotNetZip/Unity.VisualScripting.IonicZip.dll
Native extension for iOS target not found
2022-08-20 16:43:52.226 Unity[13107:136943] [XcodeApplications] Failed to read NSDictionary from path /Contents/Info.plist
Native extension for Android target not found
Native extension for OSXStandalone target not found
Refreshing native plugins compatible for Editor in 0.69 ms, found 2 plugins.
Preloading 0 native plugins for Editor in 0.00 ms.
Mono: successfully reloaded assembly
- Completed reload, in  1.428 seconds
Domain Reload Profiling:
	ReloadAssembly (1429ms)
		BeginReloadAssembly (241ms)
			ExecutionOrderSort (0ms)
			DisableScriptedObjects (7ms)
			BackupInstance (0ms)
			ReleaseScriptingObjects (0ms)
			CreateAndSetChildDomain (148ms)
		EndReloadAssembly (1049ms)
			LoadAssemblies (147ms)
			RebuildTransferFunctionScriptingTraits (0ms)
			SetupTypeCache (352ms)
			ReleaseScriptCaches (4ms)
			RebuildScriptCaches (58ms)
			SetupLoadedEditorAssemblies (441ms)
				LogAssemblyErrors (0ms)
				InitializePlatformSupportModulesInManaged (34ms)
				SetLoadedEditorAssemblies (1ms)
				RefreshPlugins (1ms)
				BeforeProcessingInitializeOnLoad (80ms)
				ProcessInitializeOnLoadAttributes (286ms)
				ProcessInitializeOnLoadMethodAttributes (39ms)
				AfterProcessingInitializeOnLoad (1ms)
				EditorAssembliesLoaded (0ms)
			ExecutionOrderSort2 (0ms)
			AwakeInstancesAfterBackupRestoration (5ms)
Platform modules already initialized, skipping
========================================================================
Worker process is ready to serve import requests
Launching external process: /Users/umphaipunatipunumphai/Documents/Change++/2021.3.8f1/Unity.app/Contents/Tools/UnityShaderCompiler
Launched and connected shader compiler UnityShaderCompiler after 0.07 seconds
Refreshing native plugins compatible for Editor in 0.75 ms, found 2 plugins.
Preloading 0 native plugins for Editor in 0.00 ms.
Unloading 3380 Unused Serialized files (Serialized files now loaded: 0)
Unloading 27 unused Assets / (94.5 KB). Loaded Objects now: 3839.
Memory consumption went from 233.6 MB to 233.5 MB.
Total: 3.730263 ms (FindLiveObjects: 0.259705 ms CreateObjectMapping: 0.168919 ms MarkObjects: 3.155283 ms  DeleteObjects: 0.145506 ms)

AssetImportParameters requested are different than current active one (requested -> active):
  custom:video-decoder-ogg-theora: a1e56fd34408186e4bbccfd4996cb3dc -> 
  custom:container-muxer-webm: aa71ff27fc2769a1b78a27578f13a17b -> 
  custom:container-demuxer-webm: 4f35f7cbe854078d1ac9338744f61a02 -> 
  custom:video-encoder-webm-vp8: eb34c28f22e8b96e1ab97ce403110664 -> 
  custom:framework-osx-AVFoundation: e770b220cccbd017edd2c1fefb359320 -> 
  custom:audio-encoder-webm-vorbis: bf7c407c2cedff20999df2af8eb42d56 -> 
  custom:container-demuxer-ogg: 62fdf1f143b41e24485cea50d1cbac27 -> 
  custom:video-decoder-webm-vp8: 9c59270c3fd7afecdb556c50c9e8de78 -> 
  custom:audio-decoder-ogg-vorbis: bf7c407c2cedff20999df2af8eb42d56 -> 
========================================================================
Received Import Request.
  Time since last request: 8583.983444 seconds.
  path: Assets/Laboratory/Prefabs/Architecture/Base
  artifactKey: Guid(3d028e1fed0d7414baa06b3f10a0703c) Importer(815301076,1909f56bfc062723c751e8b465ee728b)
Start importing Assets/Laboratory/Prefabs/Architecture/Base using Guid(3d028e1fed0d7414baa06b3f10a0703c) Importer(815301076,1909f56bfc062723c751e8b465ee728b)  -> (artifact id: '38a25aea37e4ed268f0f46bd71d5ea30') in 0.006451 seconds 
========================================================================
Received Import Request.
  Time since last request: 0.000130 seconds.
  path: Assets/Laboratory/Prefabs/Architecture
  artifactKey: Guid(37a0aa7a69e160343bb3ff8708d919a3) Importer(815301076,1909f56bfc062723c751e8b465ee728b)
Start importing Assets/Laboratory/Prefabs/Architecture using Guid(37a0aa7a69e160343bb3ff8708d919a3) Importer(815301076,1909f56bfc062723c751e8b465ee728b)  -> (artifact id: '7ce58ac0687d6a1471b0458f9112b128') in 0.000753 seconds 
========================================================================
Received Import Request.
  Time since last request: 4.236104 seconds.
  path: Assets/Laboratory/Prefabs/Architecture/CeilingGrid/CeilingGridPannelCenter.prefab
  artifactKey: Guid(39c64436538485c4781a30827435dfc1) Importer(815301076,1909f56bfc062723c751e8b465ee728b)
Start importing Assets/Laboratory/Prefabs/Architecture/CeilingGrid/CeilingGridPannelCenter.prefab using Guid(39c64436538485c4781a30827435dfc1) Importer(815301076,1909f56bfc062723c751e8b465ee728b)  -> (artifact id: '4ec47541319b792d8451b65b4ded2970') in 1.094574 seconds 
========================================================================
Received Import Request.
  Time since last request: 2.293387 seconds.
  path: Assets/Laboratory/Prefabs/Architecture/Doors/Door01b.prefab
  artifactKey: Guid(f591062f8e7008646a1b2c8fcd524a53) Importer(815301076,1909f56bfc062723c751e8b465ee728b)
Start importing Assets/Laboratory/Prefabs/Architecture/Doors/Door01b.prefab using Guid(f591062f8e7008646a1b2c8fcd524a53) Importer(815301076,1909f56bfc062723c751e8b465ee728b)  -> (artifact id: '6a62eec5a6c7e7fe40e5aa2012b22fe6') in 0.054147 seconds 
========================================================================
Received Import Request.
  Time since last request: 0.000066 seconds.
  path: Assets/Laboratory/Prefabs/Architecture/Doors/Door01bWindow.prefab
  artifactKey: Guid(8cea1a67e08778740b77e8a9869d92f6) Importer(815301076,1909f56bfc062723c751e8b465ee728b)
Start importing Assets/Laboratory/Prefabs/Architecture/Doors/Door01bWindow.prefab using Guid(8cea1a67e08778740b77e8a9869d92f6) Importer(815301076,1909f56bfc062723c751e8b465ee728b)  -> (artifact id: '1b4081f4cdb8aadfb6e880616ec49cb1') in 0.493256 seconds 
========================================================================
Received Import Request.
  Time since last request: 3.094697 seconds.
  path: Assets/Laboratory/Prefabs/Architecture/Pipes/Pipe01Base01.prefab
  artifactKey: Guid(843bae705103fbb41ae936d71db3519d) Importer(815301076,1909f56bfc062723c751e8b465ee728b)
Start importing Assets/Laboratory/Prefabs/Architecture/Pipes/Pipe01Base01.prefab using Guid(843bae705103fbb41ae936d71db3519d) Importer(815301076,1909f56bfc062723c751e8b465ee728b)  -> (artifact id: 'a291b561053dbc9832b243441bba1628') in 0.035414 seconds 
========================================================================
Received Import Request.
  Time since last request: 0.000088 seconds.
  path: Assets/Laboratory/Prefabs/Architecture/Pipes/Pipe01Curve01f.prefab
  artifactKey: Guid(0618934a994696f4f8607cfb62bbd245) Importer(815301076,1909f56bfc062723c751e8b465ee728b)
Start importing Assets/Laboratory/Prefabs/Architecture/Pipes/Pipe01Curve01f.prefab using Guid(0618934a994696f4f8607cfb62bbd245) Importer(815301076,1909f56bfc062723c751e8b465ee728b)  -> (artifact id: 'c957f453c75c38553e69ca7fa44944a9') in 0.020966 seconds 
========================================================================
Received Import Request.
  Time since last request: 0.000090 seconds.
  path: Assets/Laboratory/Prefabs/Architecture/Pipes/Pipe01Fitting01e.prefab
  artifactKey: Guid(14a1580f47e881745bed7714e9b393d7) Importer(815301076,1909f56bfc062723c751e8b465ee728b)
Start importing Assets/Laboratory/Prefabs/Architecture/Pipes/Pipe01Fitting01e.prefab using Guid(14a1580f47e881745bed7714e9b393d7) Importer(815301076,1909f56bfc062723c751e8b465ee728b)  -> (artifact id: '1702ba9dc7986489157a215b60d9658b') in 0.601745 seconds 
========================================================================
Received Import Request.
  Time since last request: 0.000109 seconds.
  path: Assets/Laboratory/Prefabs/Architecture/Pipes/Pipe03Curve01b.prefab
  artifactKey: Guid(872928f03373079488d6d962ac6c5624) Importer(815301076,1909f56bfc062723c751e8b465ee728b)
Start importing Assets/Laboratory/Prefabs/Architecture/Pipes/Pipe03Curve01b.prefab using Guid(872928f03373079488d6d962ac6c5624) Importer(815301076,1909f56bfc062723c751e8b465ee728b)  -> (artifact id: 'bc3cf519cde1ad687d586c66887f542c') in 0.024187 seconds 
========================================================================
Received Import Request.
  Time since last request: 0.000100 seconds.
  path: Assets/Laboratory/Prefabs/Architecture/Pipes/Pipe02Curve01b.prefab
  artifactKey: Guid(58109e67c48d2a24182d8fca2f945cee) Importer(815301076,1909f56bfc062723c751e8b465ee728b)
Start importing Assets/Laboratory/Prefabs/Architecture/Pipes/Pipe02Curve01b.prefab using Guid(58109e67c48d2a24182d8fca2f945cee) Importer(815301076,1909f56bfc062723c751e8b465ee728b)  -> (artifact id: '9b50e02a340740232c52f1885a33016e') in 0.025025 seconds 
========================================================================
Received Import Request.
  Time since last request: 0.000118 seconds.
  path: Assets/Laboratory/Prefabs/Architecture/Pipes/Pipe03.prefab
  artifactKey: Guid(7553cc9c88178aa44986f7f518ab0679) Importer(815301076,1909f56bfc062723c751e8b465ee728b)
Start importing Assets/Laboratory/Prefabs/Architecture/Pipes/Pipe03.prefab using Guid(7553cc9c88178aa44986f7f518ab0679) Importer(815301076,1909f56bfc062723c751e8b465ee728b)  -> (artifact id: '2cfc1f997f088763b184f4f4a96b7189') in 0.022574 seconds 
========================================================================
Received Import Request.
  Time since last request: 0.000151 seconds.
  path: Assets/Laboratory/Prefabs/Architecture/Pipes/Pipe01Curve02c.prefab
  artifactKey: Guid(6730b66de7f1ffe46850633ab2ef4366) Importer(815301076,1909f56bfc062723c751e8b465ee728b)
Start importing Assets/Laboratory/Prefabs/Architecture/Pipes/Pipe01Curve02c.prefab using Guid(6730b66de7f1ffe46850633ab2ef4366) Importer(815301076,1909f56bfc062723c751e8b465ee728b)  -> (artifact id: '18d1588633a857a6496143202ed3df25') in 0.025873 seconds 
========================================================================
Received Import Request.
  Time since last request: 0.000131 seconds.
  path: Assets/Laboratory/Prefabs/Architecture/Pipes/Pipe03Fitting01.prefab
  artifactKey: Guid(fcd0de08ab6b1fb4d8375c327ec0b1dd) Importer(815301076,1909f56bfc062723c751e8b465ee728b)
Start importing Assets/Laboratory/Prefabs/Architecture/Pipes/Pipe03Fitting01.prefab using Guid(fcd0de08ab6b1fb4d8375c327ec0b1dd) Importer(815301076,1909f56bfc062723c751e8b465ee728b)  -> (artifact id: '44c8ed603662b9b56c5bf4f036cb1a17') in 0.023357 seconds 
========================================================================
Received Import Request.
  Time since last request: 2.542436 seconds.
  path: Assets/Laboratory/Prefabs/Architecture/Wall01/Wall01bDoor.prefab
  artifactKey: Guid(a0c1f28e054ad9d439b2b1335f9732cb) Importer(815301076,1909f56bfc062723c751e8b465ee728b)
Start importing Assets/Laboratory/Prefabs/Architecture/Wall01/Wall01bDoor.prefab using Guid(a0c1f28e054ad9d439b2b1335f9732cb) Importer(815301076,1909f56bfc062723c751e8b465ee728b)  -> (artifact id: 'fecf866f268cf2f193ebef7ef81c2079') in 0.062813 seconds 
========================================================================
Received Import Request.
  Time since last request: 0.000081 seconds.
  path: Assets/Laboratory/Prefabs/Architecture/Wall01/Wall01CornerExt.prefab
  artifactKey: Guid(0cea7df262e6618488812de44729c8ac) Importer(815301076,1909f56bfc062723c751e8b465ee728b)
Start importing Assets/Laboratory/Prefabs/Architecture/Wall01/Wall01CornerExt.prefab using Guid(0cea7df262e6618488812de44729c8ac) Importer(815301076,1909f56bfc062723c751e8b465ee728b)  -> (artifact id: 'e9caea145cc710ba83cf0415110fd593') in 0.036682 seconds 
========================================================================
Received Import Request.
  Time since last request: 0.000078 seconds.
  path: Assets/Laboratory/Prefabs/Architecture/Wall01/Wall01CornerInt.prefab
  artifactKey: Guid(d82d79245581de04eaec12fee9e46b26) Importer(815301076,1909f56bfc062723c751e8b465ee728b)
Start importing Assets/Laboratory/Prefabs/Architecture/Wall01/Wall01CornerInt.prefab using Guid(d82d79245581de04eaec12fee9e46b26) Importer(815301076,1909f56bfc062723c751e8b465ee728b)  -> (artifact id: 'a2b56e94b6fcc00b14d94ca9d28e6358') in 0.042395 seconds 
========================================================================
Received Import Request.
  Time since last request: 1.529327 seconds.
  path: Assets/Laboratory/Prefabs/Architecture/Wall02/Wall02bDoor.prefab
  artifactKey: Guid(da95f1176a1f6ba43aef083d5623b608) Importer(815301076,1909f56bfc062723c751e8b465ee728b)
Start importing Assets/Laboratory/Prefabs/Architecture/Wall02/Wall02bDoor.prefab using Guid(da95f1176a1f6ba43aef083d5623b608) Importer(815301076,1909f56bfc062723c751e8b465ee728b)  -> (artifact id: '9dcf2182b3e73a94524d593f17bad9e9') in 0.133518 seconds 
========================================================================
Received Import Request.
  Time since last request: 0.000152 seconds.
  path: Assets/Laboratory/Prefabs/Architecture/Wall02/Wall02cTop.prefab
  artifactKey: Guid(c4402a99b5f4ee142864357b19c731ff) Importer(815301076,1909f56bfc062723c751e8b465ee728b)
Start importing Assets/Laboratory/Prefabs/Architecture/Wall02/Wall02cTop.prefab using Guid(c4402a99b5f4ee142864357b19c731ff) Importer(815301076,1909f56bfc062723c751e8b465ee728b)  -> (artifact id: 'bd585326c6d127a283000aa9c8e7351b') in 0.028997 seconds 
========================================================================
Received Import Request.
  Time since last request: 0.000127 seconds.
  path: Assets/Laboratory/Prefabs/Architecture/Wall02/Wall02cDoor.prefab
  artifactKey: Guid(bbcec02c19f0c5348b758ddab247997d) Importer(815301076,1909f56bfc062723c751e8b465ee728b)
Start importing Assets/Laboratory/Prefabs/Architecture/Wall02/Wall02cDoor.prefab using Guid(bbcec02c19f0c5348b758ddab247997d) Importer(815301076,1909f56bfc062723c751e8b465ee728b)  -> (artifact id: '1cc33ec3ee7cdeb826fa4dcda602560c') in 0.030726 seconds 
========================================================================
Received Import Request.
  Time since last request: 0.000110 seconds.
  path: Assets/Laboratory/Prefabs/Architecture/Wall02/Wall02c.prefab
  artifactKey: Guid(d29a09225a47f4b4fbf05340802f8770) Importer(815301076,1909f56bfc062723c751e8b465ee728b)
Start importing Assets/Laboratory/Prefabs/Architecture/Wall02/Wall02c.prefab using Guid(d29a09225a47f4b4fbf05340802f8770) Importer(815301076,1909f56bfc062723c751e8b465ee728b)  -> (artifact id: '9c4b33f3e852785b0a93336eef15c43b') in 0.028249 seconds 
========================================================================
Received Import Request.
  Time since last request: 0.000162 seconds.
  path: Assets/Laboratory/Prefabs/Architecture/Wall02/Wall02Top.prefab
  artifactKey: Guid(f72a794cff6d8334e85953b8827c1d25) Importer(815301076,1909f56bfc062723c751e8b465ee728b)
Start importing Assets/Laboratory/Prefabs/Architecture/Wall02/Wall02Top.prefab using Guid(f72a794cff6d8334e85953b8827c1d25) Importer(815301076,1909f56bfc062723c751e8b465ee728b)  -> (artifact id: '860932d508bc57793d28707fd6b6247c') in 0.022415 seconds 
========================================================================
Received Import Request.
  Time since last request: 1.516997 seconds.
  path: Assets/Laboratory/Prefabs/Architecture/Wall03/Wall03bDoor.prefab
  artifactKey: Guid(1f072e88f1ee42340892a24ae1386f24) Importer(815301076,1909f56bfc062723c751e8b465ee728b)
Start importing Assets/Laboratory/Prefabs/Architecture/Wall03/Wall03bDoor.prefab using Guid(1f072e88f1ee42340892a24ae1386f24) Importer(815301076,1909f56bfc062723c751e8b465ee728b)  -> (artifact id: '72076af29e6227b087c8279a3cc21d48') in 0.025264 seconds 
========================================================================
Received Import Request.
  Time since last request: 0.000118 seconds.
  path: Assets/Laboratory/Prefabs/Architecture/Wall03/Wall03cTop.prefab
  artifactKey: Guid(7a11cd7650c78de4ea91e5808ea5a717) Importer(815301076,1909f56bfc062723c751e8b465ee728b)
Start importing Assets/Laboratory/Prefabs/Architecture/Wall03/Wall03cTop.prefab using Guid(7a11cd7650c78de4ea91e5808ea5a717) Importer(815301076,1909f56bfc062723c751e8b465ee728b)  -> (artifact id: '873c627b2669a3bb2fd4469b57d52d7b') in 0.024700 seconds 
========================================================================
Received Import Request.
  Time since last request: 0.000137 seconds.
  path: Assets/Laboratory/Prefabs/Architecture/Wall03/Wall03CornerExt.prefab
  artifactKey: Guid(3dd1b2bbb0e41d346bafbc8678be6769) Importer(815301076,1909f56bfc062723c751e8b465ee728b)
Start importing Assets/Laboratory/Prefabs/Architecture/Wall03/Wall03CornerExt.prefab using Guid(3dd1b2bbb0e41d346bafbc8678be6769) Importer(815301076,1909f56bfc062723c751e8b465ee728b)  -> (artifact id: '02ade3edddf37613947dda161caf675e') in 0.016761 seconds 
========================================================================
Received Import Request.
  Time since last request: 0.000106 seconds.
  path: Assets/Laboratory/Prefabs/Architecture/Wall03/Wall03cWindow.prefab
  artifactKey: Guid(3e74318af15d5964c8b8c6732bdbee5f) Importer(815301076,1909f56bfc062723c751e8b465ee728b)
Start importing Assets/Laboratory/Prefabs/Architecture/Wall03/Wall03cWindow.prefab using Guid(3e74318af15d5964c8b8c6732bdbee5f) Importer(815301076,1909f56bfc062723c751e8b465ee728b)  -> (artifact id: '837d51d3b73c705a2a8e685cbc89f3be') in 2.921101 seconds 
========================================================================
Received Import Request.
  Time since last request: 3.524537 seconds.
  path: Assets/Laboratory/Prefabs/Furniture/Bench/Bench01c.prefab
  artifactKey: Guid(69bf48edeb9f6534287d10066ab7708a) Importer(815301076,1909f56bfc062723c751e8b465ee728b)
Start importing Assets/Laboratory/Prefabs/Furniture/Bench/Bench01c.prefab using Guid(69bf48edeb9f6534287d10066ab7708a) Importer(815301076,1909f56bfc062723c751e8b465ee728b)  -> (artifact id: 'f87bcc13132ba0e12b416e025fbc7e67') in 0.046710 seconds 
========================================================================
Received Import Request.
  Time since last request: 0.000092 seconds.
  path: Assets/Laboratory/Prefabs/Furniture/Bench/Bench02c.prefab
  artifactKey: Guid(e640fed8df5e6664d966b8592b5ec987) Importer(815301076,1909f56bfc062723c751e8b465ee728b)
Start importing Assets/Laboratory/Prefabs/Furniture/Bench/Bench02c.prefab using Guid(e640fed8df5e6664d966b8592b5ec987) Importer(815301076,1909f56bfc062723c751e8b465ee728b)  -> (artifact id: '7ce015435aca83bc6b8fb83c3db4786f') in 0.046609 seconds 
========================================================================
Received Import Request.
  Time since last request: 0.000098 seconds.
  path: Assets/Laboratory/Prefabs/Furniture/Bench/Bench03b.prefab
  artifactKey: Guid(ff8475d7e30a8dc48bedae47265a60a7) Importer(815301076,1909f56bfc062723c751e8b465ee728b)
Start importing Assets/Laboratory/Prefabs/Furniture/Bench/Bench03b.prefab using Guid(ff8475d7e30a8dc48bedae47265a60a7) Importer(815301076,1909f56bfc062723c751e8b465ee728b)  -> (artifact id: '2280c2885a79b29fc7f425cc0b7bf2df') in 0.039242 seconds 
========================================================================
Received Import Request.
  Time since last request: 0.959398 seconds.
  path: Assets/Laboratory/Prefabs/Furniture/Cabinet/Cabinet02.prefab
  artifactKey: Guid(583a6a85c31c6dc48b213150cc794a4b) Importer(815301076,1909f56bfc062723c751e8b465ee728b)
Start importing Assets/Laboratory/Prefabs/Furniture/Cabinet/Cabinet02.prefab using Guid(583a6a85c31c6dc48b213150cc794a4b) Importer(815301076,1909f56bfc062723c751e8b465ee728b)  -> (artifact id: '331c90afe6ebd10aed77a9128bf2d8f0') in 0.037682 seconds 
========================================================================
Received Import Request.
  Time since last request: 0.719667 seconds.
  path: Assets/Laboratory/Prefabs/Furniture/Cupboard/Cupboard03.prefab
  artifactKey: Guid(12cac3b22ad1a5e45bbe4a35f48a5e18) Importer(815301076,1909f56bfc062723c751e8b465ee728b)
Start importing Assets/Laboratory/Prefabs/Furniture/Cupboard/Cupboard03.prefab using Guid(12cac3b22ad1a5e45bbe4a35f48a5e18) Importer(815301076,1909f56bfc062723c751e8b465ee728b)  -> (artifact id: 'ee05a5cba9908b558406f322b2da6645') in 0.097910 seconds 
========================================================================
Received Import Request.
  Time since last request: 0.596226 seconds.
  path: Assets/Laboratory/Prefabs/Furniture/Fridge/Fridge02.prefab
  artifactKey: Guid(d13d36e5efeb8fa46b66c39738be33bd) Importer(815301076,1909f56bfc062723c751e8b465ee728b)
Start importing Assets/Laboratory/Prefabs/Furniture/Fridge/Fridge02.prefab using Guid(d13d36e5efeb8fa46b66c39738be33bd) Importer(815301076,1909f56bfc062723c751e8b465ee728b)  -> (artifact id: '10f2ef8e69d5944d27fdc6dae7b95ea7') in 0.059501 seconds 
========================================================================
Received Import Request.
  Time since last request: 1.799004 seconds.
  path: Assets/Laboratory/Prefabs/Furniture/OverBench/Overbench02.prefab
  artifactKey: Guid(149aff2c616a441499f45c5435f700d0) Importer(815301076,1909f56bfc062723c751e8b465ee728b)
Start importing Assets/Laboratory/Prefabs/Furniture/OverBench/Overbench02.prefab using Guid(149aff2c616a441499f45c5435f700d0) Importer(815301076,1909f56bfc062723c751e8b465ee728b)  -> (artifact id: '5ac4f0766f02ffba6ebcab7baaaacc7d') in 0.059044 seconds 
Editor requested this worker to shutdown with reason: Scaling down because of idle timeout
AssetImportWorker is now disconnected from the server
Process exiting
