Unity Editor version:    2021.3.8f1 (b30333d56e81)
Branch:                  2021.3/staging
Build type:              Release
Batch mode:              YES
macOS version:           Version 12.5.1 (Build 21G83)
Darwin version:          21.6.0
Architecture:            x86_64
Running under Rosetta:   NO
Available memory:        16384 MB
Using pre-set license
Pro License: YES

COMMAND LINE ARGUMENTS:
/Users/umphaipunatipunumphai/Documents/Change++/2021.3.8f1/Unity.app/Contents/MacOS/Unity
-adb2
-batchMode
-noUpm
-name
AssetImportWorker6
-projectPath
/Users/umphaipunatipunumphai/Documents/GitHub/SecretProject/My project
-logFile
Logs/AssetImportWorker6.log
-srvPort
50214
Successfully changed project path to: /Users/umphaipunatipunumphai/Documents/GitHub/SecretProject/My project
/Users/umphaipunatipunumphai/Documents/GitHub/SecretProject/My project
[UnityMemory] Configuration Parameters - Can be set up in boot.config
    "memorysetup-bucket-allocator-granularity=16"
    "memorysetup-bucket-allocator-bucket-count=8"
    "memorysetup-bucket-allocator-block-size=33554432"
    "memorysetup-bucket-allocator-block-count=8"
    "memorysetup-main-allocator-block-size=16777216"
    "memorysetup-thread-allocator-block-size=16777216"
    "memorysetup-gfx-main-allocator-block-size=16777216"
    "memorysetup-gfx-thread-allocator-block-size=16777216"
    "memorysetup-cache-allocator-block-size=4194304"
    "memorysetup-typetree-allocator-block-size=2097152"
    "memorysetup-profiler-bucket-allocator-granularity=16"
    "memorysetup-profiler-bucket-allocator-bucket-count=8"
    "memorysetup-profiler-bucket-allocator-block-size=33554432"
    "memorysetup-profiler-bucket-allocator-block-count=8"
    "memorysetup-profiler-allocator-block-size=16777216"
    "memorysetup-profiler-editor-allocator-block-size=1048576"
    "memorysetup-temp-allocator-size-main=16777216"
    "memorysetup-job-temp-allocator-block-size=2097152"
    "memorysetup-job-temp-allocator-block-size-background=1048576"
    "memorysetup-job-temp-allocator-reduction-small-platforms=262144"
    "memorysetup-temp-allocator-size-background-worker=32768"
    "memorysetup-temp-allocator-size-job-worker=262144"
    "memorysetup-temp-allocator-size-preload-manager=33554432"
    "memorysetup-temp-allocator-size-nav-mesh-worker=65536"
    "memorysetup-temp-allocator-size-audio-worker=65536"
    "memorysetup-temp-allocator-size-cloud-worker=32768"
    "memorysetup-temp-allocator-size-gi-baking-worker=262144"
    "memorysetup-temp-allocator-size-gfx=262144"
Refreshing native plugins compatible for Editor in 145.50 ms, found 2 plugins.
Preloading 0 native plugins for Editor in 0.00 ms.
Initialize engine version: 2021.3.8f1 (b30333d56e81)
[Subsystems] Discovering subsystems at path /Users/umphaipunatipunumphai/Documents/Change++/2021.3.8f1/Unity.app/Contents/Resources/UnitySubsystems
[Subsystems] Discovering subsystems at path /Users/umphaipunatipunumphai/Documents/GitHub/SecretProject/My project/Assets
GfxDevice: creating device client; threaded=0; jobified=0
Color LCD preferred device: Intel(R) UHD Graphics 630 (low power)
Metal devices available: 2
0: AMD Radeon Pro 560X (high power)
1: Intel(R) UHD Graphics 630 (low power)
Using device AMD Radeon Pro 560X (high power)
Initializing Metal device caps: AMD Radeon Pro 560X
Initialize mono
Mono path[0] = '/Users/umphaipunatipunumphai/Documents/Change++/2021.3.8f1/Unity.app/Contents/Managed'
Mono path[1] = '/Users/umphaipunatipunumphai/Documents/Change++/2021.3.8f1/Unity.app/Contents/MonoBleedingEdge/lib/mono/unityjit-macos'
Mono config path = '/Users/umphaipunatipunumphai/Documents/Change++/2021.3.8f1/Unity.app/Contents/MonoBleedingEdge/etc'
Using monoOptions --debugger-agent=transport=dt_socket,embedding=1,server=y,suspend=n,address=127.0.0.1:56872
Begin MonoManager ReloadAssembly
Registering precompiled unity dll's ...
Register platform support module: /Users/umphaipunatipunumphai/Documents/Change++/2021.3.8f1/Unity.app/Contents/PlaybackEngines/MacStandaloneSupport/UnityEditor.OSXStandalone.Extensions.dll
Register platform support module: /Users/umphaipunatipunumphai/Documents/Change++/2021.3.8f1/PlaybackEngines/AndroidPlayer/UnityEditor.Android.Extensions.dll
Register platform support module: /Users/umphaipunatipunumphai/Documents/Change++/2021.3.8f1/PlaybackEngines/iOSSupport/UnityEditor.iOS.Extensions.dll
Registered in 0.000944 seconds.
[usbmuxd] Start listen thread
[usbmuxd] Listen thread started
[usbmuxd] Send listen message
Native extension for iOS target not found
Native extension for Android target not found
Native extension for OSXStandalone target not found
Refreshing native plugins compatible for Editor in 94.19 ms, found 2 plugins.
Preloading 0 native plugins for Editor in 0.00 ms.
Mono: successfully reloaded assembly
- Completed reload, in  0.795 seconds
Domain Reload Profiling:
	ReloadAssembly (795ms)
		BeginReloadAssembly (69ms)
			ExecutionOrderSort (0ms)
			DisableScriptedObjects (0ms)
			BackupInstance (0ms)
			ReleaseScriptingObjects (0ms)
			CreateAndSetChildDomain (1ms)
		EndReloadAssembly (593ms)
			LoadAssemblies (69ms)
			RebuildTransferFunctionScriptingTraits (0ms)
			SetupTypeCache (157ms)
			ReleaseScriptCaches (0ms)
			RebuildScriptCaches (35ms)
			SetupLoadedEditorAssemblies (346ms)
				LogAssemblyErrors (0ms)
				InitializePlatformSupportModulesInManaged (97ms)
				SetLoadedEditorAssemblies (0ms)
				RefreshPlugins (94ms)
				BeforeProcessingInitializeOnLoad (1ms)
				ProcessInitializeOnLoadAttributes (100ms)
				ProcessInitializeOnLoadMethodAttributes (53ms)
				AfterProcessingInitializeOnLoad (0ms)
				EditorAssembliesLoaded (0ms)
			ExecutionOrderSort2 (0ms)
			AwakeInstancesAfterBackupRestoration (0ms)
Platform modules already initialized, skipping
Registering precompiled user dll's ...
Registered in 0.002166 seconds.
Begin MonoManager ReloadAssembly
Symbol file LoadedFromMemory doesn't match image /Users/umphaipunatipunumphai/Documents/GitHub/SecretProject/My project/Library/PackageCache/com.unity.visualscripting@1.7.8/Editor/VisualScripting.Core/Dependencies/YamlDotNet/Unity.VisualScripting.YamlDotNet.dll
Symbol file LoadedFromMemory doesn't match image /Users/umphaipunatipunumphai/Documents/GitHub/SecretProject/My project/Library/PackageCache/com.unity.visualscripting@1.7.8/Editor/VisualScripting.Core/Dependencies/DotNetZip/Unity.VisualScripting.IonicZip.dll
Native extension for iOS target not found
Native extension for Android target not found
Native extension for OSXStandalone target not found
Refreshing native plugins compatible for Editor in 0.70 ms, found 2 plugins.
Preloading 0 native plugins for Editor in 0.00 ms.
Mono: successfully reloaded assembly
- Completed reload, in  1.333 seconds
Domain Reload Profiling:
	ReloadAssembly (1334ms)
		BeginReloadAssembly (239ms)
			ExecutionOrderSort (0ms)
			DisableScriptedObjects (7ms)
			BackupInstance (0ms)
			ReleaseScriptingObjects (0ms)
			CreateAndSetChildDomain (148ms)
		EndReloadAssembly (958ms)
			LoadAssemblies (76ms)
			RebuildTransferFunctionScriptingTraits (0ms)
			SetupTypeCache (348ms)
			ReleaseScriptCaches (3ms)
			RebuildScriptCaches (65ms)
			SetupLoadedEditorAssemblies (418ms)
				LogAssemblyErrors (0ms)
				InitializePlatformSupportModulesInManaged (29ms)
				SetLoadedEditorAssemblies (1ms)
				RefreshPlugins (1ms)
				BeforeProcessingInitializeOnLoad (82ms)
				ProcessInitializeOnLoadAttributes (273ms)
				ProcessInitializeOnLoadMethodAttributes (31ms)
				AfterProcessingInitializeOnLoad (1ms)
				EditorAssembliesLoaded (0ms)
			ExecutionOrderSort2 (0ms)
			AwakeInstancesAfterBackupRestoration (4ms)
Platform modules already initialized, skipping
========================================================================
Worker process is ready to serve import requests
Launching external process: /Users/umphaipunatipunumphai/Documents/Change++/2021.3.8f1/Unity.app/Contents/Tools/UnityShaderCompiler
Launched and connected shader compiler UnityShaderCompiler after 0.06 seconds
Refreshing native plugins compatible for Editor in 0.68 ms, found 2 plugins.
Preloading 0 native plugins for Editor in 0.00 ms.
Unloading 3380 Unused Serialized files (Serialized files now loaded: 0)
Unloading 27 unused Assets / (94.7 KB). Loaded Objects now: 3841.
Memory consumption went from 307.5 MB to 307.4 MB.
Total: 4.123192 ms (FindLiveObjects: 0.309053 ms CreateObjectMapping: 0.223847 ms MarkObjects: 3.435143 ms  DeleteObjects: 0.153944 ms)

AssetImportParameters requested are different than current active one (requested -> active):
  custom:video-decoder-ogg-theora: a1e56fd34408186e4bbccfd4996cb3dc -> 
  custom:container-muxer-webm: aa71ff27fc2769a1b78a27578f13a17b -> 
  custom:container-demuxer-webm: 4f35f7cbe854078d1ac9338744f61a02 -> 
  custom:video-encoder-webm-vp8: eb34c28f22e8b96e1ab97ce403110664 -> 
  custom:framework-osx-AVFoundation: e770b220cccbd017edd2c1fefb359320 -> 
  custom:audio-encoder-webm-vorbis: bf7c407c2cedff20999df2af8eb42d56 -> 
  custom:container-demuxer-ogg: 62fdf1f143b41e24485cea50d1cbac27 -> 
  custom:video-decoder-webm-vp8: 9c59270c3fd7afecdb556c50c9e8de78 -> 
  custom:audio-decoder-ogg-vorbis: bf7c407c2cedff20999df2af8eb42d56 -> 
========================================================================
Received Import Request.
  Time since last request: 9070.242446 seconds.
  path: Assets/Laboratory/Models/Architecture/Pipes/Pipe01Base01.fbx
  artifactKey: Guid(22ff0955bf7e10048ac045dd1be728e0) Importer(815301076,1909f56bfc062723c751e8b465ee728b)
Start importing Assets/Laboratory/Models/Architecture/Pipes/Pipe01Base01.fbx using Guid(22ff0955bf7e10048ac045dd1be728e0) Importer(815301076,1909f56bfc062723c751e8b465ee728b)  -> (artifact id: '8f61cf86e102e17dc2abcc268a8a3811') in 0.415349 seconds 
========================================================================
Received Import Request.
  Time since last request: 0.000080 seconds.
  path: Assets/Laboratory/Models/Architecture/Pipes/Pipe01Base01d.fbx
  artifactKey: Guid(ecafbfc606f27614dbb260e61d2136f1) Importer(815301076,1909f56bfc062723c751e8b465ee728b)
Start importing Assets/Laboratory/Models/Architecture/Pipes/Pipe01Base01d.fbx using Guid(ecafbfc606f27614dbb260e61d2136f1) Importer(815301076,1909f56bfc062723c751e8b465ee728b)  -> (artifact id: 'fff89345d8cdbe966c916517d92ab429') in 0.024065 seconds 
========================================================================
Received Import Request.
  Time since last request: 0.000069 seconds.
  path: Assets/Laboratory/Models/Architecture/Pipes/Pipe01Fitting02e.fbx
  artifactKey: Guid(7a0c4784f31c01c4fa8cebfd028fd7d7) Importer(815301076,1909f56bfc062723c751e8b465ee728b)
Start importing Assets/Laboratory/Models/Architecture/Pipes/Pipe01Fitting02e.fbx using Guid(7a0c4784f31c01c4fa8cebfd028fd7d7) Importer(815301076,1909f56bfc062723c751e8b465ee728b)  -> (artifact id: '623c076f36eea205316bd1e69cdc18c4') in 0.027784 seconds 
========================================================================
Received Import Request.
  Time since last request: 0.000135 seconds.
  path: Assets/Laboratory/Models/Architecture/Pipes/Pipe01Fitting01b.fbx
  artifactKey: Guid(1dea11c8917f0c94bb1a261a833d9b6a) Importer(815301076,1909f56bfc062723c751e8b465ee728b)
Start importing Assets/Laboratory/Models/Architecture/Pipes/Pipe01Fitting01b.fbx using Guid(1dea11c8917f0c94bb1a261a833d9b6a) Importer(815301076,1909f56bfc062723c751e8b465ee728b)  -> (artifact id: '2fd40e48f0a9e3a2e6a5520760ddbcfc') in 0.024349 seconds 
========================================================================
Received Import Request.
  Time since last request: 0.000068 seconds.
  path: Assets/Laboratory/Models/Architecture/Pipes/Pipe01d.fbx
  artifactKey: Guid(f4c850f9cf827c5418ee3e719b322f12) Importer(815301076,1909f56bfc062723c751e8b465ee728b)
Start importing Assets/Laboratory/Models/Architecture/Pipes/Pipe01d.fbx using Guid(f4c850f9cf827c5418ee3e719b322f12) Importer(815301076,1909f56bfc062723c751e8b465ee728b)  -> (artifact id: 'cb348a31a339eb6140c13e7822be3f17') in 0.023822 seconds 
========================================================================
Received Import Request.
  Time since last request: 0.000214 seconds.
  path: Assets/Laboratory/Models/Architecture/Pipes/Pipe01Fitting02c.fbx
  artifactKey: Guid(1bf8ed8cbce57674da3bd7a6b6e05022) Importer(815301076,1909f56bfc062723c751e8b465ee728b)
Start importing Assets/Laboratory/Models/Architecture/Pipes/Pipe01Fitting02c.fbx using Guid(1bf8ed8cbce57674da3bd7a6b6e05022) Importer(815301076,1909f56bfc062723c751e8b465ee728b)  -> (artifact id: 'd739cafa81afc721af133c63707eaa85') in 0.042719 seconds 
========================================================================
Received Import Request.
  Time since last request: 0.000081 seconds.
  path: Assets/Laboratory/Models/Architecture/Pipes/Pipe01Fitting01d.fbx
  artifactKey: Guid(d7266d6fcb48e8c42a7cd68c5eba3831) Importer(815301076,1909f56bfc062723c751e8b465ee728b)
Start importing Assets/Laboratory/Models/Architecture/Pipes/Pipe01Fitting01d.fbx using Guid(d7266d6fcb48e8c42a7cd68c5eba3831) Importer(815301076,1909f56bfc062723c751e8b465ee728b)  -> (artifact id: '847cf89d52506779e88391a5fd1e497d') in 0.029174 seconds 
========================================================================
Received Import Request.
  Time since last request: 2.182566 seconds.
  path: Assets/Laboratory/Models/Architecture/Wall02/Wall02bDoor.fbx
  artifactKey: Guid(c0362d992e5abec4e915701915f3f7b2) Importer(815301076,1909f56bfc062723c751e8b465ee728b)
Start importing Assets/Laboratory/Models/Architecture/Wall02/Wall02bDoor.fbx using Guid(c0362d992e5abec4e915701915f3f7b2) Importer(815301076,1909f56bfc062723c751e8b465ee728b)  -> (artifact id: '2ae7a786f1b0ae668dbb781c263c226d') in 0.024521 seconds 
========================================================================
Received Import Request.
  Time since last request: 0.000065 seconds.
  path: Assets/Laboratory/Models/Architecture/Wall02/Wall02WindowCornerExt.fbx
  artifactKey: Guid(71d24964cc8c1a74b9f9375eb5d4018e) Importer(815301076,1909f56bfc062723c751e8b465ee728b)
Start importing Assets/Laboratory/Models/Architecture/Wall02/Wall02WindowCornerExt.fbx using Guid(71d24964cc8c1a74b9f9375eb5d4018e) Importer(815301076,1909f56bfc062723c751e8b465ee728b)  -> (artifact id: '20459b3dd6b52adbaa46390999c7acaa') in 0.030123 seconds 
========================================================================
Received Import Request.
  Time since last request: 0.000083 seconds.
  path: Assets/Laboratory/Models/Architecture/Wall02/Wall02CornerExtTop.fbx
  artifactKey: Guid(2583704d55c30d1459e7a2c8eed092ac) Importer(815301076,1909f56bfc062723c751e8b465ee728b)
Start importing Assets/Laboratory/Models/Architecture/Wall02/Wall02CornerExtTop.fbx using Guid(2583704d55c30d1459e7a2c8eed092ac) Importer(815301076,1909f56bfc062723c751e8b465ee728b)  -> (artifact id: 'be1aff7ac2bc7c9d5c1249655ffa6ba2') in 0.030007 seconds 
========================================================================
Received Import Request.
  Time since last request: 0.000062 seconds.
  path: Assets/Laboratory/Models/Architecture/Wall02/Wall02Window.fbx
  artifactKey: Guid(371e418e25cff294cacadfb3a14de6d5) Importer(815301076,1909f56bfc062723c751e8b465ee728b)
Start importing Assets/Laboratory/Models/Architecture/Wall02/Wall02Window.fbx using Guid(371e418e25cff294cacadfb3a14de6d5) Importer(815301076,1909f56bfc062723c751e8b465ee728b)  -> (artifact id: 'c66f52a57768076c8ee32be1f596fcbc') in 0.022076 seconds 
========================================================================
Received Import Request.
  Time since last request: 0.000106 seconds.
  path: Assets/Laboratory/Models/Architecture/Wall02/Wall02Top.fbx
  artifactKey: Guid(fb6f4dc4d56f2a24c8a506677ac1001f) Importer(815301076,1909f56bfc062723c751e8b465ee728b)
Start importing Assets/Laboratory/Models/Architecture/Wall02/Wall02Top.fbx using Guid(fb6f4dc4d56f2a24c8a506677ac1001f) Importer(815301076,1909f56bfc062723c751e8b465ee728b)  -> (artifact id: 'e3c5312d2dcb681cac55c983e2a0a2e2') in 0.026304 seconds 
========================================================================
Received Import Request.
  Time since last request: 1.238021 seconds.
  path: Assets/Laboratory/Models/Architecture/Wall03/Wall03bDoor.fbx
  artifactKey: Guid(e33fc5031a4b3304a96c970da6b43979) Importer(815301076,1909f56bfc062723c751e8b465ee728b)
Start importing Assets/Laboratory/Models/Architecture/Wall03/Wall03bDoor.fbx using Guid(e33fc5031a4b3304a96c970da6b43979) Importer(815301076,1909f56bfc062723c751e8b465ee728b)  -> (artifact id: '9ef88816c727274bc78b423a6f70f7c8') in 0.022851 seconds 
========================================================================
Received Import Request.
  Time since last request: 0.000081 seconds.
  path: Assets/Laboratory/Models/Architecture/Wall03/Wall03CornerIntTop.fbx
  artifactKey: Guid(81bf6fc8a61f7b848ab9805e44eff82c) Importer(815301076,1909f56bfc062723c751e8b465ee728b)
Start importing Assets/Laboratory/Models/Architecture/Wall03/Wall03CornerIntTop.fbx using Guid(81bf6fc8a61f7b848ab9805e44eff82c) Importer(815301076,1909f56bfc062723c751e8b465ee728b)  -> (artifact id: 'ef9c40545f0848783ddeac7a2a596f8c') in 0.018077 seconds 
========================================================================
Received Import Request.
  Time since last request: 0.000063 seconds.
  path: Assets/Laboratory/Models/Architecture/Wall03/Wall03bWindow.fbx
  artifactKey: Guid(aa991a4999858aa4b957e7cea3f39191) Importer(815301076,1909f56bfc062723c751e8b465ee728b)
Start importing Assets/Laboratory/Models/Architecture/Wall03/Wall03bWindow.fbx using Guid(aa991a4999858aa4b957e7cea3f39191) Importer(815301076,1909f56bfc062723c751e8b465ee728b)  -> (artifact id: 'b7d91c26a391eafdb42f134067a3d38d') in 0.030561 seconds 
========================================================================
Received Import Request.
  Time since last request: 0.000140 seconds.
  path: Assets/Laboratory/Models/Architecture/Wall03/Wall03CornerExtTop.fbx
  artifactKey: Guid(ab30a5e440de5be49a8b17043d8cbd02) Importer(815301076,1909f56bfc062723c751e8b465ee728b)
Start importing Assets/Laboratory/Models/Architecture/Wall03/Wall03CornerExtTop.fbx using Guid(ab30a5e440de5be49a8b17043d8cbd02) Importer(815301076,1909f56bfc062723c751e8b465ee728b)  -> (artifact id: '3d936a37863adba455e1dd664350ef2a') in 0.026008 seconds 
========================================================================
Received Import Request.
  Time since last request: 1.781935 seconds.
  path: Assets/Laboratory/Models/Architecture/Wall04/Wall04bDoor.fbx
  artifactKey: Guid(294e15b0a009bc849b08051c593ec973) Importer(815301076,1909f56bfc062723c751e8b465ee728b)
Start importing Assets/Laboratory/Models/Architecture/Wall04/Wall04bDoor.fbx using Guid(294e15b0a009bc849b08051c593ec973) Importer(815301076,1909f56bfc062723c751e8b465ee728b)  -> (artifact id: '1120c3e2e7bcf0908b6993a67ef253d9') in 0.023730 seconds 
========================================================================
Received Import Request.
  Time since last request: 0.000095 seconds.
  path: Assets/Laboratory/Models/Architecture/Wall04/Wall04Door.fbx
  artifactKey: Guid(b4eb3dcbdd3570648949e9ea708eba98) Importer(815301076,1909f56bfc062723c751e8b465ee728b)
Start importing Assets/Laboratory/Models/Architecture/Wall04/Wall04Door.fbx using Guid(b4eb3dcbdd3570648949e9ea708eba98) Importer(815301076,1909f56bfc062723c751e8b465ee728b)  -> (artifact id: '5ee5540d26365e9952356492f3683b42') in 0.031210 seconds 
========================================================================
Received Import Request.
  Time since last request: 2.447844 seconds.
  path: Assets/Laboratory/Models/Architecture/CeilingGrid/CeilingGridPannelRight.fbx
  artifactKey: Guid(3c8552e037da6b948a92bfdb964cf54d) Importer(815301076,1909f56bfc062723c751e8b465ee728b)
Start importing Assets/Laboratory/Models/Architecture/CeilingGrid/CeilingGridPannelRight.fbx using Guid(3c8552e037da6b948a92bfdb964cf54d) Importer(815301076,1909f56bfc062723c751e8b465ee728b)  -> (artifact id: '9a14ee0d62ec4d41ddc93bd82e905aaa') in 0.021271 seconds 
========================================================================
Received Import Request.
  Time since last request: 0.000068 seconds.
  path: Assets/Laboratory/Models/Architecture/CeilingGrid/CeilingGridRight.fbx
  artifactKey: Guid(5f849b0445c9f3448980088047c663e5) Importer(815301076,1909f56bfc062723c751e8b465ee728b)
Start importing Assets/Laboratory/Models/Architecture/CeilingGrid/CeilingGridRight.fbx using Guid(5f849b0445c9f3448980088047c663e5) Importer(815301076,1909f56bfc062723c751e8b465ee728b)  -> (artifact id: '6fa2a6f66cf12a09f4ad4833faed9174') in 0.032948 seconds 
========================================================================
Received Import Request.
  Time since last request: 0.000086 seconds.
  path: Assets/Laboratory/Models/Architecture/CeilingGrid/CeilingGridPannelUpLeft.fbx
  artifactKey: Guid(2410eb691d7865a4d91a32cea1dd6b58) Importer(815301076,1909f56bfc062723c751e8b465ee728b)
Start importing Assets/Laboratory/Models/Architecture/CeilingGrid/CeilingGridPannelUpLeft.fbx using Guid(2410eb691d7865a4d91a32cea1dd6b58) Importer(815301076,1909f56bfc062723c751e8b465ee728b)  -> (artifact id: '5f4f2ba06f1de91fdbe8cfadd4eac423') in 0.023952 seconds 
========================================================================
Received Import Request.
  Time since last request: 2.218827 seconds.
  path: Assets/Laboratory/Models/Architecture/Door/Door01bWindow.fbx
  artifactKey: Guid(5bab83b970c42dc42b489c0a14f59aa1) Importer(815301076,1909f56bfc062723c751e8b465ee728b)
Start importing Assets/Laboratory/Models/Architecture/Door/Door01bWindow.fbx using Guid(5bab83b970c42dc42b489c0a14f59aa1) Importer(815301076,1909f56bfc062723c751e8b465ee728b)  -> (artifact id: '07710828e66c684955039cb6c7a61852') in 0.024074 seconds 
========================================================================
Received Import Request.
  Time since last request: 1.216953 seconds.
  path: Assets/Laboratory/Models/Architecture/FloorBorder/FloorBorder01c.fbx
  artifactKey: Guid(81a0eb3f7b4041e40b4946383069dfdd) Importer(815301076,1909f56bfc062723c751e8b465ee728b)
Start importing Assets/Laboratory/Models/Architecture/FloorBorder/FloorBorder01c.fbx using Guid(81a0eb3f7b4041e40b4946383069dfdd) Importer(815301076,1909f56bfc062723c751e8b465ee728b)  -> (artifact id: '1b295529278d8c4f4bda6b91a593730d') in 0.024735 seconds 
========================================================================
Received Import Request.
  Time since last request: 0.000102 seconds.
  path: Assets/Laboratory/Models/Architecture/FloorBorder/FloorBorder01CornerInt.fbx
  artifactKey: Guid(2613f563584be4748bce1b09b3e01297) Importer(815301076,1909f56bfc062723c751e8b465ee728b)
Start importing Assets/Laboratory/Models/Architecture/FloorBorder/FloorBorder01CornerInt.fbx using Guid(2613f563584be4748bce1b09b3e01297) Importer(815301076,1909f56bfc062723c751e8b465ee728b)  -> (artifact id: 'c2ef0a5b4f1931cef766bd86b9fc6866') in 0.038954 seconds 
========================================================================
Received Import Request.
  Time since last request: 56.221092 seconds.
  path: Assets/Laboratory/Textures/Surfaces/FloorLino/Materials/FloorLino01Green.mat
  artifactKey: Guid(f1c369c866b3407468fab1f0248415f6) Importer(815301076,1909f56bfc062723c751e8b465ee728b)
Start importing Assets/Laboratory/Textures/Surfaces/FloorLino/Materials/FloorLino01Green.mat using Guid(f1c369c866b3407468fab1f0248415f6) Importer(815301076,1909f56bfc062723c751e8b465ee728b)  -> (artifact id: 'cec6f28f7c4e50f4b4adefb8398de754') in 0.508634 seconds 
========================================================================
Received Import Request.
  Time since last request: 187.327284 seconds.
  path: Assets/Laboratory/Textures/Surfaces/FloorTiles/Materials/FloorTiles01_MaskMap.png
  artifactKey: Guid(99baad60340454b4888a4484b5dafff1) Importer(815301076,1909f56bfc062723c751e8b465ee728b)
Start importing Assets/Laboratory/Textures/Surfaces/FloorTiles/Materials/FloorTiles01_MaskMap.png using Guid(99baad60340454b4888a4484b5dafff1) Importer(815301076,1909f56bfc062723c751e8b465ee728b)  -> (artifact id: '10517eda2a80c18383fa44fbb56c0485') in 0.149894 seconds 
========================================================================
Received Import Request.
  Time since last request: 0.000105 seconds.
  path: Assets/Laboratory/Textures/Surfaces/FloorTiles/Materials/FloorTiles02.mat
  artifactKey: Guid(5e36ca8b3cacc794cad5b3be0fb625be) Importer(815301076,1909f56bfc062723c751e8b465ee728b)
Start importing Assets/Laboratory/Textures/Surfaces/FloorTiles/Materials/FloorTiles02.mat using Guid(5e36ca8b3cacc794cad5b3be0fb625be) Importer(815301076,1909f56bfc062723c751e8b465ee728b)  -> (artifact id: '38e0f6b1cdc32d600558153d421d6fa4') in 0.081179 seconds 
========================================================================
Received Import Request.
  Time since last request: 95.595668 seconds.
  path: Assets/Laboratory/Textures/Surfaces/Metals/Materials/Copper01_MaskMap.png
  artifactKey: Guid(7b72de061e41e824e9e9893b1b4ebba0) Importer(815301076,1909f56bfc062723c751e8b465ee728b)
Start importing Assets/Laboratory/Textures/Surfaces/Metals/Materials/Copper01_MaskMap.png using Guid(7b72de061e41e824e9e9893b1b4ebba0) Importer(815301076,1909f56bfc062723c751e8b465ee728b)  -> (artifact id: '016577ed20dcbd904e3d254180026f5b') in 0.037705 seconds 
========================================================================
Received Import Request.
  Time since last request: 0.000075 seconds.
  path: Assets/Laboratory/Textures/Surfaces/Metals/Materials/MetalRed_MaskMap.png
  artifactKey: Guid(9d5d8a084e679e44e972572f68b0ce74) Importer(815301076,1909f56bfc062723c751e8b465ee728b)
Start importing Assets/Laboratory/Textures/Surfaces/Metals/Materials/MetalRed_MaskMap.png using Guid(9d5d8a084e679e44e972572f68b0ce74) Importer(815301076,1909f56bfc062723c751e8b465ee728b)  -> (artifact id: 'e1adbcd06de67b5580fcafd08f5af954') in 0.022499 seconds 
========================================================================
Received Import Request.
  Time since last request: 0.000077 seconds.
  path: Assets/Laboratory/Textures/Surfaces/Metals/Materials/Gold01.mat
  artifactKey: Guid(2613dbd5649798b43954d9a5a53b519b) Importer(815301076,1909f56bfc062723c751e8b465ee728b)
Start importing Assets/Laboratory/Textures/Surfaces/Metals/Materials/Gold01.mat using Guid(2613dbd5649798b43954d9a5a53b519b) Importer(815301076,1909f56bfc062723c751e8b465ee728b)  -> (artifact id: 'ab643192ab18ffd21961f1ce03ca1490') in 0.030704 seconds 
========================================================================
Received Import Request.
  Time since last request: 0.000093 seconds.
  path: Assets/Laboratory/Textures/Surfaces/Metals/Materials/Copper02.mat
  artifactKey: Guid(3fda851d6bc4f6446a6414dcb81dfeb8) Importer(815301076,1909f56bfc062723c751e8b465ee728b)
Start importing Assets/Laboratory/Textures/Surfaces/Metals/Materials/Copper02.mat using Guid(3fda851d6bc4f6446a6414dcb81dfeb8) Importer(815301076,1909f56bfc062723c751e8b465ee728b)  -> (artifact id: '3c26a3ae7b6fa42b7a67be576c363812') in 0.022415 seconds 
========================================================================
Received Import Request.
  Time since last request: 0.000087 seconds.
  path: Assets/Laboratory/Textures/Surfaces/Metals/Materials/Gold01_MaskMap.png
  artifactKey: Guid(8c4b54cfb3a819c49bd2d278d884927a) Importer(815301076,1909f56bfc062723c751e8b465ee728b)
Start importing Assets/Laboratory/Textures/Surfaces/Metals/Materials/Gold01_MaskMap.png using Guid(8c4b54cfb3a819c49bd2d278d884927a) Importer(815301076,1909f56bfc062723c751e8b465ee728b)  -> (artifact id: '31f2459f5a4f5b0d7755661040126e9c') in 0.020128 seconds 
========================================================================
Received Import Request.
  Time since last request: 0.000085 seconds.
  path: Assets/Laboratory/Textures/Surfaces/Metals/Materials/Metal01.mat
  artifactKey: Guid(69a30b867e7af07439546ce33086c268) Importer(815301076,1909f56bfc062723c751e8b465ee728b)
Start importing Assets/Laboratory/Textures/Surfaces/Metals/Materials/Metal01.mat using Guid(69a30b867e7af07439546ce33086c268) Importer(815301076,1909f56bfc062723c751e8b465ee728b)  -> (artifact id: '934cf001cebd666853ce7208f7794f88') in 0.021697 seconds 
========================================================================
Received Import Request.
  Time since last request: 0.000115 seconds.
  path: Assets/Laboratory/Textures/Surfaces/Metals/Materials/Metal01_MaskMap.png
  artifactKey: Guid(3d982d0b1bf1c3b46bad27bf366e7e4a) Importer(815301076,1909f56bfc062723c751e8b465ee728b)
Start importing Assets/Laboratory/Textures/Surfaces/Metals/Materials/Metal01_MaskMap.png using Guid(3d982d0b1bf1c3b46bad27bf366e7e4a) Importer(815301076,1909f56bfc062723c751e8b465ee728b)  -> (artifact id: '909ddce5b1883e62b60ab16ba53ee127') in 0.015375 seconds 
========================================================================
Received Import Request.
  Time since last request: 0.000150 seconds.
  path: Assets/Laboratory/Textures/Surfaces/Metals/Materials/Copper02_MaskMap.png
  artifactKey: Guid(12752d5ad4f65b743bd591abe6f95f1e) Importer(815301076,1909f56bfc062723c751e8b465ee728b)
Start importing Assets/Laboratory/Textures/Surfaces/Metals/Materials/Copper02_MaskMap.png using Guid(12752d5ad4f65b743bd591abe6f95f1e) Importer(815301076,1909f56bfc062723c751e8b465ee728b)  -> (artifact id: 'c443cc7e09e14192b5cd1ac011107f3e') in 0.021351 seconds 
========================================================================
Received Import Request.
  Time since last request: 0.000079 seconds.
  path: Assets/Laboratory/Textures/Surfaces/Metals/Materials/MetalRed.mat
  artifactKey: Guid(5d6c747795fa73e459d9481c14fc0e64) Importer(815301076,1909f56bfc062723c751e8b465ee728b)
Start importing Assets/Laboratory/Textures/Surfaces/Metals/Materials/MetalRed.mat using Guid(5d6c747795fa73e459d9481c14fc0e64) Importer(815301076,1909f56bfc062723c751e8b465ee728b)  -> (artifact id: '2ffedace8f5721d6a65da65d40bbab03') in 0.019851 seconds 
========================================================================
Received Import Request.
  Time since last request: 6.900305 seconds.
  path: Assets/Laboratory/Textures/Surfaces/Concrete/Materials/Concrete01_MaskMap.png
  artifactKey: Guid(6ae6eddf87189134bb5c7cd100d06ba3) Importer(815301076,1909f56bfc062723c751e8b465ee728b)
Start importing Assets/Laboratory/Textures/Surfaces/Concrete/Materials/Concrete01_MaskMap.png using Guid(6ae6eddf87189134bb5c7cd100d06ba3) Importer(815301076,1909f56bfc062723c751e8b465ee728b)  -> (artifact id: '0c8bdea7454202bd6cb23fed07188fa0') in 0.035594 seconds 
========================================================================
Received Import Request.
  Time since last request: 1398.756808 seconds.
  path: Assets/Laboratory/Textures/Surfaces/FloorTiles/FloorTiles01_a.png
  artifactKey: Guid(fc43692e0d6523c40b7d1ee9f6ecdb8b) Importer(815301076,1909f56bfc062723c751e8b465ee728b)
Start importing Assets/Laboratory/Textures/Surfaces/FloorTiles/FloorTiles01_a.png using Guid(fc43692e0d6523c40b7d1ee9f6ecdb8b) Importer(815301076,1909f56bfc062723c751e8b465ee728b)  -> (artifact id: 'b402881157348c86c09dd1f206921cb4') in 0.033838 seconds 
========================================================================
Received Import Request.
  Time since last request: 0.000092 seconds.
  path: Assets/Laboratory/Textures/Surfaces/FloorTiles/FloorTiles02_a.png
  artifactKey: Guid(f954c36672888814bb4044c2a3eb041b) Importer(815301076,1909f56bfc062723c751e8b465ee728b)
Start importing Assets/Laboratory/Textures/Surfaces/FloorTiles/FloorTiles02_a.png using Guid(f954c36672888814bb4044c2a3eb041b) Importer(815301076,1909f56bfc062723c751e8b465ee728b)  -> (artifact id: 'f72a2c8655a19851a0985f5c8f602b23') in 0.026341 seconds 
========================================================================
Received Import Request.
  Time since last request: 0.000078 seconds.
  path: Assets/Laboratory/Textures/Surfaces/FloorTiles/FloorTiles01_m.png
  artifactKey: Guid(683da67243ba4ab419e7f26f8a5ac7ba) Importer(815301076,1909f56bfc062723c751e8b465ee728b)
Start importing Assets/Laboratory/Textures/Surfaces/FloorTiles/FloorTiles01_m.png using Guid(683da67243ba4ab419e7f26f8a5ac7ba) Importer(815301076,1909f56bfc062723c751e8b465ee728b)  -> (artifact id: '76dade15006717ce6341c6c1b9d25b6a') in 0.016458 seconds 
========================================================================
Received Import Request.
  Time since last request: 0.000145 seconds.
  path: Assets/Laboratory/Textures/Surfaces/FloorTiles/FloorTiles02_m.png
  artifactKey: Guid(92400d6612d9c934ebbc089fc1a6146e) Importer(815301076,1909f56bfc062723c751e8b465ee728b)
Start importing Assets/Laboratory/Textures/Surfaces/FloorTiles/FloorTiles02_m.png using Guid(92400d6612d9c934ebbc089fc1a6146e) Importer(815301076,1909f56bfc062723c751e8b465ee728b)  -> (artifact id: '2698c5187401b71e0b7d3859a55c6182') in 0.024282 seconds 
========================================================================
Received Import Request.
  Time since last request: 0.000132 seconds.
  path: Assets/Laboratory/Textures/Surfaces/FloorTiles/FloorTiles02b_a.png
  artifactKey: Guid(010a1b664027c33419a6c2e41c6833e6) Importer(815301076,1909f56bfc062723c751e8b465ee728b)
Start importing Assets/Laboratory/Textures/Surfaces/FloorTiles/FloorTiles02b_a.png using Guid(010a1b664027c33419a6c2e41c6833e6) Importer(815301076,1909f56bfc062723c751e8b465ee728b)  -> (artifact id: '709c212df5a86fc93da6fde2304add02') in 0.021980 seconds 
========================================================================
Received Import Request.
  Time since last request: 0.000109 seconds.
  path: Assets/Laboratory/Textures/Surfaces/FloorTiles/FloorTiles02_o.png
  artifactKey: Guid(b653c65320b8a6143b1e2015645a0d97) Importer(815301076,1909f56bfc062723c751e8b465ee728b)
Start importing Assets/Laboratory/Textures/Surfaces/FloorTiles/FloorTiles02_o.png using Guid(b653c65320b8a6143b1e2015645a0d97) Importer(815301076,1909f56bfc062723c751e8b465ee728b)  -> (artifact id: '74d3ea072dd8eb987d0609d0d5936735') in 0.020037 seconds 
========================================================================
Received Import Request.
  Time since last request: 0.000096 seconds.
  path: Assets/Laboratory/Textures/Surfaces/FloorTiles/FloorTiles01_o.png
  artifactKey: Guid(70723127d7336fc46ba0a1024668170f) Importer(815301076,1909f56bfc062723c751e8b465ee728b)
Start importing Assets/Laboratory/Textures/Surfaces/FloorTiles/FloorTiles01_o.png using Guid(70723127d7336fc46ba0a1024668170f) Importer(815301076,1909f56bfc062723c751e8b465ee728b)  -> (artifact id: 'fb900b6db0dc6f2516dcb6610b1a152f') in 0.015949 seconds 
Editor requested this worker to shutdown with reason: Scaling down because of idle timeout
AssetImportWorker is now disconnected from the server
Process exiting
