Unity Editor version:    2021.3.8f1 (b30333d56e81)
Branch:                  2021.3/staging
Build type:              Release
Batch mode:              YES
macOS version:           Version 12.5.1 (Build 21G83)
Darwin version:          21.6.0
Architecture:            x86_64
Running under Rosetta:   NO
Available memory:        16384 MB
Using pre-set license
Pro License: YES

COMMAND LINE ARGUMENTS:
/Users/umphaipunatipunumphai/Documents/Change++/2021.3.8f1/Unity.app/Contents/MacOS/Unity
-adb2
-batchMode
-noUpm
-name
AssetImportWorker15
-projectPath
/Users/umphaipunatipunumphai/Documents/GitHub/SecretProject/My project
-logFile
Logs/AssetImportWorker15.log
-srvPort
50214
Successfully changed project path to: /Users/umphaipunatipunumphai/Documents/GitHub/SecretProject/My project
/Users/umphaipunatipunumphai/Documents/GitHub/SecretProject/My project
[UnityMemory] Configuration Parameters - Can be set up in boot.config
    "memorysetup-bucket-allocator-granularity=16"
    "memorysetup-bucket-allocator-bucket-count=8"
    "memorysetup-bucket-allocator-block-size=33554432"
    "memorysetup-bucket-allocator-block-count=8"
    "memorysetup-main-allocator-block-size=16777216"
    "memorysetup-thread-allocator-block-size=16777216"
    "memorysetup-gfx-main-allocator-block-size=16777216"
    "memorysetup-gfx-thread-allocator-block-size=16777216"
    "memorysetup-cache-allocator-block-size=4194304"
    "memorysetup-typetree-allocator-block-size=2097152"
    "memorysetup-profiler-bucket-allocator-granularity=16"
    "memorysetup-profiler-bucket-allocator-bucket-count=8"
    "memorysetup-profiler-bucket-allocator-block-size=33554432"
    "memorysetup-profiler-bucket-allocator-block-count=8"
    "memorysetup-profiler-allocator-block-size=16777216"
    "memorysetup-profiler-editor-allocator-block-size=1048576"
    "memorysetup-temp-allocator-size-main=16777216"
    "memorysetup-job-temp-allocator-block-size=2097152"
    "memorysetup-job-temp-allocator-block-size-background=1048576"
    "memorysetup-job-temp-allocator-reduction-small-platforms=262144"
    "memorysetup-temp-allocator-size-background-worker=32768"
    "memorysetup-temp-allocator-size-job-worker=262144"
    "memorysetup-temp-allocator-size-preload-manager=33554432"
    "memorysetup-temp-allocator-size-nav-mesh-worker=65536"
    "memorysetup-temp-allocator-size-audio-worker=65536"
    "memorysetup-temp-allocator-size-cloud-worker=32768"
    "memorysetup-temp-allocator-size-gi-baking-worker=262144"
    "memorysetup-temp-allocator-size-gfx=262144"
Refreshing native plugins compatible for Editor in 119.73 ms, found 2 plugins.
Preloading 0 native plugins for Editor in 0.00 ms.
Initialize engine version: 2021.3.8f1 (b30333d56e81)
[Subsystems] Discovering subsystems at path /Users/umphaipunatipunumphai/Documents/Change++/2021.3.8f1/Unity.app/Contents/Resources/UnitySubsystems
[Subsystems] Discovering subsystems at path /Users/umphaipunatipunumphai/Documents/GitHub/SecretProject/My project/Assets
GfxDevice: creating device client; threaded=0; jobified=0
Color LCD preferred device: Intel(R) UHD Graphics 630 (low power)
Metal devices available: 2
0: AMD Radeon Pro 560X (high power)
1: Intel(R) UHD Graphics 630 (low power)
Using device AMD Radeon Pro 560X (high power)
Initializing Metal device caps: AMD Radeon Pro 560X
Initialize mono
Mono path[0] = '/Users/umphaipunatipunumphai/Documents/Change++/2021.3.8f1/Unity.app/Contents/Managed'
Mono path[1] = '/Users/umphaipunatipunumphai/Documents/Change++/2021.3.8f1/Unity.app/Contents/MonoBleedingEdge/lib/mono/unityjit-macos'
Mono config path = '/Users/umphaipunatipunumphai/Documents/Change++/2021.3.8f1/Unity.app/Contents/MonoBleedingEdge/etc'
Using monoOptions --debugger-agent=transport=dt_socket,embedding=1,server=y,suspend=n,address=127.0.0.1:56114
Begin MonoManager ReloadAssembly
Registering precompiled unity dll's ...
Register platform support module: /Users/umphaipunatipunumphai/Documents/Change++/2021.3.8f1/Unity.app/Contents/PlaybackEngines/MacStandaloneSupport/UnityEditor.OSXStandalone.Extensions.dll
Register platform support module: /Users/umphaipunatipunumphai/Documents/Change++/2021.3.8f1/PlaybackEngines/AndroidPlayer/UnityEditor.Android.Extensions.dll
Register platform support module: /Users/umphaipunatipunumphai/Documents/Change++/2021.3.8f1/PlaybackEngines/iOSSupport/UnityEditor.iOS.Extensions.dll
Registered in 0.000987 seconds.
[usbmuxd] Start listen thread
[usbmuxd] Listen thread started
[usbmuxd] Send listen message
Native extension for iOS target not found
Native extension for Android target not found
Native extension for OSXStandalone target not found
Refreshing native plugins compatible for Editor in 134.89 ms, found 2 plugins.
Preloading 0 native plugins for Editor in 0.00 ms.
Mono: successfully reloaded assembly
- Completed reload, in  1.062 seconds
Domain Reload Profiling:
	ReloadAssembly (1063ms)
		BeginReloadAssembly (82ms)
			ExecutionOrderSort (0ms)
			DisableScriptedObjects (0ms)
			BackupInstance (0ms)
			ReleaseScriptingObjects (0ms)
			CreateAndSetChildDomain (1ms)
		EndReloadAssembly (808ms)
			LoadAssemblies (81ms)
			RebuildTransferFunctionScriptingTraits (0ms)
			SetupTypeCache (202ms)
			ReleaseScriptCaches (0ms)
			RebuildScriptCaches (52ms)
			SetupLoadedEditorAssemblies (476ms)
				LogAssemblyErrors (0ms)
				InitializePlatformSupportModulesInManaged (127ms)
				SetLoadedEditorAssemblies (0ms)
				RefreshPlugins (135ms)
				BeforeProcessingInitializeOnLoad (2ms)
				ProcessInitializeOnLoadAttributes (140ms)
				ProcessInitializeOnLoadMethodAttributes (71ms)
				AfterProcessingInitializeOnLoad (0ms)
				EditorAssembliesLoaded (0ms)
			ExecutionOrderSort2 (0ms)
			AwakeInstancesAfterBackupRestoration (0ms)
Platform modules already initialized, skipping
Registering precompiled user dll's ...
Registered in 0.002104 seconds.
Begin MonoManager ReloadAssembly
Symbol file LoadedFromMemory doesn't match image /Users/umphaipunatipunumphai/Documents/GitHub/SecretProject/My project/Library/PackageCache/com.unity.visualscripting@1.7.8/Editor/VisualScripting.Core/Dependencies/YamlDotNet/Unity.VisualScripting.YamlDotNet.dll
Symbol file LoadedFromMemory doesn't match image /Users/umphaipunatipunumphai/Documents/GitHub/SecretProject/My project/Library/PackageCache/com.unity.visualscripting@1.7.8/Editor/VisualScripting.Core/Dependencies/DotNetZip/Unity.VisualScripting.IonicZip.dll
Native extension for iOS target not found
Native extension for Android target not found
Native extension for OSXStandalone target not found
Refreshing native plugins compatible for Editor in 1.11 ms, found 2 plugins.
Preloading 0 native plugins for Editor in 0.00 ms.
Mono: successfully reloaded assembly
- Completed reload, in  2.127 seconds
Domain Reload Profiling:
	ReloadAssembly (2129ms)
		BeginReloadAssembly (317ms)
			ExecutionOrderSort (0ms)
			DisableScriptedObjects (12ms)
			BackupInstance (0ms)
			ReleaseScriptingObjects (1ms)
			CreateAndSetChildDomain (161ms)
		EndReloadAssembly (1596ms)
			LoadAssemblies (176ms)
			RebuildTransferFunctionScriptingTraits (1ms)
			SetupTypeCache (565ms)
			ReleaseScriptCaches (9ms)
			RebuildScriptCaches (104ms)
			SetupLoadedEditorAssemblies (666ms)
				LogAssemblyErrors (0ms)
				InitializePlatformSupportModulesInManaged (42ms)
				SetLoadedEditorAssemblies (1ms)
				RefreshPlugins (1ms)
				BeforeProcessingInitializeOnLoad (115ms)
				ProcessInitializeOnLoadAttributes (423ms)
				ProcessInitializeOnLoadMethodAttributes (82ms)
				AfterProcessingInitializeOnLoad (1ms)
				EditorAssembliesLoaded (0ms)
			ExecutionOrderSort2 (0ms)
			AwakeInstancesAfterBackupRestoration (6ms)
Platform modules already initialized, skipping
========================================================================
Worker process is ready to serve import requests
Launching external process: /Users/umphaipunatipunumphai/Documents/Change++/2021.3.8f1/Unity.app/Contents/Tools/UnityShaderCompiler
Launched and connected shader compiler UnityShaderCompiler after 0.11 seconds
Refreshing native plugins compatible for Editor in 0.83 ms, found 2 plugins.
Preloading 0 native plugins for Editor in 0.00 ms.
Unloading 3380 Unused Serialized files (Serialized files now loaded: 0)
Unloading 27 unused Assets / (95.1 KB). Loaded Objects now: 3845.
Memory consumption went from 307.9 MB to 307.8 MB.
Total: 5.235750 ms (FindLiveObjects: 0.321309 ms CreateObjectMapping: 0.258668 ms MarkObjects: 4.422245 ms  DeleteObjects: 0.232417 ms)

AssetImportParameters requested are different than current active one (requested -> active):
  custom:video-decoder-ogg-theora: a1e56fd34408186e4bbccfd4996cb3dc -> 
  custom:container-muxer-webm: aa71ff27fc2769a1b78a27578f13a17b -> 
  custom:container-demuxer-webm: 4f35f7cbe854078d1ac9338744f61a02 -> 
  custom:video-encoder-webm-vp8: eb34c28f22e8b96e1ab97ce403110664 -> 
  custom:framework-osx-AVFoundation: e770b220cccbd017edd2c1fefb359320 -> 
  custom:audio-encoder-webm-vorbis: bf7c407c2cedff20999df2af8eb42d56 -> 
  custom:container-demuxer-ogg: 62fdf1f143b41e24485cea50d1cbac27 -> 
  custom:video-decoder-webm-vp8: 9c59270c3fd7afecdb556c50c9e8de78 -> 
  custom:audio-decoder-ogg-vorbis: bf7c407c2cedff20999df2af8eb42d56 -> 
========================================================================
Received Import Request.
  Time since last request: 11458.230494 seconds.
  path: Assets/Scenes/SampleScene.unity
  artifactKey: Guid(9fc0d4010bbf28b4594072e72b8655ab) Importer(815301076,1909f56bfc062723c751e8b465ee728b)
Start importing Assets/Scenes/SampleScene.unity using Guid(9fc0d4010bbf28b4594072e72b8655ab) Importer(815301076,1909f56bfc062723c751e8b465ee728b)  -> (artifact id: '789756f98ddc4a38dad5723c05331798') in 0.008517 seconds 
========================================================================
Received Import Request.
  Time since last request: 8.785406 seconds.
  path: Assets/Scenes/Scene_Laboratory
  artifactKey: Guid(793781a415eefd04495e384c8e60be6d) Importer(815301076,1909f56bfc062723c751e8b465ee728b)
Start importing Assets/Scenes/Scene_Laboratory using Guid(793781a415eefd04495e384c8e60be6d) Importer(815301076,1909f56bfc062723c751e8b465ee728b)  -> (artifact id: 'e088f1daf0721c738e1e2d8240e94286') in 0.001100 seconds 
========================================================================
Received Import Request.
  Time since last request: 68.142651 seconds.
  path: Assets/Laboratory/Prefabs/Furniture/Bench
  artifactKey: Guid(4d93abe087189f540bb5b35cf4e0128c) Importer(815301076,1909f56bfc062723c751e8b465ee728b)
Start importing Assets/Laboratory/Prefabs/Furniture/Bench using Guid(4d93abe087189f540bb5b35cf4e0128c) Importer(815301076,1909f56bfc062723c751e8b465ee728b)  -> (artifact id: '9e3818af472e6fec0931d165b9db5cb6') in 0.000862 seconds 
========================================================================
Received Prepare
Registering precompiled user dll's ...
Registered in 0.002601 seconds.
Begin MonoManager ReloadAssembly
Symbol file LoadedFromMemory doesn't match image /Users/umphaipunatipunumphai/Documents/GitHub/SecretProject/My project/Library/PackageCache/com.unity.visualscripting@1.7.8/Editor/VisualScripting.Core/Dependencies/YamlDotNet/Unity.VisualScripting.YamlDotNet.dll
Symbol file LoadedFromMemory doesn't match image /Users/umphaipunatipunumphai/Documents/GitHub/SecretProject/My project/Library/PackageCache/com.unity.visualscripting@1.7.8/Editor/VisualScripting.Core/Dependencies/DotNetZip/Unity.VisualScripting.IonicZip.dll
Native extension for iOS target not found
Native extension for Android target not found
Native extension for OSXStandalone target not found
Refreshing native plugins compatible for Editor in 0.95 ms, found 2 plugins.
Preloading 0 native plugins for Editor in 0.00 ms.
Mono: successfully reloaded assembly
- Completed reload, in  1.389 seconds
Domain Reload Profiling:
	ReloadAssembly (1389ms)
		BeginReloadAssembly (205ms)
			ExecutionOrderSort (0ms)
			DisableScriptedObjects (7ms)
			BackupInstance (0ms)
			ReleaseScriptingObjects (0ms)
			CreateAndSetChildDomain (98ms)
		EndReloadAssembly (1051ms)
			LoadAssemblies (88ms)
			RebuildTransferFunctionScriptingTraits (0ms)
			SetupTypeCache (404ms)
			ReleaseScriptCaches (2ms)
			RebuildScriptCaches (55ms)
			SetupLoadedEditorAssemblies (444ms)
				LogAssemblyErrors (0ms)
				InitializePlatformSupportModulesInManaged (43ms)
				SetLoadedEditorAssemblies (1ms)
				RefreshPlugins (1ms)
				BeforeProcessingInitializeOnLoad (75ms)
				ProcessInitializeOnLoadAttributes (285ms)
				ProcessInitializeOnLoadMethodAttributes (39ms)
				AfterProcessingInitializeOnLoad (1ms)
				EditorAssembliesLoaded (0ms)
			ExecutionOrderSort2 (0ms)
			AwakeInstancesAfterBackupRestoration (5ms)
Platform modules already initialized, skipping
Refreshing native plugins compatible for Editor in 1.65 ms, found 2 plugins.
Preloading 0 native plugins for Editor in 0.00 ms.
Unloading 3375 Unused Serialized files (Serialized files now loaded: 0)
Unloading 20 unused Assets / (71.6 KB). Loaded Objects now: 3848.
Memory consumption went from 313.0 MB to 312.9 MB.
Total: 4.148412 ms (FindLiveObjects: 0.478475 ms CreateObjectMapping: 0.258476 ms MarkObjects: 3.329732 ms  DeleteObjects: 0.081025 ms)

AssetImportParameters requested are different than current active one (requested -> active):
  custom:video-decoder-ogg-theora: a1e56fd34408186e4bbccfd4996cb3dc -> 
  custom:container-muxer-webm: aa71ff27fc2769a1b78a27578f13a17b -> 
  custom:container-demuxer-webm: 4f35f7cbe854078d1ac9338744f61a02 -> 
  custom:video-encoder-webm-vp8: eb34c28f22e8b96e1ab97ce403110664 -> 
  custom:framework-osx-AVFoundation: e770b220cccbd017edd2c1fefb359320 -> 
  custom:audio-encoder-webm-vorbis: bf7c407c2cedff20999df2af8eb42d56 -> 
  custom:container-demuxer-ogg: 62fdf1f143b41e24485cea50d1cbac27 -> 
  custom:video-decoder-webm-vp8: 9c59270c3fd7afecdb556c50c9e8de78 -> 
  custom:audio-decoder-ogg-vorbis: bf7c407c2cedff20999df2af8eb42d56 -> 
========================================================================
Received Prepare
Registering precompiled user dll's ...
Registered in 0.002229 seconds.
Begin MonoManager ReloadAssembly
Symbol file LoadedFromMemory doesn't match image /Users/umphaipunatipunumphai/Documents/GitHub/SecretProject/My project/Library/PackageCache/com.unity.visualscripting@1.7.8/Editor/VisualScripting.Core/Dependencies/YamlDotNet/Unity.VisualScripting.YamlDotNet.dll
Symbol file LoadedFromMemory doesn't match image /Users/umphaipunatipunumphai/Documents/GitHub/SecretProject/My project/Library/PackageCache/com.unity.visualscripting@1.7.8/Editor/VisualScripting.Core/Dependencies/DotNetZip/Unity.VisualScripting.IonicZip.dll
Native extension for iOS target not found
Native extension for Android target not found
Native extension for OSXStandalone target not found
Refreshing native plugins compatible for Editor in 0.91 ms, found 2 plugins.
Preloading 0 native plugins for Editor in 0.00 ms.
Mono: successfully reloaded assembly
- Completed reload, in  1.206 seconds
Domain Reload Profiling:
	ReloadAssembly (1207ms)
		BeginReloadAssembly (151ms)
			ExecutionOrderSort (0ms)
			DisableScriptedObjects (7ms)
			BackupInstance (0ms)
			ReleaseScriptingObjects (0ms)
			CreateAndSetChildDomain (65ms)
		EndReloadAssembly (943ms)
			LoadAssemblies (69ms)
			RebuildTransferFunctionScriptingTraits (0ms)
			SetupTypeCache (342ms)
			ReleaseScriptCaches (1ms)
			RebuildScriptCaches (48ms)
			SetupLoadedEditorAssemblies (423ms)
				LogAssemblyErrors (0ms)
				InitializePlatformSupportModulesInManaged (42ms)
				SetLoadedEditorAssemblies (1ms)
				RefreshPlugins (1ms)
				BeforeProcessingInitializeOnLoad (65ms)
				ProcessInitializeOnLoadAttributes (277ms)
				ProcessInitializeOnLoadMethodAttributes (36ms)
				AfterProcessingInitializeOnLoad (1ms)
				EditorAssembliesLoaded (0ms)
			ExecutionOrderSort2 (0ms)
			AwakeInstancesAfterBackupRestoration (5ms)
Platform modules already initialized, skipping
Refreshing native plugins compatible for Editor in 1.53 ms, found 2 plugins.
Preloading 0 native plugins for Editor in 0.00 ms.
Unloading 3375 Unused Serialized files (Serialized files now loaded: 0)
Unloading 20 unused Assets / (71.6 KB). Loaded Objects now: 3851.
Memory consumption went from 312.4 MB to 312.3 MB.
Total: 3.489327 ms (FindLiveObjects: 0.281604 ms CreateObjectMapping: 0.252009 ms MarkObjects: 2.852803 ms  DeleteObjects: 0.101874 ms)

AssetImportParameters requested are different than current active one (requested -> active):
  custom:video-decoder-ogg-theora: a1e56fd34408186e4bbccfd4996cb3dc -> 
  custom:container-muxer-webm: aa71ff27fc2769a1b78a27578f13a17b -> 
  custom:container-demuxer-webm: 4f35f7cbe854078d1ac9338744f61a02 -> 
  custom:video-encoder-webm-vp8: eb34c28f22e8b96e1ab97ce403110664 -> 
  custom:framework-osx-AVFoundation: e770b220cccbd017edd2c1fefb359320 -> 
  custom:audio-encoder-webm-vorbis: bf7c407c2cedff20999df2af8eb42d56 -> 
  custom:container-demuxer-ogg: 62fdf1f143b41e24485cea50d1cbac27 -> 
  custom:video-decoder-webm-vp8: 9c59270c3fd7afecdb556c50c9e8de78 -> 
  custom:audio-decoder-ogg-vorbis: bf7c407c2cedff20999df2af8eb42d56 -> 
========================================================================
Received Prepare
Registering precompiled user dll's ...
Registered in 0.002552 seconds.
Begin MonoManager ReloadAssembly
Symbol file LoadedFromMemory doesn't match image /Users/umphaipunatipunumphai/Documents/GitHub/SecretProject/My project/Library/PackageCache/com.unity.visualscripting@1.7.8/Editor/VisualScripting.Core/Dependencies/YamlDotNet/Unity.VisualScripting.YamlDotNet.dll
Symbol file LoadedFromMemory doesn't match image /Users/umphaipunatipunumphai/Documents/GitHub/SecretProject/My project/Library/PackageCache/com.unity.visualscripting@1.7.8/Editor/VisualScripting.Core/Dependencies/DotNetZip/Unity.VisualScripting.IonicZip.dll
Native extension for iOS target not found
Native extension for Android target not found
Native extension for OSXStandalone target not found
Refreshing native plugins compatible for Editor in 0.63 ms, found 2 plugins.
Preloading 0 native plugins for Editor in 0.00 ms.
Mono: successfully reloaded assembly
- Completed reload, in  1.180 seconds
Domain Reload Profiling:
	ReloadAssembly (1181ms)
		BeginReloadAssembly (150ms)
			ExecutionOrderSort (0ms)
			DisableScriptedObjects (6ms)
			BackupInstance (0ms)
			ReleaseScriptingObjects (0ms)
			CreateAndSetChildDomain (67ms)
		EndReloadAssembly (910ms)
			LoadAssemblies (65ms)
			RebuildTransferFunctionScriptingTraits (0ms)
			SetupTypeCache (335ms)
			ReleaseScriptCaches (1ms)
			RebuildScriptCaches (49ms)
			SetupLoadedEditorAssemblies (400ms)
				LogAssemblyErrors (0ms)
				InitializePlatformSupportModulesInManaged (32ms)
				SetLoadedEditorAssemblies (1ms)
				RefreshPlugins (1ms)
				BeforeProcessingInitializeOnLoad (58ms)
				ProcessInitializeOnLoadAttributes (270ms)
				ProcessInitializeOnLoadMethodAttributes (36ms)
				AfterProcessingInitializeOnLoad (1ms)
				EditorAssembliesLoaded (0ms)
			ExecutionOrderSort2 (0ms)
			AwakeInstancesAfterBackupRestoration (5ms)
Platform modules already initialized, skipping
Refreshing native plugins compatible for Editor in 1.37 ms, found 2 plugins.
Preloading 0 native plugins for Editor in 0.00 ms.
Unloading 3375 Unused Serialized files (Serialized files now loaded: 0)
Unloading 20 unused Assets / (71.5 KB). Loaded Objects now: 3854.
Memory consumption went from 312.9 MB to 312.9 MB.
Total: 3.421291 ms (FindLiveObjects: 0.279171 ms CreateObjectMapping: 0.258966 ms MarkObjects: 2.796990 ms  DeleteObjects: 0.085363 ms)

AssetImportParameters requested are different than current active one (requested -> active):
  custom:video-decoder-ogg-theora: a1e56fd34408186e4bbccfd4996cb3dc -> 
  custom:container-muxer-webm: aa71ff27fc2769a1b78a27578f13a17b -> 
  custom:container-demuxer-webm: 4f35f7cbe854078d1ac9338744f61a02 -> 
  custom:video-encoder-webm-vp8: eb34c28f22e8b96e1ab97ce403110664 -> 
  custom:framework-osx-AVFoundation: e770b220cccbd017edd2c1fefb359320 -> 
  custom:audio-encoder-webm-vorbis: bf7c407c2cedff20999df2af8eb42d56 -> 
  custom:container-demuxer-ogg: 62fdf1f143b41e24485cea50d1cbac27 -> 
  custom:video-decoder-webm-vp8: 9c59270c3fd7afecdb556c50c9e8de78 -> 
  custom:audio-decoder-ogg-vorbis: bf7c407c2cedff20999df2af8eb42d56 -> 
========================================================================
Received Prepare
Registering precompiled user dll's ...
Registered in 0.003687 seconds.
Begin MonoManager ReloadAssembly
Symbol file LoadedFromMemory doesn't match image /Users/umphaipunatipunumphai/Documents/GitHub/SecretProject/My project/Library/PackageCache/com.unity.visualscripting@1.7.8/Editor/VisualScripting.Core/Dependencies/YamlDotNet/Unity.VisualScripting.YamlDotNet.dll
Symbol file LoadedFromMemory doesn't match image /Users/umphaipunatipunumphai/Documents/GitHub/SecretProject/My project/Library/PackageCache/com.unity.visualscripting@1.7.8/Editor/VisualScripting.Core/Dependencies/DotNetZip/Unity.VisualScripting.IonicZip.dll
Native extension for iOS target not found
Native extension for Android target not found
Native extension for OSXStandalone target not found
Refreshing native plugins compatible for Editor in 0.65 ms, found 2 plugins.
Preloading 0 native plugins for Editor in 0.00 ms.
Mono: successfully reloaded assembly
- Completed reload, in  1.304 seconds
Domain Reload Profiling:
	ReloadAssembly (1305ms)
		BeginReloadAssembly (186ms)
			ExecutionOrderSort (0ms)
			DisableScriptedObjects (8ms)
			BackupInstance (0ms)
			ReleaseScriptingObjects (0ms)
			CreateAndSetChildDomain (77ms)
		EndReloadAssembly (957ms)
			LoadAssemblies (87ms)
			RebuildTransferFunctionScriptingTraits (0ms)
			SetupTypeCache (344ms)
			ReleaseScriptCaches (1ms)
			RebuildScriptCaches (53ms)
			SetupLoadedEditorAssemblies (419ms)
				LogAssemblyErrors (0ms)
				InitializePlatformSupportModulesInManaged (35ms)
				SetLoadedEditorAssemblies (1ms)
				RefreshPlugins (1ms)
				BeforeProcessingInitializeOnLoad (65ms)
				ProcessInitializeOnLoadAttributes (274ms)
				ProcessInitializeOnLoadMethodAttributes (42ms)
				AfterProcessingInitializeOnLoad (2ms)
				EditorAssembliesLoaded (0ms)
			ExecutionOrderSort2 (0ms)
			AwakeInstancesAfterBackupRestoration (8ms)
Platform modules already initialized, skipping
Refreshing native plugins compatible for Editor in 1.99 ms, found 2 plugins.
Preloading 0 native plugins for Editor in 0.00 ms.
Unloading 3375 Unused Serialized files (Serialized files now loaded: 0)
Unloading 20 unused Assets / (71.5 KB). Loaded Objects now: 3857.
Memory consumption went from 313.1 MB to 313.1 MB.
Total: 6.439617 ms (FindLiveObjects: 0.592560 ms CreateObjectMapping: 0.495717 ms MarkObjects: 5.123554 ms  DeleteObjects: 0.225445 ms)

AssetImportParameters requested are different than current active one (requested -> active):
  custom:video-decoder-ogg-theora: a1e56fd34408186e4bbccfd4996cb3dc -> 
  custom:container-muxer-webm: aa71ff27fc2769a1b78a27578f13a17b -> 
  custom:container-demuxer-webm: 4f35f7cbe854078d1ac9338744f61a02 -> 
  custom:video-encoder-webm-vp8: eb34c28f22e8b96e1ab97ce403110664 -> 
  custom:framework-osx-AVFoundation: e770b220cccbd017edd2c1fefb359320 -> 
  custom:audio-encoder-webm-vorbis: bf7c407c2cedff20999df2af8eb42d56 -> 
  custom:container-demuxer-ogg: 62fdf1f143b41e24485cea50d1cbac27 -> 
  custom:video-decoder-webm-vp8: 9c59270c3fd7afecdb556c50c9e8de78 -> 
  custom:audio-decoder-ogg-vorbis: bf7c407c2cedff20999df2af8eb42d56 -> 
========================================================================
Received Import Request.
  Time since last request: 338.065162 seconds.
  path: Assets/Laboratory/Prefabs/Props/Chair
  artifactKey: Guid(68b48555a2d601144b6450ccc3ae99c5) Importer(815301076,1909f56bfc062723c751e8b465ee728b)
Start importing Assets/Laboratory/Prefabs/Props/Chair using Guid(68b48555a2d601144b6450ccc3ae99c5) Importer(815301076,1909f56bfc062723c751e8b465ee728b)  -> (artifact id: '723edc7ea405507d4c8e6672aec2d38e') in 0.005534 seconds 
========================================================================
Received Import Request.
  Time since last request: 12.205193 seconds.
  path: Assets/Laboratory/Prefabs/Props/Chemistry
  artifactKey: Guid(55910bf973a3b474bbfe7ecdc49d68bf) Importer(815301076,1909f56bfc062723c751e8b465ee728b)
Start importing Assets/Laboratory/Prefabs/Props/Chemistry using Guid(55910bf973a3b474bbfe7ecdc49d68bf) Importer(815301076,1909f56bfc062723c751e8b465ee728b)  -> (artifact id: '6c075a965440edfba572b6d608333b53') in 0.001178 seconds 
========================================================================
Received Import Request.
  Time since last request: 0.084000 seconds.
  path: Assets/Laboratory/Prefabs/Props/Chemistry/DrugPack01.prefab
  artifactKey: Guid(ff0ec48b5c431e84c9ccc19bb5fdf1c4) Importer(815301076,1909f56bfc062723c751e8b465ee728b)
Start importing Assets/Laboratory/Prefabs/Props/Chemistry/DrugPack01.prefab using Guid(ff0ec48b5c431e84c9ccc19bb5fdf1c4) Importer(815301076,1909f56bfc062723c751e8b465ee728b)  -> (artifact id: 'efc0c74a8ccca370999b2b397150b890') in 0.484745 seconds 
========================================================================
Received Import Request.
  Time since last request: 1.351138 seconds.
  path: Assets/Laboratory/Prefabs/Props/Chair/Stool01.prefab
  artifactKey: Guid(9a5bb3bd2139a384485a6ec5b174863d) Importer(815301076,1909f56bfc062723c751e8b465ee728b)
Start importing Assets/Laboratory/Prefabs/Props/Chair/Stool01.prefab using Guid(9a5bb3bd2139a384485a6ec5b174863d) Importer(815301076,1909f56bfc062723c751e8b465ee728b)  -> (artifact id: 'ce828b42ec3bfe03ec1657ab42908597') in 0.044809 seconds 
========================================================================
Received Import Request.
  Time since last request: 1.359743 seconds.
  path: Assets/Laboratory/Prefabs/Props/Hardware/Bioreactor01.prefab
  artifactKey: Guid(7e5ecfbc499f1004282da76475ad6e17) Importer(815301076,1909f56bfc062723c751e8b465ee728b)
Start importing Assets/Laboratory/Prefabs/Props/Hardware/Bioreactor01.prefab using Guid(7e5ecfbc499f1004282da76475ad6e17) Importer(815301076,1909f56bfc062723c751e8b465ee728b)  -> (artifact id: '358a97107c7403ada4b6cbd560aa89d8') in 0.036492 seconds 
========================================================================
Received Import Request.
  Time since last request: 0.000099 seconds.
  path: Assets/Laboratory/Prefabs/Props/Hardware/Centrifuge03.prefab
  artifactKey: Guid(cf53f8bf44b6c0a42b7ea1ce03c037b4) Importer(815301076,1909f56bfc062723c751e8b465ee728b)
Start importing Assets/Laboratory/Prefabs/Props/Hardware/Centrifuge03.prefab using Guid(cf53f8bf44b6c0a42b7ea1ce03c037b4) Importer(815301076,1909f56bfc062723c751e8b465ee728b)  -> (artifact id: '0991388fe08e85e8a8b5741fc3a107a4') in 0.020668 seconds 
========================================================================
Received Import Request.
  Time since last request: 0.000089 seconds.
  path: Assets/Laboratory/Prefabs/Props/Hardware/Laptop01.prefab
  artifactKey: Guid(eb4315f7199e95a4eadb12bdc35c8dda) Importer(815301076,1909f56bfc062723c751e8b465ee728b)
Start importing Assets/Laboratory/Prefabs/Props/Hardware/Laptop01.prefab using Guid(eb4315f7199e95a4eadb12bdc35c8dda) Importer(815301076,1909f56bfc062723c751e8b465ee728b)  -> (artifact id: 'd980bcc2817c6bcb1a6ca2f537afb46c') in 0.266234 seconds 
========================================================================
Received Import Request.
  Time since last request: 0.000068 seconds.
  path: Assets/Laboratory/Prefabs/Props/Hardware/Mouse01.prefab
  artifactKey: Guid(b2b7b5dc93e892a4c8833a0d24947b79) Importer(815301076,1909f56bfc062723c751e8b465ee728b)
Start importing Assets/Laboratory/Prefabs/Props/Hardware/Mouse01.prefab using Guid(b2b7b5dc93e892a4c8833a0d24947b79) Importer(815301076,1909f56bfc062723c751e8b465ee728b)  -> (artifact id: '840dbf2f99db7034f1611621951e12d6') in 0.017521 seconds 
========================================================================
Received Import Request.
  Time since last request: 0.000080 seconds.
  path: Assets/Laboratory/Prefabs/Props/Hardware/Centrifuge02.prefab
  artifactKey: Guid(c84ac234cf4116c4e8923d09ebe18e0d) Importer(815301076,1909f56bfc062723c751e8b465ee728b)
Start importing Assets/Laboratory/Prefabs/Props/Hardware/Centrifuge02.prefab using Guid(c84ac234cf4116c4e8923d09ebe18e0d) Importer(815301076,1909f56bfc062723c751e8b465ee728b)  -> (artifact id: 'f7eb21892c939430197a7b3248b74a7d') in 0.021814 seconds 
========================================================================
Received Import Request.
  Time since last request: 0.000167 seconds.
  path: Assets/Laboratory/Prefabs/Props/Hardware/Monitor01.prefab
  artifactKey: Guid(12de03d83bbe845418fee4e82e37d2c4) Importer(815301076,1909f56bfc062723c751e8b465ee728b)
Start importing Assets/Laboratory/Prefabs/Props/Hardware/Monitor01.prefab using Guid(12de03d83bbe845418fee4e82e37d2c4) Importer(815301076,1909f56bfc062723c751e8b465ee728b)  -> (artifact id: 'c8a1c9fef65500f7a38d7039f4b2fcf2') in 0.039588 seconds 
========================================================================
Received Import Request.
  Time since last request: 0.000137 seconds.
  path: Assets/Laboratory/Prefabs/Props/Hardware/Incubator01.prefab
  artifactKey: Guid(d42cdc0b28370264da434d99a2cf66fc) Importer(815301076,1909f56bfc062723c751e8b465ee728b)
Start importing Assets/Laboratory/Prefabs/Props/Hardware/Incubator01.prefab using Guid(d42cdc0b28370264da434d99a2cf66fc) Importer(815301076,1909f56bfc062723c751e8b465ee728b)  -> (artifact id: '1d892ad68bd89486fac51f41dd656e16') in 0.020034 seconds 
========================================================================
Received Import Request.
  Time since last request: 0.000095 seconds.
  path: Assets/Laboratory/Prefabs/Props/Hardware/Incubator02.prefab
  artifactKey: Guid(17f5c7c7155b8214387920dc7216a0ba) Importer(815301076,1909f56bfc062723c751e8b465ee728b)
Start importing Assets/Laboratory/Prefabs/Props/Hardware/Incubator02.prefab using Guid(17f5c7c7155b8214387920dc7216a0ba) Importer(815301076,1909f56bfc062723c751e8b465ee728b)  -> (artifact id: '19a1f53bb673e8ec62b8ec8a566dd3f1') in 0.039097 seconds 
========================================================================
Received Import Request.
  Time since last request: 0.000111 seconds.
  path: Assets/Laboratory/Prefabs/Props/Hardware/Centrifuge01.prefab
  artifactKey: Guid(9cc9d69ef0b3cab4785ab03f0e3a1500) Importer(815301076,1909f56bfc062723c751e8b465ee728b)
Start importing Assets/Laboratory/Prefabs/Props/Hardware/Centrifuge01.prefab using Guid(9cc9d69ef0b3cab4785ab03f0e3a1500) Importer(815301076,1909f56bfc062723c751e8b465ee728b)  -> (artifact id: 'e7514cab974c366a318eeced4e7cb160') in 0.036321 seconds 
========================================================================
Received Import Request.
  Time since last request: 0.000093 seconds.
  path: Assets/Laboratory/Prefabs/Props/Hardware/Incubator01_Vials Variant.prefab
  artifactKey: Guid(b305a9d460b7e124a969112b4219bfbd) Importer(815301076,1909f56bfc062723c751e8b465ee728b)
Start importing Assets/Laboratory/Prefabs/Props/Hardware/Incubator01_Vials Variant.prefab using Guid(b305a9d460b7e124a969112b4219bfbd) Importer(815301076,1909f56bfc062723c751e8b465ee728b)  -> (artifact id: '143b6b358afad4d853760592d94f16cb') in 0.026848 seconds 
========================================================================
Received Import Request.
  Time since last request: 0.451118 seconds.
  path: Assets/Laboratory/Prefabs/Props/Optics/Laser01.prefab
  artifactKey: Guid(68ace024655461744910139e5ea6f7c3) Importer(815301076,1909f56bfc062723c751e8b465ee728b)
Start importing Assets/Laboratory/Prefabs/Props/Optics/Laser01.prefab using Guid(68ace024655461744910139e5ea6f7c3) Importer(815301076,1909f56bfc062723c751e8b465ee728b)  -> (artifact id: 'c8e53c0c84a74716f3758c2b62decb52') in 0.071519 seconds 
========================================================================
Received Import Request.
  Time since last request: 0.000066 seconds.
  path: Assets/Laboratory/Prefabs/Props/Optics/OpticSlate01.prefab
  artifactKey: Guid(1dfbe0a80a8ced04eb12e97f8dd99d00) Importer(815301076,1909f56bfc062723c751e8b465ee728b)
Start importing Assets/Laboratory/Prefabs/Props/Optics/OpticSlate01.prefab using Guid(1dfbe0a80a8ced04eb12e97f8dd99d00) Importer(815301076,1909f56bfc062723c751e8b465ee728b)  -> (artifact id: '22df0fda0c2ce2a44e24775b608eb0f1') in 0.025241 seconds 
========================================================================
Received Import Request.
  Time since last request: 0.000134 seconds.
  path: Assets/Laboratory/Prefabs/Props/Optics/OpticSlate02.prefab
  artifactKey: Guid(093541852fccc224cab9a418d4117267) Importer(815301076,1909f56bfc062723c751e8b465ee728b)
Start importing Assets/Laboratory/Prefabs/Props/Optics/OpticSlate02.prefab using Guid(093541852fccc224cab9a418d4117267) Importer(815301076,1909f56bfc062723c751e8b465ee728b)  -> (artifact id: 'eaa6d78b6ac8dfc2ba1c5de289034d95') in 0.028342 seconds 
========================================================================
Received Import Request.
  Time since last request: 0.000158 seconds.
  path: Assets/Laboratory/Prefabs/Props/Optics/Optic02b.prefab
  artifactKey: Guid(5f57f061db588534c9fc0fa3e3193697) Importer(815301076,1909f56bfc062723c751e8b465ee728b)
Start importing Assets/Laboratory/Prefabs/Props/Optics/Optic02b.prefab using Guid(5f57f061db588534c9fc0fa3e3193697) Importer(815301076,1909f56bfc062723c751e8b465ee728b)  -> (artifact id: 'f14b88527f31ceb588ea215b79c75242') in 0.035874 seconds 
========================================================================
Received Import Request.
  Time since last request: 0.000077 seconds.
  path: Assets/Laboratory/Prefabs/Props/Optics/Optic01d.prefab
  artifactKey: Guid(40239a958170d9f4e84b98ca6eace319) Importer(815301076,1909f56bfc062723c751e8b465ee728b)
Start importing Assets/Laboratory/Prefabs/Props/Optics/Optic01d.prefab using Guid(40239a958170d9f4e84b98ca6eace319) Importer(815301076,1909f56bfc062723c751e8b465ee728b)  -> (artifact id: 'c19cf8f65ca7865822094d3e8de6584b') in 0.030237 seconds 
========================================================================
Received Import Request.
  Time since last request: 0.000088 seconds.
  path: Assets/Laboratory/Prefabs/Props/Optics/Unit01.prefab
  artifactKey: Guid(4d487a2739a896646a0a10306c1f825b) Importer(815301076,1909f56bfc062723c751e8b465ee728b)
Start importing Assets/Laboratory/Prefabs/Props/Optics/Unit01.prefab using Guid(4d487a2739a896646a0a10306c1f825b) Importer(815301076,1909f56bfc062723c751e8b465ee728b)  -> (artifact id: 'e32a03e883380c8f93949d5cbbc60d7d') in 0.045391 seconds 
========================================================================
Received Import Request.
  Time since last request: 0.000120 seconds.
  path: Assets/Laboratory/Prefabs/Props/Optics/Optic02c.prefab
  artifactKey: Guid(6e325b9a4c40d7749ae9eaa8f2525366) Importer(815301076,1909f56bfc062723c751e8b465ee728b)
Start importing Assets/Laboratory/Prefabs/Props/Optics/Optic02c.prefab using Guid(6e325b9a4c40d7749ae9eaa8f2525366) Importer(815301076,1909f56bfc062723c751e8b465ee728b)  -> (artifact id: '84c4fb5132e932ac5259821d362c4f6a') in 0.032216 seconds 
========================================================================
Received Import Request.
  Time since last request: 0.368259 seconds.
  path: Assets/Laboratory/Prefabs/Props/Organic/Alien01.prefab
  artifactKey: Guid(cac7df052d3228c4c932df17c9dc022d) Importer(815301076,1909f56bfc062723c751e8b465ee728b)
Start importing Assets/Laboratory/Prefabs/Props/Organic/Alien01.prefab using Guid(cac7df052d3228c4c932df17c9dc022d) Importer(815301076,1909f56bfc062723c751e8b465ee728b)  -> (artifact id: 'a7e0e49a3b5e37cc34f9d3ca6b3cdc2f') in 0.024164 seconds 
========================================================================
Received Import Request.
  Time since last request: 0.000094 seconds.
  path: Assets/Laboratory/Prefabs/Props/Organic/Larva02c.prefab
  artifactKey: Guid(274146cb33f3ddd4189691efff2f5a51) Importer(815301076,1909f56bfc062723c751e8b465ee728b)
Start importing Assets/Laboratory/Prefabs/Props/Organic/Larva02c.prefab using Guid(274146cb33f3ddd4189691efff2f5a51) Importer(815301076,1909f56bfc062723c751e8b465ee728b)  -> (artifact id: 'e8ebabc859e18695c9f75bbdff49d76e') in 0.040442 seconds 
========================================================================
Received Import Request.
  Time since last request: 0.000089 seconds.
  path: Assets/Laboratory/Prefabs/Props/Organic/Egg02.prefab
  artifactKey: Guid(3633a6995448afa4d8d987a3a3b72b34) Importer(815301076,1909f56bfc062723c751e8b465ee728b)
Start importing Assets/Laboratory/Prefabs/Props/Organic/Egg02.prefab using Guid(3633a6995448afa4d8d987a3a3b72b34) Importer(815301076,1909f56bfc062723c751e8b465ee728b)  -> (artifact id: 'a83d4621aca345b53cea56f04ccc76d6') in 0.024136 seconds 
========================================================================
Received Import Request.
  Time since last request: 0.000110 seconds.
  path: Assets/Laboratory/Prefabs/Props/Organic/Egg01.prefab
  artifactKey: Guid(49009466768f4cb4b9db704bf0e7a7db) Importer(815301076,1909f56bfc062723c751e8b465ee728b)
Start importing Assets/Laboratory/Prefabs/Props/Organic/Egg01.prefab using Guid(49009466768f4cb4b9db704bf0e7a7db) Importer(815301076,1909f56bfc062723c751e8b465ee728b)  -> (artifact id: 'a609b83099126e23612f321f8dd74935') in 0.018171 seconds 
========================================================================
Received Import Request.
  Time since last request: 0.000106 seconds.
  path: Assets/Laboratory/Prefabs/Props/Organic/Egg03.prefab
  artifactKey: Guid(c9ae126319c387a4fba4a821b794be0f) Importer(815301076,1909f56bfc062723c751e8b465ee728b)
Start importing Assets/Laboratory/Prefabs/Props/Organic/Egg03.prefab using Guid(c9ae126319c387a4fba4a821b794be0f) Importer(815301076,1909f56bfc062723c751e8b465ee728b)  -> (artifact id: '8fd28c28e9fdf3ee6130812c33e1f9e1') in 0.020319 seconds 
========================================================================
Received Import Request.
  Time since last request: 0.000147 seconds.
  path: Assets/Laboratory/Prefabs/Props/Organic/Larva01.prefab
  artifactKey: Guid(6f793f3b23790bd4abe6551d9a2ca1ca) Importer(815301076,1909f56bfc062723c751e8b465ee728b)
Start importing Assets/Laboratory/Prefabs/Props/Organic/Larva01.prefab using Guid(6f793f3b23790bd4abe6551d9a2ca1ca) Importer(815301076,1909f56bfc062723c751e8b465ee728b)  -> (artifact id: 'd3d7f68ebc42eb58f065d31ee87c7a3a') in 0.021474 seconds 
========================================================================
Received Import Request.
  Time since last request: 0.269832 seconds.
  path: Assets/Laboratory/Prefabs/Props/PlasticCrate/PlasticCrate01_Black Variant.prefab
  artifactKey: Guid(6b6a978ea3b7d6e4d8797503e70ff865) Importer(815301076,1909f56bfc062723c751e8b465ee728b)
Start importing Assets/Laboratory/Prefabs/Props/PlasticCrate/PlasticCrate01_Black Variant.prefab using Guid(6b6a978ea3b7d6e4d8797503e70ff865) Importer(815301076,1909f56bfc062723c751e8b465ee728b)  -> (artifact id: 'b68e57a26211d8398457ae6ddfc4609e') in 0.043166 seconds 
========================================================================
Received Import Request.
  Time since last request: 0.000125 seconds.
  path: Assets/Laboratory/Prefabs/Props/PlasticCrate/PlasticCrate01_Red Variant.prefab
  artifactKey: Guid(b0471c731f554b64e9fe217bf1ebb722) Importer(815301076,1909f56bfc062723c751e8b465ee728b)
Start importing Assets/Laboratory/Prefabs/Props/PlasticCrate/PlasticCrate01_Red Variant.prefab using Guid(b0471c731f554b64e9fe217bf1ebb722) Importer(815301076,1909f56bfc062723c751e8b465ee728b)  -> (artifact id: '299327062dced80963c63bbd2a956790') in 0.038765 seconds 
========================================================================
Received Import Request.
  Time since last request: 0.000094 seconds.
  path: Assets/Laboratory/Prefabs/Props/PlasticCrate/PlasticCrate02b_Green.prefab
  artifactKey: Guid(e1d2dc2b464f6864c8951decfbc452d2) Importer(815301076,1909f56bfc062723c751e8b465ee728b)
Start importing Assets/Laboratory/Prefabs/Props/PlasticCrate/PlasticCrate02b_Green.prefab using Guid(e1d2dc2b464f6864c8951decfbc452d2) Importer(815301076,1909f56bfc062723c751e8b465ee728b)  -> (artifact id: '1c66239604299baa9301a4ea58e4b839') in 0.022766 seconds 
========================================================================
Received Import Request.
  Time since last request: 0.000114 seconds.
  path: Assets/Laboratory/Prefabs/Props/PlasticCrate/PlasticCrate02b_Red Variant.prefab
  artifactKey: Guid(f30dda2b49ac6294e8c68af7cbb2e678) Importer(815301076,1909f56bfc062723c751e8b465ee728b)
Start importing Assets/Laboratory/Prefabs/Props/PlasticCrate/PlasticCrate02b_Red Variant.prefab using Guid(f30dda2b49ac6294e8c68af7cbb2e678) Importer(815301076,1909f56bfc062723c751e8b465ee728b)  -> (artifact id: 'e1b14d622442c366ed34d7640e1916ec') in 0.040959 seconds 
========================================================================
Received Import Request.
  Time since last request: 0.000147 seconds.
  path: Assets/Laboratory/Prefabs/Props/PlasticCrate/PlasticCrate01b_Grey.prefab
  artifactKey: Guid(0e9aa4d88cf95bb4cb5fc972ebe1dd00) Importer(815301076,1909f56bfc062723c751e8b465ee728b)
Start importing Assets/Laboratory/Prefabs/Props/PlasticCrate/PlasticCrate01b_Grey.prefab using Guid(0e9aa4d88cf95bb4cb5fc972ebe1dd00) Importer(815301076,1909f56bfc062723c751e8b465ee728b)  -> (artifact id: '2fa232496a26c2d235c376d90d42626a') in 0.048531 seconds 
========================================================================
Received Import Request.
  Time since last request: 0.000093 seconds.
  path: Assets/Laboratory/Prefabs/Props/PlasticCrate/PlasticCrate02_Blue Variant.prefab
  artifactKey: Guid(8428acf3993616043b0902d2110b8448) Importer(815301076,1909f56bfc062723c751e8b465ee728b)
Start importing Assets/Laboratory/Prefabs/Props/PlasticCrate/PlasticCrate02_Blue Variant.prefab using Guid(8428acf3993616043b0902d2110b8448) Importer(815301076,1909f56bfc062723c751e8b465ee728b)  -> (artifact id: '077a10b667bd602aa862204c10a84f5f') in 0.031206 seconds 
========================================================================
Received Import Request.
  Time since last request: 0.000159 seconds.
  path: Assets/Laboratory/Prefabs/Props/PlasticCrate/PlasticCrate02_Green.prefab
  artifactKey: Guid(a2febf1e6392dc046b1da84e02c0d102) Importer(815301076,1909f56bfc062723c751e8b465ee728b)
Start importing Assets/Laboratory/Prefabs/Props/PlasticCrate/PlasticCrate02_Green.prefab using Guid(a2febf1e6392dc046b1da84e02c0d102) Importer(815301076,1909f56bfc062723c751e8b465ee728b)  -> (artifact id: '57a626d91edc2843cad3dd77a0a90fcf') in 0.023392 seconds 
========================================================================
Received Import Request.
  Time since last request: 0.000108 seconds.
  path: Assets/Laboratory/Prefabs/Props/PlasticCrate/PlasticCrate02b_Blue Variant.prefab
  artifactKey: Guid(2fa37ea671b204b43bfb19c792194cb9) Importer(815301076,1909f56bfc062723c751e8b465ee728b)
Start importing Assets/Laboratory/Prefabs/Props/PlasticCrate/PlasticCrate02b_Blue Variant.prefab using Guid(2fa37ea671b204b43bfb19c792194cb9) Importer(815301076,1909f56bfc062723c751e8b465ee728b)  -> (artifact id: '2d949654ae41fd3325886a47d760600a') in 0.030001 seconds 
========================================================================
Received Import Request.
  Time since last request: 0.000148 seconds.
  path: Assets/Laboratory/Prefabs/Props/PlasticCrate/PlasticCrate01b_Yellow Variant.prefab
  artifactKey: Guid(43f03e091760d69498ca4befabba7667) Importer(815301076,1909f56bfc062723c751e8b465ee728b)
Start importing Assets/Laboratory/Prefabs/Props/PlasticCrate/PlasticCrate01b_Yellow Variant.prefab using Guid(43f03e091760d69498ca4befabba7667) Importer(815301076,1909f56bfc062723c751e8b465ee728b)  -> (artifact id: '0f482fc12d2327887a5eefb7f2434ed7') in 0.044719 seconds 
========================================================================
Received Import Request.
  Time since last request: 0.000104 seconds.
  path: Assets/Laboratory/Prefabs/Props/PlasticCrate/PlasticCrate01b_Red Variant.prefab
  artifactKey: Guid(30c1292e80f0ddc42905650222f7bac8) Importer(815301076,1909f56bfc062723c751e8b465ee728b)
Start importing Assets/Laboratory/Prefabs/Props/PlasticCrate/PlasticCrate01b_Red Variant.prefab using Guid(30c1292e80f0ddc42905650222f7bac8) Importer(815301076,1909f56bfc062723c751e8b465ee728b)  -> (artifact id: '35cfd2aca594b8643dcf30cc3ea91122') in 0.036315 seconds 
========================================================================
Received Import Request.
  Time since last request: 0.000082 seconds.
  path: Assets/Laboratory/Prefabs/Props/PlasticCrate/PlasticCrate01b_Green Variant.prefab
  artifactKey: Guid(22db2a48aa42d914b8c27eb3c2cf93b3) Importer(815301076,1909f56bfc062723c751e8b465ee728b)
Start importing Assets/Laboratory/Prefabs/Props/PlasticCrate/PlasticCrate01b_Green Variant.prefab using Guid(22db2a48aa42d914b8c27eb3c2cf93b3) Importer(815301076,1909f56bfc062723c751e8b465ee728b)  -> (artifact id: 'b38f2e8323ac8a4b9bff7821e4587baa') in 0.042653 seconds 
========================================================================
Received Import Request.
  Time since last request: 0.000096 seconds.
  path: Assets/Laboratory/Prefabs/Props/PlasticCrate/PlasticCrate01_Grey.prefab
  artifactKey: Guid(7273d63a92fcf584188e7f2f08619103) Importer(815301076,1909f56bfc062723c751e8b465ee728b)
Start importing Assets/Laboratory/Prefabs/Props/PlasticCrate/PlasticCrate01_Grey.prefab using Guid(7273d63a92fcf584188e7f2f08619103) Importer(815301076,1909f56bfc062723c751e8b465ee728b)  -> (artifact id: 'eb0314a745c208d2777e000bf3cca4d7') in 0.042946 seconds 
========================================================================
Received Import Request.
  Time since last request: 0.000088 seconds.
  path: Assets/Laboratory/Prefabs/Props/PlasticCrate/PlasticCrate02_Red Variant.prefab
  artifactKey: Guid(a53ffdbba1223744789d13ceb65d7082) Importer(815301076,1909f56bfc062723c751e8b465ee728b)
Start importing Assets/Laboratory/Prefabs/Props/PlasticCrate/PlasticCrate02_Red Variant.prefab using Guid(a53ffdbba1223744789d13ceb65d7082) Importer(815301076,1909f56bfc062723c751e8b465ee728b)  -> (artifact id: '62a0fdea0d95924ec1b667e6e4dc83aa') in 0.033647 seconds 
========================================================================
Received Import Request.
  Time since last request: 0.560662 seconds.
  path: Assets/Laboratory/Prefabs/Props/Supplies/PlasticBottle01.prefab
  artifactKey: Guid(381435f5d9617af4c98478219496f408) Importer(815301076,1909f56bfc062723c751e8b465ee728b)
Start importing Assets/Laboratory/Prefabs/Props/Supplies/PlasticBottle01.prefab using Guid(381435f5d9617af4c98478219496f408) Importer(815301076,1909f56bfc062723c751e8b465ee728b)  -> (artifact id: '64ebe2d78436b4bcc9251f0cf3380351') in 0.025612 seconds 
========================================================================
Received Import Request.
  Time since last request: 0.000096 seconds.
  path: Assets/Laboratory/Prefabs/Props/Supplies/PlasticBottle01_Green Variant.prefab
  artifactKey: Guid(fcac03cf9623b11419e7c37ab161b771) Importer(815301076,1909f56bfc062723c751e8b465ee728b)
Start importing Assets/Laboratory/Prefabs/Props/Supplies/PlasticBottle01_Green Variant.prefab using Guid(fcac03cf9623b11419e7c37ab161b771) Importer(815301076,1909f56bfc062723c751e8b465ee728b)  -> (artifact id: '129af7c2572938995973e3dd11f175c5') in 0.022242 seconds 
========================================================================
Received Import Request.
  Time since last request: 0.000069 seconds.
  path: Assets/Laboratory/Prefabs/Props/Supplies/PlasticBottle01_GreenGlass Variant.prefab
  artifactKey: Guid(b6198304c3fdee747af06926f4b88c7c) Importer(815301076,1909f56bfc062723c751e8b465ee728b)
Start importing Assets/Laboratory/Prefabs/Props/Supplies/PlasticBottle01_GreenGlass Variant.prefab using Guid(b6198304c3fdee747af06926f4b88c7c) Importer(815301076,1909f56bfc062723c751e8b465ee728b)  -> (artifact id: '5c0770b7738bad45e799bddbf57eb706') in 0.023434 seconds 
========================================================================
Received Import Request.
  Time since last request: 0.000080 seconds.
  path: Assets/Laboratory/Prefabs/Props/Supplies/PlasticBottle01_RedGlass Variant.prefab
  artifactKey: Guid(fa1d466b5421b42429e1b242536024f8) Importer(815301076,1909f56bfc062723c751e8b465ee728b)
Start importing Assets/Laboratory/Prefabs/Props/Supplies/PlasticBottle01_RedGlass Variant.prefab using Guid(fa1d466b5421b42429e1b242536024f8) Importer(815301076,1909f56bfc062723c751e8b465ee728b)  -> (artifact id: 'c1269baa971ae28faf030129c9d67e95') in 0.021278 seconds 
========================================================================
Received Import Request.
  Time since last request: 0.000185 seconds.
  path: Assets/Laboratory/Prefabs/Props/Supplies/PlasticBottle02_Red Variant.prefab
  artifactKey: Guid(0d45858712ddce24db1a1b67f7db0527) Importer(815301076,1909f56bfc062723c751e8b465ee728b)
Start importing Assets/Laboratory/Prefabs/Props/Supplies/PlasticBottle02_Red Variant.prefab using Guid(0d45858712ddce24db1a1b67f7db0527) Importer(815301076,1909f56bfc062723c751e8b465ee728b)  -> (artifact id: 'dab3d7f427118bab2d274d5eafa69384') in 0.023829 seconds 
========================================================================
Received Import Request.
  Time since last request: 0.000093 seconds.
  path: Assets/Laboratory/Prefabs/Props/Supplies/PlasticBottle02_Yellow Variant.prefab
  artifactKey: Guid(09b58c723d3bcf44ca6f22f46e283de1) Importer(815301076,1909f56bfc062723c751e8b465ee728b)
Start importing Assets/Laboratory/Prefabs/Props/Supplies/PlasticBottle02_Yellow Variant.prefab using Guid(09b58c723d3bcf44ca6f22f46e283de1) Importer(815301076,1909f56bfc062723c751e8b465ee728b)  -> (artifact id: 'd219c447db6aaf13c22865fff76dd3a0') in 0.023722 seconds 
========================================================================
Received Import Request.
  Time since last request: 0.000090 seconds.
  path: Assets/Laboratory/Prefabs/Props/Supplies/PlasticBottle03_Green Variant.prefab
  artifactKey: Guid(e997b2b4ce66448438491b4921a41b00) Importer(815301076,1909f56bfc062723c751e8b465ee728b)
Start importing Assets/Laboratory/Prefabs/Props/Supplies/PlasticBottle03_Green Variant.prefab using Guid(e997b2b4ce66448438491b4921a41b00) Importer(815301076,1909f56bfc062723c751e8b465ee728b)  -> (artifact id: '5a02b772d0ae8aeadc278aeb4757ff60') in 0.019781 seconds 
========================================================================
Received Import Request.
  Time since last request: 0.000141 seconds.
  path: Assets/Laboratory/Prefabs/Props/Supplies/PlasticBottle01_YellowGlass Variant.prefab
  artifactKey: Guid(b85b8aec558c9b14f800c5344d1fb19c) Importer(815301076,1909f56bfc062723c751e8b465ee728b)
Start importing Assets/Laboratory/Prefabs/Props/Supplies/PlasticBottle01_YellowGlass Variant.prefab using Guid(b85b8aec558c9b14f800c5344d1fb19c) Importer(815301076,1909f56bfc062723c751e8b465ee728b)  -> (artifact id: 'a82cc3783d622ec06bb061c500b361e9') in 0.023048 seconds 
========================================================================
Received Import Request.
  Time since last request: 0.000167 seconds.
  path: Assets/Laboratory/Prefabs/Props/Supplies/PlasticBottle03_Blue Variant.prefab
  artifactKey: Guid(87fce528bec2ae64a9a15256099df51d) Importer(815301076,1909f56bfc062723c751e8b465ee728b)
Start importing Assets/Laboratory/Prefabs/Props/Supplies/PlasticBottle03_Blue Variant.prefab using Guid(87fce528bec2ae64a9a15256099df51d) Importer(815301076,1909f56bfc062723c751e8b465ee728b)  -> (artifact id: '35cffd1e3f81b34568d4f97b59ca0274') in 0.017555 seconds 
========================================================================
Received Import Request.
  Time since last request: 0.000081 seconds.
  path: Assets/Laboratory/Prefabs/Props/Supplies/PlasticVial01.prefab
  artifactKey: Guid(0424553731c27d140a98442f792077d1) Importer(815301076,1909f56bfc062723c751e8b465ee728b)
Start importing Assets/Laboratory/Prefabs/Props/Supplies/PlasticVial01.prefab using Guid(0424553731c27d140a98442f792077d1) Importer(815301076,1909f56bfc062723c751e8b465ee728b)  -> (artifact id: '93a4ac29922e7aa3353cc37a8d5abb58') in 0.011904 seconds 
========================================================================
Received Import Request.
  Time since last request: 0.000081 seconds.
  path: Assets/Laboratory/Prefabs/Props/Supplies/PlasticBottle01_Red Variant.prefab
  artifactKey: Guid(bd1449544632d6f43981f4460a1195d2) Importer(815301076,1909f56bfc062723c751e8b465ee728b)
Start importing Assets/Laboratory/Prefabs/Props/Supplies/PlasticBottle01_Red Variant.prefab using Guid(bd1449544632d6f43981f4460a1195d2) Importer(815301076,1909f56bfc062723c751e8b465ee728b)  -> (artifact id: '8ac0d291221a4e030023b4439005e069') in 0.022219 seconds 
========================================================================
Received Import Request.
  Time since last request: 0.485234 seconds.
  path: Assets/Laboratory/Prefabs/Props/WasteBag/WasteBag01 Variant.prefab
  artifactKey: Guid(e030c739e48d9c6428e0d5b8616b3f5d) Importer(815301076,1909f56bfc062723c751e8b465ee728b)
Start importing Assets/Laboratory/Prefabs/Props/WasteBag/WasteBag01 Variant.prefab using Guid(e030c739e48d9c6428e0d5b8616b3f5d) Importer(815301076,1909f56bfc062723c751e8b465ee728b)  -> (artifact id: 'e002e56ad8314f6cac8833ff5a2df7fa') in 0.020983 seconds 
========================================================================
Received Import Request.
  Time since last request: 0.000068 seconds.
  path: Assets/Laboratory/Prefabs/Props/WasteBag/WasteBag01b.prefab
  artifactKey: Guid(bcdeea1796607e14caa879fb8acd000e) Importer(815301076,1909f56bfc062723c751e8b465ee728b)
Start importing Assets/Laboratory/Prefabs/Props/WasteBag/WasteBag01b.prefab using Guid(bcdeea1796607e14caa879fb8acd000e) Importer(815301076,1909f56bfc062723c751e8b465ee728b)  -> (artifact id: 'eaf478943ab8f1a2cbeb7e8e32f255b8') in 0.036031 seconds 
========================================================================
Received Import Request.
  Time since last request: 0.774902 seconds.
  path: Assets/Laboratory/Prefabs/Props/WasteBin/Wastebin01.prefab
  artifactKey: Guid(adea46f759a23a840b8bfa3b8d364ef0) Importer(815301076,1909f56bfc062723c751e8b465ee728b)
Start importing Assets/Laboratory/Prefabs/Props/WasteBin/Wastebin01.prefab using Guid(adea46f759a23a840b8bfa3b8d364ef0) Importer(815301076,1909f56bfc062723c751e8b465ee728b)  -> (artifact id: 'a1ee8d10dba978efcb892801545cb4f7') in 0.084416 seconds 
========================================================================
Received Import Request.
  Time since last request: 4.132026 seconds.
  path: Assets/Laboratory/Prefabs/Architecture/Base/Floor01.prefab
  artifactKey: Guid(aebcff84556bd694da73d0f62b20d3ef) Importer(815301076,1909f56bfc062723c751e8b465ee728b)
Start importing Assets/Laboratory/Prefabs/Architecture/Base/Floor01.prefab using Guid(aebcff84556bd694da73d0f62b20d3ef) Importer(815301076,1909f56bfc062723c751e8b465ee728b)  -> (artifact id: 'e6645222de1266175b0748340e2b14bc') in 0.041559 seconds 
========================================================================
Received Prepare
Registering precompiled user dll's ...
Registered in 0.001898 seconds.
Begin MonoManager ReloadAssembly
Symbol file LoadedFromMemory doesn't match image /Users/umphaipunatipunumphai/Documents/GitHub/SecretProject/My project/Library/PackageCache/com.unity.visualscripting@1.7.8/Editor/VisualScripting.Core/Dependencies/YamlDotNet/Unity.VisualScripting.YamlDotNet.dll
Symbol file LoadedFromMemory doesn't match image /Users/umphaipunatipunumphai/Documents/GitHub/SecretProject/My project/Library/PackageCache/com.unity.visualscripting@1.7.8/Editor/VisualScripting.Core/Dependencies/DotNetZip/Unity.VisualScripting.IonicZip.dll
Native extension for iOS target not found
Native extension for Android target not found
Native extension for OSXStandalone target not found
Refreshing native plugins compatible for Editor in 0.97 ms, found 2 plugins.
Preloading 0 native plugins for Editor in 0.00 ms.
Mono: successfully reloaded assembly
- Completed reload, in  1.171 seconds
Domain Reload Profiling:
	ReloadAssembly (1172ms)
		BeginReloadAssembly (148ms)
			ExecutionOrderSort (0ms)
			DisableScriptedObjects (5ms)
			BackupInstance (0ms)
			ReleaseScriptingObjects (0ms)
			CreateAndSetChildDomain (67ms)
		EndReloadAssembly (914ms)
			LoadAssemblies (65ms)
			RebuildTransferFunctionScriptingTraits (0ms)
			SetupTypeCache (337ms)
			ReleaseScriptCaches (1ms)
			RebuildScriptCaches (51ms)
			SetupLoadedEditorAssemblies (403ms)
				LogAssemblyErrors (0ms)
				InitializePlatformSupportModulesInManaged (34ms)
				SetLoadedEditorAssemblies (1ms)
				RefreshPlugins (1ms)
				BeforeProcessingInitializeOnLoad (64ms)
				ProcessInitializeOnLoadAttributes (265ms)
				ProcessInitializeOnLoadMethodAttributes (36ms)
				AfterProcessingInitializeOnLoad (1ms)
				EditorAssembliesLoaded (0ms)
			ExecutionOrderSort2 (0ms)
			AwakeInstancesAfterBackupRestoration (5ms)
Platform modules already initialized, skipping
Refreshing native plugins compatible for Editor in 1.44 ms, found 2 plugins.
Preloading 0 native plugins for Editor in 0.00 ms.
Unloading 3375 Unused Serialized files (Serialized files now loaded: 0)
Unloading 20 unused Assets / (71.6 KB). Loaded Objects now: 3868.
Memory consumption went from 322.5 MB to 322.4 MB.
Total: 3.390515 ms (FindLiveObjects: 0.284212 ms CreateObjectMapping: 0.227630 ms MarkObjects: 2.768739 ms  DeleteObjects: 0.109132 ms)

AssetImportParameters requested are different than current active one (requested -> active):
  custom:video-decoder-ogg-theora: a1e56fd34408186e4bbccfd4996cb3dc -> 
  custom:container-muxer-webm: aa71ff27fc2769a1b78a27578f13a17b -> 
  custom:container-demuxer-webm: 4f35f7cbe854078d1ac9338744f61a02 -> 
  custom:video-encoder-webm-vp8: eb34c28f22e8b96e1ab97ce403110664 -> 
  custom:framework-osx-AVFoundation: e770b220cccbd017edd2c1fefb359320 -> 
  custom:audio-encoder-webm-vorbis: bf7c407c2cedff20999df2af8eb42d56 -> 
  custom:container-demuxer-ogg: 62fdf1f143b41e24485cea50d1cbac27 -> 
  custom:video-decoder-webm-vp8: 9c59270c3fd7afecdb556c50c9e8de78 -> 
  custom:audio-decoder-ogg-vorbis: bf7c407c2cedff20999df2af8eb42d56 -> 
========================================================================
Received Prepare
Registering precompiled user dll's ...
Registered in 0.002225 seconds.
Begin MonoManager ReloadAssembly
Symbol file LoadedFromMemory doesn't match image /Users/umphaipunatipunumphai/Documents/GitHub/SecretProject/My project/Library/PackageCache/com.unity.visualscripting@1.7.8/Editor/VisualScripting.Core/Dependencies/YamlDotNet/Unity.VisualScripting.YamlDotNet.dll
Symbol file LoadedFromMemory doesn't match image /Users/umphaipunatipunumphai/Documents/GitHub/SecretProject/My project/Library/PackageCache/com.unity.visualscripting@1.7.8/Editor/VisualScripting.Core/Dependencies/DotNetZip/Unity.VisualScripting.IonicZip.dll
Native extension for iOS target not found
Native extension for Android target not found
Native extension for OSXStandalone target not found
Refreshing native plugins compatible for Editor in 0.70 ms, found 2 plugins.
Preloading 0 native plugins for Editor in 0.00 ms.
Mono: successfully reloaded assembly
- Completed reload, in  1.186 seconds
Domain Reload Profiling:
	ReloadAssembly (1187ms)
		BeginReloadAssembly (150ms)
			ExecutionOrderSort (0ms)
			DisableScriptedObjects (7ms)
			BackupInstance (0ms)
			ReleaseScriptingObjects (0ms)
			CreateAndSetChildDomain (65ms)
		EndReloadAssembly (916ms)
			LoadAssemblies (66ms)
			RebuildTransferFunctionScriptingTraits (0ms)
			SetupTypeCache (316ms)
			ReleaseScriptCaches (1ms)
			RebuildScriptCaches (53ms)
			SetupLoadedEditorAssemblies (409ms)
				LogAssemblyErrors (0ms)
				InitializePlatformSupportModulesInManaged (36ms)
				SetLoadedEditorAssemblies (1ms)
				RefreshPlugins (1ms)
				BeforeProcessingInitializeOnLoad (69ms)
				ProcessInitializeOnLoadAttributes (265ms)
				ProcessInitializeOnLoadMethodAttributes (36ms)
				AfterProcessingInitializeOnLoad (1ms)
				EditorAssembliesLoaded (0ms)
			ExecutionOrderSort2 (0ms)
			AwakeInstancesAfterBackupRestoration (5ms)
Platform modules already initialized, skipping
Refreshing native plugins compatible for Editor in 1.56 ms, found 2 plugins.
Preloading 0 native plugins for Editor in 0.00 ms.
Unloading 3375 Unused Serialized files (Serialized files now loaded: 0)
Unloading 20 unused Assets / (71.3 KB). Loaded Objects now: 3871.
Memory consumption went from 322.7 MB to 322.6 MB.
Total: 3.508355 ms (FindLiveObjects: 0.291609 ms CreateObjectMapping: 0.190693 ms MarkObjects: 2.935565 ms  DeleteObjects: 0.088918 ms)

AssetImportParameters requested are different than current active one (requested -> active):
  custom:video-decoder-ogg-theora: a1e56fd34408186e4bbccfd4996cb3dc -> 
  custom:container-muxer-webm: aa71ff27fc2769a1b78a27578f13a17b -> 
  custom:container-demuxer-webm: 4f35f7cbe854078d1ac9338744f61a02 -> 
  custom:video-encoder-webm-vp8: eb34c28f22e8b96e1ab97ce403110664 -> 
  custom:framework-osx-AVFoundation: e770b220cccbd017edd2c1fefb359320 -> 
  custom:audio-encoder-webm-vorbis: bf7c407c2cedff20999df2af8eb42d56 -> 
  custom:container-demuxer-ogg: 62fdf1f143b41e24485cea50d1cbac27 -> 
  custom:video-decoder-webm-vp8: 9c59270c3fd7afecdb556c50c9e8de78 -> 
  custom:audio-decoder-ogg-vorbis: bf7c407c2cedff20999df2af8eb42d56 -> 
========================================================================
Received Import Request.
  Time since last request: 333.547907 seconds.
  path: Assets/Laboratory/Textures/Surfaces/Materials/Beige.mat
  artifactKey: Guid(dbe92176ab0473242ae3e2071e61a8e2) Importer(815301076,1909f56bfc062723c751e8b465ee728b)
Start importing Assets/Laboratory/Textures/Surfaces/Materials/Beige.mat using Guid(dbe92176ab0473242ae3e2071e61a8e2) Importer(815301076,1909f56bfc062723c751e8b465ee728b)  -> (artifact id: 'a3335d1378dcca687ee5a651b1040ca1') in 0.236062 seconds 
========================================================================
Received Import Request.
  Time since last request: 0.000097 seconds.
  path: Assets/Laboratory/Textures/Surfaces/Materials/BlackDots_MaskMap.png
  artifactKey: Guid(fe58b809786534348a2ab1c08ded3d2f) Importer(815301076,1909f56bfc062723c751e8b465ee728b)
Start importing Assets/Laboratory/Textures/Surfaces/Materials/BlackDots_MaskMap.png using Guid(fe58b809786534348a2ab1c08ded3d2f) Importer(815301076,1909f56bfc062723c751e8b465ee728b)  -> (artifact id: '852d048c738a7fbcf67fe3d3e11950d4') in 0.160334 seconds 
========================================================================
Received Import Request.
  Time since last request: 0.000068 seconds.
  path: Assets/Laboratory/Textures/Surfaces/Materials/PlasticRed.mat
  artifactKey: Guid(c9d65452a813edf438db112ed539824b) Importer(815301076,1909f56bfc062723c751e8b465ee728b)
Start importing Assets/Laboratory/Textures/Surfaces/Materials/PlasticRed.mat using Guid(c9d65452a813edf438db112ed539824b) Importer(815301076,1909f56bfc062723c751e8b465ee728b)  -> (artifact id: '8864c15628e0c9800961110239a8fd6c') in 0.037607 seconds 
========================================================================
Received Import Request.
  Time since last request: 0.000086 seconds.
  path: Assets/Laboratory/Textures/Surfaces/Materials/GreyWarmShiny.mat
  artifactKey: Guid(820783f8805b92a42a93e0b342abcb44) Importer(815301076,1909f56bfc062723c751e8b465ee728b)
Start importing Assets/Laboratory/Textures/Surfaces/Materials/GreyWarmShiny.mat using Guid(820783f8805b92a42a93e0b342abcb44) Importer(815301076,1909f56bfc062723c751e8b465ee728b)  -> (artifact id: '09ce2e3e9a54db61a00a03390409f555') in 0.026174 seconds 
========================================================================
Received Import Request.
  Time since last request: 0.000134 seconds.
  path: Assets/Laboratory/Textures/Surfaces/Materials/White.mat
  artifactKey: Guid(de884d8e585b1234f81a528a81352bf1) Importer(815301076,1909f56bfc062723c751e8b465ee728b)
Start importing Assets/Laboratory/Textures/Surfaces/Materials/White.mat using Guid(de884d8e585b1234f81a528a81352bf1) Importer(815301076,1909f56bfc062723c751e8b465ee728b)  -> (artifact id: 'c93ea8e3f5dc582f5b03e7ee478eb2ff') in 0.015481 seconds 
========================================================================
Received Import Request.
  Time since last request: 0.000097 seconds.
  path: Assets/Laboratory/Textures/Surfaces/Materials/MetalBrushed.mat
  artifactKey: Guid(1fccce7c8dafc4342b9ffcb385ffb4af) Importer(815301076,1909f56bfc062723c751e8b465ee728b)
Start importing Assets/Laboratory/Textures/Surfaces/Materials/MetalBrushed.mat using Guid(1fccce7c8dafc4342b9ffcb385ffb4af) Importer(815301076,1909f56bfc062723c751e8b465ee728b)  -> (artifact id: 'c169e97e1aca0cf4d94a215c396d0e05') in 0.025058 seconds 
========================================================================
Received Import Request.
  Time since last request: 0.000088 seconds.
  path: Assets/Laboratory/Textures/Surfaces/Materials/GlassTintedBlue.mat
  artifactKey: Guid(b5960e17df66eaf438d77081c1de01e8) Importer(815301076,1909f56bfc062723c751e8b465ee728b)
Start importing Assets/Laboratory/Textures/Surfaces/Materials/GlassTintedBlue.mat using Guid(b5960e17df66eaf438d77081c1de01e8) Importer(815301076,1909f56bfc062723c751e8b465ee728b)  -> (artifact id: 'b6850d12273b75e41e0f32614bc744cd') in 0.043398 seconds 
========================================================================
Received Import Request.
  Time since last request: 0.000074 seconds.
  path: Assets/Laboratory/Textures/Surfaces/Materials/LiquidTinted.mat
  artifactKey: Guid(dc5eb0ef90c780649ad1f8512e979bea) Importer(815301076,1909f56bfc062723c751e8b465ee728b)
Start importing Assets/Laboratory/Textures/Surfaces/Materials/LiquidTinted.mat using Guid(dc5eb0ef90c780649ad1f8512e979bea) Importer(815301076,1909f56bfc062723c751e8b465ee728b)  -> (artifact id: '66ae17ae83e3a455fa02bca176d66f90') in 0.011529 seconds 
========================================================================
Received Import Request.
  Time since last request: 0.000142 seconds.
  path: Assets/Laboratory/Textures/Surfaces/Materials/Grey_MaskMap.png
  artifactKey: Guid(24b60678e58638f4ebcadf910af63021) Importer(815301076,1909f56bfc062723c751e8b465ee728b)
Start importing Assets/Laboratory/Textures/Surfaces/Materials/Grey_MaskMap.png using Guid(24b60678e58638f4ebcadf910af63021) Importer(815301076,1909f56bfc062723c751e8b465ee728b)  -> (artifact id: 'c7ef44624c93bc5bc2fa806d58155ccf') in 0.019984 seconds 
========================================================================
Received Import Request.
  Time since last request: 0.000102 seconds.
  path: Assets/Laboratory/Textures/Surfaces/Materials/WhiteShiny.mat
  artifactKey: Guid(2ac0fd036f92c324cbe289656edc74d9) Importer(815301076,1909f56bfc062723c751e8b465ee728b)
Start importing Assets/Laboratory/Textures/Surfaces/Materials/WhiteShiny.mat using Guid(2ac0fd036f92c324cbe289656edc74d9) Importer(815301076,1909f56bfc062723c751e8b465ee728b)  -> (artifact id: 'e5fada08977867c0d2ca0d99cc786976') in 0.021986 seconds 
========================================================================
Received Import Request.
  Time since last request: 0.000074 seconds.
  path: Assets/Laboratory/Textures/Surfaces/Materials/GreyShiny.mat
  artifactKey: Guid(0fb141cbed09bbf4c9d15c2626b0d7d3) Importer(815301076,1909f56bfc062723c751e8b465ee728b)
Start importing Assets/Laboratory/Textures/Surfaces/Materials/GreyShiny.mat using Guid(0fb141cbed09bbf4c9d15c2626b0d7d3) Importer(815301076,1909f56bfc062723c751e8b465ee728b)  -> (artifact id: 'cb81e4c12667c83dece132d75862a128') in 0.015418 seconds 
========================================================================
Received Import Request.
  Time since last request: 0.000082 seconds.
  path: Assets/Laboratory/Textures/Surfaces/Materials/PlasticGrey.mat
  artifactKey: Guid(0ca410293461cfd4c9166e8f37f07927) Importer(815301076,1909f56bfc062723c751e8b465ee728b)
Start importing Assets/Laboratory/Textures/Surfaces/Materials/PlasticGrey.mat using Guid(0ca410293461cfd4c9166e8f37f07927) Importer(815301076,1909f56bfc062723c751e8b465ee728b)  -> (artifact id: '37ece64b0d30007e3e795e44bd231940') in 0.026507 seconds 
========================================================================
Received Import Request.
  Time since last request: 0.000087 seconds.
  path: Assets/Laboratory/Textures/Surfaces/Materials/WhiteShiny_MaskMap.png
  artifactKey: Guid(7bbc4d361647093409c4b0ff5a13acdb) Importer(815301076,1909f56bfc062723c751e8b465ee728b)
Start importing Assets/Laboratory/Textures/Surfaces/Materials/WhiteShiny_MaskMap.png using Guid(7bbc4d361647093409c4b0ff5a13acdb) Importer(815301076,1909f56bfc062723c751e8b465ee728b)  -> (artifact id: 'ac3ead227adc352ce4e7800a0c4a657f') in 0.025738 seconds 
========================================================================
Received Import Request.
  Time since last request: 0.000116 seconds.
  path: Assets/Laboratory/Textures/Surfaces/Materials/PlasticYellow.mat
  artifactKey: Guid(c3fb622b7b1256a4f97d0a8eb7af6cc2) Importer(815301076,1909f56bfc062723c751e8b465ee728b)
Start importing Assets/Laboratory/Textures/Surfaces/Materials/PlasticYellow.mat using Guid(c3fb622b7b1256a4f97d0a8eb7af6cc2) Importer(815301076,1909f56bfc062723c751e8b465ee728b)  -> (artifact id: '04105b4de965fcc3db5f66e538990fd2') in 0.022721 seconds 
========================================================================
Received Import Request.
  Time since last request: 0.000083 seconds.
  path: Assets/Laboratory/Textures/Surfaces/Materials/BlackDots_DetailMap.png
  artifactKey: Guid(4ccad20c790d66d45a5d4fbddcdbc368) Importer(815301076,1909f56bfc062723c751e8b465ee728b)
Start importing Assets/Laboratory/Textures/Surfaces/Materials/BlackDots_DetailMap.png using Guid(4ccad20c790d66d45a5d4fbddcdbc368) Importer(815301076,1909f56bfc062723c751e8b465ee728b)  -> (artifact id: '9bf8cde70ac1e0ae5eb48825181696af') in 0.019048 seconds 
========================================================================
Received Import Request.
  Time since last request: 0.000149 seconds.
  path: Assets/Laboratory/Textures/Surfaces/Materials/GreyWarmShiny_MaskMap.png
  artifactKey: Guid(5b2fa2afc1f4bc44ca94b222e7a4c332) Importer(815301076,1909f56bfc062723c751e8b465ee728b)
Start importing Assets/Laboratory/Textures/Surfaces/Materials/GreyWarmShiny_MaskMap.png using Guid(5b2fa2afc1f4bc44ca94b222e7a4c332) Importer(815301076,1909f56bfc062723c751e8b465ee728b)  -> (artifact id: 'aa209c1ee24c045c9d2fe4901576ec73') in 0.021314 seconds 
========================================================================
Received Import Request.
  Time since last request: 0.000087 seconds.
  path: Assets/Laboratory/Textures/Surfaces/Materials/MetalBrushed_MaskMap.png
  artifactKey: Guid(ac1b06f2a6d6f3b4fa21f7a317e019bc) Importer(815301076,1909f56bfc062723c751e8b465ee728b)
Start importing Assets/Laboratory/Textures/Surfaces/Materials/MetalBrushed_MaskMap.png using Guid(ac1b06f2a6d6f3b4fa21f7a317e019bc) Importer(815301076,1909f56bfc062723c751e8b465ee728b)  -> (artifact id: '512875dad623be0ac6ccd67a7e85f717') in 0.026368 seconds 
========================================================================
Received Import Request.
  Time since last request: 0.000108 seconds.
  path: Assets/Laboratory/Textures/Surfaces/Materials/LaserBeam.mat
  artifactKey: Guid(e55326711c33d3e47a319c6a03e4fba0) Importer(815301076,1909f56bfc062723c751e8b465ee728b)
Start importing Assets/Laboratory/Textures/Surfaces/Materials/LaserBeam.mat using Guid(e55326711c33d3e47a319c6a03e4fba0) Importer(815301076,1909f56bfc062723c751e8b465ee728b)  -> (artifact id: '3c0eef05a11f48b9a700162d0ce6c2b9') in 0.014018 seconds 
========================================================================
Received Import Request.
  Time since last request: 0.000184 seconds.
  path: Assets/Laboratory/Textures/Surfaces/Materials/PlasticGreen.mat
  artifactKey: Guid(8e047d3c85f0757499ba7275285fbbc1) Importer(815301076,1909f56bfc062723c751e8b465ee728b)
Start importing Assets/Laboratory/Textures/Surfaces/Materials/PlasticGreen.mat using Guid(8e047d3c85f0757499ba7275285fbbc1) Importer(815301076,1909f56bfc062723c751e8b465ee728b)  -> (artifact id: '20ed7d47783bac62f15010c1892b8b84') in 0.021756 seconds 
========================================================================
Received Import Request.
  Time since last request: 1.117547 seconds.
  path: Assets/Laboratory/Textures/Surfaces/Metals/Metal01_m.png
  artifactKey: Guid(8dc80692359be4541a833ae540aeac1d) Importer(815301076,1909f56bfc062723c751e8b465ee728b)
Start importing Assets/Laboratory/Textures/Surfaces/Metals/Metal01_m.png using Guid(8dc80692359be4541a833ae540aeac1d) Importer(815301076,1909f56bfc062723c751e8b465ee728b)  -> (artifact id: '4e3952ef5f7fe0640460ccf3372265cc') in 0.030193 seconds 
========================================================================
Received Import Request.
  Time since last request: 8.063738 seconds.
  path: Assets/Laboratory/Textures/Surfaces/Noises/Noise01_n.png
  artifactKey: Guid(364056357877acd4aa7f68dc97d0135e) Importer(815301076,1909f56bfc062723c751e8b465ee728b)
Start importing Assets/Laboratory/Textures/Surfaces/Noises/Noise01_n.png using Guid(364056357877acd4aa7f68dc97d0135e) Importer(815301076,1909f56bfc062723c751e8b465ee728b)  -> (artifact id: '8ee2424d792c78224f7d83c69bb9cb22') in 0.086279 seconds 
Editor requested this worker to shutdown with reason: Scaling down because of idle timeout
AssetImportWorker is now disconnected from the server
Process exiting
