Unity Editor version:    2021.3.8f1 (b30333d56e81)
Branch:                  2021.3/staging
Build type:              Release
Batch mode:              YES
macOS version:           Version 12.5.1 (Build 21G83)
Darwin version:          21.6.0
Architecture:            x86_64
Running under Rosetta:   NO
Available memory:        16384 MB
Using pre-set license
Pro License: YES

COMMAND LINE ARGUMENTS:
/Users/umphaipunatipunumphai/Documents/Change++/2021.3.8f1/Unity.app/Contents/MacOS/Unity
-adb2
-batchMode
-noUpm
-name
AssetImportWorker16
-projectPath
/Users/umphaipunatipunumphai/Documents/GitHub/SecretProject/My project
-logFile
Logs/AssetImportWorker16.log
-srvPort
50214
Successfully changed project path to: /Users/umphaipunatipunumphai/Documents/GitHub/SecretProject/My project
/Users/umphaipunatipunumphai/Documents/GitHub/SecretProject/My project
[UnityMemory] Configuration Parameters - Can be set up in boot.config
    "memorysetup-bucket-allocator-granularity=16"
    "memorysetup-bucket-allocator-bucket-count=8"
    "memorysetup-bucket-allocator-block-size=33554432"
    "memorysetup-bucket-allocator-block-count=8"
    "memorysetup-main-allocator-block-size=16777216"
    "memorysetup-thread-allocator-block-size=16777216"
    "memorysetup-gfx-main-allocator-block-size=16777216"
    "memorysetup-gfx-thread-allocator-block-size=16777216"
    "memorysetup-cache-allocator-block-size=4194304"
    "memorysetup-typetree-allocator-block-size=2097152"
    "memorysetup-profiler-bucket-allocator-granularity=16"
    "memorysetup-profiler-bucket-allocator-bucket-count=8"
    "memorysetup-profiler-bucket-allocator-block-size=33554432"
    "memorysetup-profiler-bucket-allocator-block-count=8"
    "memorysetup-profiler-allocator-block-size=16777216"
    "memorysetup-profiler-editor-allocator-block-size=1048576"
    "memorysetup-temp-allocator-size-main=16777216"
    "memorysetup-job-temp-allocator-block-size=2097152"
    "memorysetup-job-temp-allocator-block-size-background=1048576"
    "memorysetup-job-temp-allocator-reduction-small-platforms=262144"
    "memorysetup-temp-allocator-size-background-worker=32768"
    "memorysetup-temp-allocator-size-job-worker=262144"
    "memorysetup-temp-allocator-size-preload-manager=33554432"
    "memorysetup-temp-allocator-size-nav-mesh-worker=65536"
    "memorysetup-temp-allocator-size-audio-worker=65536"
    "memorysetup-temp-allocator-size-cloud-worker=32768"
    "memorysetup-temp-allocator-size-gi-baking-worker=262144"
    "memorysetup-temp-allocator-size-gfx=262144"
Refreshing native plugins compatible for Editor in 121.26 ms, found 2 plugins.
Preloading 0 native plugins for Editor in 0.00 ms.
Initialize engine version: 2021.3.8f1 (b30333d56e81)
[Subsystems] Discovering subsystems at path /Users/umphaipunatipunumphai/Documents/Change++/2021.3.8f1/Unity.app/Contents/Resources/UnitySubsystems
[Subsystems] Discovering subsystems at path /Users/umphaipunatipunumphai/Documents/GitHub/SecretProject/My project/Assets
GfxDevice: creating device client; threaded=0; jobified=0
Color LCD preferred device: Intel(R) UHD Graphics 630 (low power)
Metal devices available: 2
0: AMD Radeon Pro 560X (high power)
1: Intel(R) UHD Graphics 630 (low power)
Using device AMD Radeon Pro 560X (high power)
Initializing Metal device caps: AMD Radeon Pro 560X
Initialize mono
Mono path[0] = '/Users/umphaipunatipunumphai/Documents/Change++/2021.3.8f1/Unity.app/Contents/Managed'
Mono path[1] = '/Users/umphaipunatipunumphai/Documents/Change++/2021.3.8f1/Unity.app/Contents/MonoBleedingEdge/lib/mono/unityjit-macos'
Mono config path = '/Users/umphaipunatipunumphai/Documents/Change++/2021.3.8f1/Unity.app/Contents/MonoBleedingEdge/etc'
Using monoOptions --debugger-agent=transport=dt_socket,embedding=1,server=y,suspend=n,address=127.0.0.1:56116
Begin MonoManager ReloadAssembly
Registering precompiled unity dll's ...
Register platform support module: /Users/umphaipunatipunumphai/Documents/Change++/2021.3.8f1/Unity.app/Contents/PlaybackEngines/MacStandaloneSupport/UnityEditor.OSXStandalone.Extensions.dll
Register platform support module: /Users/umphaipunatipunumphai/Documents/Change++/2021.3.8f1/PlaybackEngines/AndroidPlayer/UnityEditor.Android.Extensions.dll
Register platform support module: /Users/umphaipunatipunumphai/Documents/Change++/2021.3.8f1/PlaybackEngines/iOSSupport/UnityEditor.iOS.Extensions.dll
Registered in 0.001007 seconds.
[usbmuxd] Start listen thread
[usbmuxd] Listen thread started
[usbmuxd] Send listen message
Native extension for iOS target not found
Native extension for Android target not found
Native extension for OSXStandalone target not found
Refreshing native plugins compatible for Editor in 127.81 ms, found 2 plugins.
Preloading 0 native plugins for Editor in 0.00 ms.
Mono: successfully reloaded assembly
- Completed reload, in  1.053 seconds
Domain Reload Profiling:
	ReloadAssembly (1053ms)
		BeginReloadAssembly (82ms)
			ExecutionOrderSort (0ms)
			DisableScriptedObjects (0ms)
			BackupInstance (0ms)
			ReleaseScriptingObjects (0ms)
			CreateAndSetChildDomain (1ms)
		EndReloadAssembly (799ms)
			LoadAssemblies (81ms)
			RebuildTransferFunctionScriptingTraits (0ms)
			SetupTypeCache (198ms)
			ReleaseScriptCaches (0ms)
			RebuildScriptCaches (51ms)
			SetupLoadedEditorAssemblies (471ms)
				LogAssemblyErrors (0ms)
				InitializePlatformSupportModulesInManaged (125ms)
				SetLoadedEditorAssemblies (0ms)
				RefreshPlugins (128ms)
				BeforeProcessingInitializeOnLoad (2ms)
				ProcessInitializeOnLoadAttributes (141ms)
				ProcessInitializeOnLoadMethodAttributes (75ms)
				AfterProcessingInitializeOnLoad (0ms)
				EditorAssembliesLoaded (0ms)
			ExecutionOrderSort2 (0ms)
			AwakeInstancesAfterBackupRestoration (0ms)
Platform modules already initialized, skipping
Registering precompiled user dll's ...
Registered in 0.003875 seconds.
Begin MonoManager ReloadAssembly
Symbol file LoadedFromMemory doesn't match image /Users/umphaipunatipunumphai/Documents/GitHub/SecretProject/My project/Library/PackageCache/com.unity.visualscripting@1.7.8/Editor/VisualScripting.Core/Dependencies/YamlDotNet/Unity.VisualScripting.YamlDotNet.dll
Symbol file LoadedFromMemory doesn't match image /Users/umphaipunatipunumphai/Documents/GitHub/SecretProject/My project/Library/PackageCache/com.unity.visualscripting@1.7.8/Editor/VisualScripting.Core/Dependencies/DotNetZip/Unity.VisualScripting.IonicZip.dll
Native extension for iOS target not found
Native extension for Android target not found
Native extension for OSXStandalone target not found
Refreshing native plugins compatible for Editor in 1.02 ms, found 2 plugins.
Preloading 0 native plugins for Editor in 0.00 ms.
Mono: successfully reloaded assembly
- Completed reload, in  2.135 seconds
Domain Reload Profiling:
	ReloadAssembly (2137ms)
		BeginReloadAssembly (308ms)
			ExecutionOrderSort (0ms)
			DisableScriptedObjects (12ms)
			BackupInstance (0ms)
			ReleaseScriptingObjects (0ms)
			CreateAndSetChildDomain (175ms)
		EndReloadAssembly (1615ms)
			LoadAssemblies (196ms)
			RebuildTransferFunctionScriptingTraits (1ms)
			SetupTypeCache (562ms)
			ReleaseScriptCaches (9ms)
			RebuildScriptCaches (103ms)
			SetupLoadedEditorAssemblies (671ms)
				LogAssemblyErrors (0ms)
				InitializePlatformSupportModulesInManaged (45ms)
				SetLoadedEditorAssemblies (1ms)
				RefreshPlugins (1ms)
				BeforeProcessingInitializeOnLoad (117ms)
				ProcessInitializeOnLoadAttributes (422ms)
				ProcessInitializeOnLoadMethodAttributes (84ms)
				AfterProcessingInitializeOnLoad (1ms)
				EditorAssembliesLoaded (0ms)
			ExecutionOrderSort2 (0ms)
			AwakeInstancesAfterBackupRestoration (6ms)
Platform modules already initialized, skipping
========================================================================
Worker process is ready to serve import requests
Launching external process: /Users/umphaipunatipunumphai/Documents/Change++/2021.3.8f1/Unity.app/Contents/Tools/UnityShaderCompiler
Launched and connected shader compiler UnityShaderCompiler after 0.12 seconds
Refreshing native plugins compatible for Editor in 0.82 ms, found 2 plugins.
Preloading 0 native plugins for Editor in 0.00 ms.
Unloading 3380 Unused Serialized files (Serialized files now loaded: 0)
Unloading 27 unused Assets / (95.1 KB). Loaded Objects now: 3845.
Memory consumption went from 307.9 MB to 307.8 MB.
Total: 5.933440 ms (FindLiveObjects: 0.331181 ms CreateObjectMapping: 0.245360 ms MarkObjects: 3.736982 ms  DeleteObjects: 1.618996 ms)

AssetImportParameters requested are different than current active one (requested -> active):
  custom:video-decoder-ogg-theora: a1e56fd34408186e4bbccfd4996cb3dc -> 
  custom:container-muxer-webm: aa71ff27fc2769a1b78a27578f13a17b -> 
  custom:container-demuxer-webm: 4f35f7cbe854078d1ac9338744f61a02 -> 
  custom:video-encoder-webm-vp8: eb34c28f22e8b96e1ab97ce403110664 -> 
  custom:framework-osx-AVFoundation: e770b220cccbd017edd2c1fefb359320 -> 
  custom:audio-encoder-webm-vorbis: bf7c407c2cedff20999df2af8eb42d56 -> 
  custom:container-demuxer-ogg: 62fdf1f143b41e24485cea50d1cbac27 -> 
  custom:video-decoder-webm-vp8: 9c59270c3fd7afecdb556c50c9e8de78 -> 
  custom:audio-decoder-ogg-vorbis: bf7c407c2cedff20999df2af8eb42d56 -> 
========================================================================
Received Prepare
Registering precompiled user dll's ...
Registered in 0.002677 seconds.
Begin MonoManager ReloadAssembly
Symbol file LoadedFromMemory doesn't match image /Users/umphaipunatipunumphai/Documents/GitHub/SecretProject/My project/Library/PackageCache/com.unity.visualscripting@1.7.8/Editor/VisualScripting.Core/Dependencies/YamlDotNet/Unity.VisualScripting.YamlDotNet.dll
Symbol file LoadedFromMemory doesn't match image /Users/umphaipunatipunumphai/Documents/GitHub/SecretProject/My project/Library/PackageCache/com.unity.visualscripting@1.7.8/Editor/VisualScripting.Core/Dependencies/DotNetZip/Unity.VisualScripting.IonicZip.dll
Native extension for iOS target not found
Native extension for Android target not found
Native extension for OSXStandalone target not found
Refreshing native plugins compatible for Editor in 1.58 ms, found 2 plugins.
Preloading 0 native plugins for Editor in 0.00 ms.
Mono: successfully reloaded assembly
- Completed reload, in  1.376 seconds
Domain Reload Profiling:
	ReloadAssembly (1377ms)
		BeginReloadAssembly (206ms)
			ExecutionOrderSort (0ms)
			DisableScriptedObjects (7ms)
			BackupInstance (0ms)
			ReleaseScriptingObjects (0ms)
			CreateAndSetChildDomain (98ms)
		EndReloadAssembly (1038ms)
			LoadAssemblies (89ms)
			RebuildTransferFunctionScriptingTraits (0ms)
			SetupTypeCache (400ms)
			ReleaseScriptCaches (1ms)
			RebuildScriptCaches (55ms)
			SetupLoadedEditorAssemblies (437ms)
				LogAssemblyErrors (0ms)
				InitializePlatformSupportModulesInManaged (41ms)
				SetLoadedEditorAssemblies (1ms)
				RefreshPlugins (2ms)
				BeforeProcessingInitializeOnLoad (76ms)
				ProcessInitializeOnLoadAttributes (279ms)
				ProcessInitializeOnLoadMethodAttributes (38ms)
				AfterProcessingInitializeOnLoad (1ms)
				EditorAssembliesLoaded (0ms)
			ExecutionOrderSort2 (0ms)
			AwakeInstancesAfterBackupRestoration (5ms)
Platform modules already initialized, skipping
Refreshing native plugins compatible for Editor in 1.66 ms, found 2 plugins.
Preloading 0 native plugins for Editor in 0.00 ms.
Unloading 3375 Unused Serialized files (Serialized files now loaded: 0)
Unloading 20 unused Assets / (71.6 KB). Loaded Objects now: 3848.
Memory consumption went from 312.9 MB to 312.8 MB.
Total: 3.984425 ms (FindLiveObjects: 0.247790 ms CreateObjectMapping: 0.393539 ms MarkObjects: 3.242521 ms  DeleteObjects: 0.099770 ms)

AssetImportParameters requested are different than current active one (requested -> active):
  custom:video-decoder-ogg-theora: a1e56fd34408186e4bbccfd4996cb3dc -> 
  custom:container-muxer-webm: aa71ff27fc2769a1b78a27578f13a17b -> 
  custom:container-demuxer-webm: 4f35f7cbe854078d1ac9338744f61a02 -> 
  custom:video-encoder-webm-vp8: eb34c28f22e8b96e1ab97ce403110664 -> 
  custom:framework-osx-AVFoundation: e770b220cccbd017edd2c1fefb359320 -> 
  custom:audio-encoder-webm-vorbis: bf7c407c2cedff20999df2af8eb42d56 -> 
  custom:container-demuxer-ogg: 62fdf1f143b41e24485cea50d1cbac27 -> 
  custom:video-decoder-webm-vp8: 9c59270c3fd7afecdb556c50c9e8de78 -> 
  custom:audio-decoder-ogg-vorbis: bf7c407c2cedff20999df2af8eb42d56 -> 
========================================================================
Received Prepare
Registering precompiled user dll's ...
Registered in 0.002239 seconds.
Begin MonoManager ReloadAssembly
Symbol file LoadedFromMemory doesn't match image /Users/umphaipunatipunumphai/Documents/GitHub/SecretProject/My project/Library/PackageCache/com.unity.visualscripting@1.7.8/Editor/VisualScripting.Core/Dependencies/YamlDotNet/Unity.VisualScripting.YamlDotNet.dll
Symbol file LoadedFromMemory doesn't match image /Users/umphaipunatipunumphai/Documents/GitHub/SecretProject/My project/Library/PackageCache/com.unity.visualscripting@1.7.8/Editor/VisualScripting.Core/Dependencies/DotNetZip/Unity.VisualScripting.IonicZip.dll
Native extension for iOS target not found
Native extension for Android target not found
Native extension for OSXStandalone target not found
Refreshing native plugins compatible for Editor in 1.32 ms, found 2 plugins.
Preloading 0 native plugins for Editor in 0.00 ms.
Mono: successfully reloaded assembly
- Completed reload, in  1.194 seconds
Domain Reload Profiling:
	ReloadAssembly (1195ms)
		BeginReloadAssembly (150ms)
			ExecutionOrderSort (0ms)
			DisableScriptedObjects (7ms)
			BackupInstance (0ms)
			ReleaseScriptingObjects (0ms)
			CreateAndSetChildDomain (64ms)
		EndReloadAssembly (931ms)
			LoadAssemblies (70ms)
			RebuildTransferFunctionScriptingTraits (0ms)
			SetupTypeCache (337ms)
			ReleaseScriptCaches (1ms)
			RebuildScriptCaches (48ms)
			SetupLoadedEditorAssemblies (419ms)
				LogAssemblyErrors (0ms)
				InitializePlatformSupportModulesInManaged (39ms)
				SetLoadedEditorAssemblies (1ms)
				RefreshPlugins (1ms)
				BeforeProcessingInitializeOnLoad (69ms)
				ProcessInitializeOnLoadAttributes (272ms)
				ProcessInitializeOnLoadMethodAttributes (36ms)
				AfterProcessingInitializeOnLoad (1ms)
				EditorAssembliesLoaded (0ms)
			ExecutionOrderSort2 (0ms)
			AwakeInstancesAfterBackupRestoration (5ms)
Platform modules already initialized, skipping
Refreshing native plugins compatible for Editor in 1.49 ms, found 2 plugins.
Preloading 0 native plugins for Editor in 0.00 ms.
Unloading 3375 Unused Serialized files (Serialized files now loaded: 0)
Unloading 20 unused Assets / (71.5 KB). Loaded Objects now: 3851.
Memory consumption went from 312.3 MB to 312.2 MB.
Total: 3.295540 ms (FindLiveObjects: 0.276134 ms CreateObjectMapping: 0.182584 ms MarkObjects: 2.742004 ms  DeleteObjects: 0.093898 ms)

AssetImportParameters requested are different than current active one (requested -> active):
  custom:video-decoder-ogg-theora: a1e56fd34408186e4bbccfd4996cb3dc -> 
  custom:container-muxer-webm: aa71ff27fc2769a1b78a27578f13a17b -> 
  custom:container-demuxer-webm: 4f35f7cbe854078d1ac9338744f61a02 -> 
  custom:video-encoder-webm-vp8: eb34c28f22e8b96e1ab97ce403110664 -> 
  custom:framework-osx-AVFoundation: e770b220cccbd017edd2c1fefb359320 -> 
  custom:audio-encoder-webm-vorbis: bf7c407c2cedff20999df2af8eb42d56 -> 
  custom:container-demuxer-ogg: 62fdf1f143b41e24485cea50d1cbac27 -> 
  custom:video-decoder-webm-vp8: 9c59270c3fd7afecdb556c50c9e8de78 -> 
  custom:audio-decoder-ogg-vorbis: bf7c407c2cedff20999df2af8eb42d56 -> 
========================================================================
Received Prepare
Registering precompiled user dll's ...
Registered in 0.002680 seconds.
Begin MonoManager ReloadAssembly
Symbol file LoadedFromMemory doesn't match image /Users/umphaipunatipunumphai/Documents/GitHub/SecretProject/My project/Library/PackageCache/com.unity.visualscripting@1.7.8/Editor/VisualScripting.Core/Dependencies/YamlDotNet/Unity.VisualScripting.YamlDotNet.dll
Symbol file LoadedFromMemory doesn't match image /Users/umphaipunatipunumphai/Documents/GitHub/SecretProject/My project/Library/PackageCache/com.unity.visualscripting@1.7.8/Editor/VisualScripting.Core/Dependencies/DotNetZip/Unity.VisualScripting.IonicZip.dll
Native extension for iOS target not found
Native extension for Android target not found
Native extension for OSXStandalone target not found
Refreshing native plugins compatible for Editor in 0.66 ms, found 2 plugins.
Preloading 0 native plugins for Editor in 0.00 ms.
Mono: successfully reloaded assembly
- Completed reload, in  1.170 seconds
Domain Reload Profiling:
	ReloadAssembly (1171ms)
		BeginReloadAssembly (153ms)
			ExecutionOrderSort (0ms)
			DisableScriptedObjects (6ms)
			BackupInstance (0ms)
			ReleaseScriptingObjects (0ms)
			CreateAndSetChildDomain (70ms)
		EndReloadAssembly (900ms)
			LoadAssemblies (64ms)
			RebuildTransferFunctionScriptingTraits (0ms)
			SetupTypeCache (329ms)
			ReleaseScriptCaches (1ms)
			RebuildScriptCaches (47ms)
			SetupLoadedEditorAssemblies (398ms)
				LogAssemblyErrors (0ms)
				InitializePlatformSupportModulesInManaged (32ms)
				SetLoadedEditorAssemblies (1ms)
				RefreshPlugins (1ms)
				BeforeProcessingInitializeOnLoad (60ms)
				ProcessInitializeOnLoadAttributes (267ms)
				ProcessInitializeOnLoadMethodAttributes (36ms)
				AfterProcessingInitializeOnLoad (1ms)
				EditorAssembliesLoaded (0ms)
			ExecutionOrderSort2 (0ms)
			AwakeInstancesAfterBackupRestoration (6ms)
Platform modules already initialized, skipping
Refreshing native plugins compatible for Editor in 1.43 ms, found 2 plugins.
Preloading 0 native plugins for Editor in 0.00 ms.
Unloading 3375 Unused Serialized files (Serialized files now loaded: 0)
Unloading 20 unused Assets / (71.6 KB). Loaded Objects now: 3854.
Memory consumption went from 312.9 MB to 312.8 MB.
Total: 4.602397 ms (FindLiveObjects: 0.517846 ms CreateObjectMapping: 0.296599 ms MarkObjects: 3.680663 ms  DeleteObjects: 0.105878 ms)

AssetImportParameters requested are different than current active one (requested -> active):
  custom:video-decoder-ogg-theora: a1e56fd34408186e4bbccfd4996cb3dc -> 
  custom:container-muxer-webm: aa71ff27fc2769a1b78a27578f13a17b -> 
  custom:container-demuxer-webm: 4f35f7cbe854078d1ac9338744f61a02 -> 
  custom:video-encoder-webm-vp8: eb34c28f22e8b96e1ab97ce403110664 -> 
  custom:framework-osx-AVFoundation: e770b220cccbd017edd2c1fefb359320 -> 
  custom:audio-encoder-webm-vorbis: bf7c407c2cedff20999df2af8eb42d56 -> 
  custom:container-demuxer-ogg: 62fdf1f143b41e24485cea50d1cbac27 -> 
  custom:video-decoder-webm-vp8: 9c59270c3fd7afecdb556c50c9e8de78 -> 
  custom:audio-decoder-ogg-vorbis: bf7c407c2cedff20999df2af8eb42d56 -> 
========================================================================
Received Prepare
Registering precompiled user dll's ...
Registered in 0.003648 seconds.
Begin MonoManager ReloadAssembly
Symbol file LoadedFromMemory doesn't match image /Users/umphaipunatipunumphai/Documents/GitHub/SecretProject/My project/Library/PackageCache/com.unity.visualscripting@1.7.8/Editor/VisualScripting.Core/Dependencies/YamlDotNet/Unity.VisualScripting.YamlDotNet.dll
Symbol file LoadedFromMemory doesn't match image /Users/umphaipunatipunumphai/Documents/GitHub/SecretProject/My project/Library/PackageCache/com.unity.visualscripting@1.7.8/Editor/VisualScripting.Core/Dependencies/DotNetZip/Unity.VisualScripting.IonicZip.dll
Native extension for iOS target not found
Native extension for Android target not found
Native extension for OSXStandalone target not found
Refreshing native plugins compatible for Editor in 1.04 ms, found 2 plugins.
Preloading 0 native plugins for Editor in 0.00 ms.
Mono: successfully reloaded assembly
- Completed reload, in  1.285 seconds
Domain Reload Profiling:
	ReloadAssembly (1286ms)
		BeginReloadAssembly (184ms)
			ExecutionOrderSort (0ms)
			DisableScriptedObjects (7ms)
			BackupInstance (0ms)
			ReleaseScriptingObjects (0ms)
			CreateAndSetChildDomain (76ms)
		EndReloadAssembly (940ms)
			LoadAssemblies (86ms)
			RebuildTransferFunctionScriptingTraits (0ms)
			SetupTypeCache (338ms)
			ReleaseScriptCaches (1ms)
			RebuildScriptCaches (52ms)
			SetupLoadedEditorAssemblies (409ms)
				LogAssemblyErrors (0ms)
				InitializePlatformSupportModulesInManaged (33ms)
				SetLoadedEditorAssemblies (1ms)
				RefreshPlugins (1ms)
				BeforeProcessingInitializeOnLoad (65ms)
				ProcessInitializeOnLoadAttributes (269ms)
				ProcessInitializeOnLoadMethodAttributes (38ms)
				AfterProcessingInitializeOnLoad (1ms)
				EditorAssembliesLoaded (0ms)
			ExecutionOrderSort2 (0ms)
			AwakeInstancesAfterBackupRestoration (7ms)
Platform modules already initialized, skipping
Refreshing native plugins compatible for Editor in 2.03 ms, found 2 plugins.
Preloading 0 native plugins for Editor in 0.00 ms.
Unloading 3375 Unused Serialized files (Serialized files now loaded: 0)
Unloading 20 unused Assets / (71.5 KB). Loaded Objects now: 3857.
Memory consumption went from 313.1 MB to 313.0 MB.
Total: 5.194811 ms (FindLiveObjects: 0.298561 ms CreateObjectMapping: 0.226188 ms MarkObjects: 4.439191 ms  DeleteObjects: 0.229288 ms)

AssetImportParameters requested are different than current active one (requested -> active):
  custom:video-decoder-ogg-theora: a1e56fd34408186e4bbccfd4996cb3dc -> 
  custom:container-muxer-webm: aa71ff27fc2769a1b78a27578f13a17b -> 
  custom:container-demuxer-webm: 4f35f7cbe854078d1ac9338744f61a02 -> 
  custom:video-encoder-webm-vp8: eb34c28f22e8b96e1ab97ce403110664 -> 
  custom:framework-osx-AVFoundation: e770b220cccbd017edd2c1fefb359320 -> 
  custom:audio-encoder-webm-vorbis: bf7c407c2cedff20999df2af8eb42d56 -> 
  custom:container-demuxer-ogg: 62fdf1f143b41e24485cea50d1cbac27 -> 
  custom:video-decoder-webm-vp8: 9c59270c3fd7afecdb556c50c9e8de78 -> 
  custom:audio-decoder-ogg-vorbis: bf7c407c2cedff20999df2af8eb42d56 -> 
========================================================================
Received Import Request.
  Time since last request: 11885.561973 seconds.
  path: Assets/Laboratory/Prefabs/Props/Chemistry/MetalPlate01.prefab
  artifactKey: Guid(5c222808f4440ec4a8b2447fecf68b9d) Importer(815301076,1909f56bfc062723c751e8b465ee728b)
Start importing Assets/Laboratory/Prefabs/Props/Chemistry/MetalPlate01.prefab using Guid(5c222808f4440ec4a8b2447fecf68b9d) Importer(815301076,1909f56bfc062723c751e8b465ee728b)  -> (artifact id: 'df4baa795d99db04cd7507736427c066') in 0.226170 seconds 
========================================================================
Received Import Request.
  Time since last request: 0.000076 seconds.
  path: Assets/Laboratory/Prefabs/Props/Chemistry/MetalPlate01b.prefab
  artifactKey: Guid(e3967612e53fe6d42a44d7f3d8daea9e) Importer(815301076,1909f56bfc062723c751e8b465ee728b)
Start importing Assets/Laboratory/Prefabs/Props/Chemistry/MetalPlate01b.prefab using Guid(e3967612e53fe6d42a44d7f3d8daea9e) Importer(815301076,1909f56bfc062723c751e8b465ee728b)  -> (artifact id: '66a6b53cddf8e45d4c0dba11a132441a') in 0.032804 seconds 
========================================================================
Received Import Request.
  Time since last request: 0.000125 seconds.
  path: Assets/Laboratory/Prefabs/Props/Chemistry/MetalPlate01b_Liquid Variant.prefab
  artifactKey: Guid(d87411a65fc01af479a5a79ff33bdf99) Importer(815301076,1909f56bfc062723c751e8b465ee728b)
Start importing Assets/Laboratory/Prefabs/Props/Chemistry/MetalPlate01b_Liquid Variant.prefab using Guid(d87411a65fc01af479a5a79ff33bdf99) Importer(815301076,1909f56bfc062723c751e8b465ee728b)  -> (artifact id: 'cc834236c0676f9e234e46111d95e8ee') in 0.116781 seconds 
========================================================================
Received Import Request.
  Time since last request: 2.857228 seconds.
  path: Assets/Laboratory/Prefabs/Props/Hardware/Bioreactor01b.prefab
  artifactKey: Guid(401228de410713e4a88c19d08529c0ea) Importer(815301076,1909f56bfc062723c751e8b465ee728b)
Start importing Assets/Laboratory/Prefabs/Props/Hardware/Bioreactor01b.prefab using Guid(401228de410713e4a88c19d08529c0ea) Importer(815301076,1909f56bfc062723c751e8b465ee728b)  -> (artifact id: '8a588f6f9e160680f0bff1551bf24101') in 0.025340 seconds 
========================================================================
Received Import Request.
  Time since last request: 0.000073 seconds.
  path: Assets/Laboratory/Prefabs/Props/Hardware/Microscope01b.prefab
  artifactKey: Guid(3a4f3ec740e53d649bf584df7c1b5f0e) Importer(815301076,1909f56bfc062723c751e8b465ee728b)
Start importing Assets/Laboratory/Prefabs/Props/Hardware/Microscope01b.prefab using Guid(3a4f3ec740e53d649bf584df7c1b5f0e) Importer(815301076,1909f56bfc062723c751e8b465ee728b)  -> (artifact id: 'f9ed4ca10cebec4f78ec95cfeee5cbc7') in 0.255440 seconds 
========================================================================
Received Import Request.
  Time since last request: 0.000057 seconds.
  path: Assets/Laboratory/Prefabs/Props/Hardware/Microscope01.prefab
  artifactKey: Guid(476eadea2a735df44b53d01fecfdf099) Importer(815301076,1909f56bfc062723c751e8b465ee728b)
Start importing Assets/Laboratory/Prefabs/Props/Hardware/Microscope01.prefab using Guid(476eadea2a735df44b53d01fecfdf099) Importer(815301076,1909f56bfc062723c751e8b465ee728b)  -> (artifact id: '293c951ecbd25ed3d2b0c58228b69aab') in 0.036168 seconds 
========================================================================
Received Import Request.
  Time since last request: 0.000056 seconds.
  path: Assets/Laboratory/Prefabs/Props/Hardware/UltraSonicCleaner01.prefab
  artifactKey: Guid(57aa1a34512231848aa407fe559c56be) Importer(815301076,1909f56bfc062723c751e8b465ee728b)
Start importing Assets/Laboratory/Prefabs/Props/Hardware/UltraSonicCleaner01.prefab using Guid(57aa1a34512231848aa407fe559c56be) Importer(815301076,1909f56bfc062723c751e8b465ee728b)  -> (artifact id: '682cfceefec1b6a20ff5257ea528c743') in 0.150209 seconds 
========================================================================
Received Import Request.
  Time since last request: 0.000275 seconds.
  path: Assets/Laboratory/Prefabs/Props/Hardware/Keyboard01.prefab
  artifactKey: Guid(dfbbf9c9c0e2fa44cb2f14e9c6e849bc) Importer(815301076,1909f56bfc062723c751e8b465ee728b)
Start importing Assets/Laboratory/Prefabs/Props/Hardware/Keyboard01.prefab using Guid(dfbbf9c9c0e2fa44cb2f14e9c6e849bc) Importer(815301076,1909f56bfc062723c751e8b465ee728b)  -> (artifact id: 'c6f33415415507b96459e491a70e9fe5') in 0.036159 seconds 
========================================================================
Received Import Request.
  Time since last request: 0.000169 seconds.
  path: Assets/Laboratory/Prefabs/Props/Hardware/Spectrophotometer01.prefab
  artifactKey: Guid(a1f537a401f446b44a614b09bf09ca72) Importer(815301076,1909f56bfc062723c751e8b465ee728b)
Start importing Assets/Laboratory/Prefabs/Props/Hardware/Spectrophotometer01.prefab using Guid(a1f537a401f446b44a614b09bf09ca72) Importer(815301076,1909f56bfc062723c751e8b465ee728b)  -> (artifact id: '1187215e2a0cc3bee9f4a98e30cfe61d') in 0.087374 seconds 
========================================================================
Received Import Request.
  Time since last request: 0.411137 seconds.
  path: Assets/Laboratory/Prefabs/Props/Optics/Laser02.prefab
  artifactKey: Guid(ad453b0535fbe7a43bbaf86a1bfdbf0b) Importer(815301076,1909f56bfc062723c751e8b465ee728b)
Start importing Assets/Laboratory/Prefabs/Props/Optics/Laser02.prefab using Guid(ad453b0535fbe7a43bbaf86a1bfdbf0b) Importer(815301076,1909f56bfc062723c751e8b465ee728b)  -> (artifact id: 'e40e0297ca5a4b871cf8a1d90c6898b8') in 0.081970 seconds 
========================================================================
Received Import Request.
  Time since last request: 0.000077 seconds.
  path: Assets/Laboratory/Prefabs/Props/Optics/Optic01b.prefab
  artifactKey: Guid(f40b14a5493d17b42a2721f96d31b1fe) Importer(815301076,1909f56bfc062723c751e8b465ee728b)
Start importing Assets/Laboratory/Prefabs/Props/Optics/Optic01b.prefab using Guid(f40b14a5493d17b42a2721f96d31b1fe) Importer(815301076,1909f56bfc062723c751e8b465ee728b)  -> (artifact id: 'a96b8bb0cadb164f3716b45024a08873') in 0.032812 seconds 
========================================================================
Received Import Request.
  Time since last request: 0.000076 seconds.
  path: Assets/Laboratory/Prefabs/Props/Optics/Optic01.prefab
  artifactKey: Guid(850c018eb13aa954ab6080724dbec465) Importer(815301076,1909f56bfc062723c751e8b465ee728b)
Start importing Assets/Laboratory/Prefabs/Props/Optics/Optic01.prefab using Guid(850c018eb13aa954ab6080724dbec465) Importer(815301076,1909f56bfc062723c751e8b465ee728b)  -> (artifact id: 'ea80043c559a459956a91a6d84016e66') in 0.037563 seconds 
========================================================================
Received Import Request.
  Time since last request: 0.000089 seconds.
  path: Assets/Laboratory/Prefabs/Props/Optics/Optic02.prefab
  artifactKey: Guid(97f6ddc0395a0b4419dd405e536ba40b) Importer(815301076,1909f56bfc062723c751e8b465ee728b)
Start importing Assets/Laboratory/Prefabs/Props/Optics/Optic02.prefab using Guid(97f6ddc0395a0b4419dd405e536ba40b) Importer(815301076,1909f56bfc062723c751e8b465ee728b)  -> (artifact id: 'b4d52e7fd7b25d48ed774fb3ad224468') in 0.031220 seconds 
========================================================================
Received Import Request.
  Time since last request: 0.000101 seconds.
  path: Assets/Laboratory/Prefabs/Props/Optics/OpticCamera.prefab
  artifactKey: Guid(927f5905776cd114da8b3bc8fbdfdac8) Importer(815301076,1909f56bfc062723c751e8b465ee728b)
Start importing Assets/Laboratory/Prefabs/Props/Optics/OpticCamera.prefab using Guid(927f5905776cd114da8b3bc8fbdfdac8) Importer(815301076,1909f56bfc062723c751e8b465ee728b)  -> (artifact id: '4a1ebd2f4e5d7f35a85921b4c6b87383') in 0.036820 seconds 
========================================================================
Received Import Request.
  Time since last request: 0.000110 seconds.
  path: Assets/Laboratory/Prefabs/Props/Optics/LaserBeam.prefab
  artifactKey: Guid(34d24dc2c4d1100479c70007cb7f1b95) Importer(815301076,1909f56bfc062723c751e8b465ee728b)
Start importing Assets/Laboratory/Prefabs/Props/Optics/LaserBeam.prefab using Guid(34d24dc2c4d1100479c70007cb7f1b95) Importer(815301076,1909f56bfc062723c751e8b465ee728b)  -> (artifact id: '52b825e35e38ff857d3761f5c87567e8') in 0.018148 seconds 
========================================================================
Received Import Request.
  Time since last request: 0.000080 seconds.
  path: Assets/Laboratory/Prefabs/Props/Optics/Optic01c.prefab
  artifactKey: Guid(ad0ba5bd1ff3bad409981cd649ab340e) Importer(815301076,1909f56bfc062723c751e8b465ee728b)
Start importing Assets/Laboratory/Prefabs/Props/Optics/Optic01c.prefab using Guid(ad0ba5bd1ff3bad409981cd649ab340e) Importer(815301076,1909f56bfc062723c751e8b465ee728b)  -> (artifact id: '9b102dfb7602537a9b05c3f4ffcbf566') in 0.034033 seconds 
========================================================================
Received Import Request.
  Time since last request: 0.366734 seconds.
  path: Assets/Laboratory/Prefabs/Props/Organic/Alien02.prefab
  artifactKey: Guid(0d66f34025fde20478726018cc63b4fe) Importer(815301076,1909f56bfc062723c751e8b465ee728b)
Start importing Assets/Laboratory/Prefabs/Props/Organic/Alien02.prefab using Guid(0d66f34025fde20478726018cc63b4fe) Importer(815301076,1909f56bfc062723c751e8b465ee728b)  -> (artifact id: '4c72521775653f812f0bfc5c22a7acc8') in 0.043558 seconds 
========================================================================
Received Import Request.
  Time since last request: 0.000076 seconds.
  path: Assets/Laboratory/Prefabs/Props/Organic/Larva02b.prefab
  artifactKey: Guid(357fb69c22148544083aa7fc6f8342ca) Importer(815301076,1909f56bfc062723c751e8b465ee728b)
Start importing Assets/Laboratory/Prefabs/Props/Organic/Larva02b.prefab using Guid(357fb69c22148544083aa7fc6f8342ca) Importer(815301076,1909f56bfc062723c751e8b465ee728b)  -> (artifact id: '45ae7892f5d6f1a20d616fa612a75de9') in 0.019499 seconds 
========================================================================
Received Import Request.
  Time since last request: 0.000094 seconds.
  path: Assets/Laboratory/Prefabs/Props/Organic/Larva02.prefab
  artifactKey: Guid(8d7cf89e6b8bcc94f84bdd842eb26d69) Importer(815301076,1909f56bfc062723c751e8b465ee728b)
Start importing Assets/Laboratory/Prefabs/Props/Organic/Larva02.prefab using Guid(8d7cf89e6b8bcc94f84bdd842eb26d69) Importer(815301076,1909f56bfc062723c751e8b465ee728b)  -> (artifact id: '5755ae7ce66b08032c331ad41b523e46') in 0.029280 seconds 
========================================================================
Received Import Request.
  Time since last request: 0.000094 seconds.
  path: Assets/Laboratory/Prefabs/Props/Organic/Larva01b.prefab
  artifactKey: Guid(7bb52be53f3c49547b76e9ff5d740c26) Importer(815301076,1909f56bfc062723c751e8b465ee728b)
Start importing Assets/Laboratory/Prefabs/Props/Organic/Larva01b.prefab using Guid(7bb52be53f3c49547b76e9ff5d740c26) Importer(815301076,1909f56bfc062723c751e8b465ee728b)  -> (artifact id: '093e052b3110d131c6f242a9ca8bde9d') in 0.024368 seconds 
========================================================================
Received Import Request.
  Time since last request: 0.000081 seconds.
  path: Assets/Laboratory/Prefabs/Props/Organic/Larva01c.prefab
  artifactKey: Guid(d609a4b87bdb6c4479669b2a676e228c) Importer(815301076,1909f56bfc062723c751e8b465ee728b)
Start importing Assets/Laboratory/Prefabs/Props/Organic/Larva01c.prefab using Guid(d609a4b87bdb6c4479669b2a676e228c) Importer(815301076,1909f56bfc062723c751e8b465ee728b)  -> (artifact id: '1fa92a4065f43b14c976e5c49aac5c71') in 0.027716 seconds 
========================================================================
Received Import Request.
  Time since last request: 0.289061 seconds.
  path: Assets/Laboratory/Prefabs/Props/PlasticCrate/PlasticCrate01_Blue Variant.prefab
  artifactKey: Guid(e6d3e0206535a9c45bac3a2203f9ad83) Importer(815301076,1909f56bfc062723c751e8b465ee728b)
Start importing Assets/Laboratory/Prefabs/Props/PlasticCrate/PlasticCrate01_Blue Variant.prefab using Guid(e6d3e0206535a9c45bac3a2203f9ad83) Importer(815301076,1909f56bfc062723c751e8b465ee728b)  -> (artifact id: 'bfb7253c3163565d467453084df25d5e') in 0.050337 seconds 
========================================================================
Received Import Request.
  Time since last request: 0.000107 seconds.
  path: Assets/Laboratory/Prefabs/Props/PlasticCrate/PlasticCrate01c_Green Variant.prefab
  artifactKey: Guid(fee8edba6ecb89e468a38e0e92fb7733) Importer(815301076,1909f56bfc062723c751e8b465ee728b)
Start importing Assets/Laboratory/Prefabs/Props/PlasticCrate/PlasticCrate01c_Green Variant.prefab using Guid(fee8edba6ecb89e468a38e0e92fb7733) Importer(815301076,1909f56bfc062723c751e8b465ee728b)  -> (artifact id: '8622d351039a46ca2c8c6528c91bb228') in 0.040329 seconds 
========================================================================
Received Import Request.
  Time since last request: 0.000079 seconds.
  path: Assets/Laboratory/Prefabs/Props/PlasticCrate/PlasticCrate01c_Grey.prefab
  artifactKey: Guid(62a4488bcfeaeba45a650f0219f8437b) Importer(815301076,1909f56bfc062723c751e8b465ee728b)
Start importing Assets/Laboratory/Prefabs/Props/PlasticCrate/PlasticCrate01c_Grey.prefab using Guid(62a4488bcfeaeba45a650f0219f8437b) Importer(815301076,1909f56bfc062723c751e8b465ee728b)  -> (artifact id: 'af81b38cc085decf24f711dd0f6d4ccb') in 0.039648 seconds 
========================================================================
Received Import Request.
  Time since last request: 0.000102 seconds.
  path: Assets/Laboratory/Prefabs/Props/PlasticCrate/PlasticCrate01c_Yellow Variant.prefab
  artifactKey: Guid(ca96018ea015479468a47d5f46835f97) Importer(815301076,1909f56bfc062723c751e8b465ee728b)
Start importing Assets/Laboratory/Prefabs/Props/PlasticCrate/PlasticCrate01c_Yellow Variant.prefab using Guid(ca96018ea015479468a47d5f46835f97) Importer(815301076,1909f56bfc062723c751e8b465ee728b)  -> (artifact id: '558dbddaf3ad5633c2a2faf6f03b8855') in 0.053090 seconds 
========================================================================
Received Import Request.
  Time since last request: 0.000078 seconds.
  path: Assets/Laboratory/Prefabs/Props/PlasticCrate/PlasticCrate01_Green Variant.prefab
  artifactKey: Guid(4f290d7a8fd64dd49804148e29b64b3e) Importer(815301076,1909f56bfc062723c751e8b465ee728b)
Start importing Assets/Laboratory/Prefabs/Props/PlasticCrate/PlasticCrate01_Green Variant.prefab using Guid(4f290d7a8fd64dd49804148e29b64b3e) Importer(815301076,1909f56bfc062723c751e8b465ee728b)  -> (artifact id: 'a02184344c691c7fa0eb46b2b3f8cea2') in 0.043453 seconds 
========================================================================
Received Import Request.
  Time since last request: 0.000127 seconds.
  path: Assets/Laboratory/Prefabs/Props/PlasticCrate/PlasticCrate01c_Black Variant.prefab
  artifactKey: Guid(4f43178b0c293484e8998327b4ddca94) Importer(815301076,1909f56bfc062723c751e8b465ee728b)
Start importing Assets/Laboratory/Prefabs/Props/PlasticCrate/PlasticCrate01c_Black Variant.prefab using Guid(4f43178b0c293484e8998327b4ddca94) Importer(815301076,1909f56bfc062723c751e8b465ee728b)  -> (artifact id: '343dc33b1e42699ead580a145634f138') in 0.039169 seconds 
========================================================================
Received Import Request.
  Time since last request: 0.000066 seconds.
  path: Assets/Laboratory/Prefabs/Props/PlasticCrate/PlasticCrate01b_Black Variant.prefab
  artifactKey: Guid(5c8a3df7aecf27a48b3d28bd36606e79) Importer(815301076,1909f56bfc062723c751e8b465ee728b)
Start importing Assets/Laboratory/Prefabs/Props/PlasticCrate/PlasticCrate01b_Black Variant.prefab using Guid(5c8a3df7aecf27a48b3d28bd36606e79) Importer(815301076,1909f56bfc062723c751e8b465ee728b)  -> (artifact id: '6ee56a9c9a1c0d54b90b69e382f157a7') in 0.042127 seconds 
========================================================================
Received Import Request.
  Time since last request: 0.000089 seconds.
  path: Assets/Laboratory/Prefabs/Props/PlasticCrate/PlasticCrate01_Yellow Variant.prefab
  artifactKey: Guid(69eead18f81bb9d4ca24bd97cf3ac089) Importer(815301076,1909f56bfc062723c751e8b465ee728b)
Start importing Assets/Laboratory/Prefabs/Props/PlasticCrate/PlasticCrate01_Yellow Variant.prefab using Guid(69eead18f81bb9d4ca24bd97cf3ac089) Importer(815301076,1909f56bfc062723c751e8b465ee728b)  -> (artifact id: '1951577c07ef23b1d36d5229ec472f82') in 0.044301 seconds 
========================================================================
Received Import Request.
  Time since last request: 0.000073 seconds.
  path: Assets/Laboratory/Prefabs/Props/PlasticCrate/PlasticCrate01b_Blue Variant.prefab
  artifactKey: Guid(ce74f0b4059c49c44a7003d0831816d9) Importer(815301076,1909f56bfc062723c751e8b465ee728b)
Start importing Assets/Laboratory/Prefabs/Props/PlasticCrate/PlasticCrate01b_Blue Variant.prefab using Guid(ce74f0b4059c49c44a7003d0831816d9) Importer(815301076,1909f56bfc062723c751e8b465ee728b)  -> (artifact id: '3d8b7a8a0c0ef28ca3efd638f6d7dba5') in 0.039710 seconds 
========================================================================
Received Import Request.
  Time since last request: 0.000124 seconds.
  path: Assets/Laboratory/Prefabs/Props/PlasticCrate/PlasticCrate01c_Blue Variant.prefab
  artifactKey: Guid(03de295715ec56f438371d0de44463b0) Importer(815301076,1909f56bfc062723c751e8b465ee728b)
Start importing Assets/Laboratory/Prefabs/Props/PlasticCrate/PlasticCrate01c_Blue Variant.prefab using Guid(03de295715ec56f438371d0de44463b0) Importer(815301076,1909f56bfc062723c751e8b465ee728b)  -> (artifact id: 'ed70c58bc697c1606fd05a1da565930e') in 0.040498 seconds 
========================================================================
Received Import Request.
  Time since last request: 0.000085 seconds.
  path: Assets/Laboratory/Prefabs/Props/PlasticCrate/PlasticCrate01c_Red Variant.prefab
  artifactKey: Guid(1d8fb8e68c47bd3498a8466cff88eeb1) Importer(815301076,1909f56bfc062723c751e8b465ee728b)
Start importing Assets/Laboratory/Prefabs/Props/PlasticCrate/PlasticCrate01c_Red Variant.prefab using Guid(1d8fb8e68c47bd3498a8466cff88eeb1) Importer(815301076,1909f56bfc062723c751e8b465ee728b)  -> (artifact id: '7a0a51d84b4fe073e85077a1568c5ac0') in 0.043084 seconds 
========================================================================
Received Import Request.
  Time since last request: 0.594058 seconds.
  path: Assets/Laboratory/Prefabs/Props/Supplies/PlasticBottle01_Blue Variant.prefab
  artifactKey: Guid(5d89466d64aa31b4793cfa0f4302d47f) Importer(815301076,1909f56bfc062723c751e8b465ee728b)
Start importing Assets/Laboratory/Prefabs/Props/Supplies/PlasticBottle01_Blue Variant.prefab using Guid(5d89466d64aa31b4793cfa0f4302d47f) Importer(815301076,1909f56bfc062723c751e8b465ee728b)  -> (artifact id: 'ed41f1a0c7e9d7259c3ff672712da55f') in 0.026758 seconds 
========================================================================
Received Import Request.
  Time since last request: 0.000188 seconds.
  path: Assets/Laboratory/Prefabs/Props/Supplies/PlasticBottle02_Green Variant.prefab
  artifactKey: Guid(875c06d4001ccba43b156a494a9c16c2) Importer(815301076,1909f56bfc062723c751e8b465ee728b)
Start importing Assets/Laboratory/Prefabs/Props/Supplies/PlasticBottle02_Green Variant.prefab using Guid(875c06d4001ccba43b156a494a9c16c2) Importer(815301076,1909f56bfc062723c751e8b465ee728b)  -> (artifact id: 'b8c9f54eac03238c0ff8cffd2a6c4a8c') in 0.018507 seconds 
========================================================================
Received Import Request.
  Time since last request: 0.000080 seconds.
  path: Assets/Laboratory/Prefabs/Props/Supplies/PlasticBottle03.prefab
  artifactKey: Guid(0b0f1d6a2f3ff3d44bffd8192ed7da01) Importer(815301076,1909f56bfc062723c751e8b465ee728b)
Start importing Assets/Laboratory/Prefabs/Props/Supplies/PlasticBottle03.prefab using Guid(0b0f1d6a2f3ff3d44bffd8192ed7da01) Importer(815301076,1909f56bfc062723c751e8b465ee728b)  -> (artifact id: '4d8d2f9d0c615721ecc964dfc6429859') in 0.017193 seconds 
========================================================================
Received Import Request.
  Time since last request: 0.000164 seconds.
  path: Assets/Laboratory/Prefabs/Props/Supplies/PlasticVial02.prefab
  artifactKey: Guid(a1666938d001fcb4c9712b287833548c) Importer(815301076,1909f56bfc062723c751e8b465ee728b)
Start importing Assets/Laboratory/Prefabs/Props/Supplies/PlasticVial02.prefab using Guid(a1666938d001fcb4c9712b287833548c) Importer(815301076,1909f56bfc062723c751e8b465ee728b)  -> (artifact id: 'bcfa585f5b9d95fdbc7408319abe9876') in 0.020944 seconds 
========================================================================
Received Import Request.
  Time since last request: 0.000088 seconds.
  path: Assets/Laboratory/Prefabs/Props/Supplies/PlasticBottle03_Yellow Variant.prefab
  artifactKey: Guid(f35fa29f7955e5a4786e67ff87dabcb3) Importer(815301076,1909f56bfc062723c751e8b465ee728b)
Start importing Assets/Laboratory/Prefabs/Props/Supplies/PlasticBottle03_Yellow Variant.prefab using Guid(f35fa29f7955e5a4786e67ff87dabcb3) Importer(815301076,1909f56bfc062723c751e8b465ee728b)  -> (artifact id: 'b655a6a34d8ebc3c369df4c3b133d9b1') in 0.019537 seconds 
========================================================================
Received Import Request.
  Time since last request: 0.000122 seconds.
  path: Assets/Laboratory/Prefabs/Props/Supplies/PlasticBottle03_Red Variant.prefab
  artifactKey: Guid(2dbd610a8a231074f9c70692f37024c3) Importer(815301076,1909f56bfc062723c751e8b465ee728b)
Start importing Assets/Laboratory/Prefabs/Props/Supplies/PlasticBottle03_Red Variant.prefab using Guid(2dbd610a8a231074f9c70692f37024c3) Importer(815301076,1909f56bfc062723c751e8b465ee728b)  -> (artifact id: '36b6137103f3036beb366033dbce2b6e') in 0.023785 seconds 
========================================================================
Received Import Request.
  Time since last request: 0.000250 seconds.
  path: Assets/Laboratory/Prefabs/Props/Supplies/PlasticBottle01_Glass Variant.prefab
  artifactKey: Guid(6ace293466ea6064aa8c2666d628dacf) Importer(815301076,1909f56bfc062723c751e8b465ee728b)
Start importing Assets/Laboratory/Prefabs/Props/Supplies/PlasticBottle01_Glass Variant.prefab using Guid(6ace293466ea6064aa8c2666d628dacf) Importer(815301076,1909f56bfc062723c751e8b465ee728b)  -> (artifact id: 'a09b3af4cd3c177c9206c07efcd4bad3') in 0.023827 seconds 
========================================================================
Received Import Request.
  Time since last request: 0.000105 seconds.
  path: Assets/Laboratory/Prefabs/Props/Supplies/PlasticBottle01_WhiteGlass Variant.prefab
  artifactKey: Guid(bc9557434796e85479069754249b2832) Importer(815301076,1909f56bfc062723c751e8b465ee728b)
Start importing Assets/Laboratory/Prefabs/Props/Supplies/PlasticBottle01_WhiteGlass Variant.prefab using Guid(bc9557434796e85479069754249b2832) Importer(815301076,1909f56bfc062723c751e8b465ee728b)  -> (artifact id: '9f59f9cc7610e5cf9743821127157665') in 0.023302 seconds 
========================================================================
Received Import Request.
  Time since last request: 0.000148 seconds.
  path: Assets/Laboratory/Prefabs/Props/Supplies/PlasticBottle02.prefab
  artifactKey: Guid(e183fe60ea07db847b22067020ff6915) Importer(815301076,1909f56bfc062723c751e8b465ee728b)
Start importing Assets/Laboratory/Prefabs/Props/Supplies/PlasticBottle02.prefab using Guid(e183fe60ea07db847b22067020ff6915) Importer(815301076,1909f56bfc062723c751e8b465ee728b)  -> (artifact id: 'ae15db42e6799fc6b4673e86c9d998aa') in 0.017123 seconds 
========================================================================
Received Import Request.
  Time since last request: 0.000191 seconds.
  path: Assets/Laboratory/Prefabs/Props/Supplies/PlasticBottle01_Yellow Variant.prefab
  artifactKey: Guid(d7eb399cb6b23134a8e0ed38d7ee8817) Importer(815301076,1909f56bfc062723c751e8b465ee728b)
Start importing Assets/Laboratory/Prefabs/Props/Supplies/PlasticBottle01_Yellow Variant.prefab using Guid(d7eb399cb6b23134a8e0ed38d7ee8817) Importer(815301076,1909f56bfc062723c751e8b465ee728b)  -> (artifact id: 'd4614b06a6b1da6c4368620baa922797') in 0.020062 seconds 
========================================================================
Received Import Request.
  Time since last request: 0.000087 seconds.
  path: Assets/Laboratory/Prefabs/Props/Supplies/PlasticBottle02_Blue Variant.prefab
  artifactKey: Guid(4c8978324852b274e814c10d86c7acc8) Importer(815301076,1909f56bfc062723c751e8b465ee728b)
Start importing Assets/Laboratory/Prefabs/Props/Supplies/PlasticBottle02_Blue Variant.prefab using Guid(4c8978324852b274e814c10d86c7acc8) Importer(815301076,1909f56bfc062723c751e8b465ee728b)  -> (artifact id: 'e95595dc2838a538a0322804606a25fa') in 0.023254 seconds 
========================================================================
Received Import Request.
  Time since last request: 0.478359 seconds.
  path: Assets/Laboratory/Prefabs/Props/WasteBag/WasteBag01.prefab
  artifactKey: Guid(e3a490773f02ea248897c218924caf3a) Importer(815301076,1909f56bfc062723c751e8b465ee728b)
Start importing Assets/Laboratory/Prefabs/Props/WasteBag/WasteBag01.prefab using Guid(e3a490773f02ea248897c218924caf3a) Importer(815301076,1909f56bfc062723c751e8b465ee728b)  -> (artifact id: 'f40eb782a9ad320bf59eac308422645f') in 0.021373 seconds 
========================================================================
Received Import Request.
  Time since last request: 0.000068 seconds.
  path: Assets/Laboratory/Prefabs/Props/WasteBag/WasteBag01b Variant.prefab
  artifactKey: Guid(72a0223e4a03b124ea0f6245296d9908) Importer(815301076,1909f56bfc062723c751e8b465ee728b)
Start importing Assets/Laboratory/Prefabs/Props/WasteBag/WasteBag01b Variant.prefab using Guid(72a0223e4a03b124ea0f6245296d9908) Importer(815301076,1909f56bfc062723c751e8b465ee728b)  -> (artifact id: 'd0242a588fbdad3e027281541e3476ab') in 0.035903 seconds 
Editor requested this worker to shutdown with reason: Scaling down because of idle timeout
AssetImportWorker is now disconnected from the server
Process exiting
